#
# There is insufficient memory for the Java Runtime Environment to continue.
# Native memory allocation (malloc) failed to allocate 914336 bytes. Error detail: Chunk::new
# Possible reasons:
#   The system is out of physical RAM or swap space
#   This process is running with CompressedOops enabled, and the Java Heap may be blocking the growth of the native heap
# Possible solutions:
#   Reduce memory load on the system
#   Increase physical memory or swap space
#   Check if swap backing store is full
#   Decrease Java heap size (-Xmx/-Xms)
#   Decrease number of Java threads
#   Decrease Java thread stack sizes (-Xss)
#   Set larger code cache with -XX:ReservedCodeCacheSize=
#   JVM is running with Unscaled Compressed Oops mode in which the Java heap is
#     placed in the first 4GB address space. The Java Heap base address is the
#     maximum limit for the native heap growth. Please use -XX:HeapBaseMinAddress
#     to set the Java Heap base and to place the Java Heap above 4GB virtual address.
# This output file may be truncated or incomplete.
#
#  Out of Memory Error (arena.cpp:168), pid=19032, tid=1384
#
# JRE version: OpenJDK Runtime Environment Temurin-21.0.6+7 (21.0.6+7) (build 21.0.6+7-LTS)
# Java VM: OpenJDK 64-Bit Server VM Temurin-21.0.6+7 (21.0.6+7-LTS, mixed mode, sharing, tiered, compressed oops, compressed class ptrs, parallel gc, windows-amd64)
# No core dump will be written. Minidumps are not enabled by default on client versions of Windows
#

---------------  S U M M A R Y ------------

Command Line: --add-modules=ALL-SYSTEM --add-opens=java.base/java.util=ALL-UNNAMED --add-opens=java.base/java.lang=ALL-UNNAMED --add-opens=java.base/sun.nio.fs=ALL-UNNAMED -Declipse.application=org.eclipse.jdt.ls.core.id1 -Dosgi.bundles.defaultStartLevel=4 -Declipse.product=org.eclipse.jdt.ls.core.product -Djava.import.generatesMetadataFilesAtProjectRoot=false -DDetectVMInstallationsJob.disabled=true -Dfile.encoding=utf8 -XX:+UseParallelGC -XX:GCTimeRatio=4 -XX:AdaptiveSizePolicyWeight=90 -Dsun.zip.disableMemoryMapping=true -Xmx1G -Xms100m -Xlog:disable -javaagent:c:\Users\Papa Omar\.windsurf\extensions\redhat.java-1.41.1-win32-x64\lombok\lombok-1.18.36.jar -XX:+HeapDumpOnOutOfMemoryError -XX:HeapDumpPath=c:\Users\Papa Omar\AppData\Roaming\Windsurf\User\workspaceStorage\4b626ede8af95319149a36f51a9c1459\redhat.java -Daether.dependencyCollector.impl=bf c:\Users\Papa Omar\.windsurf\extensions\redhat.java-1.41.1-win32-x64\server\plugins\org.eclipse.equinox.launcher_1.7.0.v20250331-1702.jar -configuration c:\Users\Papa Omar\AppData\Roaming\Windsurf\User\globalStorage\redhat.java\1.41.1\config_win -data c:\Users\Papa Omar\AppData\Roaming\Windsurf\User\workspaceStorage\4b626ede8af95319149a36f51a9c1459\redhat.java\jdt_ws --pipe=\\.\pipe\lsp-b8bd2843a7c9dc69abc55f7768c57b55-sock

Host: Intel(R) Core(TM) i5-9300H CPU @ 2.40GHz, 8 cores, 7G,  Windows 11 , 64 bit Build 26100 (10.0.26100.3624)
Time: Sat Apr  5 21:08:35 2025 Greenwich elapsed time: 27.297714 seconds (0d 0h 0m 27s)

---------------  T H R E A D  ---------------

Current thread (0x000001e89b1e1cc0):  JavaThread "C2 CompilerThread0" daemon [_thread_in_native, id=1384, stack(0x0000002999900000,0x0000002999a00000) (1024K)]


Current CompileTask:
C2:27298 11728   !   4       java.nio.file.FileTreeWalker::next (144 bytes)

Stack: [0x0000002999900000,0x0000002999a00000]
Native frames: (J=compiled Java code, j=interpreted, Vv=VM code, C=native code)
V  [jvm.dll+0x6cdee9]
V  [jvm.dll+0x8a83d1]
V  [jvm.dll+0x8aa8fe]
V  [jvm.dll+0x8aafe3]
V  [jvm.dll+0x27f706]
V  [jvm.dll+0xc500d]
V  [jvm.dll+0xc5543]
V  [jvm.dll+0x3b678c]
V  [jvm.dll+0x1dfe13]
V  [jvm.dll+0x247b42]
V  [jvm.dll+0x246fcf]
V  [jvm.dll+0x1c75ee]
V  [jvm.dll+0x25685a]
V  [jvm.dll+0x254dfa]
V  [jvm.dll+0x3f0256]
V  [jvm.dll+0x851f8b]
V  [jvm.dll+0x6cc5ed]
C  [ucrtbase.dll+0x37b0]
C  [KERNEL32.DLL+0x2e8d7]
C  [ntdll.dll+0xb14fc]


---------------  P R O C E S S  ---------------

Threads class SMR info:
_java_thread_list=0x000001e8e50119e0, length=61, elements={
0x000001e884d6d6f0, 0x000001e884e2be70, 0x000001e89b1d4700, 0x000001e89b1d7340,
0x000001e89b1d8060, 0x000001e89b1d9410, 0x000001e89b1d6cb0, 0x000001e89b1e1cc0,
0x000001e89b205cc0, 0x000001e89b1d86f0, 0x000001e89b1d9aa0, 0x000001e89b1d8d80,
0x000001e89b1da130, 0x000001e8e29ba8b0, 0x000001e8e29b9500, 0x000001e8e29b87e0,
0x000001e8e29b8e70, 0x000001e8e29bb5d0, 0x000001e8e29bc2f0, 0x000001e8e29bd010,
0x000001e8e29bbc60, 0x000001e8e29bc980, 0x000001e8e29bd6a0, 0x000001e8e29ba220,
0x000001e8e29bdd30, 0x000001e8e29bf0e0, 0x000001e8e29be3c0, 0x000001e8e29bf770,
0x000001e8e29bea50, 0x000001e8e5b5fd80, 0x000001e8e5b60410, 0x000001e8e5b624e0,
0x000001e8e5b5f060, 0x000001e8e5b62b70, 0x000001e8e5b61e50, 0x000001e8e5b60aa0,
0x000001e8e5b5f6f0, 0x000001e8e5b63200, 0x000001e8e5b645b0, 0x000001e8e5b61130,
0x000001e8e5b64c40, 0x000001e8e5b617c0, 0x000001e8e5b652d0, 0x000001e8e5b65960,
0x000001e8e5b65ff0, 0x000001e8e5b66680, 0x000001e8e687ae40, 0x000001e8e687a120,
0x000001e8e6879400, 0x000001e8e687b4d0, 0x000001e8e687bb60, 0x000001e8e6878d70,
0x000001e8e6879a90, 0x000001e8e687a7b0, 0x000001e8e68786e0, 0x000001e8e687efe0,
0x000001e8e687dc30, 0x000001e8e687e2c0, 0x000001e8e687f670, 0x000001e8e4476df0,
0x000001e8e4475980
}

Java Threads: ( => current thread )
  0x000001e884d6d6f0 JavaThread "main"                              [_thread_blocked, id=22056, stack(0x0000002998f00000,0x0000002999000000) (1024K)]
  0x000001e884e2be70 JavaThread "Reference Handler"          daemon [_thread_blocked, id=29176, stack(0x0000002999300000,0x0000002999400000) (1024K)]
  0x000001e89b1d4700 JavaThread "Finalizer"                  daemon [_thread_blocked, id=20012, stack(0x0000002999400000,0x0000002999500000) (1024K)]
  0x000001e89b1d7340 JavaThread "Signal Dispatcher"          daemon [_thread_blocked, id=11752, stack(0x0000002999500000,0x0000002999600000) (1024K)]
  0x000001e89b1d8060 JavaThread "Attach Listener"            daemon [_thread_blocked, id=25776, stack(0x0000002999600000,0x0000002999700000) (1024K)]
  0x000001e89b1d9410 JavaThread "Service Thread"             daemon [_thread_blocked, id=28888, stack(0x0000002999700000,0x0000002999800000) (1024K)]
  0x000001e89b1d6cb0 JavaThread "Monitor Deflation Thread"   daemon [_thread_blocked, id=4052, stack(0x0000002999800000,0x0000002999900000) (1024K)]
=>0x000001e89b1e1cc0 JavaThread "C2 CompilerThread0"         daemon [_thread_in_native, id=1384, stack(0x0000002999900000,0x0000002999a00000) (1024K)]
  0x000001e89b205cc0 JavaThread "C1 CompilerThread0"         daemon [_thread_blocked, id=17596, stack(0x0000002999a00000,0x0000002999b00000) (1024K)]
  0x000001e89b1d86f0 JavaThread "Common-Cleaner"             daemon [_thread_blocked, id=5492, stack(0x0000002999b00000,0x0000002999c00000) (1024K)]
  0x000001e89b1d9aa0 JavaThread "Notification Thread"        daemon [_thread_blocked, id=29184, stack(0x0000002999d00000,0x0000002999e00000) (1024K)]
  0x000001e89b1d8d80 JavaThread "Active Thread: Equinox Container: af1e2e5f-bd69-494f-9191-8a2e07b20589"        [_thread_blocked, id=24616, stack(0x000000299a500000,0x000000299a600000) (1024K)]
  0x000001e89b1da130 JavaThread "Refresh Thread: Equinox Container: af1e2e5f-bd69-494f-9191-8a2e07b20589" daemon [_thread_blocked, id=12592, stack(0x000000299a600000,0x000000299a700000) (1024K)]
  0x000001e8e29ba8b0 JavaThread "Framework Event Dispatcher: Equinox Container: af1e2e5f-bd69-494f-9191-8a2e07b20589" daemon [_thread_blocked, id=11500, stack(0x000000299a800000,0x000000299a900000) (1024K)]
  0x000001e8e29b9500 JavaThread "Start Level: Equinox Container: af1e2e5f-bd69-494f-9191-8a2e07b20589" daemon [_thread_blocked, id=21020, stack(0x000000299a900000,0x000000299aa00000) (1024K)]
  0x000001e8e29b87e0 JavaThread "Bundle File Closer"         daemon [_thread_blocked, id=1996, stack(0x000000299aa00000,0x000000299ab00000) (1024K)]
  0x000001e8e29b8e70 JavaThread "SCR Component Actor"        daemon [_thread_blocked, id=31324, stack(0x000000299ab00000,0x000000299ac00000) (1024K)]
  0x000001e8e29bb5d0 JavaThread "Worker-JM"                         [_thread_blocked, id=28940, stack(0x000000299ac00000,0x000000299ad00000) (1024K)]
  0x000001e8e29bc2f0 JavaThread "JNA Cleaner"                daemon [_thread_blocked, id=10152, stack(0x0000002999e00000,0x0000002999f00000) (1024K)]
  0x000001e8e29bd010 JavaThread "Worker-0: Initialize workspace"        [_thread_blocked, id=15324, stack(0x000000299ad00000,0x000000299ae00000) (1024K)]
  0x000001e8e29bbc60 JavaThread "Worker-1"                          [_thread_blocked, id=12228, stack(0x000000299ae00000,0x000000299af00000) (1024K)]
  0x000001e8e29bc980 JavaThread "Java indexing"              daemon [_thread_blocked, id=30500, stack(0x000000299b100000,0x000000299b200000) (1024K)]
  0x000001e8e29bd6a0 JavaThread "Worker-2: Java indexing... "        [_thread_blocked, id=30412, stack(0x000000299b400000,0x000000299b500000) (1024K)]
  0x000001e8e29ba220 JavaThread "Worker-3"                          [_thread_blocked, id=1992, stack(0x000000299b500000,0x000000299b600000) (1024K)]
  0x000001e8e29bdd30 JavaThread "Thread-2"                   daemon [_thread_in_native, id=31692, stack(0x000000299b600000,0x000000299b700000) (1024K)]
  0x000001e8e29bf0e0 JavaThread "Thread-3"                   daemon [_thread_in_native, id=29612, stack(0x000000299b700000,0x000000299b800000) (1024K)]
  0x000001e8e29be3c0 JavaThread "Thread-4"                   daemon [_thread_in_native, id=17888, stack(0x000000299b800000,0x000000299b900000) (1024K)]
  0x000001e8e29bf770 JavaThread "Thread-5"                   daemon [_thread_in_native, id=19268, stack(0x000000299b900000,0x000000299ba00000) (1024K)]
  0x000001e8e29bea50 JavaThread "Thread-6"                   daemon [_thread_in_native, id=13180, stack(0x000000299ba00000,0x000000299bb00000) (1024K)]
  0x000001e8e5b5fd80 JavaThread "Thread-7"                   daemon [_thread_in_native, id=28252, stack(0x000000299bb00000,0x000000299bc00000) (1024K)]
  0x000001e8e5b60410 JavaThread "Thread-8"                   daemon [_thread_in_native, id=31696, stack(0x000000299bc00000,0x000000299bd00000) (1024K)]
  0x000001e8e5b624e0 JavaThread "Thread-9"                   daemon [_thread_in_native, id=30868, stack(0x000000299bd00000,0x000000299be00000) (1024K)]
  0x000001e8e5b5f060 JavaThread "Thread-10"                  daemon [_thread_in_native, id=29980, stack(0x000000299be00000,0x000000299bf00000) (1024K)]
  0x000001e8e5b62b70 JavaThread "pool-2-thread-1"                   [_thread_blocked, id=20616, stack(0x000000299bf00000,0x000000299c000000) (1024K)]
  0x000001e8e5b61e50 JavaThread "Worker-4"                          [_thread_blocked, id=10632, stack(0x000000299c000000,0x000000299c100000) (1024K)]
  0x000001e8e5b60aa0 JavaThread "Worker-5"                          [_thread_blocked, id=23680, stack(0x000000299c100000,0x000000299c200000) (1024K)]
  0x000001e8e5b5f6f0 JavaThread "WorkspaceEventsHandler"            [_thread_blocked, id=20708, stack(0x000000299c200000,0x000000299c300000) (1024K)]
  0x000001e8e5b63200 JavaThread "pool-1-thread-1"                   [_thread_blocked, id=8176, stack(0x000000299c300000,0x000000299c400000) (1024K)]
  0x000001e8e5b645b0 JavaThread "LocalFile Deleter"          daemon [_thread_blocked, id=21952, stack(0x000000299c400000,0x000000299c500000) (1024K)]
  0x000001e8e5b61130 JavaThread "LocalFile Deleter"          daemon [_thread_blocked, id=15944, stack(0x000000299c500000,0x000000299c600000) (1024K)]
  0x000001e8e5b64c40 JavaThread "LocalFile Deleter"          daemon [_thread_blocked, id=22812, stack(0x000000299c600000,0x000000299c700000) (1024K)]
  0x000001e8e5b617c0 JavaThread "LocalFile Deleter"          daemon [_thread_blocked, id=21528, stack(0x000000299c700000,0x000000299c800000) (1024K)]
  0x000001e8e5b652d0 JavaThread "LocalFile Deleter"          daemon [_thread_blocked, id=17180, stack(0x000000299c800000,0x000000299c900000) (1024K)]
  0x000001e8e5b65960 JavaThread "LocalFile Deleter"          daemon [_thread_blocked, id=31196, stack(0x000000299c900000,0x000000299ca00000) (1024K)]
  0x000001e8e5b65ff0 JavaThread "LocalFile Deleter"          daemon [_thread_blocked, id=20420, stack(0x000000299ca00000,0x000000299cb00000) (1024K)]
  0x000001e8e5b66680 JavaThread "LocalFile Deleter"          daemon [_thread_blocked, id=28776, stack(0x000000299cb00000,0x000000299cc00000) (1024K)]
  0x000001e8e687ae40 JavaThread "Compiler Source File Reader" daemon [_thread_blocked, id=26536, stack(0x000000299cc00000,0x000000299cd00000) (1024K)]
  0x000001e8e687a120 JavaThread "Compiler Source File Reader" daemon [_thread_blocked, id=29812, stack(0x000000299cd00000,0x000000299ce00000) (1024K)]
  0x000001e8e6879400 JavaThread "Compiler Source File Reader" daemon [_thread_blocked, id=9504, stack(0x000000299ce00000,0x000000299cf00000) (1024K)]
  0x000001e8e687b4d0 JavaThread "Compiler Source File Reader" daemon [_thread_blocked, id=19652, stack(0x000000299cf00000,0x000000299d000000) (1024K)]
  0x000001e8e687bb60 JavaThread "Compiler Source File Reader" daemon [_thread_blocked, id=9220, stack(0x000000299d000000,0x000000299d100000) (1024K)]
  0x000001e8e6878d70 JavaThread "Compiler Source File Reader" daemon [_thread_blocked, id=8964, stack(0x000000299d100000,0x000000299d200000) (1024K)]
  0x000001e8e6879a90 JavaThread "Compiler Processing Task"   daemon [_thread_blocked, id=29760, stack(0x0000002999c00000,0x0000002999d00000) (1024K)]
  0x000001e8e687a7b0 JavaThread "Compiler Class File Writer" daemon [_thread_blocked, id=24632, stack(0x000000299d200000,0x000000299d300000) (1024K)]
  0x000001e8e68786e0 JavaThread "Compiler Class File Writer" daemon [_thread_blocked, id=4072, stack(0x000000299d300000,0x000000299d400000) (1024K)]
  0x000001e8e687efe0 JavaThread "Compiler Class File Writer" daemon [_thread_blocked, id=2216, stack(0x000000299d400000,0x000000299d500000) (1024K)]
  0x000001e8e687dc30 JavaThread "Compiler Class File Writer" daemon [_thread_blocked, id=31044, stack(0x000000299d500000,0x000000299d600000) (1024K)]
  0x000001e8e687e2c0 JavaThread "Compiler Class File Writer" daemon [_thread_blocked, id=28840, stack(0x000000299d600000,0x000000299d700000) (1024K)]
  0x000001e8e687f670 JavaThread "Compiler Class File Writer" daemon [_thread_blocked, id=28804, stack(0x000000299d700000,0x000000299d800000) (1024K)]
  0x000001e8e4476df0 JavaThread "C2 CompilerThread1"         daemon [_thread_blocked, id=19704, stack(0x000000299af00000,0x000000299b000000) (1024K)]
  0x000001e8e4475980 JavaThread "C2 CompilerThread2"         daemon [_thread_blocked, id=28832, stack(0x000000299b000000,0x000000299b100000) (1024K)]
Total: 61

Other Threads:
  0x000001e89b1d2600 VMThread "VM Thread"                           [id=27860, stack(0x0000002999200000,0x0000002999300000) (1024K)]
  0x000001e89b0eca00 WatcherThread "VM Periodic Task Thread"        [id=29888, stack(0x0000002999100000,0x0000002999200000) (1024K)]
  0x000001e884d8c7a0 WorkerThread "GC Thread#0"                     [id=14000, stack(0x0000002999000000,0x0000002999100000) (1024K)]
  0x000001e8e260cac0 WorkerThread "GC Thread#1"                     [id=17920, stack(0x0000002999f00000,0x000000299a000000) (1024K)]
  0x000001e8e2b4fb30 WorkerThread "GC Thread#2"                     [id=604, stack(0x000000299a000000,0x000000299a100000) (1024K)]
  0x000001e8e25d8070 WorkerThread "GC Thread#3"                     [id=29868, stack(0x000000299a100000,0x000000299a200000) (1024K)]
  0x000001e8e25d8410 WorkerThread "GC Thread#4"                     [id=6824, stack(0x000000299a200000,0x000000299a300000) (1024K)]
  0x000001e8e2468330 WorkerThread "GC Thread#5"                     [id=1740, stack(0x000000299a300000,0x000000299a400000) (1024K)]
  0x000001e8e24686d0 WorkerThread "GC Thread#6"                     [id=15356, stack(0x000000299a400000,0x000000299a500000) (1024K)]
  0x000001e8e27d7c00 WorkerThread "GC Thread#7"                     [id=12880, stack(0x000000299a700000,0x000000299a800000) (1024K)]
Total: 10

Threads with active compile tasks:
C2 CompilerThread0  28363 11728   !   4       java.nio.file.FileTreeWalker::next (144 bytes)
C2 CompilerThread2  28363 11850       4       java.nio.file.Files::readAttributes (11 bytes)
Total: 2

VM state: at safepoint (normal execution)

VM Mutex/Monitor currently owned by a thread:  ([mutex/lock_event])
[0x00007ffa62e2e380] Threads_lock - owner thread: 0x000001e89b1d2600
[0x00007ffa62e2e480] Heap_lock - owner thread: 0x000001e8e29bc980

Heap address: 0x00000000c0000000, size: 1024 MB, Compressed Oops mode: 32-bit

CDS archive(s) mapped at: [0x000001e89c000000-0x000001e89cba0000-0x000001e89cba0000), size 12189696, SharedBaseAddress: 0x000001e89c000000, ArchiveRelocationMode: 1.
Compressed class space mapped at: 0x000001e89d000000-0x000001e8dd000000, reserved size: 1073741824
Narrow klass base: 0x000001e89c000000, Narrow klass shift: 0, Narrow klass range: 0x100000000

GC Precious Log:
 CardTable entry size: 512
 CPUs: 8 total, 8 available
 Memory: 8029M
 Large Page Support: Disabled
 NUMA Support: Disabled
 Compressed Oops: Enabled (32-bit)
 Alignments: Space 512K, Generation 512K, Heap 2M
 Heap Min Capacity: 100M
 Heap Initial Capacity: 100M
 Heap Max Capacity: 1G
 Pre-touch: Disabled
 Parallel Workers: 8

Heap:
 PSYoungGen      total 17408K, used 17378K [0x00000000eab00000, 0x00000000ec680000, 0x0000000100000000)
  eden space 11776K, 100% used [0x00000000eab00000,0x00000000eb680000,0x00000000eb680000)
  from space 5632K, 99% used [0x00000000ec100000,0x00000000ec678858,0x00000000ec680000)
  to   space 6656K, 84% used [0x00000000eb980000,0x00000000ebf01d48,0x00000000ec000000)
 ParOldGen       total 315392K, used 303828K [0x00000000c0000000, 0x00000000d3400000, 0x00000000eab00000)
  object space 315392K, 96% used [0x00000000c0000000,0x00000000d28b5398,0x00000000d3400000)
 Metaspace       used 63080K, committed 64576K, reserved 1114112K
  class space    used 6467K, committed 7104K, reserved 1048576K

Card table byte_map: [0x000001e898aa0000,0x000001e898cb0000] _byte_map_base: 0x000001e8984a0000

Marking Bits: (ParMarkBitMap*) 0x00007ffa62e33260
 Begin Bits: [0x000001e898e10000, 0x000001e899e10000)
 End Bits:   [0x000001e899e10000, 0x000001e89ae10000)

Polling page: 0x000001e884e30000

Metaspace:

Usage:
  Non-class:     55.29 MB used.
      Class:      6.32 MB used.
       Both:     61.60 MB used.

Virtual space:
  Non-class space:       64.00 MB reserved,      56.12 MB ( 88%) committed,  1 nodes.
      Class space:        1.00 GB reserved,       6.94 MB ( <1%) committed,  1 nodes.
             Both:        1.06 GB reserved,      63.06 MB (  6%) committed. 

Chunk freelists:
   Non-Class:  7.25 MB
       Class:  9.11 MB
        Both:  16.36 MB

MaxMetaspaceSize: unlimited
CompressedClassSpaceSize: 1.00 GB
Initial GC threshold: 21.00 MB
Current GC threshold: 103.56 MB
CDS: on
 - commit_granule_bytes: 65536.
 - commit_granule_words: 8192.
 - virtual_space_node_default_size: 8388608.
 - enlarge_chunks_in_place: 1.
 - use_allocation_guard: 0.


Internal statistics:

num_allocs_failed_limit: 11.
num_arena_births: 1218.
num_arena_deaths: 20.
num_vsnodes_births: 2.
num_vsnodes_deaths: 0.
num_space_committed: 1009.
num_space_uncommitted: 0.
num_chunks_returned_to_freelist: 33.
num_chunks_taken_from_freelist: 4258.
num_chunk_merges: 19.
num_chunk_splits: 2616.
num_chunks_enlarged: 1442.
num_inconsistent_stats: 0.

CodeHeap 'non-profiled nmethods': size=120000Kb used=7399Kb max_used=7816Kb free=112600Kb
 bounds [0x000001e891390000, 0x000001e891b40000, 0x000001e8988c0000]
CodeHeap 'profiled nmethods': size=120000Kb used=19770Kb max_used=23784Kb free=100230Kb
 bounds [0x000001e8898c0000, 0x000001e88b000000, 0x000001e890df0000]
CodeHeap 'non-nmethods': size=5760Kb used=1428Kb max_used=1515Kb free=4331Kb
 bounds [0x000001e890df0000, 0x000001e891060000, 0x000001e891390000]
 total_blobs=10544 nmethods=9805 adapters=645
 compilation: enabled
              stopped_count=0, restarted_count=0
 full_count=0

Compilation events (20 events):
Event: 25.273 Thread 0x000001e89b205cc0 nmethod 11861 0x000001e889b38110 code [0x000001e889b382c0, 0x000001e889b38460]
Event: 25.273 Thread 0x000001e89b205cc0 11864       3       org.eclipse.core.internal.dtree.AbstractDataTreeNode::compareWith (364 bytes)
Event: 25.274 Thread 0x000001e89b205cc0 nmethod 11864 0x000001e88a630a10 code [0x000001e88a630da0, 0x000001e88a632cf0]
Event: 25.274 Thread 0x000001e89b205cc0 11862       3       org.eclipse.core.internal.dtree.NodeComparison::isUnchanged (11 bytes)
Event: 25.275 Thread 0x000001e89b205cc0 nmethod 11862 0x000001e889b65010 code [0x000001e889b651c0, 0x000001e889b65330]
Event: 25.275 Thread 0x000001e89b205cc0 11863       3       org.eclipse.core.internal.dtree.DataTreeNode::compareWith (74 bytes)
Event: 25.275 Thread 0x000001e89b205cc0 nmethod 11863 0x000001e889d7b310 code [0x000001e889d7b500, 0x000001e889d7ba38]
Event: 25.275 Thread 0x000001e89b205cc0 11865       1       org.eclipse.core.internal.resources.Workspace::getMarkerManager (5 bytes)
Event: 25.275 Thread 0x000001e89b205cc0 nmethod 11865 0x000001e8916d8190 code [0x000001e8916d8320, 0x000001e8916d83e8]
Event: 25.275 Thread 0x000001e89b205cc0 11860       1       org.eclipse.core.internal.dtree.DeltaDataTree::getRootNode (5 bytes)
Event: 25.275 Thread 0x000001e89b205cc0 nmethod 11860 0x000001e8913c6f90 code [0x000001e8913c7120, 0x000001e8913c71e8]
Event: 25.275 Thread 0x000001e89b205cc0 11856       3       com.sun.org.apache.xerces.internal.dom.DeferredDocumentImpl::getNodeValueString (7 bytes)
Event: 25.276 Thread 0x000001e89b205cc0 nmethod 11856 0x000001e889ba3810 code [0x000001e889ba39c0, 0x000001e889ba3b20]
Event: 25.276 Thread 0x000001e8e4476df0 nmethod 11858% 0x000001e8913cdb10 code [0x000001e8913cdce0, 0x000001e8913ce050]
Event: 25.276 Thread 0x000001e8e4476df0 11866       4       com.sun.org.apache.xerces.internal.util.XMLAttributesImpl::setValue (27 bytes)
Event: 25.277 Thread 0x000001e8e4476df0 nmethod 11866 0x000001e8913cd590 code [0x000001e8913cd720, 0x000001e8913cd838]
Event: 25.277 Thread 0x000001e8e4476df0 11867       4       com.sun.org.apache.xerces.internal.util.XMLAttributesImpl::setSpecified (11 bytes)
Event: 25.278 Thread 0x000001e8e4476df0 nmethod 11867 0x000001e89158e190 code [0x000001e89158e320, 0x000001e89158e418]
Event: 25.280 Thread 0x000001e89b205cc0 11868   !   3       org.eclipse.core.runtime.SafeRunner::run (20 bytes)
Event: 25.281 Thread 0x000001e89b205cc0 nmethod 11868 0x000001e889b00610 code [0x000001e889b008a0, 0x000001e889b012f8]

GC Heap History (20 events):
Event: 18.609 GC heap before
{Heap before GC invocations=388 (full 3):
 PSYoungGen      total 7168K, used 6770K [0x00000000eab00000, 0x00000000eb400000, 0x0000000100000000)
  eden space 5120K, 100% used [0x00000000eab00000,0x00000000eb000000,0x00000000eb000000)
  from space 2048K, 80% used [0x00000000eb200000,0x00000000eb39c848,0x00000000eb400000)
  to   space 2048K, 0% used [0x00000000eb000000,0x00000000eb000000,0x00000000eb200000)
 ParOldGen       total 317952K, used 317611K [0x00000000c0000000, 0x00000000d3680000, 0x00000000eab00000)
  object space 317952K, 99% used [0x00000000c0000000,0x00000000d362ac40,0x00000000d3680000)
 Metaspace       used 62240K, committed 63616K, reserved 1114112K
  class space    used 6384K, committed 6976K, reserved 1048576K
}
Event: 19.615 GC heap after
{Heap after GC invocations=388 (full 3):
 PSYoungGen      total 7168K, used 1969K [0x00000000eab00000, 0x00000000eb500000, 0x0000000100000000)
  eden space 5120K, 0% used [0x00000000eab00000,0x00000000eab00000,0x00000000eb000000)
  from space 2048K, 96% used [0x00000000eb000000,0x00000000eb1ec450,0x00000000eb200000)
  to   space 2048K, 0% used [0x00000000eb300000,0x00000000eb300000,0x00000000eb500000)
 ParOldGen       total 319488K, used 319113K [0x00000000c0000000, 0x00000000d3800000, 0x00000000eab00000)
  object space 319488K, 99% used [0x00000000c0000000,0x00000000d37a27f0,0x00000000d3800000)
 Metaspace       used 62240K, committed 63616K, reserved 1114112K
  class space    used 6384K, committed 6976K, reserved 1048576K
}
Event: 19.628 GC heap before
{Heap before GC invocations=389 (full 3):
 PSYoungGen      total 7168K, used 7089K [0x00000000eab00000, 0x00000000eb500000, 0x0000000100000000)
  eden space 5120K, 100% used [0x00000000eab00000,0x00000000eb000000,0x00000000eb000000)
  from space 2048K, 96% used [0x00000000eb000000,0x00000000eb1ec450,0x00000000eb200000)
  to   space 2048K, 0% used [0x00000000eb300000,0x00000000eb300000,0x00000000eb500000)
 ParOldGen       total 319488K, used 319113K [0x00000000c0000000, 0x00000000d3800000, 0x00000000eab00000)
  object space 319488K, 99% used [0x00000000c0000000,0x00000000d37a27f0,0x00000000d3800000)
 Metaspace       used 62243K, committed 63616K, reserved 1114112K
  class space    used 6384K, committed 6976K, reserved 1048576K
}
Event: 19.631 GC heap after
{Heap after GC invocations=389 (full 3):
 PSYoungGen      total 8192K, used 1970K [0x00000000eab00000, 0x00000000eb500000, 0x0000000100000000)
  eden space 6144K, 0% used [0x00000000eab00000,0x00000000eab00000,0x00000000eb100000)
  from space 2048K, 96% used [0x00000000eb300000,0x00000000eb4ecba8,0x00000000eb500000)
  to   space 2048K, 0% used [0x00000000eb100000,0x00000000eb100000,0x00000000eb300000)
 ParOldGen       total 321024K, used 321002K [0x00000000c0000000, 0x00000000d3980000, 0x00000000eab00000)
  object space 321024K, 99% used [0x00000000c0000000,0x00000000d397a918,0x00000000d3980000)
 Metaspace       used 62243K, committed 63616K, reserved 1114112K
  class space    used 6384K, committed 6976K, reserved 1048576K
}
Event: 19.642 GC heap before
{Heap before GC invocations=390 (full 3):
 PSYoungGen      total 8192K, used 8108K [0x00000000eab00000, 0x00000000eb500000, 0x0000000100000000)
  eden space 6144K, 99% used [0x00000000eab00000,0x00000000eb0fe730,0x00000000eb100000)
  from space 2048K, 96% used [0x00000000eb300000,0x00000000eb4ecba8,0x00000000eb500000)
  to   space 2048K, 0% used [0x00000000eb100000,0x00000000eb100000,0x00000000eb300000)
 ParOldGen       total 321024K, used 321002K [0x00000000c0000000, 0x00000000d3980000, 0x00000000eab00000)
  object space 321024K, 99% used [0x00000000c0000000,0x00000000d397a918,0x00000000d3980000)
 Metaspace       used 62243K, committed 63616K, reserved 1114112K
  class space    used 6384K, committed 6976K, reserved 1048576K
}
Event: 20.653 GC heap after
{Heap after GC invocations=390 (full 3):
 PSYoungGen      total 8192K, used 2018K [0x00000000eab00000, 0x00000000ebc80000, 0x0000000100000000)
  eden space 6144K, 0% used [0x00000000eab00000,0x00000000eab00000,0x00000000eb100000)
  from space 2048K, 98% used [0x00000000eb100000,0x00000000eb2f89b0,0x00000000eb300000)
  to   space 5120K, 0% used [0x00000000eb780000,0x00000000eb780000,0x00000000ebc80000)
 ParOldGen       total 323584K, used 323207K [0x00000000c0000000, 0x00000000d3c00000, 0x00000000eab00000)
  object space 323584K, 99% used [0x00000000c0000000,0x00000000d3ba1f48,0x00000000d3c00000)
 Metaspace       used 62243K, committed 63616K, reserved 1114112K
  class space    used 6384K, committed 6976K, reserved 1048576K
}
Event: 20.674 GC heap before
{Heap before GC invocations=391 (full 3):
 PSYoungGen      total 8192K, used 8162K [0x00000000eab00000, 0x00000000ebc80000, 0x0000000100000000)
  eden space 6144K, 100% used [0x00000000eab00000,0x00000000eb100000,0x00000000eb100000)
  from space 2048K, 98% used [0x00000000eb100000,0x00000000eb2f89b0,0x00000000eb300000)
  to   space 5120K, 0% used [0x00000000eb780000,0x00000000eb780000,0x00000000ebc80000)
 ParOldGen       total 323584K, used 323207K [0x00000000c0000000, 0x00000000d3c00000, 0x00000000eab00000)
  object space 323584K, 99% used [0x00000000c0000000,0x00000000d3ba1f48,0x00000000d3c00000)
 Metaspace       used 62243K, committed 63616K, reserved 1114112K
  class space    used 6384K, committed 6976K, reserved 1048576K
}
Event: 24.701 GC heap after
{Heap after GC invocations=391 (full 3):
 PSYoungGen      total 8192K, used 8162K [0x00000000eab00000, 0x00000000ebc80000, 0x0000000100000000)
  eden space 6144K, 100% used [0x00000000eab00000,0x00000000eb100000,0x00000000eb100000)
  from space 2048K, 98% used [0x00000000eb100000,0x00000000eb2f89b0,0x00000000eb300000)
  to   space 5120K, 48% used [0x00000000eb780000,0x00000000eb9e95a0,0x00000000ebc80000)
 ParOldGen       total 325120K, used 324893K [0x00000000c0000000, 0x00000000d3d80000, 0x00000000eab00000)
  object space 325120K, 99% used [0x00000000c0000000,0x00000000d3d476e0,0x00000000d3d80000)
 Metaspace       used 62243K, committed 63616K, reserved 1114112K
  class space    used 6384K, committed 6976K, reserved 1048576K
}
Event: 24.701 GC heap before
{Heap before GC invocations=392 (full 4):
 PSYoungGen      total 8192K, used 8162K [0x00000000eab00000, 0x00000000ebc80000, 0x0000000100000000)
  eden space 6144K, 100% used [0x00000000eab00000,0x00000000eb100000,0x00000000eb100000)
  from space 2048K, 98% used [0x00000000eb100000,0x00000000eb2f89b0,0x00000000eb300000)
  to   space 5120K, 48% used [0x00000000eb780000,0x00000000eb9e95a0,0x00000000ebc80000)
 ParOldGen       total 325120K, used 324893K [0x00000000c0000000, 0x00000000d3d80000, 0x00000000eab00000)
  object space 325120K, 99% used [0x00000000c0000000,0x00000000d3d476e0,0x00000000d3d80000)
 Metaspace       used 62243K, committed 63616K, reserved 1114112K
  class space    used 6384K, committed 6976K, reserved 1048576K
}
Event: 24.890 GC heap after
{Heap after GC invocations=392 (full 4):
 PSYoungGen      total 12800K, used 0K [0x00000000eab00000, 0x00000000ebc80000, 0x0000000100000000)
  eden space 7680K, 0% used [0x00000000eab00000,0x00000000eab00000,0x00000000eb280000)
  from space 5120K, 0% used [0x00000000eb780000,0x00000000eb780000,0x00000000ebc80000)
  to   space 5120K, 0% used [0x00000000eb280000,0x00000000eb280000,0x00000000eb780000)
 ParOldGen       total 315392K, used 286482K [0x00000000c0000000, 0x00000000d3400000, 0x00000000eab00000)
  object space 315392K, 90% used [0x00000000c0000000,0x00000000d17c4be0,0x00000000d3400000)
 Metaspace       used 62238K, committed 63616K, reserved 1114112K
  class space    used 6383K, committed 6976K, reserved 1048576K
}
Event: 24.906 GC heap before
{Heap before GC invocations=393 (full 4):
 PSYoungGen      total 12800K, used 7680K [0x00000000eab00000, 0x00000000ebc80000, 0x0000000100000000)
  eden space 7680K, 100% used [0x00000000eab00000,0x00000000eb280000,0x00000000eb280000)
  from space 5120K, 0% used [0x00000000eb780000,0x00000000eb780000,0x00000000ebc80000)
  to   space 5120K, 0% used [0x00000000eb280000,0x00000000eb280000,0x00000000eb780000)
 ParOldGen       total 315392K, used 286482K [0x00000000c0000000, 0x00000000d3400000, 0x00000000eab00000)
  object space 315392K, 90% used [0x00000000c0000000,0x00000000d17c4be0,0x00000000d3400000)
 Metaspace       used 62238K, committed 63616K, reserved 1114112K
  class space    used 6383K, committed 6976K, reserved 1048576K
}
Event: 24.908 GC heap after
{Heap after GC invocations=393 (full 4):
 PSYoungGen      total 12800K, used 3078K [0x00000000eab00000, 0x00000000ebb00000, 0x0000000100000000)
  eden space 7680K, 0% used [0x00000000eab00000,0x00000000eab00000,0x00000000eb280000)
  from space 5120K, 60% used [0x00000000eb280000,0x00000000eb581a18,0x00000000eb780000)
  to   space 3584K, 0% used [0x00000000eb780000,0x00000000eb780000,0x00000000ebb00000)
 ParOldGen       total 315392K, used 286482K [0x00000000c0000000, 0x00000000d3400000, 0x00000000eab00000)
  object space 315392K, 90% used [0x00000000c0000000,0x00000000d17c4be0,0x00000000d3400000)
 Metaspace       used 62238K, committed 63616K, reserved 1114112K
  class space    used 6383K, committed 6976K, reserved 1048576K
}
Event: 24.915 GC heap before
{Heap before GC invocations=394 (full 4):
 PSYoungGen      total 12800K, used 10701K [0x00000000eab00000, 0x00000000ebb00000, 0x0000000100000000)
  eden space 7680K, 99% used [0x00000000eab00000,0x00000000eb271cc0,0x00000000eb280000)
  from space 5120K, 60% used [0x00000000eb280000,0x00000000eb581a18,0x00000000eb780000)
  to   space 3584K, 0% used [0x00000000eb780000,0x00000000eb780000,0x00000000ebb00000)
 ParOldGen       total 315392K, used 286482K [0x00000000c0000000, 0x00000000d3400000, 0x00000000eab00000)
  object space 315392K, 90% used [0x00000000c0000000,0x00000000d17c4be0,0x00000000d3400000)
 Metaspace       used 62238K, committed 63616K, reserved 1114112K
  class space    used 6383K, committed 6976K, reserved 1048576K
}
Event: 24.917 GC heap after
{Heap after GC invocations=394 (full 4):
 PSYoungGen      total 12800K, used 3223K [0x00000000eab00000, 0x00000000ebb00000, 0x0000000100000000)
  eden space 9216K, 0% used [0x00000000eab00000,0x00000000eab00000,0x00000000eb400000)
  from space 3584K, 89% used [0x00000000eb780000,0x00000000ebaa5ee8,0x00000000ebb00000)
  to   space 3584K, 0% used [0x00000000eb400000,0x00000000eb400000,0x00000000eb780000)
 ParOldGen       total 315392K, used 289461K [0x00000000c0000000, 0x00000000d3400000, 0x00000000eab00000)
  object space 315392K, 91% used [0x00000000c0000000,0x00000000d1aad540,0x00000000d3400000)
 Metaspace       used 62238K, committed 63616K, reserved 1114112K
  class space    used 6383K, committed 6976K, reserved 1048576K
}
Event: 24.929 GC heap before
{Heap before GC invocations=395 (full 4):
 PSYoungGen      total 12800K, used 12409K [0x00000000eab00000, 0x00000000ebb00000, 0x0000000100000000)
  eden space 9216K, 99% used [0x00000000eab00000,0x00000000eb3f86f8,0x00000000eb400000)
  from space 3584K, 89% used [0x00000000eb780000,0x00000000ebaa5ee8,0x00000000ebb00000)
  to   space 3584K, 0% used [0x00000000eb400000,0x00000000eb400000,0x00000000eb780000)
 ParOldGen       total 315392K, used 289461K [0x00000000c0000000, 0x00000000d3400000, 0x00000000eab00000)
  object space 315392K, 91% used [0x00000000c0000000,0x00000000d1aad540,0x00000000d3400000)
 Metaspace       used 62238K, committed 63616K, reserved 1114112K
  class space    used 6383K, committed 6976K, reserved 1048576K
}
Event: 24.932 GC heap after
{Heap after GC invocations=395 (full 4):
 PSYoungGen      total 12800K, used 3298K [0x00000000eab00000, 0x00000000ebd00000, 0x0000000100000000)
  eden space 9216K, 0% used [0x00000000eab00000,0x00000000eab00000,0x00000000eb400000)
  from space 3584K, 92% used [0x00000000eb400000,0x00000000eb738a48,0x00000000eb780000)
  to   space 3584K, 0% used [0x00000000eb980000,0x00000000eb980000,0x00000000ebd00000)
 ParOldGen       total 315392K, used 292485K [0x00000000c0000000, 0x00000000d3400000, 0x00000000eab00000)
  object space 315392K, 92% used [0x00000000c0000000,0x00000000d1da1450,0x00000000d3400000)
 Metaspace       used 62238K, committed 63616K, reserved 1114112K
  class space    used 6383K, committed 6976K, reserved 1048576K
}
Event: 25.034 GC heap before
{Heap before GC invocations=396 (full 4):
 PSYoungGen      total 12800K, used 12514K [0x00000000eab00000, 0x00000000ebd00000, 0x0000000100000000)
  eden space 9216K, 99% used [0x00000000eab00000,0x00000000eb3fffd8,0x00000000eb400000)
  from space 3584K, 92% used [0x00000000eb400000,0x00000000eb738a48,0x00000000eb780000)
  to   space 3584K, 0% used [0x00000000eb980000,0x00000000eb980000,0x00000000ebd00000)
 ParOldGen       total 315392K, used 292485K [0x00000000c0000000, 0x00000000d3400000, 0x00000000eab00000)
  object space 315392K, 92% used [0x00000000c0000000,0x00000000d1da1450,0x00000000d3400000)
 Metaspace       used 62255K, committed 63616K, reserved 1114112K
  class space    used 6384K, committed 6976K, reserved 1048576K
}
Event: 25.037 GC heap after
{Heap after GC invocations=396 (full 4):
 PSYoungGen      total 13312K, used 1549K [0x00000000eab00000, 0x00000000ebb80000, 0x0000000100000000)
  eden space 11264K, 0% used [0x00000000eab00000,0x00000000eab00000,0x00000000eb600000)
  from space 2048K, 75% used [0x00000000eb980000,0x00000000ebb03570,0x00000000ebb80000)
  to   space 2560K, 0% used [0x00000000eb680000,0x00000000eb680000,0x00000000eb900000)
 ParOldGen       total 315392K, used 295605K [0x00000000c0000000, 0x00000000d3400000, 0x00000000eab00000)
  object space 315392K, 93% used [0x00000000c0000000,0x00000000d20ad620,0x00000000d3400000)
 Metaspace       used 62255K, committed 63616K, reserved 1114112K
  class space    used 6384K, committed 6976K, reserved 1048576K
}
Event: 25.141 GC heap before
{Heap before GC invocations=397 (full 4):
 PSYoungGen      total 13312K, used 12648K [0x00000000eab00000, 0x00000000ebb80000, 0x0000000100000000)
  eden space 11264K, 98% used [0x00000000eab00000,0x00000000eb5d6c48,0x00000000eb600000)
  from space 2048K, 75% used [0x00000000eb980000,0x00000000ebb03570,0x00000000ebb80000)
  to   space 2560K, 0% used [0x00000000eb680000,0x00000000eb680000,0x00000000eb900000)
 ParOldGen       total 315392K, used 295605K [0x00000000c0000000, 0x00000000d3400000, 0x00000000eab00000)
  object space 315392K, 93% used [0x00000000c0000000,0x00000000d20ad620,0x00000000d3400000)
 Metaspace       used 62323K, committed 63744K, reserved 1114112K
  class space    used 6397K, committed 6976K, reserved 1048576K
}
Event: 25.146 GC heap after
{Heap after GC invocations=397 (full 4):
 PSYoungGen      total 14336K, used 2544K [0x00000000eab00000, 0x00000000ec980000, 0x0000000100000000)
  eden space 11776K, 0% used [0x00000000eab00000,0x00000000eab00000,0x00000000eb680000)
  from space 2560K, 99% used [0x00000000eb680000,0x00000000eb8fc000,0x00000000eb900000)
  to   space 8704K, 0% used [0x00000000ec100000,0x00000000ec100000,0x00000000ec980000)
 ParOldGen       total 315392K, used 300312K [0x00000000c0000000, 0x00000000d3400000, 0x00000000eab00000)
  object space 315392K, 95% used [0x00000000c0000000,0x00000000d25463f0,0x00000000d3400000)
 Metaspace       used 62323K, committed 63744K, reserved 1114112K
  class space    used 6397K, committed 6976K, reserved 1048576K
}

Dll operation events (10 events):
Event: 0.020 Loaded shared library c:\Users\Papa Omar\.windsurf\extensions\redhat.java-1.41.1-win32-x64\jre\21.0.6-win32-x86_64\bin\java.dll
Event: 0.151 Loaded shared library c:\Users\Papa Omar\.windsurf\extensions\redhat.java-1.41.1-win32-x64\jre\21.0.6-win32-x86_64\bin\zip.dll
Event: 0.194 Loaded shared library C:\Users\Papa Omar\.windsurf\extensions\redhat.java-1.41.1-win32-x64\jre\21.0.6-win32-x86_64\bin\instrument.dll
Event: 0.200 Loaded shared library C:\Users\Papa Omar\.windsurf\extensions\redhat.java-1.41.1-win32-x64\jre\21.0.6-win32-x86_64\bin\net.dll
Event: 0.212 Loaded shared library C:\Users\Papa Omar\.windsurf\extensions\redhat.java-1.41.1-win32-x64\jre\21.0.6-win32-x86_64\bin\nio.dll
Event: 0.218 Loaded shared library C:\Users\Papa Omar\.windsurf\extensions\redhat.java-1.41.1-win32-x64\jre\21.0.6-win32-x86_64\bin\zip.dll
Event: 0.273 Loaded shared library C:\Users\Papa Omar\.windsurf\extensions\redhat.java-1.41.1-win32-x64\jre\21.0.6-win32-x86_64\bin\jimage.dll
Event: 0.403 Loaded shared library c:\Users\Papa Omar\.windsurf\extensions\redhat.java-1.41.1-win32-x64\jre\21.0.6-win32-x86_64\bin\verify.dll
Event: 1.995 Loaded shared library C:\Users\Papa Omar\AppData\Roaming\Windsurf\User\globalStorage\redhat.java\1.41.1\config_win\org.eclipse.equinox.launcher\org.eclipse.equinox.launcher.win32.win32.x86_64_1.2.1300.v20250331-1702\eclipse_11911.dll
Event: 3.396 Loaded shared library C:\Users\Papa Omar\AppData\Local\Temp\jna-2111647821\jna12415191004997451556.dll

Deoptimization events (20 events):
Event: 25.154 Thread 0x000001e8e29bc980 DEOPT PACKING pc=0x000001e889b0828b sp=0x000000299b1ff1e0
Event: 25.154 Thread 0x000001e8e29bc980 DEOPT UNPACKING pc=0x000001e890e44242 sp=0x000000299b1fe6a8 mode 0
Event: 25.156 Thread 0x000001e8e5b63200 Uncommon trap: trap_request=0xffffff45 fr.pc=0x000001e891b189ac relative=0x000000000000116c
Event: 25.156 Thread 0x000001e8e5b63200 Uncommon trap: reason=unstable_if action=reinterpret pc=0x000001e891b189ac method=java.util.regex.Pattern$BnM.optimize(Ljava/util/regex/Pattern$Node;)Ljava/util/regex/Pattern$Node; @ 22 c2
Event: 25.156 Thread 0x000001e8e5b63200 DEOPT PACKING pc=0x000001e891b189ac sp=0x000000299c3fdd40
Event: 25.156 Thread 0x000001e8e5b63200 DEOPT UNPACKING pc=0x000001e890e43aa2 sp=0x000000299c3fdc68 mode 2
Event: 25.158 Thread 0x000001e8e29bc980 DEOPT PACKING pc=0x000001e889b0828b sp=0x000000299b1ff1e0
Event: 25.158 Thread 0x000001e8e29bc980 DEOPT UNPACKING pc=0x000001e890e44242 sp=0x000000299b1fe6a8 mode 0
Event: 25.161 Thread 0x000001e8e29bc980 DEOPT PACKING pc=0x000001e889b0828b sp=0x000000299b1ff1e0
Event: 25.161 Thread 0x000001e8e29bc980 DEOPT UNPACKING pc=0x000001e890e44242 sp=0x000000299b1fe6a8 mode 0
Event: 25.162 Thread 0x000001e8e29bd010 Uncommon trap: trap_request=0xffffffc6 fr.pc=0x000001e891a887d8 relative=0x0000000000000e78
Event: 25.162 Thread 0x000001e8e29bd010 Uncommon trap: reason=bimorphic_or_optimized_type_check action=maybe_recompile pc=0x000001e891a887d8 method=java.util.concurrent.ConcurrentHashMap.putAll(Ljava/util/Map;)V @ 23 c2
Event: 25.162 Thread 0x000001e8e29bd010 DEOPT PACKING pc=0x000001e891a887d8 sp=0x000000299adfec40
Event: 25.162 Thread 0x000001e8e29bd010 DEOPT UNPACKING pc=0x000001e890e43aa2 sp=0x000000299adfec00 mode 2
Event: 25.207 Thread 0x000001e8e29bd010 DEOPT PACKING pc=0x000001e88af5c92f sp=0x000000299adf7d60
Event: 25.207 Thread 0x000001e8e29bd010 DEOPT UNPACKING pc=0x000001e890e44242 sp=0x000000299adf7228 mode 0
Event: 25.220 Thread 0x000001e8e5b63200 Uncommon trap: trap_request=0xffffff45 fr.pc=0x000001e8913f2344 relative=0x00000000000000a4
Event: 25.220 Thread 0x000001e8e5b63200 Uncommon trap: reason=unstable_if action=reinterpret pc=0x000001e8913f2344 method=com.google.gson.stream.JsonReader.peek()Lcom/google/gson/stream/JsonToken; @ 15 c2
Event: 25.220 Thread 0x000001e8e5b63200 DEOPT PACKING pc=0x000001e8913f2344 sp=0x000000299c3fe850
Event: 25.220 Thread 0x000001e8e5b63200 DEOPT UNPACKING pc=0x000001e890e43aa2 sp=0x000000299c3fe7d8 mode 2

Classes loaded (20 events):
Event: 16.478 Loading class java/util/TreeMap$TreeMapSpliterator done
Event: 16.478 Loading class java/util/TreeMap$ValueSpliterator done
Event: 16.575 Loading class java/nio/file/FileTreeWalker$1
Event: 16.575 Loading class java/nio/file/FileTreeWalker$1 done
Event: 16.576 Loading class sun/nio/fs/Globs
Event: 16.581 Loading class sun/nio/fs/Globs done
Event: 16.581 Loading class java/util/regex/Pattern$SliceU
Event: 16.581 Loading class java/util/regex/Pattern$SliceU done
Event: 16.581 Loading class sun/nio/fs/WindowsFileSystem$2
Event: 16.581 Loading class java/nio/file/PathMatcher
Event: 16.581 Loading class java/nio/file/PathMatcher done
Event: 16.581 Loading class sun/nio/fs/WindowsFileSystem$2 done
Event: 25.211 Loading class java/util/Collections$SynchronizedRandomAccessList
Event: 25.211 Loading class java/util/Collections$SynchronizedList
Event: 25.211 Loading class java/util/Collections$SynchronizedList done
Event: 25.211 Loading class java/util/Collections$SynchronizedRandomAccessList done
Event: 25.234 Loading class java/util/concurrent/CompletableFuture$Signaller
Event: 25.235 Loading class java/util/concurrent/CompletableFuture$Signaller done
Event: 25.279 Loading class java/util/Hashtable$KeySet
Event: 25.279 Loading class java/util/Hashtable$KeySet done

Classes unloaded (10 events):
Event: 3.888 Thread 0x000001e89b1d2600 Unloading class 0x000001e89d1a4c00 'java/lang/invoke/LambdaForm$MH+0x000001e89d1a4c00'
Event: 3.888 Thread 0x000001e89b1d2600 Unloading class 0x000001e89d1a4800 'java/lang/invoke/LambdaForm$MH+0x000001e89d1a4800'
Event: 3.888 Thread 0x000001e89b1d2600 Unloading class 0x000001e89d1a4400 'java/lang/invoke/LambdaForm$MH+0x000001e89d1a4400'
Event: 3.888 Thread 0x000001e89b1d2600 Unloading class 0x000001e89d1a4000 'java/lang/invoke/LambdaForm$MH+0x000001e89d1a4000'
Event: 3.888 Thread 0x000001e89b1d2600 Unloading class 0x000001e89d1a3c00 'java/lang/invoke/LambdaForm$BMH+0x000001e89d1a3c00'
Event: 3.888 Thread 0x000001e89b1d2600 Unloading class 0x000001e89d1a3800 'java/lang/invoke/LambdaForm$DMH+0x000001e89d1a3800'
Event: 3.888 Thread 0x000001e89b1d2600 Unloading class 0x000001e89d1a2400 'java/lang/invoke/LambdaForm$DMH+0x000001e89d1a2400'
Event: 24.748 Thread 0x000001e89b1d2600 Unloading class 0x000001e89d690400 'java/lang/invoke/LambdaForm$DMH+0x000001e89d690400'
Event: 24.748 Thread 0x000001e89b1d2600 Unloading class 0x000001e89d690000 'java/lang/invoke/LambdaForm$DMH+0x000001e89d690000'
Event: 24.748 Thread 0x000001e89b1d2600 Unloading class 0x000001e89d689800 'java/lang/invoke/LambdaForm$DMH+0x000001e89d689800'

Classes redefined (0 events):
No events

Internal exceptions (20 events):
Event: 25.103 Thread 0x000001e8e5b61e50 Exception <a 'sun/nio/fs/WindowsException'{0x00000000eb26ad20}> (0x00000000eb26ad20) 
thrown [s\src\hotspot\share\prims\jni.cpp, line 520]
Event: 25.103 Thread 0x000001e8e5b61e50 Exception <a 'sun/nio/fs/WindowsException'{0x00000000eb26b400}> (0x00000000eb26b400) 
thrown [s\src\hotspot\share\prims\jni.cpp, line 520]
Event: 25.103 Thread 0x000001e8e5b61e50 Exception <a 'sun/nio/fs/WindowsException'{0x00000000eb26baf8}> (0x00000000eb26baf8) 
thrown [s\src\hotspot\share\prims\jni.cpp, line 520]
Event: 25.104 Thread 0x000001e8e5b61e50 Exception <a 'sun/nio/fs/WindowsException'{0x00000000eb2a0d28}> (0x00000000eb2a0d28) 
thrown [s\src\hotspot\share\prims\jni.cpp, line 520]
Event: 25.104 Thread 0x000001e8e5b61e50 Exception <a 'sun/nio/fs/WindowsException'{0x00000000eb2a1418}> (0x00000000eb2a1418) 
thrown [s\src\hotspot\share\prims\jni.cpp, line 520]
Event: 25.104 Thread 0x000001e8e5b61e50 Exception <a 'sun/nio/fs/WindowsException'{0x00000000eb2a1b08}> (0x00000000eb2a1b08) 
thrown [s\src\hotspot\share\prims\jni.cpp, line 520]
Event: 25.104 Thread 0x000001e8e5b61e50 Exception <a 'sun/nio/fs/WindowsException'{0x00000000eb2a2218}> (0x00000000eb2a2218) 
thrown [s\src\hotspot\share\prims\jni.cpp, line 520]
Event: 25.160 Thread 0x000001e8e5b63200 Exception <a 'sun/nio/fs/WindowsException'{0x00000000eacb8698}> (0x00000000eacb8698) 
thrown [s\src\hotspot\share\prims\jni.cpp, line 520]
Event: 25.160 Thread 0x000001e8e5b63200 Exception <a 'sun/nio/fs/WindowsException'{0x00000000eacbb290}> (0x00000000eacbb290) 
thrown [s\src\hotspot\share\prims\jni.cpp, line 520]
Event: 25.161 Thread 0x000001e8e5b63200 Exception <a 'sun/nio/fs/WindowsException'{0x00000000eacf7378}> (0x00000000eacf7378) 
thrown [s\src\hotspot\share\prims\jni.cpp, line 520]
Event: 25.161 Thread 0x000001e8e5b63200 Exception <a 'sun/nio/fs/WindowsException'{0x00000000eacf79a8}> (0x00000000eacf79a8) 
thrown [s\src\hotspot\share\prims\jni.cpp, line 520]
Event: 25.162 Thread 0x000001e8e5b63200 Exception <a 'sun/nio/fs/WindowsException'{0x00000000eacfd660}> (0x00000000eacfd660) 
thrown [s\src\hotspot\share\prims\jni.cpp, line 520]
Event: 25.163 Thread 0x000001e8e5b63200 Exception <a 'sun/nio/fs/WindowsException'{0x00000000ead009c0}> (0x00000000ead009c0) 
thrown [s\src\hotspot\share\prims\jni.cpp, line 520]
Event: 25.163 Thread 0x000001e8e5b63200 Exception <a 'sun/nio/fs/WindowsException'{0x00000000ead03890}> (0x00000000ead03890) 
thrown [s\src\hotspot\share\prims\jni.cpp, line 520]
Event: 25.163 Thread 0x000001e8e5b63200 Exception <a 'sun/nio/fs/WindowsException'{0x00000000ead05660}> (0x00000000ead05660) 
thrown [s\src\hotspot\share\prims\jni.cpp, line 520]
Event: 25.164 Thread 0x000001e8e5b63200 Exception <a 'sun/nio/fs/WindowsException'{0x00000000ead06578}> (0x00000000ead06578) 
thrown [s\src\hotspot\share\prims\jni.cpp, line 520]
Event: 25.165 Thread 0x000001e8e5b63200 Exception <a 'sun/nio/fs/WindowsException'{0x00000000ead09a28}> (0x00000000ead09a28) 
thrown [s\src\hotspot\share\prims\jni.cpp, line 520]
Event: 25.166 Thread 0x000001e8e5b63200 Exception <a 'sun/nio/fs/WindowsException'{0x00000000ead0d858}> (0x00000000ead0d858) 
thrown [s\src\hotspot\share\prims\jni.cpp, line 520]
Event: 25.167 Thread 0x000001e8e5b63200 Exception <a 'sun/nio/fs/WindowsException'{0x00000000ead0dea8}> (0x00000000ead0dea8) 
thrown [s\src\hotspot\share\prims\jni.cpp, line 520]
Event: 25.312 Thread 0x000001e8e5b63200 Exception <a 'java/lang/IncompatibleClassChangeError'{0x00000000eb634088}: Found class java.lang.Object, but interface was expected> (0x00000000eb634088) 
thrown [s\src\hotspot\share\interpreter\linkResolver.cpp, line 840]

ZGC Phase Switch (0 events):
No events

VM Operations (20 events):
Event: 20.653 Executing VM operation: ParallelGCFailedAllocation (Allocation Failure) done
Event: 20.674 Executing VM operation: ParallelGCFailedAllocation (Allocation Failure)
Event: 24.890 Executing VM operation: ParallelGCFailedAllocation (Allocation Failure) done
Event: 24.906 Executing VM operation: ParallelGCFailedAllocation (Allocation Failure)
Event: 24.908 Executing VM operation: ParallelGCFailedAllocation (Allocation Failure) done
Event: 24.915 Executing VM operation: ParallelGCFailedAllocation (Allocation Failure)
Event: 24.918 Executing VM operation: ParallelGCFailedAllocation (Allocation Failure) done
Event: 24.929 Executing VM operation: ParallelGCFailedAllocation (Allocation Failure)
Event: 24.932 Executing VM operation: ParallelGCFailedAllocation (Allocation Failure) done
Event: 25.034 Executing VM operation: ParallelGCFailedAllocation (Allocation Failure)
Event: 25.037 Executing VM operation: ParallelGCFailedAllocation (Allocation Failure) done
Event: 25.127 Executing VM operation: HandshakeAllThreads (Deoptimize)
Event: 25.127 Executing VM operation: HandshakeAllThreads (Deoptimize) done
Event: 25.141 Executing VM operation: ParallelGCFailedAllocation (Allocation Failure)
Event: 25.146 Executing VM operation: ParallelGCFailedAllocation (Allocation Failure) done
Event: 25.205 Executing VM operation: HandshakeAllThreads (Deoptimize)
Event: 25.205 Executing VM operation: HandshakeAllThreads (Deoptimize) done
Event: 25.207 Executing VM operation: HandshakeAllThreads (Deoptimize)
Event: 25.207 Executing VM operation: HandshakeAllThreads (Deoptimize) done
Event: 25.326 Executing VM operation: ParallelGCFailedAllocation (Allocation Failure)

Memory protections (0 events):
No events

Nmethod flushes (20 events):
Event: 24.768 Thread 0x000001e89b1d2600 flushing  nmethod 0x000001e88a8cf890
Event: 24.768 Thread 0x000001e89b1d2600 flushing  nmethod 0x000001e88a8d8390
Event: 24.768 Thread 0x000001e89b1d2600 flushing  nmethod 0x000001e88a901310
Event: 24.768 Thread 0x000001e89b1d2600 flushing  nmethod 0x000001e88a906e90
Event: 24.768 Thread 0x000001e89b1d2600 flushing  nmethod 0x000001e88a923710
Event: 24.768 Thread 0x000001e89b1d2600 flushing  nmethod 0x000001e88a932d10
Event: 24.768 Thread 0x000001e89b1d2600 flushing  nmethod 0x000001e88a933090
Event: 24.768 Thread 0x000001e89b1d2600 flushing  nmethod 0x000001e88a939010
Event: 24.768 Thread 0x000001e89b1d2600 flushing  nmethod 0x000001e88a961390
Event: 24.768 Thread 0x000001e89b1d2600 flushing  nmethod 0x000001e88a994d10
Event: 24.768 Thread 0x000001e89b1d2600 flushing  nmethod 0x000001e88a9e9290
Event: 24.768 Thread 0x000001e89b1d2600 flushing  nmethod 0x000001e88a9e9a90
Event: 24.768 Thread 0x000001e89b1d2600 flushing  nmethod 0x000001e88aa6fa10
Event: 24.768 Thread 0x000001e89b1d2600 flushing  nmethod 0x000001e88aa74710
Event: 24.768 Thread 0x000001e89b1d2600 flushing  nmethod 0x000001e88aa77090
Event: 24.768 Thread 0x000001e89b1d2600 flushing  nmethod 0x000001e88aa7d590
Event: 24.768 Thread 0x000001e89b1d2600 flushing  nmethod 0x000001e88aa8d290
Event: 24.768 Thread 0x000001e89b1d2600 flushing  nmethod 0x000001e88aa93590
Event: 24.768 Thread 0x000001e89b1d2600 flushing  nmethod 0x000001e88ab8d790
Event: 24.768 Thread 0x000001e89b1d2600 flushing  nmethod 0x000001e88ab9ee10

Events (20 events):
Event: 14.840 Thread 0x000001e8ef76fd60 Thread exited: 0x000001e8ef76fd60
Event: 14.840 Thread 0x000001e8ef76c250 Thread exited: 0x000001e8ef76c250
Event: 14.840 Thread 0x000001e8ef76e320 Thread exited: 0x000001e8ef76e320
Event: 14.841 Thread 0x000001e8ef76bbc0 Thread exited: 0x000001e8ef76bbc0
Event: 15.644 Thread 0x000001e8e5b61e50 Thread added: 0x000001e8ef76e9b0
Event: 15.644 Thread 0x000001e8e5b61e50 Thread added: 0x000001e8ef76e320
Event: 15.645 Thread 0x000001e8e5b61e50 Thread added: 0x000001e8ef76bbc0
Event: 15.646 Thread 0x000001e8e5b61e50 Thread added: 0x000001e8ef76dc90
Event: 15.647 Thread 0x000001e8e5b61e50 Thread added: 0x000001e8ef76c250
Event: 15.718 Thread 0x000001e8ef76c250 Thread exited: 0x000001e8ef76c250
Event: 15.718 Thread 0x000001e8ef76dc90 Thread exited: 0x000001e8ef76dc90
Event: 15.718 Thread 0x000001e8ef76e320 Thread exited: 0x000001e8ef76e320
Event: 15.718 Thread 0x000001e8ef76e9b0 Thread exited: 0x000001e8ef76e9b0
Event: 15.718 Thread 0x000001e8ef76bbc0 Thread exited: 0x000001e8ef76bbc0
Event: 16.330 Thread 0x000001e8e3eff4d0 Thread exited: 0x000001e8e3eff4d0
Event: 16.330 Thread 0x000001e8e35c3940 Thread exited: 0x000001e8e35c3940
Event: 16.656 Thread 0x000001e89b205cc0 Thread added: 0x000001e8e4475980
Event: 17.105 Thread 0x000001e8e4475980 Thread exited: 0x000001e8e4475980
Event: 24.996 Thread 0x000001e89b205cc0 Thread added: 0x000001e8e4476df0
Event: 25.156 Thread 0x000001e89b205cc0 Thread added: 0x000001e8e4475980


Dynamic libraries:
0x00007ff77ff70000 - 0x00007ff77ff7e000 	c:\Users\Papa Omar\.windsurf\extensions\redhat.java-1.41.1-win32-x64\jre\21.0.6-win32-x86_64\bin\java.exe
0x00007ffb59a60000 - 0x00007ffb59cc0000 	C:\WINDOWS\SYSTEM32\ntdll.dll
0x00007ffb59250000 - 0x00007ffb59317000 	C:\WINDOWS\System32\KERNEL32.DLL
0x00007ffb57330000 - 0x00007ffb576fb000 	C:\WINDOWS\System32\KERNELBASE.dll
0x00007ffb571e0000 - 0x00007ffb5732b000 	C:\WINDOWS\System32\ucrtbase.dll
0x00007ffae75a0000 - 0x00007ffae75be000 	c:\Users\Papa Omar\.windsurf\extensions\redhat.java-1.41.1-win32-x64\jre\21.0.6-win32-x86_64\bin\VCRUNTIME140.dll
0x00007ffb191e0000 - 0x00007ffb191f8000 	c:\Users\Papa Omar\.windsurf\extensions\redhat.java-1.41.1-win32-x64\jre\21.0.6-win32-x86_64\bin\jli.dll
0x00007ffb59080000 - 0x00007ffb5924c000 	C:\WINDOWS\System32\USER32.dll
0x00007ffb3cdd0000 - 0x00007ffb3d067000 	C:\WINDOWS\WinSxS\amd64_microsoft.windows.common-controls_6595b64144ccf1df_6.0.26100.3624_none_3e086962e3345f24\COMCTL32.dll
0x00007ffb57030000 - 0x00007ffb57057000 	C:\WINDOWS\System32\win32u.dll
0x00007ffb581e0000 - 0x00007ffb58289000 	C:\WINDOWS\System32\msvcrt.dll
0x00007ffb59970000 - 0x00007ffb5999a000 	C:\WINDOWS\System32\GDI32.dll
0x00007ffb56c40000 - 0x00007ffb56d71000 	C:\WINDOWS\System32\gdi32full.dll
0x00007ffb56d80000 - 0x00007ffb56e23000 	C:\WINDOWS\System32\msvcp_win.dll
0x00007ffb597c0000 - 0x00007ffb597ef000 	C:\WINDOWS\System32\IMM32.DLL
0x00007ffb29370000 - 0x00007ffb2937c000 	c:\Users\Papa Omar\.windsurf\extensions\redhat.java-1.41.1-win32-x64\jre\21.0.6-win32-x86_64\bin\vcruntime140_1.dll
0x00007ffab8cf0000 - 0x00007ffab8d7d000 	c:\Users\Papa Omar\.windsurf\extensions\redhat.java-1.41.1-win32-x64\jre\21.0.6-win32-x86_64\bin\msvcp140.dll
0x00007ffa62180000 - 0x00007ffa62f10000 	c:\Users\Papa Omar\.windsurf\extensions\redhat.java-1.41.1-win32-x64\jre\21.0.6-win32-x86_64\bin\server\jvm.dll
0x00007ffb59650000 - 0x00007ffb59703000 	C:\WINDOWS\System32\ADVAPI32.dll
0x00007ffb595a0000 - 0x00007ffb59646000 	C:\WINDOWS\System32\sechost.dll
0x00007ffb59850000 - 0x00007ffb59966000 	C:\WINDOWS\System32\RPCRT4.dll
0x00007ffb58da0000 - 0x00007ffb58e14000 	C:\WINDOWS\System32\WS2_32.dll
0x00007ffb56130000 - 0x00007ffb5618e000 	C:\WINDOWS\SYSTEM32\POWRPROF.dll
0x00007ffb4c540000 - 0x00007ffb4c54b000 	C:\WINDOWS\SYSTEM32\VERSION.dll
0x00007ffb3d1d0000 - 0x00007ffb3d206000 	C:\WINDOWS\SYSTEM32\WINMM.dll
0x00007ffb56110000 - 0x00007ffb56124000 	C:\WINDOWS\SYSTEM32\UMPDC.dll
0x00007ffb55a30000 - 0x00007ffb55a4a000 	C:\WINDOWS\SYSTEM32\kernel.appcore.dll
0x00007ffb27760000 - 0x00007ffb2776a000 	c:\Users\Papa Omar\.windsurf\extensions\redhat.java-1.41.1-win32-x64\jre\21.0.6-win32-x86_64\bin\jimage.dll
0x00007ffb51240000 - 0x00007ffb51481000 	C:\WINDOWS\SYSTEM32\DBGHELP.DLL
0x00007ffb58290000 - 0x00007ffb58613000 	C:\WINDOWS\System32\combase.dll
0x00007ffb58e20000 - 0x00007ffb58ef6000 	C:\WINDOWS\System32\OLEAUT32.dll
0x00007ffb39450000 - 0x00007ffb39489000 	C:\WINDOWS\SYSTEM32\dbgcore.DLL
0x00007ffb57700000 - 0x00007ffb57799000 	C:\WINDOWS\System32\bcryptPrimitives.dll
0x00007ffb24a50000 - 0x00007ffb24a5f000 	c:\Users\Papa Omar\.windsurf\extensions\redhat.java-1.41.1-win32-x64\jre\21.0.6-win32-x86_64\bin\instrument.dll
0x00007ffb1a3a0000 - 0x00007ffb1a3bf000 	c:\Users\Papa Omar\.windsurf\extensions\redhat.java-1.41.1-win32-x64\jre\21.0.6-win32-x86_64\bin\java.dll
0x00007ffb58620000 - 0x00007ffb58d49000 	C:\WINDOWS\System32\SHELL32.dll
0x00007ffb56e30000 - 0x00007ffb56f98000 	C:\WINDOWS\System32\wintypes.dll
0x00007ffb548c0000 - 0x00007ffb55112000 	C:\WINDOWS\SYSTEM32\windows.storage.dll
0x00007ffb59320000 - 0x00007ffb5940d000 	C:\WINDOWS\System32\SHCORE.dll
0x00007ffb57860000 - 0x00007ffb578c4000 	C:\WINDOWS\System32\shlwapi.dll
0x00007ffb56b50000 - 0x00007ffb56b7f000 	C:\WINDOWS\SYSTEM32\profapi.dll
0x00007ffae6550000 - 0x00007ffae6568000 	c:\Users\Papa Omar\.windsurf\extensions\redhat.java-1.41.1-win32-x64\jre\21.0.6-win32-x86_64\bin\zip.dll
0x00007ffb22610000 - 0x00007ffb22620000 	C:\Users\Papa Omar\.windsurf\extensions\redhat.java-1.41.1-win32-x64\jre\21.0.6-win32-x86_64\bin\net.dll
0x00007ffb49900000 - 0x00007ffb49a1d000 	C:\WINDOWS\SYSTEM32\WINHTTP.dll
0x00007ffb55fe0000 - 0x00007ffb5604a000 	C:\WINDOWS\system32\mswsock.dll
0x00007ffaee890000 - 0x00007ffaee8a6000 	C:\Users\Papa Omar\.windsurf\extensions\redhat.java-1.41.1-win32-x64\jre\21.0.6-win32-x86_64\bin\nio.dll
0x00007ffb1fda0000 - 0x00007ffb1fdb0000 	c:\Users\Papa Omar\.windsurf\extensions\redhat.java-1.41.1-win32-x64\jre\21.0.6-win32-x86_64\bin\verify.dll
0x00007ffacd120000 - 0x00007ffacd165000 	C:\Users\Papa Omar\AppData\Roaming\Windsurf\User\globalStorage\redhat.java\1.41.1\config_win\org.eclipse.equinox.launcher\org.eclipse.equinox.launcher.win32.win32.x86_64_1.2.1300.v20250331-1702\eclipse_11911.dll
0x00007ffb58040000 - 0x00007ffb581d6000 	C:\WINDOWS\System32\ole32.dll
0x00007ffb56330000 - 0x00007ffb5634c000 	C:\WINDOWS\SYSTEM32\CRYPTSP.dll
0x00007ffb55980000 - 0x00007ffb559ba000 	C:\WINDOWS\system32\rsaenh.dll
0x00007ffb56080000 - 0x00007ffb560ab000 	C:\WINDOWS\SYSTEM32\USERENV.dll
0x00007ffb56570000 - 0x00007ffb56596000 	C:\WINDOWS\SYSTEM32\bcrypt.dll
0x00007ffb56350000 - 0x00007ffb5635c000 	C:\WINDOWS\SYSTEM32\CRYPTBASE.dll
0x00007ffb55430000 - 0x00007ffb55463000 	C:\WINDOWS\SYSTEM32\IPHLPAPI.DLL
0x00007ffb59800000 - 0x00007ffb5980a000 	C:\WINDOWS\System32\NSI.dll
0x00007ffb33130000 - 0x00007ffb33179000 	C:\Users\Papa Omar\AppData\Local\Temp\jna-2111647821\jna12415191004997451556.dll
0x00007ffb59840000 - 0x00007ffb59848000 	C:\WINDOWS\System32\PSAPI.DLL
0x00007ffb498b0000 - 0x00007ffb498cf000 	C:\WINDOWS\SYSTEM32\dhcpcsvc6.DLL
0x00007ffb49860000 - 0x00007ffb49885000 	C:\WINDOWS\SYSTEM32\dhcpcsvc.DLL

dbghelp: loaded successfully - version: 4.0.5 - missing functions: none
symbol engine: initialized successfully - sym options: 0x614 - pdb path: .;c:\Users\Papa Omar\.windsurf\extensions\redhat.java-1.41.1-win32-x64\jre\21.0.6-win32-x86_64\bin;C:\WINDOWS\SYSTEM32;C:\WINDOWS\WinSxS\amd64_microsoft.windows.common-controls_6595b64144ccf1df_6.0.26100.3624_none_3e086962e3345f24;c:\Users\Papa Omar\.windsurf\extensions\redhat.java-1.41.1-win32-x64\jre\21.0.6-win32-x86_64\bin\server;C:\Users\Papa Omar\AppData\Roaming\Windsurf\User\globalStorage\redhat.java\1.41.1\config_win\org.eclipse.equinox.launcher\org.eclipse.equinox.launcher.win32.win32.x86_64_1.2.1300.v20250331-1702;C:\Users\Papa Omar\AppData\Local\Temp\jna-2111647821

VM Arguments:
jvm_args: --add-modules=ALL-SYSTEM --add-opens=java.base/java.util=ALL-UNNAMED --add-opens=java.base/java.lang=ALL-UNNAMED --add-opens=java.base/sun.nio.fs=ALL-UNNAMED -Declipse.application=org.eclipse.jdt.ls.core.id1 -Dosgi.bundles.defaultStartLevel=4 -Declipse.product=org.eclipse.jdt.ls.core.product -Djava.import.generatesMetadataFilesAtProjectRoot=false -DDetectVMInstallationsJob.disabled=true -Dfile.encoding=utf8 -XX:+UseParallelGC -XX:GCTimeRatio=4 -XX:AdaptiveSizePolicyWeight=90 -Dsun.zip.disableMemoryMapping=true -Xmx1G -Xms100m -Xlog:disable -javaagent:c:\Users\Papa Omar\.windsurf\extensions\redhat.java-1.41.1-win32-x64\lombok\lombok-1.18.36.jar -XX:+HeapDumpOnOutOfMemoryError -XX:HeapDumpPath=c:\Users\Papa Omar\AppData\Roaming\Windsurf\User\workspaceStorage\4b626ede8af95319149a36f51a9c1459\redhat.java -Daether.dependencyCollector.impl=bf 
java_command: c:\Users\Papa Omar\.windsurf\extensions\redhat.java-1.41.1-win32-x64\server\plugins\org.eclipse.equinox.launcher_1.7.0.v20250331-1702.jar -configuration c:\Users\Papa Omar\AppData\Roaming\Windsurf\User\globalStorage\redhat.java\1.41.1\config_win -data c:\Users\Papa Omar\AppData\Roaming\Windsurf\User\workspaceStorage\4b626ede8af95319149a36f51a9c1459\redhat.java\jdt_ws --pipe=\\.\pipe\lsp-b8bd2843a7c9dc69abc55f7768c57b55-sock
java_class_path (initial): c:\Users\Papa Omar\.windsurf\extensions\redhat.java-1.41.1-win32-x64\server\plugins\org.eclipse.equinox.launcher_1.7.0.v20250331-1702.jar
Launcher Type: SUN_STANDARD

[Global flags]
    uintx AdaptiveSizePolicyWeight                 = 90                                        {product} {command line}
     intx CICompilerCount                          = 4                                         {product} {ergonomic}
    uintx GCTimeRatio                              = 4                                         {product} {command line}
     bool HeapDumpOnOutOfMemoryError               = true                                   {manageable} {command line}
    ccstr HeapDumpPath                             = c:\Users\Papa Omar\AppData\Roaming\Windsurf\User\workspaceStorage\4b626ede8af95319149a36f51a9c1459\redhat.java         {manageable} {command line}
   size_t InitialHeapSize                          = 104857600                                 {product} {command line}
   size_t MaxHeapSize                              = 1073741824                                {product} {command line}
   size_t MaxNewSize                               = 357564416                                 {product} {ergonomic}
   size_t MinHeapDeltaBytes                        = 524288                                    {product} {ergonomic}
   size_t MinHeapSize                              = 104857600                                 {product} {command line}
   size_t NewSize                                  = 34603008                                  {product} {ergonomic}
    uintx NonNMethodCodeHeapSize                   = 5839372                                {pd product} {ergonomic}
    uintx NonProfiledCodeHeapSize                  = 122909434                              {pd product} {ergonomic}
   size_t OldSize                                  = 70254592                                  {product} {ergonomic}
    uintx ProfiledCodeHeapSize                     = 122909434                              {pd product} {ergonomic}
    uintx ReservedCodeCacheSize                    = 251658240                              {pd product} {ergonomic}
     bool SegmentedCodeCache                       = true                                      {product} {ergonomic}
   size_t SoftMaxHeapSize                          = 1073741824                             {manageable} {ergonomic}
     bool UseCompressedOops                        = true                           {product lp64_product} {ergonomic}
     bool UseLargePagesIndividualAllocation        = false                                  {pd product} {ergonomic}
     bool UseParallelGC                            = true                                      {product} {command line}

Logging:
Log output configuration:
 #0: stdout all=off uptime,level,tags foldmultilines=false
 #1: stderr all=off uptime,level,tags foldmultilines=false

Environment Variables:
JAVA_HOME=C:\Program Files\Java\jdk-17.0.12
PATH=C:\Program Files\Common Files\Oracle\Java\javapath;C:\app\product\11.2.0\dbhome_1\bin;C:\Program Files\Java\jdk-21\bin;C:\Users\Papa Omar\AppData\Local\Programs\Microsoft VS Code\bin;C:\Program Files\Git\cmd;C:\mastermind\WinCaml7\ocaml\bin;C:\Users\Papa Omar\AppData\Roaming\nvm;C:\Program Files\nodejs;C:\ProgramData\chocolatey\bin;C:\wamp64\bin\php\php7.4.33;C:\ProgramData\ComposerSetup\bin;%JAVA_HOME%\bin;C:\Program Files\Apache\maven\bin;C:\Program Files\gradle-8.9\bin;C:\Program Files\Java\jdk-17.0.12\bin;C:\Program Files\MongoDB\Server\7.0\bin;C:\Program Files\MongoDB\mongosh-2.2.15-win32-x64\mongosh-2.2.15-win32-x64\bin;C:\app\product\11.2.0\dbhome_1\bin;C:\Windows\System32;;C:\WINDOWS\system32;C:\WINDOWS;C:\WINDOWS\System32\Wbem;C:\WINDOWS\System32\WindowsPowerShell\v1.0\;C:\WINDOWS\System32\OpenSSH\;C:\Program Files\nodejs\;C:\Users\Papa Omar\AppData\Local\Programs\Python\Python312\Scripts\;C:\Users\Papa Omar\AppData\Local\Programs\Python\Python312\;C:\Users\Papa Omar\AppData\Local\Programs\Python\Python310\Scripts\;C:\Users\Papa Omar\AppData\Local\Programs\Python\Python310\;C:\Program Files\Java\jdk-21\bin;C:\Users\Papa Omar\AppData\Local\Programs\Microsoft VS Code\bin;C:\Users\Papa Omar\AppData\Roaming\nvm;C:\Program Files\nodejs;C:\Users\Papa Omar\AppData\Roaming\Composer\vendor\bin;C:\Users\Papa Omar\AppData\Local\Microsoft\WindowsApps;C:\Users\Papa Omar\Desktop\apache-activemq-6.1.5-bin\apache-activemq-6.1.5\bin;C:\Users\Papa Omar\AppData\Roaming\npm;C:\Users\Papa Omar\AppData\Local\Programs\Windsurf\bin
USERNAME=Papa Omar
OS=Windows_NT
PROCESSOR_IDENTIFIER=Intel64 Family 6 Model 158 Stepping 10, GenuineIntel
TMP=C:\Users\PAPAOM~1\AppData\Local\Temp
TEMP=C:\Users\PAPAOM~1\AppData\Local\Temp




Periodic native trim disabled

---------------  S Y S T E M  ---------------

OS:
 Windows 11 , 64 bit Build 26100 (10.0.26100.3624)
OS uptime: 5 days 0:12 hours
Hyper-V role detected

CPU: total 8 (initial active 8) (4 cores per cpu, 2 threads per core) family 6 model 158 stepping 10 microcode 0xde, cx8, cmov, fxsr, ht, mmx, 3dnowpref, sse, sse2, sse3, ssse3, sse4.1, sse4.2, popcnt, lzcnt, tsc, tscinvbit, avx, avx2, aes, erms, clmul, bmi1, bmi2, adx, fma, vzeroupper, clflush, clflushopt, hv, rdtscp, f16c
Processor Information for the first 8 processors :
  Max Mhz: 2400, Current Mhz: 2400, Mhz Limit: 2400

Memory: 4k page, system-wide physical 8029M (1766M free)
TotalPageFile size 32605M (AvailPageFile size 7M)
current process WorkingSet (physical memory assigned to process): 653M, peak: 653M
current process commit charge ("private bytes"): 601M, peak: 921M

vm_info: OpenJDK 64-Bit Server VM (21.0.6+7-LTS) for windows-amd64 JRE (21.0.6+7-LTS), built on 2025-01-21T00:00:00Z by "admin" with MS VC++ 17.7 (VS2022)

END.
