#
# There is insufficient memory for the Java Runtime Environment to continue.
# Native memory allocation (malloc) failed to allocate 610576 bytes. Error detail: Chunk::new
# Possible reasons:
#   The system is out of physical RAM or swap space
#   This process is running with CompressedOops enabled, and the Java Heap may be blocking the growth of the native heap
# Possible solutions:
#   Reduce memory load on the system
#   Increase physical memory or swap space
#   Check if swap backing store is full
#   Decrease Java heap size (-Xmx/-Xms)
#   Decrease number of Java threads
#   Decrease Java thread stack sizes (-Xss)
#   Set larger code cache with -XX:ReservedCodeCacheSize=
#   JVM is running with Unscaled Compressed Oops mode in which the Java heap is
#     placed in the first 4GB address space. The Java Heap base address is the
#     maximum limit for the native heap growth. Please use -XX:HeapBaseMinAddress
#     to set the Java Heap base and to place the Java Heap above 4GB virtual address.
# This output file may be truncated or incomplete.
#
#  Out of Memory Error (arena.cpp:168), pid=20980, tid=24864
#
# JRE version: OpenJDK Runtime Environment Temurin-21.0.6+7 (21.0.6+7) (build 21.0.6+7-LTS)
# Java VM: OpenJDK 64-Bit Server VM Temurin-21.0.6+7 (21.0.6+7-LTS, mixed mode, sharing, tiered, compressed oops, compressed class ptrs, parallel gc, windows-amd64)
# No core dump will be written. Minidumps are not enabled by default on client versions of Windows
#

---------------  S U M M A R Y ------------

Command Line: --add-modules=ALL-SYSTEM --add-opens=java.base/java.util=ALL-UNNAMED --add-opens=java.base/java.lang=ALL-UNNAMED --add-opens=java.base/sun.nio.fs=ALL-UNNAMED -Declipse.application=org.eclipse.jdt.ls.core.id1 -Dosgi.bundles.defaultStartLevel=4 -Declipse.product=org.eclipse.jdt.ls.core.product -Djava.import.generatesMetadataFilesAtProjectRoot=false -DDetectVMInstallationsJob.disabled=true -Dfile.encoding=utf8 -XX:+UseParallelGC -XX:GCTimeRatio=4 -XX:AdaptiveSizePolicyWeight=90 -Dsun.zip.disableMemoryMapping=true -Xmx1G -Xms100m -Xlog:disable -javaagent:c:\Users\Papa Omar\.windsurf\extensions\redhat.java-1.41.1-win32-x64\lombok\lombok-1.18.36.jar -XX:+HeapDumpOnOutOfMemoryError -XX:HeapDumpPath=c:\Users\Papa Omar\AppData\Roaming\Windsurf\User\workspaceStorage\4b626ede8af95319149a36f51a9c1459\redhat.java -Daether.dependencyCollector.impl=bf c:\Users\Papa Omar\.windsurf\extensions\redhat.java-1.41.1-win32-x64\server\plugins\org.eclipse.equinox.launcher_1.7.0.v20250331-1702.jar -configuration c:\Users\Papa Omar\AppData\Roaming\Windsurf\User\globalStorage\redhat.java\1.41.1\config_win -data c:\Users\Papa Omar\AppData\Roaming\Windsurf\User\workspaceStorage\4b626ede8af95319149a36f51a9c1459\redhat.java\jdt_ws --pipe=\\.\pipe\lsp-8ed6078500e809e15b83776ef42bf875-sock

Host: Intel(R) Core(TM) i5-9300H CPU @ 2.40GHz, 8 cores, 7G,  Windows 11 , 64 bit Build 26100 (10.0.26100.3624)
Time: Sat Apr  5 23:35:32 2025 Greenwich elapsed time: 29.575470 seconds (0d 0h 0m 29s)

---------------  T H R E A D  ---------------

Current thread (0x00000211e1ccab80):  JavaThread "C2 CompilerThread0" daemon [_thread_in_native, id=24864, stack(0x0000001720c00000,0x0000001720d00000) (1024K)]


Current CompileTask:
C2:29575 4201   !   4       org.eclipse.osgi.internal.loader.classpath.ClasspathManager::findClassImpl (343 bytes)

Stack: [0x0000001720c00000,0x0000001720d00000]
Native frames: (J=compiled Java code, j=interpreted, Vv=VM code, C=native code)
V  [jvm.dll+0x6cdee9]
V  [jvm.dll+0x8a83d1]
V  [jvm.dll+0x8aa8fe]
V  [jvm.dll+0x8aafe3]
V  [jvm.dll+0x27f706]
V  [jvm.dll+0xc500d]
V  [jvm.dll+0xc5543]
V  [jvm.dll+0x2f2acd]
V  [jvm.dll+0x5f6a2a]
V  [jvm.dll+0x250bb2]
V  [jvm.dll+0x24908e]
V  [jvm.dll+0x246ec4]
V  [jvm.dll+0x1c75ee]
V  [jvm.dll+0x25685a]
V  [jvm.dll+0x254dfa]
V  [jvm.dll+0x3f0256]
V  [jvm.dll+0x851f8b]
V  [jvm.dll+0x6cc5ed]
C  [ucrtbase.dll+0x37b0]
C  [KERNEL32.DLL+0x2e8d7]
C  [ntdll.dll+0xb14fc]


---------------  P R O C E S S  ---------------

Threads class SMR info:
_java_thread_list=0x00000211e8e64620, length=23, elements={
0x00000211cd90e1a0, 0x00000211cd9cab50, 0x00000211cd9cd310, 0x00000211e1cc5b40,
0x00000211e1cc6790, 0x00000211e1cc92f0, 0x00000211e1cc9950, 0x00000211e1ccab80,
0x00000211e36d0420, 0x00000211e3760af0, 0x00000211e3940060, 0x00000211e83fe940,
0x00000211e844d500, 0x00000211e3956de0, 0x00000211e37b4750, 0x00000211e8b1c510,
0x00000211e8753170, 0x00000211e8a50e60, 0x00000211e8920190, 0x00000211e891e0c0,
0x00000211e891da30, 0x00000211e891e750, 0x00000211e95cae30
}

Java Threads: ( => current thread )
  0x00000211cd90e1a0 JavaThread "main"                              [_thread_blocked, id=28420, stack(0x0000001720200000,0x0000001720300000) (1024K)]
  0x00000211cd9cab50 JavaThread "Reference Handler"          daemon [_thread_blocked, id=30576, stack(0x0000001720600000,0x0000001720700000) (1024K)]
  0x00000211cd9cd310 JavaThread "Finalizer"                  daemon [_thread_blocked, id=3180, stack(0x0000001720700000,0x0000001720800000) (1024K)]
  0x00000211e1cc5b40 JavaThread "Signal Dispatcher"          daemon [_thread_blocked, id=11880, stack(0x0000001720800000,0x0000001720900000) (1024K)]
  0x00000211e1cc6790 JavaThread "Attach Listener"            daemon [_thread_blocked, id=6636, stack(0x0000001720900000,0x0000001720a00000) (1024K)]
  0x00000211e1cc92f0 JavaThread "Service Thread"             daemon [_thread_blocked, id=18220, stack(0x0000001720a00000,0x0000001720b00000) (1024K)]
  0x00000211e1cc9950 JavaThread "Monitor Deflation Thread"   daemon [_thread_blocked, id=29852, stack(0x0000001720b00000,0x0000001720c00000) (1024K)]
=>0x00000211e1ccab80 JavaThread "C2 CompilerThread0"         daemon [_thread_in_native, id=24864, stack(0x0000001720c00000,0x0000001720d00000) (1024K)]
  0x00000211e36d0420 JavaThread "C1 CompilerThread0"         daemon [_thread_blocked, id=15276, stack(0x0000001720d00000,0x0000001720e00000) (1024K)]
  0x00000211e3760af0 JavaThread "Common-Cleaner"             daemon [_thread_blocked, id=1332, stack(0x0000001720e00000,0x0000001720f00000) (1024K)]
  0x00000211e3940060 JavaThread "Notification Thread"        daemon [_thread_blocked, id=22964, stack(0x0000001720f00000,0x0000001721000000) (1024K)]
  0x00000211e83fe940 JavaThread "Active Thread: Equinox Container: 530fe279-1438-4b2f-a5be-0d42ceabac4a"        [_thread_blocked, id=18728, stack(0x0000001721600000,0x0000001721700000) (1024K)]
  0x00000211e844d500 JavaThread "Refresh Thread: Equinox Container: 530fe279-1438-4b2f-a5be-0d42ceabac4a" daemon [_thread_blocked, id=31068, stack(0x0000001721700000,0x0000001721800000) (1024K)]
  0x00000211e3956de0 JavaThread "Framework Event Dispatcher: Equinox Container: 530fe279-1438-4b2f-a5be-0d42ceabac4a" daemon [_thread_blocked, id=352, stack(0x0000001721900000,0x0000001721a00000) (1024K)]
  0x00000211e37b4750 JavaThread "Start Level: Equinox Container: 530fe279-1438-4b2f-a5be-0d42ceabac4a" daemon [_thread_in_native, id=31304, stack(0x0000001721a00000,0x0000001721b00000) (1024K)]
  0x00000211e8b1c510 JavaThread "Bundle File Closer"         daemon [_thread_blocked, id=11040, stack(0x0000001721c00000,0x0000001721d00000) (1024K)]
  0x00000211e8753170 JavaThread "SCR Component Actor"        daemon [_thread_blocked, id=5404, stack(0x0000001721b00000,0x0000001721c00000) (1024K)]
  0x00000211e8a50e60 JavaThread "SCR Component Registry"     daemon [_thread_blocked, id=31400, stack(0x0000001721d00000,0x0000001721e00000) (1024K)]
  0x00000211e8920190 JavaThread "Worker-JM"                         [_thread_blocked, id=28480, stack(0x0000001721f00000,0x0000001722000000) (1024K)]
  0x00000211e891e0c0 JavaThread "JNA Cleaner"                daemon [_thread_blocked, id=7136, stack(0x0000001721e00000,0x0000001721f00000) (1024K)]
  0x00000211e891da30 JavaThread "Worker-0"                          [_thread_blocked, id=11984, stack(0x0000001722000000,0x0000001722100000) (1024K)]
  0x00000211e891e750 JavaThread "Worker-1: Repository registry initialization"        [_thread_in_vm, id=11464, stack(0x0000001722100000,0x0000001722200000) (1024K)]
  0x00000211e95cae30 JavaThread "C2 CompilerThread1"         daemon [_thread_in_native, id=13844, stack(0x0000001722200000,0x0000001722300000) (1024K)]
Total: 23

Other Threads:
  0x00000211cd9af910 VMThread "VM Thread"                           [id=11688, stack(0x0000001720500000,0x0000001720600000) (1024K)]
  0x00000211e1bdca10 WatcherThread "VM Periodic Task Thread"        [id=15680, stack(0x0000001720400000,0x0000001720500000) (1024K)]
  0x00000211cd92c340 WorkerThread "GC Thread#0"                     [id=10712, stack(0x0000001720300000,0x0000001720400000) (1024K)]
  0x00000211e802c6b0 WorkerThread "GC Thread#1"                     [id=23292, stack(0x0000001721000000,0x0000001721100000) (1024K)]
  0x00000211e8243e00 WorkerThread "GC Thread#2"                     [id=13872, stack(0x0000001721100000,0x0000001721200000) (1024K)]
  0x00000211e802ca50 WorkerThread "GC Thread#3"                     [id=1980, stack(0x0000001721200000,0x0000001721300000) (1024K)]
  0x00000211e83ba400 WorkerThread "GC Thread#4"                     [id=30972, stack(0x0000001721300000,0x0000001721400000) (1024K)]
  0x00000211e8213a10 WorkerThread "GC Thread#5"                     [id=9504, stack(0x0000001721400000,0x0000001721500000) (1024K)]
  0x00000211e8213db0 WorkerThread "GC Thread#6"                     [id=14568, stack(0x0000001721500000,0x0000001721600000) (1024K)]
  0x00000211e853fc30 WorkerThread "GC Thread#7"                     [id=31296, stack(0x0000001721800000,0x0000001721900000) (1024K)]
Total: 10

Threads with active compile tasks:
C2 CompilerThread0  30621 4201   !   4       org.eclipse.osgi.internal.loader.classpath.ClasspathManager::findClassImpl (343 bytes)
C2 CompilerThread1  30622 4209       4       org.lombokweb.asm.MethodWriter::canCopyMethodAttributes (163 bytes)
Total: 2

VM state: not at safepoint (normal execution)

VM Mutex/Monitor currently owned by a thread: None

Heap address: 0x00000000c0000000, size: 1024 MB, Compressed Oops mode: 32-bit

CDS archive(s) mapped at: [0x0000021180000000-0x0000021180ba0000-0x0000021180ba0000), size 12189696, SharedBaseAddress: 0x0000021180000000, ArchiveRelocationMode: 1.
Compressed class space mapped at: 0x0000021181000000-0x00000211c1000000, reserved size: 1073741824
Narrow klass base: 0x0000021180000000, Narrow klass shift: 0, Narrow klass range: 0x100000000

GC Precious Log:
 CardTable entry size: 512
 CPUs: 8 total, 8 available
 Memory: 8029M
 Large Page Support: Disabled
 NUMA Support: Disabled
 Compressed Oops: Enabled (32-bit)
 Alignments: Space 512K, Generation 512K, Heap 2M
 Heap Min Capacity: 100M
 Heap Initial Capacity: 100M
 Heap Max Capacity: 1G
 Pre-touch: Disabled
 Parallel Workers: 8

Heap:
 PSYoungGen      total 25600K, used 4536K [0x00000000eab00000, 0x00000000ec880000, 0x0000000100000000)
  eden space 23552K, 11% used [0x00000000eab00000,0x00000000eadb5c78,0x00000000ec200000)
  from space 2048K, 85% used [0x00000000ec500000,0x00000000ec6b8510,0x00000000ec700000)
  to   space 1536K, 0% used [0x00000000ec700000,0x00000000ec700000,0x00000000ec880000)
 ParOldGen       total 68608K, used 12790K [0x00000000c0000000, 0x00000000c4300000, 0x00000000eab00000)
  object space 68608K, 18% used [0x00000000c0000000,0x00000000c0c7da00,0x00000000c4300000)
 Metaspace       used 26527K, committed 27456K, reserved 1114112K
  class space    used 2612K, committed 3008K, reserved 1048576K

Card table byte_map: [0x00000211cd2b0000,0x00000211cd4c0000] _byte_map_base: 0x00000211cccb0000

Marking Bits: (ParMarkBitMap*) 0x00007ffa62e33260
 Begin Bits: [0x00000211dfb00000, 0x00000211e0b00000)
 End Bits:   [0x00000211e0b00000, 0x00000211e1b00000)

Polling page: 0x00000211cb670000

Metaspace:

Usage:
  Non-class:     23.35 MB used.
      Class:      2.55 MB used.
       Both:     25.91 MB used.

Virtual space:
  Non-class space:       64.00 MB reserved,      23.88 MB ( 37%) committed,  1 nodes.
      Class space:        1.00 GB reserved,       2.94 MB ( <1%) committed,  1 nodes.
             Both:        1.06 GB reserved,      26.81 MB (  2%) committed. 

Chunk freelists:
   Non-Class:  7.88 MB
       Class:  13.06 MB
        Both:  20.94 MB

MaxMetaspaceSize: unlimited
CompressedClassSpaceSize: 1.00 GB
Initial GC threshold: 21.00 MB
Current GC threshold: 35.00 MB
CDS: on
 - commit_granule_bytes: 65536.
 - commit_granule_words: 8192.
 - virtual_space_node_default_size: 8388608.
 - enlarge_chunks_in_place: 1.
 - use_allocation_guard: 0.


Internal statistics:

num_allocs_failed_limit: 3.
num_arena_births: 808.
num_arena_deaths: 14.
num_vsnodes_births: 2.
num_vsnodes_deaths: 0.
num_space_committed: 429.
num_space_uncommitted: 0.
num_chunks_returned_to_freelist: 17.
num_chunks_taken_from_freelist: 1920.
num_chunk_merges: 8.
num_chunk_splits: 1218.
num_chunks_enlarged: 712.
num_inconsistent_stats: 0.

CodeHeap 'non-profiled nmethods': size=120000Kb used=1832Kb max_used=1832Kb free=118168Kb
 bounds [0x00000211d85d0000, 0x00000211d8840000, 0x00000211dfb00000]
CodeHeap 'profiled nmethods': size=120000Kb used=8724Kb max_used=8724Kb free=111275Kb
 bounds [0x00000211d0b00000, 0x00000211d1390000, 0x00000211d8030000]
CodeHeap 'non-nmethods': size=5760Kb used=1329Kb max_used=1353Kb free=4430Kb
 bounds [0x00000211d8030000, 0x00000211d82a0000, 0x00000211d85d0000]
 total_blobs=4833 nmethods=4214 adapters=525
 compilation: enabled
              stopped_count=0, restarted_count=0
 full_count=0

Compilation events (20 events):
Event: 27.484 Thread 0x00000211e36d0420 4199       3       java.util.LinkedHashMap$LinkedKeyIterator::next (8 bytes)
Event: 27.484 Thread 0x00000211e36d0420 nmethod 4199 0x00000211d1376d90 code [0x00000211d1376f40, 0x00000211d1377098]
Event: 27.485 Thread 0x00000211e1ccab80 nmethod 4183 0x00000211d8790610 code [0x00000211d8790840, 0x00000211d87911c8]
Event: 27.487 Thread 0x00000211e1ccab80 4197       4       org.codehaus.plexus.util.xml.pull.MXParser::more (106 bytes)
Event: 27.489 Thread 0x00000211e1ccab80 nmethod 4197 0x00000211d8791810 code [0x00000211d87919a0, 0x00000211d8791b08]
Event: 27.490 Thread 0x00000211e1ccab80 4192       4       java.lang.Character::isHighSurrogate (18 bytes)
Event: 27.491 Thread 0x00000211e1ccab80 nmethod 4192 0x00000211d8791c10 code [0x00000211d8791da0, 0x00000211d8791e30]
Event: 27.492 Thread 0x00000211e36d0420 4200       3       java.util.stream.ReduceOps$3ReducingSink::accept (15 bytes)
Event: 27.492 Thread 0x00000211e36d0420 nmethod 4200 0x00000211d1377190 code [0x00000211d1377340, 0x00000211d1377528]
Event: 27.496 Thread 0x00000211e1ccab80 4201   !   4       org.eclipse.osgi.internal.loader.classpath.ClasspathManager::findClassImpl (343 bytes)
Event: 27.501 Thread 0x00000211e36d0420 4203       3       org.lombokweb.asm.ClassReader::<init> (359 bytes)
Event: 27.502 Thread 0x00000211e36d0420 nmethod 4203 0x00000211d1377610 code [0x00000211d1377900, 0x00000211d1378ac0]
Event: 27.502 Thread 0x00000211e36d0420 4204 %     3       org.lombokweb.asm.SymbolTable::<init> @ 98 (536 bytes)
Event: 27.505 Thread 0x00000211e36d0420 nmethod 4204% 0x00000211d1379090 code [0x00000211d1379680, 0x00000211d137c200]
Event: 27.505 Thread 0x00000211e36d0420 4205       3       org.lombokweb.asm.SymbolTable::addConstantIntegerOrFloat (100 bytes)
Event: 27.505 Thread 0x00000211e36d0420 nmethod 4205 0x00000211d137d390 code [0x00000211d137d5a0, 0x00000211d137daf0]
Event: 27.506 Thread 0x00000211e95cae30 nmethod 4182 0x00000211d8791f10 code [0x00000211d87922e0, 0x00000211d8793d18]
Event: 27.508 Thread 0x00000211e95cae30 4202       4       org.eclipse.osgi.internal.loader.classpath.ClasspathEntry::findEntry (56 bytes)
Event: 27.546 Thread 0x00000211e95cae30 nmethod 4202 0x00000211d8795110 code [0x00000211d87953c0, 0x00000211d8795f40]
Event: 27.546 Thread 0x00000211e95cae30 4206       4       org.eclipse.osgi.internal.framework.EquinoxBundle::getSymbolicName (11 bytes)

GC Heap History (18 events):
Event: 1.655 GC heap before
{Heap before GC invocations=1 (full 0):
 PSYoungGen      total 29696K, used 25600K [0x00000000eab00000, 0x00000000ecc00000, 0x0000000100000000)
  eden space 25600K, 100% used [0x00000000eab00000,0x00000000ec400000,0x00000000ec400000)
  from space 4096K, 0% used [0x00000000ec800000,0x00000000ec800000,0x00000000ecc00000)
  to   space 4096K, 0% used [0x00000000ec400000,0x00000000ec400000,0x00000000ec800000)
 ParOldGen       total 68608K, used 0K [0x00000000c0000000, 0x00000000c4300000, 0x00000000eab00000)
  object space 68608K, 0% used [0x00000000c0000000,0x00000000c0000000,0x00000000c4300000)
 Metaspace       used 4299K, committed 4544K, reserved 1114112K
  class space    used 432K, committed 512K, reserved 1048576K
}
Event: 1.667 GC heap after
{Heap after GC invocations=1 (full 0):
 PSYoungGen      total 29696K, used 3237K [0x00000000eab00000, 0x00000000ecc00000, 0x0000000100000000)
  eden space 25600K, 0% used [0x00000000eab00000,0x00000000eab00000,0x00000000ec400000)
  from space 4096K, 79% used [0x00000000ec400000,0x00000000ec7297f0,0x00000000ec800000)
  to   space 4096K, 0% used [0x00000000ec800000,0x00000000ec800000,0x00000000ecc00000)
 ParOldGen       total 68608K, used 8K [0x00000000c0000000, 0x00000000c4300000, 0x00000000eab00000)
  object space 68608K, 0% used [0x00000000c0000000,0x00000000c0002000,0x00000000c4300000)
 Metaspace       used 4299K, committed 4544K, reserved 1114112K
  class space    used 432K, committed 512K, reserved 1048576K
}
Event: 9.558 GC heap before
{Heap before GC invocations=2 (full 0):
 PSYoungGen      total 29696K, used 28837K [0x00000000eab00000, 0x00000000ecc00000, 0x0000000100000000)
  eden space 25600K, 100% used [0x00000000eab00000,0x00000000ec400000,0x00000000ec400000)
  from space 4096K, 79% used [0x00000000ec400000,0x00000000ec7297f0,0x00000000ec800000)
  to   space 4096K, 0% used [0x00000000ec800000,0x00000000ec800000,0x00000000ecc00000)
 ParOldGen       total 68608K, used 8K [0x00000000c0000000, 0x00000000c4300000, 0x00000000eab00000)
  object space 68608K, 0% used [0x00000000c0000000,0x00000000c0002000,0x00000000c4300000)
 Metaspace       used 7902K, committed 8256K, reserved 1114112K
  class space    used 768K, committed 960K, reserved 1048576K
}
Event: 9.568 GC heap after
{Heap after GC invocations=2 (full 0):
 PSYoungGen      total 29696K, used 4068K [0x00000000eab00000, 0x00000000ecc00000, 0x0000000100000000)
  eden space 25600K, 0% used [0x00000000eab00000,0x00000000eab00000,0x00000000ec400000)
  from space 4096K, 99% used [0x00000000ec800000,0x00000000ecbf9178,0x00000000ecc00000)
  to   space 4096K, 0% used [0x00000000ec400000,0x00000000ec400000,0x00000000ec800000)
 ParOldGen       total 68608K, used 1689K [0x00000000c0000000, 0x00000000c4300000, 0x00000000eab00000)
  object space 68608K, 2% used [0x00000000c0000000,0x00000000c01a6760,0x00000000c4300000)
 Metaspace       used 7902K, committed 8256K, reserved 1114112K
  class space    used 768K, committed 960K, reserved 1048576K
}
Event: 20.887 GC heap before
{Heap before GC invocations=3 (full 0):
 PSYoungGen      total 29696K, used 29562K [0x00000000eab00000, 0x00000000ecc00000, 0x0000000100000000)
  eden space 25600K, 99% used [0x00000000eab00000,0x00000000ec3e5720,0x00000000ec400000)
  from space 4096K, 99% used [0x00000000ec800000,0x00000000ecbf9178,0x00000000ecc00000)
  to   space 4096K, 0% used [0x00000000ec400000,0x00000000ec400000,0x00000000ec800000)
 ParOldGen       total 68608K, used 1689K [0x00000000c0000000, 0x00000000c4300000, 0x00000000eab00000)
  object space 68608K, 2% used [0x00000000c0000000,0x00000000c01a6760,0x00000000c4300000)
 Metaspace       used 9214K, committed 9536K, reserved 1114112K
  class space    used 922K, committed 1088K, reserved 1048576K
}
Event: 20.895 GC heap after
{Heap after GC invocations=3 (full 0):
 PSYoungGen      total 29696K, used 4089K [0x00000000eab00000, 0x00000000ecc00000, 0x0000000100000000)
  eden space 25600K, 0% used [0x00000000eab00000,0x00000000eab00000,0x00000000ec400000)
  from space 4096K, 99% used [0x00000000ec400000,0x00000000ec7fe700,0x00000000ec800000)
  to   space 4096K, 0% used [0x00000000ec800000,0x00000000ec800000,0x00000000ecc00000)
 ParOldGen       total 68608K, used 5399K [0x00000000c0000000, 0x00000000c4300000, 0x00000000eab00000)
  object space 68608K, 7% used [0x00000000c0000000,0x00000000c0545e08,0x00000000c4300000)
 Metaspace       used 9214K, committed 9536K, reserved 1114112K
  class space    used 922K, committed 1088K, reserved 1048576K
}
Event: 24.083 GC heap before
{Heap before GC invocations=4 (full 0):
 PSYoungGen      total 29696K, used 29689K [0x00000000eab00000, 0x00000000ecc00000, 0x0000000100000000)
  eden space 25600K, 100% used [0x00000000eab00000,0x00000000ec400000,0x00000000ec400000)
  from space 4096K, 99% used [0x00000000ec400000,0x00000000ec7fe700,0x00000000ec800000)
  to   space 4096K, 0% used [0x00000000ec800000,0x00000000ec800000,0x00000000ecc00000)
 ParOldGen       total 68608K, used 5399K [0x00000000c0000000, 0x00000000c4300000, 0x00000000eab00000)
  object space 68608K, 7% used [0x00000000c0000000,0x00000000c0545e08,0x00000000c4300000)
 Metaspace       used 12347K, committed 12736K, reserved 1114112K
  class space    used 1226K, committed 1408K, reserved 1048576K
}
Event: 24.088 GC heap after
{Heap after GC invocations=4 (full 0):
 PSYoungGen      total 29696K, used 4074K [0x00000000eab00000, 0x00000000ecc00000, 0x0000000100000000)
  eden space 25600K, 0% used [0x00000000eab00000,0x00000000eab00000,0x00000000ec400000)
  from space 4096K, 99% used [0x00000000ec800000,0x00000000ecbfa8a0,0x00000000ecc00000)
  to   space 4096K, 0% used [0x00000000ec400000,0x00000000ec400000,0x00000000ec800000)
 ParOldGen       total 68608K, used 6639K [0x00000000c0000000, 0x00000000c4300000, 0x00000000eab00000)
  object space 68608K, 9% used [0x00000000c0000000,0x00000000c067bf68,0x00000000c4300000)
 Metaspace       used 12347K, committed 12736K, reserved 1114112K
  class space    used 1226K, committed 1408K, reserved 1048576K
}
Event: 24.617 GC heap before
{Heap before GC invocations=5 (full 0):
 PSYoungGen      total 29696K, used 29674K [0x00000000eab00000, 0x00000000ecc00000, 0x0000000100000000)
  eden space 25600K, 100% used [0x00000000eab00000,0x00000000ec400000,0x00000000ec400000)
  from space 4096K, 99% used [0x00000000ec800000,0x00000000ecbfa8a0,0x00000000ecc00000)
  to   space 4096K, 0% used [0x00000000ec400000,0x00000000ec400000,0x00000000ec800000)
 ParOldGen       total 68608K, used 6639K [0x00000000c0000000, 0x00000000c4300000, 0x00000000eab00000)
  object space 68608K, 9% used [0x00000000c0000000,0x00000000c067bf68,0x00000000c4300000)
 Metaspace       used 16089K, committed 16704K, reserved 1114112K
  class space    used 1576K, committed 1856K, reserved 1048576K
}
Event: 24.621 GC heap after
{Heap after GC invocations=5 (full 0):
 PSYoungGen      total 29184K, used 4067K [0x00000000eab00000, 0x00000000ed080000, 0x0000000100000000)
  eden space 25088K, 0% used [0x00000000eab00000,0x00000000eab00000,0x00000000ec380000)
  from space 4096K, 99% used [0x00000000ec400000,0x00000000ec7f8de8,0x00000000ec800000)
  to   space 6656K, 0% used [0x00000000eca00000,0x00000000eca00000,0x00000000ed080000)
 ParOldGen       total 68608K, used 8619K [0x00000000c0000000, 0x00000000c4300000, 0x00000000eab00000)
  object space 68608K, 12% used [0x00000000c0000000,0x00000000c086ade0,0x00000000c4300000)
 Metaspace       used 16089K, committed 16704K, reserved 1114112K
  class space    used 1576K, committed 1856K, reserved 1048576K
}
Event: 25.798 GC heap before
{Heap before GC invocations=6 (full 0):
 PSYoungGen      total 29184K, used 29155K [0x00000000eab00000, 0x00000000ed080000, 0x0000000100000000)
  eden space 25088K, 100% used [0x00000000eab00000,0x00000000ec380000,0x00000000ec380000)
  from space 4096K, 99% used [0x00000000ec400000,0x00000000ec7f8de8,0x00000000ec800000)
  to   space 6656K, 0% used [0x00000000eca00000,0x00000000eca00000,0x00000000ed080000)
 ParOldGen       total 68608K, used 8619K [0x00000000c0000000, 0x00000000c4300000, 0x00000000eab00000)
  object space 68608K, 12% used [0x00000000c0000000,0x00000000c086ade0,0x00000000c4300000)
 Metaspace       used 18940K, committed 19776K, reserved 1114112K
  class space    used 1901K, committed 2240K, reserved 1048576K
}
Event: 25.804 GC heap after
{Heap after GC invocations=6 (full 0):
 PSYoungGen      total 29184K, used 4214K [0x00000000eab00000, 0x00000000ece80000, 0x0000000100000000)
  eden space 24576K, 0% used [0x00000000eab00000,0x00000000eab00000,0x00000000ec300000)
  from space 4608K, 91% used [0x00000000eca00000,0x00000000ece1db80,0x00000000ece80000)
  to   space 5120K, 0% used [0x00000000ec480000,0x00000000ec480000,0x00000000ec980000)
 ParOldGen       total 68608K, used 8627K [0x00000000c0000000, 0x00000000c4300000, 0x00000000eab00000)
  object space 68608K, 12% used [0x00000000c0000000,0x00000000c086cde0,0x00000000c4300000)
 Metaspace       used 18940K, committed 19776K, reserved 1114112K
  class space    used 1901K, committed 2240K, reserved 1048576K
}
Event: 26.063 GC heap before
{Heap before GC invocations=7 (full 0):
 PSYoungGen      total 29184K, used 17610K [0x00000000eab00000, 0x00000000ece80000, 0x0000000100000000)
  eden space 24576K, 54% used [0x00000000eab00000,0x00000000eb814da8,0x00000000ec300000)
  from space 4608K, 91% used [0x00000000eca00000,0x00000000ece1db80,0x00000000ece80000)
  to   space 5120K, 0% used [0x00000000ec480000,0x00000000ec480000,0x00000000ec980000)
 ParOldGen       total 68608K, used 8627K [0x00000000c0000000, 0x00000000c4300000, 0x00000000eab00000)
  object space 68608K, 12% used [0x00000000c0000000,0x00000000c086cde0,0x00000000c4300000)
 Metaspace       used 20625K, committed 21504K, reserved 1114112K
  class space    used 2116K, committed 2496K, reserved 1048576K
}
Event: 26.068 GC heap after
{Heap after GC invocations=7 (full 0):
 PSYoungGen      total 28160K, used 3501K [0x00000000eab00000, 0x00000000ecb00000, 0x0000000100000000)
  eden space 24576K, 0% used [0x00000000eab00000,0x00000000eab00000,0x00000000ec300000)
  from space 3584K, 97% used [0x00000000ec480000,0x00000000ec7eb5e8,0x00000000ec800000)
  to   space 3072K, 0% used [0x00000000ec800000,0x00000000ec800000,0x00000000ecb00000)
 ParOldGen       total 68608K, used 10267K [0x00000000c0000000, 0x00000000c4300000, 0x00000000eab00000)
  object space 68608K, 14% used [0x00000000c0000000,0x00000000c0a06f08,0x00000000c4300000)
 Metaspace       used 20625K, committed 21504K, reserved 1114112K
  class space    used 2116K, committed 2496K, reserved 1048576K
}
Event: 26.068 GC heap before
{Heap before GC invocations=8 (full 1):
 PSYoungGen      total 28160K, used 3501K [0x00000000eab00000, 0x00000000ecb00000, 0x0000000100000000)
  eden space 24576K, 0% used [0x00000000eab00000,0x00000000eab00000,0x00000000ec300000)
  from space 3584K, 97% used [0x00000000ec480000,0x00000000ec7eb5e8,0x00000000ec800000)
  to   space 3072K, 0% used [0x00000000ec800000,0x00000000ec800000,0x00000000ecb00000)
 ParOldGen       total 68608K, used 10267K [0x00000000c0000000, 0x00000000c4300000, 0x00000000eab00000)
  object space 68608K, 14% used [0x00000000c0000000,0x00000000c0a06f08,0x00000000c4300000)
 Metaspace       used 20625K, committed 21504K, reserved 1114112K
  class space    used 2116K, committed 2496K, reserved 1048576K
}
Event: 26.104 GC heap after
{Heap after GC invocations=8 (full 1):
 PSYoungGen      total 28160K, used 0K [0x00000000eab00000, 0x00000000ecb00000, 0x0000000100000000)
  eden space 24576K, 0% used [0x00000000eab00000,0x00000000eab00000,0x00000000ec300000)
  from space 3584K, 0% used [0x00000000ec480000,0x00000000ec480000,0x00000000ec800000)
  to   space 3072K, 0% used [0x00000000ec800000,0x00000000ec800000,0x00000000ecb00000)
 ParOldGen       total 68608K, used 12782K [0x00000000c0000000, 0x00000000c4300000, 0x00000000eab00000)
  object space 68608K, 18% used [0x00000000c0000000,0x00000000c0c7ba00,0x00000000c4300000)
 Metaspace       used 20612K, committed 21504K, reserved 1114112K
  class space    used 2113K, committed 2496K, reserved 1048576K
}
Event: 26.326 GC heap before
{Heap before GC invocations=9 (full 1):
 PSYoungGen      total 28160K, used 24576K [0x00000000eab00000, 0x00000000ecb00000, 0x0000000100000000)
  eden space 24576K, 100% used [0x00000000eab00000,0x00000000ec300000,0x00000000ec300000)
  from space 3584K, 0% used [0x00000000ec480000,0x00000000ec480000,0x00000000ec800000)
  to   space 3072K, 0% used [0x00000000ec800000,0x00000000ec800000,0x00000000ecb00000)
 ParOldGen       total 68608K, used 12782K [0x00000000c0000000, 0x00000000c4300000, 0x00000000eab00000)
  object space 68608K, 18% used [0x00000000c0000000,0x00000000c0c7ba00,0x00000000c4300000)
 Metaspace       used 22784K, committed 23744K, reserved 1114112K
  class space    used 2284K, committed 2688K, reserved 1048576K
}
Event: 26.327 GC heap after
{Heap after GC invocations=9 (full 1):
 PSYoungGen      total 25088K, used 850K [0x00000000eab00000, 0x00000000ec900000, 0x0000000100000000)
  eden space 24064K, 0% used [0x00000000eab00000,0x00000000eab00000,0x00000000ec280000)
  from space 1024K, 83% used [0x00000000ec800000,0x00000000ec8d4b60,0x00000000ec900000)
  to   space 2048K, 0% used [0x00000000ec500000,0x00000000ec500000,0x00000000ec700000)
 ParOldGen       total 68608K, used 12782K [0x00000000c0000000, 0x00000000c4300000, 0x00000000eab00000)
  object space 68608K, 18% used [0x00000000c0000000,0x00000000c0c7ba00,0x00000000c4300000)
 Metaspace       used 22784K, committed 23744K, reserved 1114112K
  class space    used 2284K, committed 2688K, reserved 1048576K
}

Dll operation events (10 events):
Event: 0.015 Loaded shared library c:\Users\Papa Omar\.windsurf\extensions\redhat.java-1.41.1-win32-x64\jre\21.0.6-win32-x86_64\bin\java.dll
Event: 0.256 Loaded shared library c:\Users\Papa Omar\.windsurf\extensions\redhat.java-1.41.1-win32-x64\jre\21.0.6-win32-x86_64\bin\zip.dll
Event: 0.314 Loaded shared library C:\Users\Papa Omar\.windsurf\extensions\redhat.java-1.41.1-win32-x64\jre\21.0.6-win32-x86_64\bin\instrument.dll
Event: 0.358 Loaded shared library C:\Users\Papa Omar\.windsurf\extensions\redhat.java-1.41.1-win32-x64\jre\21.0.6-win32-x86_64\bin\net.dll
Event: 0.361 Loaded shared library C:\Users\Papa Omar\.windsurf\extensions\redhat.java-1.41.1-win32-x64\jre\21.0.6-win32-x86_64\bin\nio.dll
Event: 0.369 Loaded shared library C:\Users\Papa Omar\.windsurf\extensions\redhat.java-1.41.1-win32-x64\jre\21.0.6-win32-x86_64\bin\zip.dll
Event: 0.405 Loaded shared library C:\Users\Papa Omar\.windsurf\extensions\redhat.java-1.41.1-win32-x64\jre\21.0.6-win32-x86_64\bin\jimage.dll
Event: 0.574 Loaded shared library c:\Users\Papa Omar\.windsurf\extensions\redhat.java-1.41.1-win32-x64\jre\21.0.6-win32-x86_64\bin\verify.dll
Event: 9.537 Loaded shared library C:\Users\Papa Omar\AppData\Roaming\Windsurf\User\globalStorage\redhat.java\1.41.1\config_win\org.eclipse.equinox.launcher\org.eclipse.equinox.launcher.win32.win32.x86_64_1.2.1300.v20250331-1702\eclipse_11911.dll
Event: 25.427 Loaded shared library C:\Users\Papa Omar\AppData\Local\Temp\jna-2111647821\jna8542756743067337065.dll

Deoptimization events (20 events):
Event: 27.458 Thread 0x00000211e891e750 Uncommon trap: trap_request=0xffffff45 fr.pc=0x00000211d86e22f0 relative=0x0000000000000b90
Event: 27.459 Thread 0x00000211e891e750 Uncommon trap: reason=unstable_if action=reinterpret pc=0x00000211d86e22f0 method=java.io.BufferedInputStream.implRead([BII)I @ 30 c2
Event: 27.459 Thread 0x00000211e891e750 DEOPT PACKING pc=0x00000211d86e22f0 sp=0x00000017221fe6b0
Event: 27.459 Thread 0x00000211e891e750 DEOPT UNPACKING pc=0x00000211d8083aa2 sp=0x00000017221fe608 mode 2
Event: 27.460 Thread 0x00000211e891e750 Uncommon trap: trap_request=0xffffffde fr.pc=0x00000211d8787ecc relative=0x000000000000010c
Event: 27.460 Thread 0x00000211e891e750 Uncommon trap: reason=class_check action=maybe_recompile pc=0x00000211d8787ecc method=java.lang.Character.codePointAt(Ljava/lang/CharSequence;I)I @ 2 c2
Event: 27.460 Thread 0x00000211e891e750 DEOPT PACKING pc=0x00000211d8787ecc sp=0x00000017221fe500
Event: 27.460 Thread 0x00000211e891e750 DEOPT UNPACKING pc=0x00000211d8083aa2 sp=0x00000017221fe488 mode 2
Event: 27.460 Thread 0x00000211e891e750 Uncommon trap: trap_request=0xffffffde fr.pc=0x00000211d8787ecc relative=0x000000000000010c
Event: 27.460 Thread 0x00000211e891e750 Uncommon trap: reason=class_check action=maybe_recompile pc=0x00000211d8787ecc method=java.lang.Character.codePointAt(Ljava/lang/CharSequence;I)I @ 2 c2
Event: 27.460 Thread 0x00000211e891e750 DEOPT PACKING pc=0x00000211d8787ecc sp=0x00000017221fe500
Event: 27.460 Thread 0x00000211e891e750 DEOPT UNPACKING pc=0x00000211d8083aa2 sp=0x00000017221fe488 mode 2
Event: 27.460 Thread 0x00000211e891e750 Uncommon trap: trap_request=0xffffffde fr.pc=0x00000211d8787ecc relative=0x000000000000010c
Event: 27.460 Thread 0x00000211e891e750 Uncommon trap: reason=class_check action=maybe_recompile pc=0x00000211d8787ecc method=java.lang.Character.codePointAt(Ljava/lang/CharSequence;I)I @ 2 c2
Event: 27.460 Thread 0x00000211e891e750 DEOPT PACKING pc=0x00000211d8787ecc sp=0x00000017221fe500
Event: 27.460 Thread 0x00000211e891e750 DEOPT UNPACKING pc=0x00000211d8083aa2 sp=0x00000017221fe488 mode 2
Event: 27.460 Thread 0x00000211e891e750 Uncommon trap: trap_request=0xffffffde fr.pc=0x00000211d8787ecc relative=0x000000000000010c
Event: 27.460 Thread 0x00000211e891e750 Uncommon trap: reason=class_check action=maybe_recompile pc=0x00000211d8787ecc method=java.lang.Character.codePointAt(Ljava/lang/CharSequence;I)I @ 2 c2
Event: 27.460 Thread 0x00000211e891e750 DEOPT PACKING pc=0x00000211d8787ecc sp=0x00000017221fe500
Event: 27.460 Thread 0x00000211e891e750 DEOPT UNPACKING pc=0x00000211d8083aa2 sp=0x00000017221fe488 mode 2

Classes loaded (20 events):
Event: 26.237 Loading class java/net/SocketException
Event: 26.237 Loading class java/net/SocketException done
Event: 26.237 Loading class java/net/UnknownHostException
Event: 26.237 Loading class java/net/UnknownHostException done
Event: 26.237 Loading class java/net/ProtocolException
Event: 26.237 Loading class java/net/ProtocolException done
Event: 26.258 Loading class java/lang/ThreadLocal$SuppliedThreadLocal
Event: 26.258 Loading class java/lang/ThreadLocal$SuppliedThreadLocal done
Event: 26.310 Loading class java/io/FileWriter
Event: 26.310 Loading class java/io/FileWriter done
Event: 26.313 Loading class java/lang/NegativeArraySizeException
Event: 26.314 Loading class java/lang/NegativeArraySizeException done
Event: 27.459 Loading class java/io/FileReader
Event: 27.460 Loading class java/io/FileReader done
Event: 27.502 Loading class java/util/concurrent/atomic/AtomicReferenceFieldUpdater
Event: 27.503 Loading class java/util/concurrent/atomic/AtomicReferenceFieldUpdater done
Event: 27.503 Loading class java/util/concurrent/atomic/AtomicReferenceFieldUpdater$AtomicReferenceFieldUpdaterImpl
Event: 27.503 Loading class java/util/concurrent/atomic/AtomicReferenceFieldUpdater$AtomicReferenceFieldUpdaterImpl done
Event: 27.503 Loading class java/util/concurrent/atomic/AtomicReferenceFieldUpdater$AtomicReferenceFieldUpdaterImpl$1
Event: 27.503 Loading class java/util/concurrent/atomic/AtomicReferenceFieldUpdater$AtomicReferenceFieldUpdaterImpl$1 done

Classes unloaded (7 events):
Event: 26.073 Thread 0x00000211cd9af910 Unloading class 0x00000211811a4400 'java/lang/invoke/LambdaForm$MH+0x00000211811a4400'
Event: 26.073 Thread 0x00000211cd9af910 Unloading class 0x00000211811a4000 'java/lang/invoke/LambdaForm$MH+0x00000211811a4000'
Event: 26.073 Thread 0x00000211cd9af910 Unloading class 0x00000211811a3c00 'java/lang/invoke/LambdaForm$MH+0x00000211811a3c00'
Event: 26.073 Thread 0x00000211cd9af910 Unloading class 0x00000211811a3800 'java/lang/invoke/LambdaForm$MH+0x00000211811a3800'
Event: 26.073 Thread 0x00000211cd9af910 Unloading class 0x00000211811a3400 'java/lang/invoke/LambdaForm$BMH+0x00000211811a3400'
Event: 26.073 Thread 0x00000211cd9af910 Unloading class 0x00000211811a3000 'java/lang/invoke/LambdaForm$DMH+0x00000211811a3000'
Event: 26.073 Thread 0x00000211cd9af910 Unloading class 0x00000211811a1c00 'java/lang/invoke/LambdaForm$DMH+0x00000211811a1c00'

Classes redefined (0 events):
No events

Internal exceptions (20 events):
Event: 25.980 Thread 0x00000211e37b4750 Exception <a 'java/lang/NoSuchMethodError'{0x00000000eb4862f8}: 'int java.lang.invoke.DirectMethodHandle$Holder.invokeStaticInit(java.lang.Object, long, long)'> (0x00000000eb4862f8) 
thrown [s\src\hotspot\share\interpreter\linkResolver.cpp, line 773]
Event: 25.981 Thread 0x00000211e37b4750 Exception <a 'java/lang/NoSuchMethodError'{0x00000000eb48dcb0}: 'int java.lang.invoke.DirectMethodHandle$Holder.invokeStaticInit(java.lang.Object, float, float)'> (0x00000000eb48dcb0) 
thrown [s\src\hotspot\share\interpreter\linkResolver.cpp, line 773]
Event: 25.981 Thread 0x00000211e37b4750 Exception <a 'java/lang/NoSuchMethodError'{0x00000000eb495660}: 'int java.lang.invoke.DirectMethodHandle$Holder.invokeStaticInit(java.lang.Object, double, double)'> (0x00000000eb495660) 
thrown [s\src\hotspot\share\interpreter\linkResolver.cpp, line 773]
Event: 25.982 Thread 0x00000211e37b4750 Exception <a 'java/lang/NoSuchMethodError'{0x00000000eb49aab0}: 'int java.lang.invoke.DirectMethodHandle$Holder.invokeStatic(java.lang.Object, long)'> (0x00000000eb49aab0) 
thrown [s\src\hotspot\share\interpreter\linkResolver.cpp, line 773]
Event: 25.984 Thread 0x00000211e37b4750 Exception <a 'java/lang/NoSuchMethodError'{0x00000000eb4b9818}: 'int java.lang.invoke.Invokers$Holder.linkToTargetMethod(java.lang.Object, java.lang.Object)'> (0x00000000eb4b9818) 
thrown [s\src\hotspot\share\interpreter\linkResolver.cpp, line 773]
Event: 26.017 Thread 0x00000211e37b4750 Exception <a 'java/lang/NoSuchMethodError'{0x00000000eb5a3a38}: 'java.lang.Object java.lang.invoke.Invokers$Holder.invoke_MT(java.lang.Object, java.lang.Object, java.lang.Object, java.lang.Object, java.lang.Object, java.lang.Object, java.lang.Object, java.lang.Object, java.lang.Object, java.lang.Object, java.lang.Object)'> (0x00000000eb5a3a38) 
thrown [s\src\hotspot\share\interpreter\linkResolver.cpp, line 773]
Event: 26.027 Thread 0x00000211e37b4750 Exception <a 'java/lang/NoSuchMethodError'{0x00000000eb630178}: 'java.lang.Object java.lang.invoke.Invokers$Holder.invoke_MT(java.lang.Object, java.lang.Object, java.lang.Object, java.lang.Object, java.lang.Object, java.lang.Object, java.lang.Object, java.lang.Object, java.lang.Object, java.lang.Object)'> (0x00000000eb630178) 
thrown [s\src\hotspot\share\interpreter\linkResolver.cpp, line 773]
Event: 26.040 Thread 0x00000211e37b4750 Exception <a 'java/lang/NoSuchMethodError'{0x00000000eb6d8518}: 'java.lang.Object java.lang.invoke.DirectMethodHandle$Holder.newInvokeSpecial(java.lang.Object, java.lang.Object, java.lang.Object, java.lang.Object, java.lang.Object, java.lang.Object, java.lang.Object)'> (0x00000000eb6d8518) 
thrown [s\src\hotspot\share\interpreter\linkResolver.cpp, line 773]
Event: 26.053 Thread 0x00000211e37b4750 Exception <a 'java/lang/NoSuchMethodError'{0x00000000eb750a50}: 'java.lang.Object java.lang.invoke.Invokers$Holder.invoker(java.lang.Object, java.lang.Object, java.lang.Object, java.lang.Object, java.lang.Object, java.lang.Object, java.lang.Object, java.lang.Object, java.lang.Object, java.lang.Object, java.lang.Object, java.lang.Object, java.lang.Object)'> (0x00000000eb750a50) 
thrown [s\src\hotspot\share\interpreter\linkResolver.cpp, line 773]
Event: 26.054 Thread 0x00000211e37b4750 Exception <a 'java/lang/NoSuchMethodError'{0x00000000eb75aee8}: 'java.lang.Object java.lang.invoke.DelegatingMethodHandle$Holder.delegate(java.lang.Object, java.lang.Object, java.lang.Object, java.lang.Object, java.lang.Object, java.lang.Object, java.lang.Object, java.lang.Object, java.lang.Object, java.lang.Object, java.lang.Object, java.lang.Object, java.lang.Object)'> (0x00000000eb75aee8) 
thrown [s\src\hotspot\share\interpreter\linkResolver.cpp, line 773]
Event: 26.060 Thread 0x00000211e37b4750 Exception <a 'java/lang/NoSuchMethodError'{0x00000000eb7c4ed0}: static Lorg/eclipse/m2e/core/internal/lifecyclemapping/model/PluginExecutionMetadata;.<clinit>()V> (0x00000000eb7c4ed0) 
thrown [s\src\hotspot\share\prims\jni.cpp, line 1111]
Event: 26.061 Thread 0x00000211e37b4750 Implicit null exception at 0x00000211d87284a4 to 0x00000211d8728e70
Event: 26.110 Thread 0x00000211e37b4750 Exception <a 'java/lang/NoSuchMethodError'{0x00000000eab33d30}: static Lorg/eclipse/m2e/core/internal/lifecyclemapping/model/PluginExecutionFilter;.<clinit>()V> (0x00000000eab33d30) 
thrown [s\src\hotspot\share\prims\jni.cpp, line 1111]
Event: 26.115 Thread 0x00000211e37b4750 Exception <a 'java/lang/NoSuchMethodError'{0x00000000eab63488}: static Lorg/eclipse/m2e/core/internal/project/registry/MavenProjectFacade$MavenProjectConfiguration;.<clinit>()V> (0x00000000eab63488) 
thrown [s\src\hotspot\share\prims\jni.cpp, line 1111]
Event: 26.197 Thread 0x00000211e37b4750 Exception <a 'java/lang/NoSuchMethodError'{0x00000000eb0e0c68}: 'double java.lang.invoke.DirectMethodHandle$Holder.invokeStatic(java.lang.Object, java.lang.Object)'> (0x00000000eb0e0c68) 
thrown [s\src\hotspot\share\interpreter\linkResolver.cpp, line 773]
Event: 26.198 Thread 0x00000211e37b4750 Exception <a 'java/lang/NoSuchMethodError'{0x00000000eb0e4328}: 'double java.lang.invoke.DirectMethodHandle$Holder.invokeStaticInit(java.lang.Object, java.lang.Object)'> (0x00000000eb0e4328) 
thrown [s\src\hotspot\share\interpreter\linkResolver.cpp, line 773]
Event: 26.316 Thread 0x00000211e37b4750 Exception <a 'java/io/FileNotFoundException'{0x00000000ec1ff300}> (0x00000000ec1ff300) 
thrown [s\src\hotspot\share\prims\jni.cpp, line 520]
Event: 26.316 Thread 0x00000211e37b4750 Exception <a 'java/io/FileNotFoundException'{0x00000000ec200140}> (0x00000000ec200140) 
thrown [s\src\hotspot\share\prims\jni.cpp, line 520]
Event: 26.317 Thread 0x00000211e37b4750 Exception <a 'java/io/FileNotFoundException'{0x00000000ec201088}> (0x00000000ec201088) 
thrown [s\src\hotspot\share\prims\jni.cpp, line 520]
Event: 27.491 Thread 0x00000211e891e750 Exception <a 'java/lang/NoSuchMethodError'{0x00000000eb7789b8}: 'java.lang.Object java.lang.invoke.DirectMethodHandle$Holder.invokeSpecialIFC(java.lang.Object, java.lang.Object, java.lang.Object, java.lang.Object)'> (0x00000000eb7789b8) 
thrown [s\src\hotspot\share\interpreter\linkResolver.cpp, line 773]

ZGC Phase Switch (0 events):
No events

VM Operations (20 events):
Event: 25.557 Executing VM operation: HandshakeAllThreads (Deoptimize)
Event: 25.557 Executing VM operation: HandshakeAllThreads (Deoptimize) done
Event: 25.604 Executing VM operation: HandshakeAllThreads (Deoptimize)
Event: 25.605 Executing VM operation: HandshakeAllThreads (Deoptimize) done
Event: 25.612 Executing VM operation: HandshakeAllThreads (Deoptimize)
Event: 25.612 Executing VM operation: HandshakeAllThreads (Deoptimize) done
Event: 25.798 Executing VM operation: ParallelGCFailedAllocation (Allocation Failure)
Event: 25.804 Executing VM operation: ParallelGCFailedAllocation (Allocation Failure) done
Event: 25.965 Executing VM operation: HandshakeAllThreads (Deoptimize)
Event: 25.965 Executing VM operation: HandshakeAllThreads (Deoptimize) done
Event: 26.063 Executing VM operation: CollectForMetadataAllocation (Metadata GC Threshold)
Event: 26.104 Executing VM operation: CollectForMetadataAllocation (Metadata GC Threshold) done
Event: 26.326 Executing VM operation: ParallelGCFailedAllocation (Allocation Failure)
Event: 26.327 Executing VM operation: ParallelGCFailedAllocation (Allocation Failure) done
Event: 27.338 Executing VM operation: Cleanup
Event: 27.442 Executing VM operation: Cleanup done
Event: 27.449 Executing VM operation: HandshakeAllThreads (Deoptimize)
Event: 27.449 Executing VM operation: HandshakeAllThreads (Deoptimize) done
Event: 28.455 Executing VM operation: Cleanup
Event: 28.540 Executing VM operation: Cleanup done

Memory protections (0 events):
No events

Nmethod flushes (0 events):
No events

Events (20 events):
Event: 9.606 Thread 0x00000211e844d500 Thread added: 0x00000211e3956de0
Event: 9.611 Thread 0x00000211cd90e1a0 Thread added: 0x00000211e37b4750
Event: 9.903 Thread 0x00000211e36d0420 Thread added: 0x00000211e8579e50
Event: 10.049 Thread 0x00000211e8579e50 Thread exited: 0x00000211e8579e50
Event: 10.077 Thread 0x00000211e36d0420 Thread added: 0x00000211e8579780
Event: 10.898 Thread 0x00000211e8579780 Thread exited: 0x00000211e8579780
Event: 13.850 Thread 0x00000211e36d0420 Thread added: 0x00000211e8578310
Event: 14.356 Thread 0x00000211e37b4750 Thread added: 0x00000211e8b1c510
Event: 14.614 Thread 0x00000211e8578310 Thread exited: 0x00000211e8578310
Event: 23.511 Thread 0x00000211e37b4750 Thread added: 0x00000211e8753170
Event: 23.643 Thread 0x00000211e37b4750 Thread added: 0x00000211e8a50e60
Event: 23.987 Thread 0x00000211e36d0420 Thread added: 0x00000211e3845bd0
Event: 24.315 Thread 0x00000211e37b4750 Thread added: 0x00000211e8920190
Event: 24.864 Thread 0x00000211e3845bd0 Thread exited: 0x00000211e3845bd0
Event: 25.447 Thread 0x00000211e37b4750 Thread added: 0x00000211e891e0c0
Event: 25.473 Thread 0x00000211e37b4750 Thread added: 0x00000211e891da30
Event: 25.488 Thread 0x00000211e37b4750 Thread added: 0x00000211e891e750
Event: 25.559 Thread 0x00000211e36d0420 Thread added: 0x00000211e3844760
Event: 26.407 Thread 0x00000211e3844760 Thread exited: 0x00000211e3844760
Event: 27.462 Thread 0x00000211e36d0420 Thread added: 0x00000211e95cae30


Dynamic libraries:
0x00007ff77ff70000 - 0x00007ff77ff7e000 	c:\Users\Papa Omar\.windsurf\extensions\redhat.java-1.41.1-win32-x64\jre\21.0.6-win32-x86_64\bin\java.exe
0x00007ffb59a60000 - 0x00007ffb59cc0000 	C:\WINDOWS\SYSTEM32\ntdll.dll
0x00007ffb59250000 - 0x00007ffb59317000 	C:\WINDOWS\System32\KERNEL32.DLL
0x00007ffb57330000 - 0x00007ffb576fb000 	C:\WINDOWS\System32\KERNELBASE.dll
0x00007ffb571e0000 - 0x00007ffb5732b000 	C:\WINDOWS\System32\ucrtbase.dll
0x00007ffb191e0000 - 0x00007ffb191f8000 	c:\Users\Papa Omar\.windsurf\extensions\redhat.java-1.41.1-win32-x64\jre\21.0.6-win32-x86_64\bin\jli.dll
0x00007ffb59080000 - 0x00007ffb5924c000 	C:\WINDOWS\System32\USER32.dll
0x00007ffb57030000 - 0x00007ffb57057000 	C:\WINDOWS\System32\win32u.dll
0x00007ffb59970000 - 0x00007ffb5999a000 	C:\WINDOWS\System32\GDI32.dll
0x00007ffb56c40000 - 0x00007ffb56d71000 	C:\WINDOWS\System32\gdi32full.dll
0x00007ffb56d80000 - 0x00007ffb56e23000 	C:\WINDOWS\System32\msvcp_win.dll
0x00007ffae75a0000 - 0x00007ffae75be000 	c:\Users\Papa Omar\.windsurf\extensions\redhat.java-1.41.1-win32-x64\jre\21.0.6-win32-x86_64\bin\VCRUNTIME140.dll
0x00007ffb3cdd0000 - 0x00007ffb3d067000 	C:\WINDOWS\WinSxS\amd64_microsoft.windows.common-controls_6595b64144ccf1df_6.0.26100.3624_none_3e086962e3345f24\COMCTL32.dll
0x00007ffb581e0000 - 0x00007ffb58289000 	C:\WINDOWS\System32\msvcrt.dll
0x00007ffb597c0000 - 0x00007ffb597ef000 	C:\WINDOWS\System32\IMM32.DLL
0x00007ffb29370000 - 0x00007ffb2937c000 	c:\Users\Papa Omar\.windsurf\extensions\redhat.java-1.41.1-win32-x64\jre\21.0.6-win32-x86_64\bin\vcruntime140_1.dll
0x00007ffab8cf0000 - 0x00007ffab8d7d000 	c:\Users\Papa Omar\.windsurf\extensions\redhat.java-1.41.1-win32-x64\jre\21.0.6-win32-x86_64\bin\msvcp140.dll
0x00007ffa62180000 - 0x00007ffa62f10000 	c:\Users\Papa Omar\.windsurf\extensions\redhat.java-1.41.1-win32-x64\jre\21.0.6-win32-x86_64\bin\server\jvm.dll
0x00007ffb59650000 - 0x00007ffb59703000 	C:\WINDOWS\System32\ADVAPI32.dll
0x00007ffb595a0000 - 0x00007ffb59646000 	C:\WINDOWS\System32\sechost.dll
0x00007ffb59850000 - 0x00007ffb59966000 	C:\WINDOWS\System32\RPCRT4.dll
0x00007ffb58da0000 - 0x00007ffb58e14000 	C:\WINDOWS\System32\WS2_32.dll
0x00007ffb56130000 - 0x00007ffb5618e000 	C:\WINDOWS\SYSTEM32\POWRPROF.dll
0x00007ffb3d1d0000 - 0x00007ffb3d206000 	C:\WINDOWS\SYSTEM32\WINMM.dll
0x00007ffb4c540000 - 0x00007ffb4c54b000 	C:\WINDOWS\SYSTEM32\VERSION.dll
0x00007ffb56110000 - 0x00007ffb56124000 	C:\WINDOWS\SYSTEM32\UMPDC.dll
0x00007ffb55a30000 - 0x00007ffb55a4a000 	C:\WINDOWS\SYSTEM32\kernel.appcore.dll
0x00007ffb27760000 - 0x00007ffb2776a000 	c:\Users\Papa Omar\.windsurf\extensions\redhat.java-1.41.1-win32-x64\jre\21.0.6-win32-x86_64\bin\jimage.dll
0x00007ffb51240000 - 0x00007ffb51481000 	C:\WINDOWS\SYSTEM32\DBGHELP.DLL
0x00007ffb58290000 - 0x00007ffb58613000 	C:\WINDOWS\System32\combase.dll
0x00007ffb58e20000 - 0x00007ffb58ef6000 	C:\WINDOWS\System32\OLEAUT32.dll
0x00007ffb39450000 - 0x00007ffb39489000 	C:\WINDOWS\SYSTEM32\dbgcore.DLL
0x00007ffb57700000 - 0x00007ffb57799000 	C:\WINDOWS\System32\bcryptPrimitives.dll
0x00007ffb24a50000 - 0x00007ffb24a5f000 	c:\Users\Papa Omar\.windsurf\extensions\redhat.java-1.41.1-win32-x64\jre\21.0.6-win32-x86_64\bin\instrument.dll
0x00007ffb1a3a0000 - 0x00007ffb1a3bf000 	c:\Users\Papa Omar\.windsurf\extensions\redhat.java-1.41.1-win32-x64\jre\21.0.6-win32-x86_64\bin\java.dll
0x00007ffb58620000 - 0x00007ffb58d49000 	C:\WINDOWS\System32\SHELL32.dll
0x00007ffb56e30000 - 0x00007ffb56f98000 	C:\WINDOWS\System32\wintypes.dll
0x00007ffb548c0000 - 0x00007ffb55112000 	C:\WINDOWS\SYSTEM32\windows.storage.dll
0x00007ffb59320000 - 0x00007ffb5940d000 	C:\WINDOWS\System32\SHCORE.dll
0x00007ffb57860000 - 0x00007ffb578c4000 	C:\WINDOWS\System32\shlwapi.dll
0x00007ffb56b50000 - 0x00007ffb56b7f000 	C:\WINDOWS\SYSTEM32\profapi.dll
0x00007ffae6550000 - 0x00007ffae6568000 	c:\Users\Papa Omar\.windsurf\extensions\redhat.java-1.41.1-win32-x64\jre\21.0.6-win32-x86_64\bin\zip.dll
0x00007ffb22610000 - 0x00007ffb22620000 	C:\Users\Papa Omar\.windsurf\extensions\redhat.java-1.41.1-win32-x64\jre\21.0.6-win32-x86_64\bin\net.dll
0x00007ffb49900000 - 0x00007ffb49a1d000 	C:\WINDOWS\SYSTEM32\WINHTTP.dll
0x00007ffb55fe0000 - 0x00007ffb5604a000 	C:\WINDOWS\system32\mswsock.dll
0x00007ffaee890000 - 0x00007ffaee8a6000 	C:\Users\Papa Omar\.windsurf\extensions\redhat.java-1.41.1-win32-x64\jre\21.0.6-win32-x86_64\bin\nio.dll
0x00007ffb1fda0000 - 0x00007ffb1fdb0000 	c:\Users\Papa Omar\.windsurf\extensions\redhat.java-1.41.1-win32-x64\jre\21.0.6-win32-x86_64\bin\verify.dll
0x00007ffacd120000 - 0x00007ffacd165000 	C:\Users\Papa Omar\AppData\Roaming\Windsurf\User\globalStorage\redhat.java\1.41.1\config_win\org.eclipse.equinox.launcher\org.eclipse.equinox.launcher.win32.win32.x86_64_1.2.1300.v20250331-1702\eclipse_11911.dll
0x00007ffb58040000 - 0x00007ffb581d6000 	C:\WINDOWS\System32\ole32.dll
0x00007ffb56330000 - 0x00007ffb5634c000 	C:\WINDOWS\SYSTEM32\CRYPTSP.dll
0x00007ffb55980000 - 0x00007ffb559ba000 	C:\WINDOWS\system32\rsaenh.dll
0x00007ffb56080000 - 0x00007ffb560ab000 	C:\WINDOWS\SYSTEM32\USERENV.dll
0x00007ffb56570000 - 0x00007ffb56596000 	C:\WINDOWS\SYSTEM32\bcrypt.dll
0x00007ffb56350000 - 0x00007ffb5635c000 	C:\WINDOWS\SYSTEM32\CRYPTBASE.dll
0x00007ffb55430000 - 0x00007ffb55463000 	C:\WINDOWS\SYSTEM32\IPHLPAPI.DLL
0x00007ffb59800000 - 0x00007ffb5980a000 	C:\WINDOWS\System32\NSI.dll
0x00007ffb39740000 - 0x00007ffb39789000 	C:\Users\Papa Omar\AppData\Local\Temp\jna-2111647821\jna8542756743067337065.dll
0x00007ffb59840000 - 0x00007ffb59848000 	C:\WINDOWS\System32\PSAPI.DLL

dbghelp: loaded successfully - version: 4.0.5 - missing functions: none
symbol engine: initialized successfully - sym options: 0x614 - pdb path: .;c:\Users\Papa Omar\.windsurf\extensions\redhat.java-1.41.1-win32-x64\jre\21.0.6-win32-x86_64\bin;C:\WINDOWS\SYSTEM32;C:\WINDOWS\WinSxS\amd64_microsoft.windows.common-controls_6595b64144ccf1df_6.0.26100.3624_none_3e086962e3345f24;c:\Users\Papa Omar\.windsurf\extensions\redhat.java-1.41.1-win32-x64\jre\21.0.6-win32-x86_64\bin\server;C:\Users\Papa Omar\AppData\Roaming\Windsurf\User\globalStorage\redhat.java\1.41.1\config_win\org.eclipse.equinox.launcher\org.eclipse.equinox.launcher.win32.win32.x86_64_1.2.1300.v20250331-1702;C:\Users\Papa Omar\AppData\Local\Temp\jna-2111647821

VM Arguments:
jvm_args: --add-modules=ALL-SYSTEM --add-opens=java.base/java.util=ALL-UNNAMED --add-opens=java.base/java.lang=ALL-UNNAMED --add-opens=java.base/sun.nio.fs=ALL-UNNAMED -Declipse.application=org.eclipse.jdt.ls.core.id1 -Dosgi.bundles.defaultStartLevel=4 -Declipse.product=org.eclipse.jdt.ls.core.product -Djava.import.generatesMetadataFilesAtProjectRoot=false -DDetectVMInstallationsJob.disabled=true -Dfile.encoding=utf8 -XX:+UseParallelGC -XX:GCTimeRatio=4 -XX:AdaptiveSizePolicyWeight=90 -Dsun.zip.disableMemoryMapping=true -Xmx1G -Xms100m -Xlog:disable -javaagent:c:\Users\Papa Omar\.windsurf\extensions\redhat.java-1.41.1-win32-x64\lombok\lombok-1.18.36.jar -XX:+HeapDumpOnOutOfMemoryError -XX:HeapDumpPath=c:\Users\Papa Omar\AppData\Roaming\Windsurf\User\workspaceStorage\4b626ede8af95319149a36f51a9c1459\redhat.java -Daether.dependencyCollector.impl=bf 
java_command: c:\Users\Papa Omar\.windsurf\extensions\redhat.java-1.41.1-win32-x64\server\plugins\org.eclipse.equinox.launcher_1.7.0.v20250331-1702.jar -configuration c:\Users\Papa Omar\AppData\Roaming\Windsurf\User\globalStorage\redhat.java\1.41.1\config_win -data c:\Users\Papa Omar\AppData\Roaming\Windsurf\User\workspaceStorage\4b626ede8af95319149a36f51a9c1459\redhat.java\jdt_ws --pipe=\\.\pipe\lsp-8ed6078500e809e15b83776ef42bf875-sock
java_class_path (initial): c:\Users\Papa Omar\.windsurf\extensions\redhat.java-1.41.1-win32-x64\server\plugins\org.eclipse.equinox.launcher_1.7.0.v20250331-1702.jar
Launcher Type: SUN_STANDARD

[Global flags]
    uintx AdaptiveSizePolicyWeight                 = 90                                        {product} {command line}
     intx CICompilerCount                          = 4                                         {product} {ergonomic}
    uintx GCTimeRatio                              = 4                                         {product} {command line}
     bool HeapDumpOnOutOfMemoryError               = true                                   {manageable} {command line}
    ccstr HeapDumpPath                             = c:\Users\Papa Omar\AppData\Roaming\Windsurf\User\workspaceStorage\4b626ede8af95319149a36f51a9c1459\redhat.java         {manageable} {command line}
   size_t InitialHeapSize                          = 104857600                                 {product} {command line}
   size_t MaxHeapSize                              = 1073741824                                {product} {command line}
   size_t MaxNewSize                               = 357564416                                 {product} {ergonomic}
   size_t MinHeapDeltaBytes                        = 524288                                    {product} {ergonomic}
   size_t MinHeapSize                              = 104857600                                 {product} {command line}
   size_t NewSize                                  = 34603008                                  {product} {ergonomic}
    uintx NonNMethodCodeHeapSize                   = 5839372                                {pd product} {ergonomic}
    uintx NonProfiledCodeHeapSize                  = 122909434                              {pd product} {ergonomic}
   size_t OldSize                                  = 70254592                                  {product} {ergonomic}
    uintx ProfiledCodeHeapSize                     = 122909434                              {pd product} {ergonomic}
    uintx ReservedCodeCacheSize                    = 251658240                              {pd product} {ergonomic}
     bool SegmentedCodeCache                       = true                                      {product} {ergonomic}
   size_t SoftMaxHeapSize                          = 1073741824                             {manageable} {ergonomic}
     bool UseCompressedOops                        = true                           {product lp64_product} {ergonomic}
     bool UseLargePagesIndividualAllocation        = false                                  {pd product} {ergonomic}
     bool UseParallelGC                            = true                                      {product} {command line}

Logging:
Log output configuration:
 #0: stdout all=off uptime,level,tags foldmultilines=false
 #1: stderr all=off uptime,level,tags foldmultilines=false

Environment Variables:
JAVA_HOME=C:\Program Files\Java\jdk-17.0.12
PATH=C:\Program Files\Common Files\Oracle\Java\javapath;C:\app\product\11.2.0\dbhome_1\bin;C:\Program Files\Java\jdk-21\bin;C:\Users\Papa Omar\AppData\Local\Programs\Microsoft VS Code\bin;C:\Program Files\Git\cmd;C:\mastermind\WinCaml7\ocaml\bin;C:\Users\Papa Omar\AppData\Roaming\nvm;C:\Program Files\nodejs;C:\ProgramData\chocolatey\bin;C:\wamp64\bin\php\php7.4.33;C:\ProgramData\ComposerSetup\bin;%JAVA_HOME%\bin;C:\Program Files\Apache\maven\bin;C:\Program Files\gradle-8.9\bin;C:\Program Files\Java\jdk-17.0.12\bin;C:\Program Files\MongoDB\Server\7.0\bin;C:\Program Files\MongoDB\mongosh-2.2.15-win32-x64\mongosh-2.2.15-win32-x64\bin;C:\app\product\11.2.0\dbhome_1\bin;C:\Windows\System32;;C:\WINDOWS\system32;C:\WINDOWS;C:\WINDOWS\System32\Wbem;C:\WINDOWS\System32\WindowsPowerShell\v1.0\;C:\WINDOWS\System32\OpenSSH\;C:\Program Files\nodejs\;C:\Users\Papa Omar\AppData\Local\Programs\Python\Python312\Scripts\;C:\Users\Papa Omar\AppData\Local\Programs\Python\Python312\;C:\Users\Papa Omar\AppData\Local\Programs\Python\Python310\Scripts\;C:\Users\Papa Omar\AppData\Local\Programs\Python\Python310\;C:\Program Files\Java\jdk-21\bin;C:\Users\Papa Omar\AppData\Local\Programs\Microsoft VS Code\bin;C:\Users\Papa Omar\AppData\Roaming\nvm;C:\Program Files\nodejs;C:\Users\Papa Omar\AppData\Roaming\Composer\vendor\bin;C:\Users\Papa Omar\AppData\Local\Microsoft\WindowsApps;C:\Users\Papa Omar\Desktop\apache-activemq-6.1.5-bin\apache-activemq-6.1.5\bin;C:\Users\Papa Omar\AppData\Roaming\npm;C:\Users\Papa Omar\AppData\Local\Programs\Windsurf\bin
USERNAME=Papa Omar
OS=Windows_NT
PROCESSOR_IDENTIFIER=Intel64 Family 6 Model 158 Stepping 10, GenuineIntel
TMP=C:\Users\PAPAOM~1\AppData\Local\Temp
TEMP=C:\Users\PAPAOM~1\AppData\Local\Temp




Periodic native trim disabled

---------------  S Y S T E M  ---------------

OS:
 Windows 11 , 64 bit Build 26100 (10.0.26100.3624)
OS uptime: 5 days 2:39 hours
Hyper-V role detected

CPU: total 8 (initial active 8) (4 cores per cpu, 2 threads per core) family 6 model 158 stepping 10 microcode 0xde, cx8, cmov, fxsr, ht, mmx, 3dnowpref, sse, sse2, sse3, ssse3, sse4.1, sse4.2, popcnt, lzcnt, tsc, tscinvbit, avx, avx2, aes, erms, clmul, bmi1, bmi2, adx, fma, vzeroupper, clflush, clflushopt, hv, rdtscp, f16c
Processor Information for the first 8 processors :
  Max Mhz: 2400, Current Mhz: 2400, Mhz Limit: 2400

Memory: 4k page, system-wide physical 8029M (644M free)
TotalPageFile size 32605M (AvailPageFile size 2M)
current process WorkingSet (physical memory assigned to process): 142M, peak: 142M
current process commit charge ("private bytes"): 248M, peak: 252M

vm_info: OpenJDK 64-Bit Server VM (21.0.6+7-LTS) for windows-amd64 JRE (21.0.6+7-LTS), built on 2025-01-21T00:00:00Z by "admin" with MS VC++ 17.7 (VS2022)

END.
