#
# There is insufficient memory for the Java Runtime Environment to continue.
# Native memory allocation (malloc) failed to allocate 1456016 bytes. Error detail: Chunk::new
# Possible reasons:
#   The system is out of physical RAM or swap space
#   This process is running with CompressedOops enabled, and the Java Heap may be blocking the growth of the native heap
# Possible solutions:
#   Reduce memory load on the system
#   Increase physical memory or swap space
#   Check if swap backing store is full
#   Decrease Java heap size (-Xmx/-Xms)
#   Decrease number of Java threads
#   Decrease Java thread stack sizes (-Xss)
#   Set larger code cache with -XX:ReservedCodeCacheSize=
#   JVM is running with Unscaled Compressed Oops mode in which the Java heap is
#     placed in the first 4GB address space. The Java Heap base address is the
#     maximum limit for the native heap growth. Please use -XX:HeapBaseMinAddress
#     to set the Java Heap base and to place the Java Heap above 4GB virtual address.
# This output file may be truncated or incomplete.
#
#  Out of Memory Error (arena.cpp:168), pid=13724, tid=1220
#
# JRE version: OpenJDK Runtime Environment Temurin-21.0.6+7 (21.0.6+7) (build 21.0.6+7-LTS)
# Java VM: OpenJDK 64-Bit Server VM Temurin-21.0.6+7 (21.0.6+7-LTS, mixed mode, sharing, tiered, compressed oops, compressed class ptrs, parallel gc, windows-amd64)
# No core dump will be written. Minidumps are not enabled by default on client versions of Windows
#

---------------  S U M M A R Y ------------

Command Line: --add-modules=ALL-SYSTEM --add-opens=java.base/java.util=ALL-UNNAMED --add-opens=java.base/java.lang=ALL-UNNAMED --add-opens=java.base/sun.nio.fs=ALL-UNNAMED -Declipse.application=org.eclipse.jdt.ls.core.id1 -Dosgi.bundles.defaultStartLevel=4 -Declipse.product=org.eclipse.jdt.ls.core.product -Djava.import.generatesMetadataFilesAtProjectRoot=false -DDetectVMInstallationsJob.disabled=true -Dfile.encoding=utf8 -XX:+UseParallelGC -XX:GCTimeRatio=4 -XX:AdaptiveSizePolicyWeight=90 -Dsun.zip.disableMemoryMapping=true -Xmx1G -Xms100m -Xlog:disable -javaagent:c:\Users\Papa Omar\.windsurf\extensions\redhat.java-1.41.1-win32-x64\lombok\lombok-1.18.36.jar -XX:+HeapDumpOnOutOfMemoryError -XX:HeapDumpPath=c:\Users\Papa Omar\AppData\Roaming\Windsurf\User\workspaceStorage\4b626ede8af95319149a36f51a9c1459\redhat.java -Daether.dependencyCollector.impl=bf c:\Users\Papa Omar\.windsurf\extensions\redhat.java-1.41.1-win32-x64\server\plugins\org.eclipse.equinox.launcher_1.7.0.v20250331-1702.jar -configuration c:\Users\Papa Omar\AppData\Roaming\Windsurf\User\globalStorage\redhat.java\1.41.1\config_win -data c:\Users\Papa Omar\AppData\Roaming\Windsurf\User\workspaceStorage\4b626ede8af95319149a36f51a9c1459\redhat.java\jdt_ws --pipe=\\.\pipe\lsp-f60dfb53db6a8d0506be0c9469ddd781-sock

Host: Intel(R) Core(TM) i5-9300H CPU @ 2.40GHz, 8 cores, 7G,  Windows 11 , 64 bit Build 26100 (10.0.26100.3624)
Time: Sat Apr  5 21:08:08 2025 Greenwich elapsed time: 20.470836 seconds (0d 0h 0m 20s)

---------------  T H R E A D  ---------------

Current thread (0x00000292762abe00):  JavaThread "C2 CompilerThread1" daemon [_thread_in_native, id=1220, stack(0x000000e413200000,0x000000e413300000) (1024K)]


Current CompileTask:
C2:20471 10872   !   4       org.eclipse.jdt.internal.core.search.indexing.AddJrtToIndex$JrtIndexer::visitFile (133 bytes)

Stack: [0x000000e413200000,0x000000e413300000]
Native frames: (J=compiled Java code, j=interpreted, Vv=VM code, C=native code)
V  [jvm.dll+0x6cdee9]
V  [jvm.dll+0x8a83d1]
V  [jvm.dll+0x8aa8fe]
V  [jvm.dll+0x8aafe3]
V  [jvm.dll+0x27f706]
V  [jvm.dll+0xc500d]
V  [jvm.dll+0xc5543]
V  [jvm.dll+0x3b6752]
V  [jvm.dll+0x382935]
V  [jvm.dll+0x381d9a]
V  [jvm.dll+0x2479f0]
V  [jvm.dll+0x246fcf]
V  [jvm.dll+0x1c75ee]
V  [jvm.dll+0x25685a]
V  [jvm.dll+0x254dfa]
V  [jvm.dll+0x3f0256]
V  [jvm.dll+0x851f8b]
V  [jvm.dll+0x6cc5ed]
C  [ucrtbase.dll+0x37b0]
C  [KERNEL32.DLL+0x2e8d7]
C  [ntdll.dll+0xb14fc]


---------------  P R O C E S S  ---------------

Threads class SMR info:
_java_thread_list=0x000002927aa77ef0, length=60, elements={
0x000002925b8cf650, 0x000002925b98b030, 0x000002925b98d460, 0x000002926fc85fa0,
0x000002926fc86bf0, 0x000002926fc89650, 0x000002926fc8a0a0, 0x000002926fc8aed0,
0x000002927168f680, 0x000002927171a930, 0x0000029271987610, 0x00000292767f4c00,
0x000002927676ce50, 0x0000029276d9d680, 0x0000029276ce61a0, 0x0000029276e76d20,
0x000002927713c8c0, 0x0000029276858560, 0x00000292768571b0, 0x0000029276857ed0,
0x0000029276858bf0, 0x00000292762abe00, 0x0000029276855770, 0x0000029276855e00,
0x0000029276857840, 0x0000029276856490, 0x0000029276856b20, 0x0000029278ae21a0,
0x0000029278ae2830, 0x0000029278ae2ec0, 0x0000029278ae3550, 0x0000029278ae00d0,
0x0000029278ae3be0, 0x0000029278ae1b10, 0x0000029278ae0df0, 0x0000029278ae0760,
0x0000029278ae4270, 0x0000029278ae4900, 0x0000029278ae1480, 0x0000029278ae7060,
0x0000029278ae69d0, 0x0000029278ae5620, 0x0000029278ae4f90, 0x0000029278ae5cb0,
0x0000029278ae76f0, 0x0000029278ae6340, 0x000002927a3fa8c0, 0x000002927a3f9510,
0x000002927a3f8e80, 0x000002927a3f9ba0, 0x000002927a3fb5e0, 0x000002927a3fd020,
0x000002927a3faf50, 0x000002927a3fbc70, 0x000002927a3fd6b0, 0x000002927a3fc300,
0x000002927a3fa230, 0x000002927a3fdd40, 0x000002927a3fe3d0, 0x000002927a3fea60
}

Java Threads: ( => current thread )
  0x000002925b8cf650 JavaThread "main"                              [_thread_blocked, id=12244, stack(0x000000e411200000,0x000000e411300000) (1024K)]
  0x000002925b98b030 JavaThread "Reference Handler"          daemon [_thread_blocked, id=4556, stack(0x000000e411600000,0x000000e411700000) (1024K)]
  0x000002925b98d460 JavaThread "Finalizer"                  daemon [_thread_blocked, id=31224, stack(0x000000e411700000,0x000000e411800000) (1024K)]
  0x000002926fc85fa0 JavaThread "Signal Dispatcher"          daemon [_thread_blocked, id=7628, stack(0x000000e411800000,0x000000e411900000) (1024K)]
  0x000002926fc86bf0 JavaThread "Attach Listener"            daemon [_thread_blocked, id=15912, stack(0x000000e411900000,0x000000e411a00000) (1024K)]
  0x000002926fc89650 JavaThread "Service Thread"             daemon [_thread_blocked, id=25172, stack(0x000000e411a00000,0x000000e411b00000) (1024K)]
  0x000002926fc8a0a0 JavaThread "Monitor Deflation Thread"   daemon [_thread_blocked, id=9016, stack(0x000000e411b00000,0x000000e411c00000) (1024K)]
  0x000002926fc8aed0 JavaThread "C2 CompilerThread0"         daemon [_thread_in_vm, id=26264, stack(0x000000e411c00000,0x000000e411d00000) (1024K)]
  0x000002927168f680 JavaThread "C1 CompilerThread0"         daemon [_thread_blocked, id=29492, stack(0x000000e411d00000,0x000000e411e00000) (1024K)]
  0x000002927171a930 JavaThread "Common-Cleaner"             daemon [_thread_blocked, id=7500, stack(0x000000e411e00000,0x000000e411f00000) (1024K)]
  0x0000029271987610 JavaThread "Notification Thread"        daemon [_thread_blocked, id=19220, stack(0x000000e412000000,0x000000e412100000) (1024K)]
  0x00000292767f4c00 JavaThread "Active Thread: Equinox Container: 7831d228-db91-42bf-b614-a135fbde27f6"        [_thread_blocked, id=28536, stack(0x000000e412800000,0x000000e412900000) (1024K)]
  0x000002927676ce50 JavaThread "Refresh Thread: Equinox Container: 7831d228-db91-42bf-b614-a135fbde27f6" daemon [_thread_blocked, id=5948, stack(0x000000e412900000,0x000000e412a00000) (1024K)]
  0x0000029276d9d680 JavaThread "Framework Event Dispatcher: Equinox Container: 7831d228-db91-42bf-b614-a135fbde27f6" daemon [_thread_blocked, id=29232, stack(0x000000e412b00000,0x000000e412c00000) (1024K)]
  0x0000029276ce61a0 JavaThread "Start Level: Equinox Container: 7831d228-db91-42bf-b614-a135fbde27f6" daemon [_thread_blocked, id=7232, stack(0x000000e412c00000,0x000000e412d00000) (1024K)]
  0x0000029276e76d20 JavaThread "Bundle File Closer"         daemon [_thread_blocked, id=10312, stack(0x000000e412d00000,0x000000e412e00000) (1024K)]
  0x000002927713c8c0 JavaThread "SCR Component Actor"        daemon [_thread_blocked, id=29484, stack(0x000000e411f00000,0x000000e412000000) (1024K)]
  0x0000029276858560 JavaThread "Worker-JM"                         [_thread_blocked, id=6620, stack(0x000000e412f00000,0x000000e413000000) (1024K)]
  0x00000292768571b0 JavaThread "JNA Cleaner"                daemon [_thread_blocked, id=24744, stack(0x000000e412e00000,0x000000e412f00000) (1024K)]
  0x0000029276857ed0 JavaThread "Worker-0: Java indexing... "        [_thread_blocked, id=12000, stack(0x000000e413000000,0x000000e413100000) (1024K)]
  0x0000029276858bf0 JavaThread "Worker-1"                          [_thread_blocked, id=6040, stack(0x000000e413100000,0x000000e413200000) (1024K)]
=>0x00000292762abe00 JavaThread "C2 CompilerThread1"         daemon [_thread_in_native, id=1220, stack(0x000000e413200000,0x000000e413300000) (1024K)]
  0x0000029276855770 JavaThread "Java indexing"              daemon [_thread_in_Java, id=25396, stack(0x000000e413300000,0x000000e413400000) (1024K)]
  0x0000029276855e00 JavaThread "Worker-2"                          [_thread_blocked, id=30468, stack(0x000000e413600000,0x000000e413700000) (1024K)]
  0x0000029276857840 JavaThread "Worker-3"                          [_thread_blocked, id=31712, stack(0x000000e413700000,0x000000e413800000) (1024K)]
  0x0000029276856490 JavaThread "Worker-4"                          [_thread_blocked, id=29120, stack(0x000000e413800000,0x000000e413900000) (1024K)]
  0x0000029276856b20 JavaThread "Thread-2"                   daemon [_thread_in_native, id=13584, stack(0x000000e413900000,0x000000e413a00000) (1024K)]
  0x0000029278ae21a0 JavaThread "Thread-3"                   daemon [_thread_in_native, id=4340, stack(0x000000e413a00000,0x000000e413b00000) (1024K)]
  0x0000029278ae2830 JavaThread "Thread-4"                   daemon [_thread_in_native, id=28184, stack(0x000000e413b00000,0x000000e413c00000) (1024K)]
  0x0000029278ae2ec0 JavaThread "Thread-5"                   daemon [_thread_in_native, id=30852, stack(0x000000e413c00000,0x000000e413d00000) (1024K)]
  0x0000029278ae3550 JavaThread "Thread-6"                   daemon [_thread_in_native, id=22948, stack(0x000000e413d00000,0x000000e413e00000) (1024K)]
  0x0000029278ae00d0 JavaThread "Thread-7"                   daemon [_thread_in_native, id=14568, stack(0x000000e413e00000,0x000000e413f00000) (1024K)]
  0x0000029278ae3be0 JavaThread "Thread-8"                   daemon [_thread_in_native, id=16880, stack(0x000000e413f00000,0x000000e414000000) (1024K)]
  0x0000029278ae1b10 JavaThread "Thread-9"                   daemon [_thread_in_native, id=30544, stack(0x000000e414000000,0x000000e414100000) (1024K)]
  0x0000029278ae0df0 JavaThread "Thread-10"                  daemon [_thread_in_native, id=19432, stack(0x000000e414100000,0x000000e414200000) (1024K)]
  0x0000029278ae0760 JavaThread "pool-2-thread-1"                   [_thread_blocked, id=31552, stack(0x000000e414200000,0x000000e414300000) (1024K)]
  0x0000029278ae4270 JavaThread "Worker-5: Initialize Workspace"        [_thread_in_Java, id=14036, stack(0x000000e414300000,0x000000e414400000) (1024K)]
  0x0000029278ae4900 JavaThread "WorkspaceEventsHandler"            [_thread_blocked, id=28512, stack(0x000000e414400000,0x000000e414500000) (1024K)]
  0x0000029278ae1480 JavaThread "pool-1-thread-1"                   [_thread_blocked, id=15464, stack(0x000000e414500000,0x000000e414600000) (1024K)]
  0x0000029278ae7060 JavaThread "LocalFile Deleter"          daemon [_thread_blocked, id=26396, stack(0x000000e414600000,0x000000e414700000) (1024K)]
  0x0000029278ae69d0 JavaThread "LocalFile Deleter"          daemon [_thread_blocked, id=8664, stack(0x000000e414700000,0x000000e414800000) (1024K)]
  0x0000029278ae5620 JavaThread "LocalFile Deleter"          daemon [_thread_blocked, id=26548, stack(0x000000e414800000,0x000000e414900000) (1024K)]
  0x0000029278ae4f90 JavaThread "LocalFile Deleter"          daemon [_thread_blocked, id=13720, stack(0x000000e414900000,0x000000e414a00000) (1024K)]
  0x0000029278ae5cb0 JavaThread "LocalFile Deleter"          daemon [_thread_blocked, id=19852, stack(0x000000e414a00000,0x000000e414b00000) (1024K)]
  0x0000029278ae76f0 JavaThread "LocalFile Deleter"          daemon [_thread_blocked, id=12336, stack(0x000000e414b00000,0x000000e414c00000) (1024K)]
  0x0000029278ae6340 JavaThread "LocalFile Deleter"          daemon [_thread_blocked, id=28064, stack(0x000000e414c00000,0x000000e414d00000) (1024K)]
  0x000002927a3fa8c0 JavaThread "LocalFile Deleter"          daemon [_thread_blocked, id=18364, stack(0x000000e414d00000,0x000000e414e00000) (1024K)]
  0x000002927a3f9510 JavaThread "Compiler Source File Reader" daemon [_thread_blocked, id=26460, stack(0x000000e414e00000,0x000000e414f00000) (1024K)]
  0x000002927a3f8e80 JavaThread "Compiler Source File Reader" daemon [_thread_blocked, id=5636, stack(0x000000e414f00000,0x000000e415000000) (1024K)]
  0x000002927a3f9ba0 JavaThread "Compiler Source File Reader" daemon [_thread_blocked, id=22776, stack(0x000000e415000000,0x000000e415100000) (1024K)]
  0x000002927a3fb5e0 JavaThread "Compiler Source File Reader" daemon [_thread_blocked, id=31472, stack(0x000000e415100000,0x000000e415200000) (1024K)]
  0x000002927a3fd020 JavaThread "Compiler Source File Reader" daemon [_thread_blocked, id=30912, stack(0x000000e415200000,0x000000e415300000) (1024K)]
  0x000002927a3faf50 JavaThread "Compiler Source File Reader" daemon [_thread_blocked, id=1228, stack(0x000000e415300000,0x000000e415400000) (1024K)]
  0x000002927a3fbc70 JavaThread "Compiler Processing Task"   daemon [_thread_blocked, id=7312, stack(0x000000e412100000,0x000000e412200000) (1024K)]
  0x000002927a3fd6b0 JavaThread "Compiler Class File Writer" daemon [_thread_blocked, id=20800, stack(0x000000e415400000,0x000000e415500000) (1024K)]
  0x000002927a3fc300 JavaThread "Compiler Class File Writer" daemon [_thread_blocked, id=3256, stack(0x000000e415500000,0x000000e415600000) (1024K)]
  0x000002927a3fa230 JavaThread "Compiler Class File Writer" daemon [_thread_blocked, id=12404, stack(0x000000e415600000,0x000000e415700000) (1024K)]
  0x000002927a3fdd40 JavaThread "Compiler Class File Writer" daemon [_thread_blocked, id=26804, stack(0x000000e415700000,0x000000e415800000) (1024K)]
  0x000002927a3fe3d0 JavaThread "Compiler Class File Writer" daemon [_thread_blocked, id=30376, stack(0x000000e415800000,0x000000e415900000) (1024K)]
  0x000002927a3fea60 JavaThread "Compiler Class File Writer" daemon [_thread_blocked, id=27412, stack(0x000000e415900000,0x000000e415a00000) (1024K)]
Total: 60

Other Threads:
  0x000002926fc814b0 VMThread "VM Thread"                           [id=5436, stack(0x000000e411500000,0x000000e411600000) (1024K)]
  0x000002926fb9ca10 WatcherThread "VM Periodic Task Thread"        [id=17684, stack(0x000000e411400000,0x000000e411500000) (1024K)]
  0x000002925b8ed7f0 WorkerThread "GC Thread#0"                     [id=9180, stack(0x000000e411300000,0x000000e411400000) (1024K)]
  0x0000029276471950 WorkerThread "GC Thread#1"                     [id=23684, stack(0x000000e412200000,0x000000e412300000) (1024K)]
  0x00000292764ef210 WorkerThread "GC Thread#2"                     [id=15920, stack(0x000000e412300000,0x000000e412400000) (1024K)]
  0x00000292764ef5b0 WorkerThread "GC Thread#3"                     [id=8652, stack(0x000000e412400000,0x000000e412500000) (1024K)]
  0x00000292764ef950 WorkerThread "GC Thread#4"                     [id=28872, stack(0x000000e412500000,0x000000e412600000) (1024K)]
  0x00000292764efcf0 WorkerThread "GC Thread#5"                     [id=30080, stack(0x000000e412600000,0x000000e412700000) (1024K)]
  0x000002927648c2d0 WorkerThread "GC Thread#6"                     [id=24372, stack(0x000000e412700000,0x000000e412800000) (1024K)]
  0x000002927679e890 WorkerThread "GC Thread#7"                     [id=17528, stack(0x000000e412a00000,0x000000e412b00000) (1024K)]
Total: 10

Threads with active compile tasks:
C2 CompilerThread0  20544 11366   !   4       java.nio.file.FileTreeWalker::next (144 bytes)
C2 CompilerThread1  20544 10872   !   4       org.eclipse.jdt.internal.core.search.indexing.AddJrtToIndex$JrtIndexer::visitFile (133 bytes)
Total: 2

VM state: not at safepoint (normal execution)

VM Mutex/Monitor currently owned by a thread: None

Heap address: 0x00000000c0000000, size: 1024 MB, Compressed Oops mode: 32-bit

CDS archive(s) mapped at: [0x0000029200000000-0x0000029200ba0000-0x0000029200ba0000), size 12189696, SharedBaseAddress: 0x0000029200000000, ArchiveRelocationMode: 1.
Compressed class space mapped at: 0x0000029201000000-0x0000029241000000, reserved size: 1073741824
Narrow klass base: 0x0000029200000000, Narrow klass shift: 0, Narrow klass range: 0x100000000

GC Precious Log:
 CardTable entry size: 512
 CPUs: 8 total, 8 available
 Memory: 8029M
 Large Page Support: Disabled
 NUMA Support: Disabled
 Compressed Oops: Enabled (32-bit)
 Alignments: Space 512K, Generation 512K, Heap 2M
 Heap Min Capacity: 100M
 Heap Initial Capacity: 100M
 Heap Max Capacity: 1G
 Pre-touch: Disabled
 Parallel Workers: 8

Heap:
 PSYoungGen      total 4096K, used 3571K [0x00000000eab00000, 0x00000000eb100000, 0x0000000100000000)
  eden space 3072K, 89% used [0x00000000eab00000,0x00000000eadb13f0,0x00000000eae00000)
  from space 1024K, 79% used [0x00000000eae00000,0x00000000eaecb868,0x00000000eaf00000)
  to   space 1024K, 0% used [0x00000000eb000000,0x00000000eb000000,0x00000000eb100000)
 ParOldGen       total 194048K, used 193753K [0x00000000c0000000, 0x00000000cbd80000, 0x00000000eab00000)
  object space 194048K, 99% used [0x00000000c0000000,0x00000000cbd364e8,0x00000000cbd80000)
 Metaspace       used 62307K, committed 63808K, reserved 1114112K
  class space    used 6390K, committed 7104K, reserved 1048576K

Card table byte_map: [0x000002925b270000,0x000002925b480000] _byte_map_base: 0x000002925ac70000

Marking Bits: (ParMarkBitMap*) 0x00007ffa62e33260
 Begin Bits: [0x000002926dac0000, 0x000002926eac0000)
 End Bits:   [0x000002926eac0000, 0x000002926fac0000)

Polling page: 0x000002925b040000

Metaspace:

Usage:
  Non-class:     54.61 MB used.
      Class:      6.24 MB used.
       Both:     60.85 MB used.

Virtual space:
  Non-class space:       64.00 MB reserved,      55.38 MB ( 87%) committed,  1 nodes.
      Class space:        1.00 GB reserved,       6.94 MB ( <1%) committed,  1 nodes.
             Both:        1.06 GB reserved,      62.31 MB (  6%) committed. 

Chunk freelists:
   Non-Class:  8.58 MB
       Class:  9.10 MB
        Both:  17.68 MB

MaxMetaspaceSize: unlimited
CompressedClassSpaceSize: 1.00 GB
Initial GC threshold: 21.00 MB
Current GC threshold: 97.31 MB
CDS: on
 - commit_granule_bytes: 65536.
 - commit_granule_words: 8192.
 - virtual_space_node_default_size: 8388608.
 - enlarge_chunks_in_place: 1.
 - use_allocation_guard: 0.


Internal statistics:

num_allocs_failed_limit: 9.
num_arena_births: 1208.
num_arena_deaths: 14.
num_vsnodes_births: 2.
num_vsnodes_deaths: 0.
num_space_committed: 997.
num_space_uncommitted: 0.
num_chunks_returned_to_freelist: 23.
num_chunks_taken_from_freelist: 4234.
num_chunk_merges: 14.
num_chunk_splits: 2546.
num_chunks_enlarged: 1387.
num_inconsistent_stats: 0.

CodeHeap 'non-profiled nmethods': size=120000Kb used=5528Kb max_used=5528Kb free=114471Kb
 bounds [0x0000029266590000, 0x0000029266b00000, 0x000002926dac0000]
CodeHeap 'profiled nmethods': size=120000Kb used=22110Kb max_used=22110Kb free=97890Kb
 bounds [0x000002925eac0000, 0x0000029260060000, 0x0000029265ff0000]
CodeHeap 'non-nmethods': size=5760Kb used=1423Kb max_used=1575Kb free=4337Kb
 bounds [0x0000029265ff0000, 0x0000029266260000, 0x0000029266590000]
 total_blobs=11378 nmethods=10643 adapters=641
 compilation: enabled
              stopped_count=0, restarted_count=0
 full_count=0

Compilation events (20 events):
Event: 18.410 Thread 0x000002927168f680 11403       2       java.util.ArrayDeque$DeqIterator::hasNext (13 bytes)
Event: 18.410 Thread 0x000002927168f680 nmethod 11403 0x0000029260051390 code [0x0000029260051520, 0x0000029260051638]
Event: 18.415 Thread 0x000002927168f680 11404   !   2       sun.nio.fs.WindowsFileAttributes::readAttributes (156 bytes)
Event: 18.416 Thread 0x000002927168f680 nmethod 11404 0x0000029260051710 code [0x0000029260051960, 0x0000029260051fb8]
Event: 18.416 Thread 0x000002927168f680 11405   !   2       sun.nio.fs.WindowsNativeDispatcher::GetFileInformationByHandle (29 bytes)
Event: 18.416 Thread 0x000002927168f680 nmethod 11405 0x0000029260052690 code [0x0000029260052860, 0x0000029260052a00]
Event: 18.416 Thread 0x000002927168f680 11406       2       sun.nio.fs.WindowsFileAttributes::fromFileInformation (146 bytes)
Event: 18.417 Thread 0x000002927168f680 nmethod 11406 0x0000029260052b90 code [0x0000029260052d40, 0x0000029260053008]
Event: 18.422 Thread 0x000002927168f680 11407       3       java.util.regex.Pattern::newSlice (181 bytes)
Event: 18.424 Thread 0x000002927168f680 nmethod 11407 0x0000029260053190 code [0x00000292600534e0, 0x0000029260054960]
Event: 18.435 Thread 0x000002927168f680 11409       2       java.util.ArrayDeque$DeqIterator::next (62 bytes)
Event: 18.435 Thread 0x000002927168f680 nmethod 11409 0x0000029260055110 code [0x00000292600552e0, 0x00000292600555e0]
Event: 18.435 Thread 0x000002927168f680 11410       2       java.util.ArrayDeque::nonNullElementAt (18 bytes)
Event: 18.435 Thread 0x000002927168f680 nmethod 11410 0x0000029260055790 code [0x0000029260055940, 0x0000029260055b20]
Event: 18.435 Thread 0x000002927168f680 11411       2       sun.nio.fs.WindowsFileAttributes::isSameFile (39 bytes)
Event: 18.436 Thread 0x000002927168f680 nmethod 11411 0x0000029260055c90 code [0x0000029260055e20, 0x0000029260055f50]
Event: 19.461 Thread 0x000002927168f680 11414       1       sun.nio.fs.WindowsNativeDispatcher$FirstFile::handle (5 bytes)
Event: 19.461 Thread 0x000002927168f680 nmethod 11414 0x0000029266af5690 code [0x0000029266af5820, 0x0000029266af58e8]
Event: 19.461 Thread 0x000002927168f680 11415       1       sun.nio.fs.WindowsNativeDispatcher$FirstFile::name (5 bytes)
Event: 19.461 Thread 0x000002927168f680 nmethod 11415 0x0000029266af5990 code [0x0000029266af5b20, 0x0000029266af5be8]

GC Heap History (20 events):
Event: 18.233 GC heap after
{Heap after GC invocations=284 (full 3):
 PSYoungGen      total 3072K, used 559K [0x00000000eab00000, 0x00000000eaf00000, 0x0000000100000000)
  eden space 2048K, 0% used [0x00000000eab00000,0x00000000eab00000,0x00000000ead00000)
  from space 1024K, 54% used [0x00000000ead00000,0x00000000ead8beb0,0x00000000eae00000)
  to   space 1024K, 0% used [0x00000000eae00000,0x00000000eae00000,0x00000000eaf00000)
 ParOldGen       total 183808K, used 183354K [0x00000000c0000000, 0x00000000cb380000, 0x00000000eab00000)
  object space 183808K, 99% used [0x00000000c0000000,0x00000000cb30e818,0x00000000cb380000)
 Metaspace       used 62287K, committed 63808K, reserved 1114112K
  class space    used 6390K, committed 7104K, reserved 1048576K
}
Event: 18.248 GC heap before
{Heap before GC invocations=285 (full 3):
 PSYoungGen      total 3072K, used 2607K [0x00000000eab00000, 0x00000000eaf00000, 0x0000000100000000)
  eden space 2048K, 100% used [0x00000000eab00000,0x00000000ead00000,0x00000000ead00000)
  from space 1024K, 54% used [0x00000000ead00000,0x00000000ead8beb0,0x00000000eae00000)
  to   space 1024K, 0% used [0x00000000eae00000,0x00000000eae00000,0x00000000eaf00000)
 ParOldGen       total 183808K, used 183354K [0x00000000c0000000, 0x00000000cb380000, 0x00000000eab00000)
  object space 183808K, 99% used [0x00000000c0000000,0x00000000cb30e818,0x00000000cb380000)
 Metaspace       used 62290K, committed 63808K, reserved 1114112K
  class space    used 6390K, committed 7104K, reserved 1048576K
}
Event: 18.250 GC heap after
{Heap after GC invocations=285 (full 3):
 PSYoungGen      total 3072K, used 634K [0x00000000eab00000, 0x00000000eaf00000, 0x0000000100000000)
  eden space 2048K, 0% used [0x00000000eab00000,0x00000000eab00000,0x00000000ead00000)
  from space 1024K, 61% used [0x00000000eae00000,0x00000000eae9e850,0x00000000eaf00000)
  to   space 1024K, 0% used [0x00000000ead00000,0x00000000ead00000,0x00000000eae00000)
 ParOldGen       total 184320K, used 183828K [0x00000000c0000000, 0x00000000cb400000, 0x00000000eab00000)
  object space 184320K, 99% used [0x00000000c0000000,0x00000000cb3850b0,0x00000000cb400000)
 Metaspace       used 62290K, committed 63808K, reserved 1114112K
  class space    used 6390K, committed 7104K, reserved 1048576K
}
Event: 18.266 GC heap before
{Heap before GC invocations=286 (full 3):
 PSYoungGen      total 3072K, used 2682K [0x00000000eab00000, 0x00000000eaf00000, 0x0000000100000000)
  eden space 2048K, 100% used [0x00000000eab00000,0x00000000ead00000,0x00000000ead00000)
  from space 1024K, 61% used [0x00000000eae00000,0x00000000eae9e850,0x00000000eaf00000)
  to   space 1024K, 0% used [0x00000000ead00000,0x00000000ead00000,0x00000000eae00000)
 ParOldGen       total 184320K, used 183828K [0x00000000c0000000, 0x00000000cb400000, 0x00000000eab00000)
  object space 184320K, 99% used [0x00000000c0000000,0x00000000cb3850b0,0x00000000cb400000)
 Metaspace       used 62295K, committed 63808K, reserved 1114112K
  class space    used 6390K, committed 7104K, reserved 1048576K
}
Event: 18.352 GC heap after
{Heap after GC invocations=286 (full 3):
 PSYoungGen      total 3072K, used 584K [0x00000000eab00000, 0x00000000eaf80000, 0x0000000100000000)
  eden space 2048K, 0% used [0x00000000eab00000,0x00000000eab00000,0x00000000ead00000)
  from space 1024K, 57% used [0x00000000ead00000,0x00000000ead921a0,0x00000000eae00000)
  to   space 1024K, 0% used [0x00000000eae80000,0x00000000eae80000,0x00000000eaf80000)
 ParOldGen       total 184832K, used 184366K [0x00000000c0000000, 0x00000000cb480000, 0x00000000eab00000)
  object space 184832K, 99% used [0x00000000c0000000,0x00000000cb40b9f8,0x00000000cb480000)
 Metaspace       used 62295K, committed 63808K, reserved 1114112K
  class space    used 6390K, committed 7104K, reserved 1048576K
}
Event: 18.362 GC heap before
{Heap before GC invocations=287 (full 3):
 PSYoungGen      total 3072K, used 2589K [0x00000000eab00000, 0x00000000eaf80000, 0x0000000100000000)
  eden space 2048K, 97% used [0x00000000eab00000,0x00000000eacf55e8,0x00000000ead00000)
  from space 1024K, 57% used [0x00000000ead00000,0x00000000ead921a0,0x00000000eae00000)
  to   space 1024K, 0% used [0x00000000eae80000,0x00000000eae80000,0x00000000eaf80000)
 ParOldGen       total 184832K, used 184366K [0x00000000c0000000, 0x00000000cb480000, 0x00000000eab00000)
  object space 184832K, 99% used [0x00000000c0000000,0x00000000cb40b9f8,0x00000000cb480000)
 Metaspace       used 62295K, committed 63808K, reserved 1114112K
  class space    used 6390K, committed 7104K, reserved 1048576K
}
Event: 18.364 GC heap after
{Heap after GC invocations=287 (full 3):
 PSYoungGen      total 3584K, used 581K [0x00000000eab00000, 0x00000000eaf80000, 0x0000000100000000)
  eden space 2560K, 0% used [0x00000000eab00000,0x00000000eab00000,0x00000000ead80000)
  from space 1024K, 56% used [0x00000000eae80000,0x00000000eaf11750,0x00000000eaf80000)
  to   space 1024K, 0% used [0x00000000ead80000,0x00000000ead80000,0x00000000eae80000)
 ParOldGen       total 185344K, used 184857K [0x00000000c0000000, 0x00000000cb500000, 0x00000000eab00000)
  object space 185344K, 99% used [0x00000000c0000000,0x00000000cb486548,0x00000000cb500000)
 Metaspace       used 62295K, committed 63808K, reserved 1114112K
  class space    used 6390K, committed 7104K, reserved 1048576K
}
Event: 18.378 GC heap before
{Heap before GC invocations=288 (full 3):
 PSYoungGen      total 3584K, used 3141K [0x00000000eab00000, 0x00000000eaf80000, 0x0000000100000000)
  eden space 2560K, 100% used [0x00000000eab00000,0x00000000ead80000,0x00000000ead80000)
  from space 1024K, 56% used [0x00000000eae80000,0x00000000eaf11750,0x00000000eaf80000)
  to   space 1024K, 0% used [0x00000000ead80000,0x00000000ead80000,0x00000000eae80000)
 ParOldGen       total 185344K, used 184857K [0x00000000c0000000, 0x00000000cb500000, 0x00000000eab00000)
  object space 185344K, 99% used [0x00000000c0000000,0x00000000cb486548,0x00000000cb500000)
 Metaspace       used 62298K, committed 63808K, reserved 1114112K
  class space    used 6390K, committed 7104K, reserved 1048576K
}
Event: 18.380 GC heap after
{Heap after GC invocations=288 (full 3):
 PSYoungGen      total 3584K, used 711K [0x00000000eab00000, 0x00000000eb000000, 0x0000000100000000)
  eden space 2560K, 0% used [0x00000000eab00000,0x00000000eab00000,0x00000000ead80000)
  from space 1024K, 69% used [0x00000000ead80000,0x00000000eae31f50,0x00000000eae80000)
  to   space 1024K, 0% used [0x00000000eaf00000,0x00000000eaf00000,0x00000000eb000000)
 ParOldGen       total 185856K, used 185356K [0x00000000c0000000, 0x00000000cb580000, 0x00000000eab00000)
  object space 185856K, 99% used [0x00000000c0000000,0x00000000cb503090,0x00000000cb580000)
 Metaspace       used 62298K, committed 63808K, reserved 1114112K
  class space    used 6390K, committed 7104K, reserved 1048576K
}
Event: 18.394 GC heap before
{Heap before GC invocations=289 (full 3):
 PSYoungGen      total 3584K, used 3271K [0x00000000eab00000, 0x00000000eb000000, 0x0000000100000000)
  eden space 2560K, 100% used [0x00000000eab00000,0x00000000ead80000,0x00000000ead80000)
  from space 1024K, 69% used [0x00000000ead80000,0x00000000eae31f50,0x00000000eae80000)
  to   space 1024K, 0% used [0x00000000eaf00000,0x00000000eaf00000,0x00000000eb000000)
 ParOldGen       total 185856K, used 185356K [0x00000000c0000000, 0x00000000cb580000, 0x00000000eab00000)
  object space 185856K, 99% used [0x00000000c0000000,0x00000000cb503090,0x00000000cb580000)
 Metaspace       used 62302K, committed 63808K, reserved 1114112K
  class space    used 6390K, committed 7104K, reserved 1048576K
}
Event: 18.396 GC heap after
{Heap after GC invocations=289 (full 3):
 PSYoungGen      total 3584K, used 696K [0x00000000eab00000, 0x00000000eb000000, 0x0000000100000000)
  eden space 2560K, 0% used [0x00000000eab00000,0x00000000eab00000,0x00000000ead80000)
  from space 1024K, 67% used [0x00000000eaf00000,0x00000000eafae0c8,0x00000000eb000000)
  to   space 1024K, 0% used [0x00000000ead80000,0x00000000ead80000,0x00000000eae80000)
 ParOldGen       total 186368K, used 185976K [0x00000000c0000000, 0x00000000cb600000, 0x00000000eab00000)
  object space 186368K, 99% used [0x00000000c0000000,0x00000000cb59e3f0,0x00000000cb600000)
 Metaspace       used 62302K, committed 63808K, reserved 1114112K
  class space    used 6390K, committed 7104K, reserved 1048576K
}
Event: 18.410 GC heap before
{Heap before GC invocations=290 (full 3):
 PSYoungGen      total 3584K, used 3256K [0x00000000eab00000, 0x00000000eb000000, 0x0000000100000000)
  eden space 2560K, 100% used [0x00000000eab00000,0x00000000ead80000,0x00000000ead80000)
  from space 1024K, 67% used [0x00000000eaf00000,0x00000000eafae0c8,0x00000000eb000000)
  to   space 1024K, 0% used [0x00000000ead80000,0x00000000ead80000,0x00000000eae80000)
 ParOldGen       total 186368K, used 185976K [0x00000000c0000000, 0x00000000cb600000, 0x00000000eab00000)
  object space 186368K, 99% used [0x00000000c0000000,0x00000000cb59e3f0,0x00000000cb600000)
 Metaspace       used 62303K, committed 63808K, reserved 1114112K
  class space    used 6390K, committed 7104K, reserved 1048576K
}
Event: 18.412 GC heap after
{Heap after GC invocations=290 (full 3):
 PSYoungGen      total 3584K, used 661K [0x00000000eab00000, 0x00000000eaf80000, 0x0000000100000000)
  eden space 2560K, 0% used [0x00000000eab00000,0x00000000eab00000,0x00000000ead80000)
  from space 1024K, 64% used [0x00000000ead80000,0x00000000eae25558,0x00000000eae80000)
  to   space 1024K, 0% used [0x00000000eae80000,0x00000000eae80000,0x00000000eaf80000)
 ParOldGen       total 186880K, used 186595K [0x00000000c0000000, 0x00000000cb680000, 0x00000000eab00000)
  object space 186880K, 99% used [0x00000000c0000000,0x00000000cb638d78,0x00000000cb680000)
 Metaspace       used 62303K, committed 63808K, reserved 1114112K
  class space    used 6390K, committed 7104K, reserved 1048576K
}
Event: 18.426 GC heap before
{Heap before GC invocations=291 (full 3):
 PSYoungGen      total 3584K, used 3221K [0x00000000eab00000, 0x00000000eaf80000, 0x0000000100000000)
  eden space 2560K, 100% used [0x00000000eab00000,0x00000000ead80000,0x00000000ead80000)
  from space 1024K, 64% used [0x00000000ead80000,0x00000000eae25558,0x00000000eae80000)
  to   space 1024K, 0% used [0x00000000eae80000,0x00000000eae80000,0x00000000eaf80000)
 ParOldGen       total 186880K, used 186595K [0x00000000c0000000, 0x00000000cb680000, 0x00000000eab00000)
  object space 186880K, 99% used [0x00000000c0000000,0x00000000cb638d78,0x00000000cb680000)
 Metaspace       used 62304K, committed 63808K, reserved 1114112K
  class space    used 6390K, committed 7104K, reserved 1048576K
}
Event: 18.429 GC heap after
{Heap after GC invocations=291 (full 3):
 PSYoungGen      total 3584K, used 751K [0x00000000eab00000, 0x00000000eaf80000, 0x0000000100000000)
  eden space 2560K, 0% used [0x00000000eab00000,0x00000000eab00000,0x00000000ead80000)
  from space 1024K, 73% used [0x00000000eae80000,0x00000000eaf3bf20,0x00000000eaf80000)
  to   space 1024K, 0% used [0x00000000ead80000,0x00000000ead80000,0x00000000eae80000)
 ParOldGen       total 187392K, used 187186K [0x00000000c0000000, 0x00000000cb700000, 0x00000000eab00000)
  object space 187392K, 99% used [0x00000000c0000000,0x00000000cb6cc880,0x00000000cb700000)
 Metaspace       used 62304K, committed 63808K, reserved 1114112K
  class space    used 6390K, committed 7104K, reserved 1048576K
}
Event: 18.440 GC heap before
{Heap before GC invocations=292 (full 3):
 PSYoungGen      total 3584K, used 3311K [0x00000000eab00000, 0x00000000eaf80000, 0x0000000100000000)
  eden space 2560K, 100% used [0x00000000eab00000,0x00000000ead80000,0x00000000ead80000)
  from space 1024K, 73% used [0x00000000eae80000,0x00000000eaf3bf20,0x00000000eaf80000)
  to   space 1024K, 0% used [0x00000000ead80000,0x00000000ead80000,0x00000000eae80000)
 ParOldGen       total 187392K, used 187186K [0x00000000c0000000, 0x00000000cb700000, 0x00000000eab00000)
  object space 187392K, 99% used [0x00000000c0000000,0x00000000cb6cc880,0x00000000cb700000)
 Metaspace       used 62305K, committed 63808K, reserved 1114112K
  class space    used 6390K, committed 7104K, reserved 1048576K
}
Event: 18.442 GC heap after
{Heap after GC invocations=292 (full 3):
 PSYoungGen      total 3584K, used 735K [0x00000000eab00000, 0x00000000eaf80000, 0x0000000100000000)
  eden space 2560K, 0% used [0x00000000eab00000,0x00000000eab00000,0x00000000ead80000)
  from space 1024K, 71% used [0x00000000ead80000,0x00000000eae37e48,0x00000000eae80000)
  to   space 1024K, 0% used [0x00000000eae80000,0x00000000eae80000,0x00000000eaf80000)
 ParOldGen       total 187904K, used 187820K [0x00000000c0000000, 0x00000000cb780000, 0x00000000eab00000)
  object space 187904K, 99% used [0x00000000c0000000,0x00000000cb76b0c8,0x00000000cb780000)
 Metaspace       used 62305K, committed 63808K, reserved 1114112K
  class space    used 6390K, committed 7104K, reserved 1048576K
}
Event: 18.450 GC heap before
{Heap before GC invocations=293 (full 3):
 PSYoungGen      total 3584K, used 3295K [0x00000000eab00000, 0x00000000eaf80000, 0x0000000100000000)
  eden space 2560K, 100% used [0x00000000eab00000,0x00000000ead80000,0x00000000ead80000)
  from space 1024K, 71% used [0x00000000ead80000,0x00000000eae37e48,0x00000000eae80000)
  to   space 1024K, 0% used [0x00000000eae80000,0x00000000eae80000,0x00000000eaf80000)
 ParOldGen       total 187904K, used 187820K [0x00000000c0000000, 0x00000000cb780000, 0x00000000eab00000)
  object space 187904K, 99% used [0x00000000c0000000,0x00000000cb76b0c8,0x00000000cb780000)
 Metaspace       used 62305K, committed 63808K, reserved 1114112K
  class space    used 6390K, committed 7104K, reserved 1048576K
}
Event: 19.454 GC heap after
{Heap after GC invocations=293 (full 3):
 PSYoungGen      total 3584K, used 786K [0x00000000eab00000, 0x00000000eb000000, 0x0000000100000000)
  eden space 2560K, 0% used [0x00000000eab00000,0x00000000eab00000,0x00000000ead80000)
  from space 1024K, 76% used [0x00000000eae80000,0x00000000eaf449d8,0x00000000eaf80000)
  to   space 1024K, 0% used [0x00000000ead80000,0x00000000ead80000,0x00000000eae80000)
 ParOldGen       total 188928K, used 188460K [0x00000000c0000000, 0x00000000cb880000, 0x00000000eab00000)
  object space 188928K, 99% used [0x00000000c0000000,0x00000000cb80b388,0x00000000cb880000)
 Metaspace       used 62305K, committed 63808K, reserved 1114112K
  class space    used 6390K, committed 7104K, reserved 1048576K
}
Event: 19.463 GC heap before
{Heap before GC invocations=294 (full 3):
 PSYoungGen      total 3584K, used 3346K [0x00000000eab00000, 0x00000000eb000000, 0x0000000100000000)
  eden space 2560K, 100% used [0x00000000eab00000,0x00000000ead80000,0x00000000ead80000)
  from space 1024K, 76% used [0x00000000eae80000,0x00000000eaf449d8,0x00000000eaf80000)
  to   space 1024K, 0% used [0x00000000ead80000,0x00000000ead80000,0x00000000eae80000)
 ParOldGen       total 188928K, used 188460K [0x00000000c0000000, 0x00000000cb880000, 0x00000000eab00000)
  object space 188928K, 99% used [0x00000000c0000000,0x00000000cb80b388,0x00000000cb880000)
 Metaspace       used 62305K, committed 63808K, reserved 1114112K
  class space    used 6390K, committed 7104K, reserved 1048576K
}

Dll operation events (10 events):
Event: 0.035 Loaded shared library c:\Users\Papa Omar\.windsurf\extensions\redhat.java-1.41.1-win32-x64\jre\21.0.6-win32-x86_64\bin\java.dll
Event: 0.221 Loaded shared library c:\Users\Papa Omar\.windsurf\extensions\redhat.java-1.41.1-win32-x64\jre\21.0.6-win32-x86_64\bin\zip.dll
Event: 0.263 Loaded shared library C:\Users\Papa Omar\.windsurf\extensions\redhat.java-1.41.1-win32-x64\jre\21.0.6-win32-x86_64\bin\instrument.dll
Event: 0.276 Loaded shared library C:\Users\Papa Omar\.windsurf\extensions\redhat.java-1.41.1-win32-x64\jre\21.0.6-win32-x86_64\bin\net.dll
Event: 0.281 Loaded shared library C:\Users\Papa Omar\.windsurf\extensions\redhat.java-1.41.1-win32-x64\jre\21.0.6-win32-x86_64\bin\nio.dll
Event: 0.287 Loaded shared library C:\Users\Papa Omar\.windsurf\extensions\redhat.java-1.41.1-win32-x64\jre\21.0.6-win32-x86_64\bin\zip.dll
Event: 0.321 Loaded shared library C:\Users\Papa Omar\.windsurf\extensions\redhat.java-1.41.1-win32-x64\jre\21.0.6-win32-x86_64\bin\jimage.dll
Event: 0.479 Loaded shared library c:\Users\Papa Omar\.windsurf\extensions\redhat.java-1.41.1-win32-x64\jre\21.0.6-win32-x86_64\bin\verify.dll
Event: 2.777 Loaded shared library C:\Users\Papa Omar\AppData\Roaming\Windsurf\User\globalStorage\redhat.java\1.41.1\config_win\org.eclipse.equinox.launcher\org.eclipse.equinox.launcher.win32.win32.x86_64_1.2.1300.v20250331-1702\eclipse_11911.dll
Event: 5.239 Loaded shared library C:\Users\Papa Omar\AppData\Local\Temp\jna-2111647821\jna2940925902007889910.dll

Deoptimization events (20 events):
Event: 18.209 Thread 0x0000029278ae4270 Uncommon trap: trap_request=0xffffffde fr.pc=0x00000292667e3af0 relative=0x00000000000004b0
Event: 18.209 Thread 0x0000029278ae4270 Uncommon trap: reason=class_check action=maybe_recompile pc=0x00000292667e3af0 method=java.nio.file.FileTreeWalker.next()Ljava/nio/file/FileTreeWalker$Event; @ 37 c2
Event: 18.209 Thread 0x0000029278ae4270 DEOPT PACKING pc=0x00000292667e3af0 sp=0x000000e4143feb00
Event: 18.209 Thread 0x0000029278ae4270 DEOPT UNPACKING pc=0x0000029266043aa2 sp=0x000000e4143feab0 mode 2
Event: 18.209 Thread 0x0000029278ae4270 Uncommon trap: trap_request=0xffffffde fr.pc=0x00000292667e3af0 relative=0x00000000000004b0
Event: 18.209 Thread 0x0000029278ae4270 Uncommon trap: reason=class_check action=maybe_recompile pc=0x00000292667e3af0 method=java.nio.file.FileTreeWalker.next()Ljava/nio/file/FileTreeWalker$Event; @ 37 c2
Event: 18.209 Thread 0x0000029278ae4270 DEOPT PACKING pc=0x00000292667e3af0 sp=0x000000e4143feb00
Event: 18.209 Thread 0x0000029278ae4270 DEOPT UNPACKING pc=0x0000029266043aa2 sp=0x000000e4143feab0 mode 2
Event: 18.209 Thread 0x0000029278ae4270 Uncommon trap: trap_request=0xffffffc6 fr.pc=0x0000029266a47ed4 relative=0x00000000000000b4
Event: 18.209 Thread 0x0000029278ae4270 Uncommon trap: reason=bimorphic_or_optimized_type_check action=maybe_recompile pc=0x0000029266a47ed4 method=java.nio.file.Files.provider(Ljava/nio/file/Path;)Ljava/nio/file/spi/FileSystemProvider; @ 1 c2
Event: 18.209 Thread 0x0000029278ae4270 DEOPT PACKING pc=0x0000029266a47ed4 sp=0x000000e4143fe930
Event: 18.209 Thread 0x0000029278ae4270 DEOPT UNPACKING pc=0x0000029266043aa2 sp=0x000000e4143fe8c0 mode 2
Event: 18.209 Thread 0x0000029278ae4270 Uncommon trap: trap_request=0xffffffc6 fr.pc=0x0000029266a47ed4 relative=0x00000000000000b4
Event: 18.209 Thread 0x0000029278ae4270 Uncommon trap: reason=bimorphic_or_optimized_type_check action=maybe_recompile pc=0x0000029266a47ed4 method=java.nio.file.Files.provider(Ljava/nio/file/Path;)Ljava/nio/file/spi/FileSystemProvider; @ 1 c2
Event: 18.209 Thread 0x0000029278ae4270 DEOPT PACKING pc=0x0000029266a47ed4 sp=0x000000e4143fe930
Event: 18.209 Thread 0x0000029278ae4270 DEOPT UNPACKING pc=0x0000029266043aa2 sp=0x000000e4143fe8c0 mode 2
Event: 18.211 Thread 0x0000029278ae4270 Uncommon trap: trap_request=0xffffffc6 fr.pc=0x0000029266a47ed4 relative=0x00000000000000b4
Event: 18.211 Thread 0x0000029278ae4270 Uncommon trap: reason=bimorphic_or_optimized_type_check action=maybe_recompile pc=0x0000029266a47ed4 method=java.nio.file.Files.provider(Ljava/nio/file/Path;)Ljava/nio/file/spi/FileSystemProvider; @ 1 c2
Event: 18.211 Thread 0x0000029278ae4270 DEOPT PACKING pc=0x0000029266a47ed4 sp=0x000000e4143fe930
Event: 18.211 Thread 0x0000029278ae4270 DEOPT UNPACKING pc=0x0000029266043aa2 sp=0x000000e4143fe8c0 mode 2

Classes loaded (20 events):
Event: 17.841 Loading class java/util/AbstractList$RandomAccessSubList
Event: 17.841 Loading class java/util/AbstractList$SubList
Event: 17.842 Loading class java/util/AbstractList$SubList done
Event: 17.842 Loading class java/util/AbstractList$RandomAccessSubList done
Event: 17.842 Loading class java/util/AbstractList$SubList$1
Event: 17.842 Loading class java/util/AbstractList$SubList$1 done
Event: 18.139 Loading class java/util/TreeMap$ValueSpliterator
Event: 18.140 Loading class java/util/TreeMap$TreeMapSpliterator
Event: 18.140 Loading class java/util/TreeMap$TreeMapSpliterator done
Event: 18.140 Loading class java/util/TreeMap$ValueSpliterator done
Event: 18.198 Loading class java/nio/file/FileTreeWalker$1
Event: 18.198 Loading class java/nio/file/FileTreeWalker$1 done
Event: 18.199 Loading class sun/nio/fs/Globs
Event: 18.199 Loading class sun/nio/fs/Globs done
Event: 18.200 Loading class java/util/regex/Pattern$SliceU
Event: 18.200 Loading class java/util/regex/Pattern$SliceU done
Event: 18.200 Loading class sun/nio/fs/WindowsFileSystem$2
Event: 18.200 Loading class java/nio/file/PathMatcher
Event: 18.200 Loading class java/nio/file/PathMatcher done
Event: 18.200 Loading class sun/nio/fs/WindowsFileSystem$2 done

Classes unloaded (7 events):
Event: 6.033 Thread 0x000002926fc814b0 Unloading class 0x00000292011a1c00 'java/lang/invoke/LambdaForm$MH+0x00000292011a1c00'
Event: 6.033 Thread 0x000002926fc814b0 Unloading class 0x00000292011a1800 'java/lang/invoke/LambdaForm$MH+0x00000292011a1800'
Event: 6.033 Thread 0x000002926fc814b0 Unloading class 0x00000292011a1400 'java/lang/invoke/LambdaForm$MH+0x00000292011a1400'
Event: 6.033 Thread 0x000002926fc814b0 Unloading class 0x00000292011a1000 'java/lang/invoke/LambdaForm$MH+0x00000292011a1000'
Event: 6.033 Thread 0x000002926fc814b0 Unloading class 0x00000292011a0c00 'java/lang/invoke/LambdaForm$BMH+0x00000292011a0c00'
Event: 6.033 Thread 0x000002926fc814b0 Unloading class 0x00000292011a0800 'java/lang/invoke/LambdaForm$DMH+0x00000292011a0800'
Event: 6.033 Thread 0x000002926fc814b0 Unloading class 0x000002920119b400 'java/lang/invoke/LambdaForm$DMH+0x000002920119b400'

Classes redefined (0 events):
No events

Internal exceptions (20 events):
Event: 18.403 Thread 0x0000029278ae4270 Exception <a 'sun/nio/fs/WindowsException'{0x00000000eaca4868}> (0x00000000eaca4868) 
thrown [s\src\hotspot\share\prims\jni.cpp, line 520]
Event: 18.403 Thread 0x0000029278ae4270 Exception <a 'sun/nio/fs/WindowsException'{0x00000000eaca4f20}> (0x00000000eaca4f20) 
thrown [s\src\hotspot\share\prims\jni.cpp, line 520]
Event: 18.403 Thread 0x0000029278ae4270 Exception <a 'sun/nio/fs/WindowsException'{0x00000000eaca5848}> (0x00000000eaca5848) 
thrown [s\src\hotspot\share\prims\jni.cpp, line 520]
Event: 18.403 Thread 0x0000029278ae4270 Exception <a 'sun/nio/fs/WindowsException'{0x00000000eaca5f18}> (0x00000000eaca5f18) 
thrown [s\src\hotspot\share\prims\jni.cpp, line 520]
Event: 18.405 Thread 0x0000029278ae4270 Exception <a 'sun/nio/fs/WindowsException'{0x00000000eaccc288}> (0x00000000eaccc288) 
thrown [s\src\hotspot\share\prims\jni.cpp, line 520]
Event: 18.406 Thread 0x0000029278ae4270 Exception <a 'sun/nio/fs/WindowsException'{0x00000000eaccc968}> (0x00000000eaccc968) 
thrown [s\src\hotspot\share\prims\jni.cpp, line 520]
Event: 18.406 Thread 0x0000029278ae4270 Exception <a 'sun/nio/fs/WindowsException'{0x00000000eacda550}> (0x00000000eacda550) 
thrown [s\src\hotspot\share\prims\jni.cpp, line 520]
Event: 18.406 Thread 0x0000029278ae4270 Exception <a 'sun/nio/fs/WindowsException'{0x00000000eacdac48}> (0x00000000eacdac48) 
thrown [s\src\hotspot\share\prims\jni.cpp, line 520]
Event: 18.407 Thread 0x0000029278ae4270 Exception <a 'sun/nio/fs/WindowsException'{0x00000000ead0cf38}> (0x00000000ead0cf38) 
thrown [s\src\hotspot\share\prims\jni.cpp, line 520]
Event: 18.407 Thread 0x0000029278ae4270 Exception <a 'sun/nio/fs/WindowsException'{0x00000000ead0d648}> (0x00000000ead0d648) 
thrown [s\src\hotspot\share\prims\jni.cpp, line 520]
Event: 18.407 Thread 0x0000029278ae4270 Exception <a 'sun/nio/fs/WindowsException'{0x00000000ead1b5a0}> (0x00000000ead1b5a0) 
thrown [s\src\hotspot\share\prims\jni.cpp, line 520]
Event: 18.407 Thread 0x0000029278ae4270 Exception <a 'sun/nio/fs/WindowsException'{0x00000000ead1bcc8}> (0x00000000ead1bcc8) 
thrown [s\src\hotspot\share\prims\jni.cpp, line 520]
Event: 18.409 Thread 0x0000029278ae4270 Exception <a 'sun/nio/fs/WindowsException'{0x00000000ead4e8f0}> (0x00000000ead4e8f0) 
thrown [s\src\hotspot\share\prims\jni.cpp, line 520]
Event: 18.409 Thread 0x0000029278ae4270 Exception <a 'sun/nio/fs/WindowsException'{0x00000000ead5bfa8}> (0x00000000ead5bfa8) 
thrown [s\src\hotspot\share\prims\jni.cpp, line 520]
Event: 18.409 Thread 0x0000029278ae4270 Exception <a 'sun/nio/fs/WindowsException'{0x00000000ead5c658}> (0x00000000ead5c658) 
thrown [s\src\hotspot\share\prims\jni.cpp, line 520]
Event: 18.409 Thread 0x0000029278ae4270 Exception <a 'sun/nio/fs/WindowsException'{0x00000000ead68558}> (0x00000000ead68558) 
thrown [s\src\hotspot\share\prims\jni.cpp, line 520]
Event: 18.412 Thread 0x0000029278ae4270 Exception <a 'sun/nio/fs/WindowsException'{0x00000000eab0e4d0}> (0x00000000eab0e4d0) 
thrown [s\src\hotspot\share\prims\jni.cpp, line 520]
Event: 18.413 Thread 0x0000029278ae4270 Exception <a 'sun/nio/fs/WindowsException'{0x00000000eab1a4d8}> (0x00000000eab1a4d8) 
thrown [s\src\hotspot\share\prims\jni.cpp, line 520]
Event: 18.413 Thread 0x0000029278ae4270 Exception <a 'sun/nio/fs/WindowsException'{0x00000000eab1abb0}> (0x00000000eab1abb0) 
thrown [s\src\hotspot\share\prims\jni.cpp, line 520]
Event: 18.413 Thread 0x0000029278ae4270 Exception <a 'sun/nio/fs/WindowsException'{0x00000000eab26b98}> (0x00000000eab26b98) 
thrown [s\src\hotspot\share\prims\jni.cpp, line 520]

ZGC Phase Switch (0 events):
No events

VM Operations (20 events):
Event: 18.233 Executing VM operation: ParallelGCFailedAllocation (Allocation Failure) done
Event: 18.248 Executing VM operation: ParallelGCFailedAllocation (Allocation Failure)
Event: 18.250 Executing VM operation: ParallelGCFailedAllocation (Allocation Failure) done
Event: 18.266 Executing VM operation: ParallelGCFailedAllocation (Allocation Failure)
Event: 18.352 Executing VM operation: ParallelGCFailedAllocation (Allocation Failure) done
Event: 18.362 Executing VM operation: ParallelGCFailedAllocation (Allocation Failure)
Event: 18.364 Executing VM operation: ParallelGCFailedAllocation (Allocation Failure) done
Event: 18.378 Executing VM operation: ParallelGCFailedAllocation (Allocation Failure)
Event: 18.380 Executing VM operation: ParallelGCFailedAllocation (Allocation Failure) done
Event: 18.394 Executing VM operation: ParallelGCFailedAllocation (Allocation Failure)
Event: 18.396 Executing VM operation: ParallelGCFailedAllocation (Allocation Failure) done
Event: 18.410 Executing VM operation: ParallelGCFailedAllocation (Allocation Failure)
Event: 18.412 Executing VM operation: ParallelGCFailedAllocation (Allocation Failure) done
Event: 18.426 Executing VM operation: ParallelGCFailedAllocation (Allocation Failure)
Event: 18.429 Executing VM operation: ParallelGCFailedAllocation (Allocation Failure) done
Event: 18.440 Executing VM operation: ParallelGCFailedAllocation (Allocation Failure)
Event: 18.442 Executing VM operation: ParallelGCFailedAllocation (Allocation Failure) done
Event: 18.450 Executing VM operation: ParallelGCFailedAllocation (Allocation Failure)
Event: 19.454 Executing VM operation: ParallelGCFailedAllocation (Allocation Failure) done
Event: 19.463 Executing VM operation: ParallelGCFailedAllocation (Allocation Failure)

Memory protections (0 events):
No events

Nmethod flushes (20 events):
Event: 13.927 Thread 0x000002926fc814b0 flushing  nmethod 0x000002925f2efc10
Event: 13.927 Thread 0x000002926fc814b0 flushing  nmethod 0x000002925f2f2610
Event: 13.927 Thread 0x000002926fc814b0 flushing  nmethod 0x000002925f30d810
Event: 13.927 Thread 0x000002926fc814b0 flushing osr nmethod 0x000002925f35a090
Event: 13.927 Thread 0x000002926fc814b0 flushing  nmethod 0x000002925f379010
Event: 13.927 Thread 0x000002926fc814b0 flushing  nmethod 0x000002925f37d690
Event: 13.927 Thread 0x000002926fc814b0 flushing  nmethod 0x000002925f381310
Event: 13.927 Thread 0x000002926fc814b0 flushing  nmethod 0x000002925f39b910
Event: 13.927 Thread 0x000002926fc814b0 flushing  nmethod 0x000002925f39be90
Event: 13.927 Thread 0x000002926fc814b0 flushing  nmethod 0x000002925f3ab890
Event: 13.927 Thread 0x000002926fc814b0 flushing  nmethod 0x000002925f3ac290
Event: 13.927 Thread 0x000002926fc814b0 flushing  nmethod 0x000002925f3b1410
Event: 13.927 Thread 0x000002926fc814b0 flushing  nmethod 0x000002925f3b1e90
Event: 13.927 Thread 0x000002926fc814b0 flushing  nmethod 0x000002925f3b2490
Event: 13.927 Thread 0x000002926fc814b0 flushing  nmethod 0x000002925f3b2910
Event: 13.927 Thread 0x000002926fc814b0 flushing  nmethod 0x000002925f3b6510
Event: 13.927 Thread 0x000002926fc814b0 flushing  nmethod 0x000002925f3b6890
Event: 13.927 Thread 0x000002926fc814b0 flushing  nmethod 0x000002925f3c9b90
Event: 13.927 Thread 0x000002926fc814b0 flushing  nmethod 0x000002925f3ce990
Event: 13.927 Thread 0x000002926fc814b0 flushing  nmethod 0x000002925f3d6010

Events (20 events):
Event: 15.870 Thread 0x0000029276856490 Thread added: 0x000002927a3ff0f0
Event: 15.871 Thread 0x0000029276856490 Thread added: 0x000002927a3ffe10
Event: 15.871 Thread 0x0000029276856490 Thread added: 0x000002927a4004a0
Event: 15.872 Thread 0x0000029276856490 Thread added: 0x000002927c26ab10
Event: 15.872 Thread 0x0000029276856490 Thread added: 0x000002927c26bec0
Event: 16.674 Thread 0x000002927a3ffe10 Thread exited: 0x000002927a3ffe10
Event: 16.674 Thread 0x000002927a3ff0f0 Thread exited: 0x000002927a3ff0f0
Event: 16.674 Thread 0x000002927a4004a0 Thread exited: 0x000002927a4004a0
Event: 16.674 Thread 0x000002927c26ab10 Thread exited: 0x000002927c26ab10
Event: 16.675 Thread 0x000002927c26bec0 Thread exited: 0x000002927c26bec0
Event: 17.384 Thread 0x0000029276856490 Thread added: 0x000002927a3ffe10
Event: 17.384 Thread 0x0000029276856490 Thread added: 0x000002927a3ff0f0
Event: 17.384 Thread 0x0000029276856490 Thread added: 0x000002927a4004a0
Event: 17.384 Thread 0x0000029276856490 Thread added: 0x0000029279677270
Event: 17.385 Thread 0x0000029276856490 Thread added: 0x0000029279677900
Event: 17.464 Thread 0x0000029279677270 Thread exited: 0x0000029279677270
Event: 17.464 Thread 0x000002927a3ffe10 Thread exited: 0x000002927a3ffe10
Event: 17.465 Thread 0x000002927a3ff0f0 Thread exited: 0x000002927a3ff0f0
Event: 17.465 Thread 0x0000029279677900 Thread exited: 0x0000029279677900
Event: 17.466 Thread 0x000002927a4004a0 Thread exited: 0x000002927a4004a0


Dynamic libraries:
0x00007ff77ff70000 - 0x00007ff77ff7e000 	c:\Users\Papa Omar\.windsurf\extensions\redhat.java-1.41.1-win32-x64\jre\21.0.6-win32-x86_64\bin\java.exe
0x00007ffb59a60000 - 0x00007ffb59cc0000 	C:\WINDOWS\SYSTEM32\ntdll.dll
0x00007ffb59250000 - 0x00007ffb59317000 	C:\WINDOWS\System32\KERNEL32.DLL
0x00007ffb57330000 - 0x00007ffb576fb000 	C:\WINDOWS\System32\KERNELBASE.dll
0x00007ffb571e0000 - 0x00007ffb5732b000 	C:\WINDOWS\System32\ucrtbase.dll
0x00007ffae75a0000 - 0x00007ffae75be000 	c:\Users\Papa Omar\.windsurf\extensions\redhat.java-1.41.1-win32-x64\jre\21.0.6-win32-x86_64\bin\VCRUNTIME140.dll
0x00007ffb191e0000 - 0x00007ffb191f8000 	c:\Users\Papa Omar\.windsurf\extensions\redhat.java-1.41.1-win32-x64\jre\21.0.6-win32-x86_64\bin\jli.dll
0x00007ffb59080000 - 0x00007ffb5924c000 	C:\WINDOWS\System32\USER32.dll
0x00007ffb3cdd0000 - 0x00007ffb3d067000 	C:\WINDOWS\WinSxS\amd64_microsoft.windows.common-controls_6595b64144ccf1df_6.0.26100.3624_none_3e086962e3345f24\COMCTL32.dll
0x00007ffb57030000 - 0x00007ffb57057000 	C:\WINDOWS\System32\win32u.dll
0x00007ffb59970000 - 0x00007ffb5999a000 	C:\WINDOWS\System32\GDI32.dll
0x00007ffb56c40000 - 0x00007ffb56d71000 	C:\WINDOWS\System32\gdi32full.dll
0x00007ffb56d80000 - 0x00007ffb56e23000 	C:\WINDOWS\System32\msvcp_win.dll
0x00007ffb581e0000 - 0x00007ffb58289000 	C:\WINDOWS\System32\msvcrt.dll
0x00007ffb597c0000 - 0x00007ffb597ef000 	C:\WINDOWS\System32\IMM32.DLL
0x00007ffb29370000 - 0x00007ffb2937c000 	c:\Users\Papa Omar\.windsurf\extensions\redhat.java-1.41.1-win32-x64\jre\21.0.6-win32-x86_64\bin\vcruntime140_1.dll
0x00007ffab8cf0000 - 0x00007ffab8d7d000 	c:\Users\Papa Omar\.windsurf\extensions\redhat.java-1.41.1-win32-x64\jre\21.0.6-win32-x86_64\bin\msvcp140.dll
0x00007ffa62180000 - 0x00007ffa62f10000 	c:\Users\Papa Omar\.windsurf\extensions\redhat.java-1.41.1-win32-x64\jre\21.0.6-win32-x86_64\bin\server\jvm.dll
0x00007ffb59650000 - 0x00007ffb59703000 	C:\WINDOWS\System32\ADVAPI32.dll
0x00007ffb595a0000 - 0x00007ffb59646000 	C:\WINDOWS\System32\sechost.dll
0x00007ffb59850000 - 0x00007ffb59966000 	C:\WINDOWS\System32\RPCRT4.dll
0x00007ffb58da0000 - 0x00007ffb58e14000 	C:\WINDOWS\System32\WS2_32.dll
0x00007ffb56130000 - 0x00007ffb5618e000 	C:\WINDOWS\SYSTEM32\POWRPROF.dll
0x00007ffb3d1d0000 - 0x00007ffb3d206000 	C:\WINDOWS\SYSTEM32\WINMM.dll
0x00007ffb4c540000 - 0x00007ffb4c54b000 	C:\WINDOWS\SYSTEM32\VERSION.dll
0x00007ffb56110000 - 0x00007ffb56124000 	C:\WINDOWS\SYSTEM32\UMPDC.dll
0x00007ffb55a30000 - 0x00007ffb55a4a000 	C:\WINDOWS\SYSTEM32\kernel.appcore.dll
0x00007ffb27760000 - 0x00007ffb2776a000 	c:\Users\Papa Omar\.windsurf\extensions\redhat.java-1.41.1-win32-x64\jre\21.0.6-win32-x86_64\bin\jimage.dll
0x00007ffb51240000 - 0x00007ffb51481000 	C:\WINDOWS\SYSTEM32\DBGHELP.DLL
0x00007ffb58290000 - 0x00007ffb58613000 	C:\WINDOWS\System32\combase.dll
0x00007ffb58e20000 - 0x00007ffb58ef6000 	C:\WINDOWS\System32\OLEAUT32.dll
0x00007ffb39450000 - 0x00007ffb39489000 	C:\WINDOWS\SYSTEM32\dbgcore.DLL
0x00007ffb57700000 - 0x00007ffb57799000 	C:\WINDOWS\System32\bcryptPrimitives.dll
0x00007ffb24a50000 - 0x00007ffb24a5f000 	c:\Users\Papa Omar\.windsurf\extensions\redhat.java-1.41.1-win32-x64\jre\21.0.6-win32-x86_64\bin\instrument.dll
0x00007ffb1a3a0000 - 0x00007ffb1a3bf000 	c:\Users\Papa Omar\.windsurf\extensions\redhat.java-1.41.1-win32-x64\jre\21.0.6-win32-x86_64\bin\java.dll
0x00007ffb58620000 - 0x00007ffb58d49000 	C:\WINDOWS\System32\SHELL32.dll
0x00007ffb56e30000 - 0x00007ffb56f98000 	C:\WINDOWS\System32\wintypes.dll
0x00007ffb548c0000 - 0x00007ffb55112000 	C:\WINDOWS\SYSTEM32\windows.storage.dll
0x00007ffb59320000 - 0x00007ffb5940d000 	C:\WINDOWS\System32\SHCORE.dll
0x00007ffb57860000 - 0x00007ffb578c4000 	C:\WINDOWS\System32\shlwapi.dll
0x00007ffb56b50000 - 0x00007ffb56b7f000 	C:\WINDOWS\SYSTEM32\profapi.dll
0x00007ffae6550000 - 0x00007ffae6568000 	c:\Users\Papa Omar\.windsurf\extensions\redhat.java-1.41.1-win32-x64\jre\21.0.6-win32-x86_64\bin\zip.dll
0x00007ffb22610000 - 0x00007ffb22620000 	C:\Users\Papa Omar\.windsurf\extensions\redhat.java-1.41.1-win32-x64\jre\21.0.6-win32-x86_64\bin\net.dll
0x00007ffb49900000 - 0x00007ffb49a1d000 	C:\WINDOWS\SYSTEM32\WINHTTP.dll
0x00007ffb55fe0000 - 0x00007ffb5604a000 	C:\WINDOWS\system32\mswsock.dll
0x00007ffaee890000 - 0x00007ffaee8a6000 	C:\Users\Papa Omar\.windsurf\extensions\redhat.java-1.41.1-win32-x64\jre\21.0.6-win32-x86_64\bin\nio.dll
0x00007ffb1fda0000 - 0x00007ffb1fdb0000 	c:\Users\Papa Omar\.windsurf\extensions\redhat.java-1.41.1-win32-x64\jre\21.0.6-win32-x86_64\bin\verify.dll
0x00007ffacd120000 - 0x00007ffacd165000 	C:\Users\Papa Omar\AppData\Roaming\Windsurf\User\globalStorage\redhat.java\1.41.1\config_win\org.eclipse.equinox.launcher\org.eclipse.equinox.launcher.win32.win32.x86_64_1.2.1300.v20250331-1702\eclipse_11911.dll
0x00007ffb58040000 - 0x00007ffb581d6000 	C:\WINDOWS\System32\ole32.dll
0x00007ffb56330000 - 0x00007ffb5634c000 	C:\WINDOWS\SYSTEM32\CRYPTSP.dll
0x00007ffb55980000 - 0x00007ffb559ba000 	C:\WINDOWS\system32\rsaenh.dll
0x00007ffb56080000 - 0x00007ffb560ab000 	C:\WINDOWS\SYSTEM32\USERENV.dll
0x00007ffb56570000 - 0x00007ffb56596000 	C:\WINDOWS\SYSTEM32\bcrypt.dll
0x00007ffb56350000 - 0x00007ffb5635c000 	C:\WINDOWS\SYSTEM32\CRYPTBASE.dll
0x00007ffb55430000 - 0x00007ffb55463000 	C:\WINDOWS\SYSTEM32\IPHLPAPI.DLL
0x00007ffb59800000 - 0x00007ffb5980a000 	C:\WINDOWS\System32\NSI.dll
0x00007ffb33130000 - 0x00007ffb33179000 	C:\Users\Papa Omar\AppData\Local\Temp\jna-2111647821\jna2940925902007889910.dll
0x00007ffb59840000 - 0x00007ffb59848000 	C:\WINDOWS\System32\PSAPI.DLL
0x00007ffb498b0000 - 0x00007ffb498cf000 	C:\WINDOWS\SYSTEM32\dhcpcsvc6.DLL
0x00007ffb49860000 - 0x00007ffb49885000 	C:\WINDOWS\SYSTEM32\dhcpcsvc.DLL

dbghelp: loaded successfully - version: 4.0.5 - missing functions: none
symbol engine: initialized successfully - sym options: 0x614 - pdb path: .;c:\Users\Papa Omar\.windsurf\extensions\redhat.java-1.41.1-win32-x64\jre\21.0.6-win32-x86_64\bin;C:\WINDOWS\SYSTEM32;C:\WINDOWS\WinSxS\amd64_microsoft.windows.common-controls_6595b64144ccf1df_6.0.26100.3624_none_3e086962e3345f24;c:\Users\Papa Omar\.windsurf\extensions\redhat.java-1.41.1-win32-x64\jre\21.0.6-win32-x86_64\bin\server;C:\Users\Papa Omar\AppData\Roaming\Windsurf\User\globalStorage\redhat.java\1.41.1\config_win\org.eclipse.equinox.launcher\org.eclipse.equinox.launcher.win32.win32.x86_64_1.2.1300.v20250331-1702;C:\Users\Papa Omar\AppData\Local\Temp\jna-2111647821

VM Arguments:
jvm_args: --add-modules=ALL-SYSTEM --add-opens=java.base/java.util=ALL-UNNAMED --add-opens=java.base/java.lang=ALL-UNNAMED --add-opens=java.base/sun.nio.fs=ALL-UNNAMED -Declipse.application=org.eclipse.jdt.ls.core.id1 -Dosgi.bundles.defaultStartLevel=4 -Declipse.product=org.eclipse.jdt.ls.core.product -Djava.import.generatesMetadataFilesAtProjectRoot=false -DDetectVMInstallationsJob.disabled=true -Dfile.encoding=utf8 -XX:+UseParallelGC -XX:GCTimeRatio=4 -XX:AdaptiveSizePolicyWeight=90 -Dsun.zip.disableMemoryMapping=true -Xmx1G -Xms100m -Xlog:disable -javaagent:c:\Users\Papa Omar\.windsurf\extensions\redhat.java-1.41.1-win32-x64\lombok\lombok-1.18.36.jar -XX:+HeapDumpOnOutOfMemoryError -XX:HeapDumpPath=c:\Users\Papa Omar\AppData\Roaming\Windsurf\User\workspaceStorage\4b626ede8af95319149a36f51a9c1459\redhat.java -Daether.dependencyCollector.impl=bf 
java_command: c:\Users\Papa Omar\.windsurf\extensions\redhat.java-1.41.1-win32-x64\server\plugins\org.eclipse.equinox.launcher_1.7.0.v20250331-1702.jar -configuration c:\Users\Papa Omar\AppData\Roaming\Windsurf\User\globalStorage\redhat.java\1.41.1\config_win -data c:\Users\Papa Omar\AppData\Roaming\Windsurf\User\workspaceStorage\4b626ede8af95319149a36f51a9c1459\redhat.java\jdt_ws --pipe=\\.\pipe\lsp-f60dfb53db6a8d0506be0c9469ddd781-sock
java_class_path (initial): c:\Users\Papa Omar\.windsurf\extensions\redhat.java-1.41.1-win32-x64\server\plugins\org.eclipse.equinox.launcher_1.7.0.v20250331-1702.jar
Launcher Type: SUN_STANDARD

[Global flags]
    uintx AdaptiveSizePolicyWeight                 = 90                                        {product} {command line}
     intx CICompilerCount                          = 4                                         {product} {ergonomic}
    uintx GCTimeRatio                              = 4                                         {product} {command line}
     bool HeapDumpOnOutOfMemoryError               = true                                   {manageable} {command line}
    ccstr HeapDumpPath                             = c:\Users\Papa Omar\AppData\Roaming\Windsurf\User\workspaceStorage\4b626ede8af95319149a36f51a9c1459\redhat.java         {manageable} {command line}
   size_t InitialHeapSize                          = 104857600                                 {product} {command line}
   size_t MaxHeapSize                              = 1073741824                                {product} {command line}
   size_t MaxNewSize                               = 357564416                                 {product} {ergonomic}
   size_t MinHeapDeltaBytes                        = 524288                                    {product} {ergonomic}
   size_t MinHeapSize                              = 104857600                                 {product} {command line}
   size_t NewSize                                  = 34603008                                  {product} {ergonomic}
    uintx NonNMethodCodeHeapSize                   = 5839372                                {pd product} {ergonomic}
    uintx NonProfiledCodeHeapSize                  = 122909434                              {pd product} {ergonomic}
   size_t OldSize                                  = 70254592                                  {product} {ergonomic}
    uintx ProfiledCodeHeapSize                     = 122909434                              {pd product} {ergonomic}
    uintx ReservedCodeCacheSize                    = 251658240                              {pd product} {ergonomic}
     bool SegmentedCodeCache                       = true                                      {product} {ergonomic}
   size_t SoftMaxHeapSize                          = 1073741824                             {manageable} {ergonomic}
     bool UseCompressedOops                        = true                           {product lp64_product} {ergonomic}
     bool UseLargePagesIndividualAllocation        = false                                  {pd product} {ergonomic}
     bool UseParallelGC                            = true                                      {product} {command line}

Logging:
Log output configuration:
 #0: stdout all=off uptime,level,tags foldmultilines=false
 #1: stderr all=off uptime,level,tags foldmultilines=false

Environment Variables:
JAVA_HOME=C:\Program Files\Java\jdk-17.0.12
PATH=C:\Program Files\Common Files\Oracle\Java\javapath;C:\app\product\11.2.0\dbhome_1\bin;C:\Program Files\Java\jdk-21\bin;C:\Users\Papa Omar\AppData\Local\Programs\Microsoft VS Code\bin;C:\Program Files\Git\cmd;C:\mastermind\WinCaml7\ocaml\bin;C:\Users\Papa Omar\AppData\Roaming\nvm;C:\Program Files\nodejs;C:\ProgramData\chocolatey\bin;C:\wamp64\bin\php\php7.4.33;C:\ProgramData\ComposerSetup\bin;%JAVA_HOME%\bin;C:\Program Files\Apache\maven\bin;C:\Program Files\gradle-8.9\bin;C:\Program Files\Java\jdk-17.0.12\bin;C:\Program Files\MongoDB\Server\7.0\bin;C:\Program Files\MongoDB\mongosh-2.2.15-win32-x64\mongosh-2.2.15-win32-x64\bin;C:\app\product\11.2.0\dbhome_1\bin;C:\Windows\System32;;C:\WINDOWS\system32;C:\WINDOWS;C:\WINDOWS\System32\Wbem;C:\WINDOWS\System32\WindowsPowerShell\v1.0\;C:\WINDOWS\System32\OpenSSH\;C:\Program Files\nodejs\;C:\Users\Papa Omar\AppData\Local\Programs\Python\Python312\Scripts\;C:\Users\Papa Omar\AppData\Local\Programs\Python\Python312\;C:\Users\Papa Omar\AppData\Local\Programs\Python\Python310\Scripts\;C:\Users\Papa Omar\AppData\Local\Programs\Python\Python310\;C:\Program Files\Java\jdk-21\bin;C:\Users\Papa Omar\AppData\Local\Programs\Microsoft VS Code\bin;C:\Users\Papa Omar\AppData\Roaming\nvm;C:\Program Files\nodejs;C:\Users\Papa Omar\AppData\Roaming\Composer\vendor\bin;C:\Users\Papa Omar\AppData\Local\Microsoft\WindowsApps;C:\Users\Papa Omar\Desktop\apache-activemq-6.1.5-bin\apache-activemq-6.1.5\bin;C:\Users\Papa Omar\AppData\Roaming\npm;C:\Users\Papa Omar\AppData\Local\Programs\Windsurf\bin
USERNAME=Papa Omar
OS=Windows_NT
PROCESSOR_IDENTIFIER=Intel64 Family 6 Model 158 Stepping 10, GenuineIntel
TMP=C:\Users\PAPAOM~1\AppData\Local\Temp
TEMP=C:\Users\PAPAOM~1\AppData\Local\Temp




Periodic native trim disabled

---------------  S Y S T E M  ---------------

OS:
 Windows 11 , 64 bit Build 26100 (10.0.26100.3624)
OS uptime: 5 days 0:12 hours
Hyper-V role detected

CPU: total 8 (initial active 8) (4 cores per cpu, 2 threads per core) family 6 model 158 stepping 10 microcode 0xde, cx8, cmov, fxsr, ht, mmx, 3dnowpref, sse, sse2, sse3, ssse3, sse4.1, sse4.2, popcnt, lzcnt, tsc, tscinvbit, avx, avx2, aes, erms, clmul, bmi1, bmi2, adx, fma, vzeroupper, clflush, clflushopt, hv, rdtscp, f16c
Processor Information for the first 8 processors :
  Max Mhz: 2400, Current Mhz: 2400, Mhz Limit: 2400

Memory: 4k page, system-wide physical 8029M (356M free)
TotalPageFile size 32605M (AvailPageFile size 43M)
current process WorkingSet (physical memory assigned to process): 479M, peak: 479M
current process commit charge ("private bytes"): 468M, peak: 468M

vm_info: OpenJDK 64-Bit Server VM (21.0.6+7-LTS) for windows-amd64 JRE (21.0.6+7-LTS), built on 2025-01-21T00:00:00Z by "admin" with MS VC++ 17.7 (VS2022)

END.
