#
# There is insufficient memory for the Java Runtime Environment to continue.
# Native memory allocation (malloc) failed to allocate 1873008 bytes. Error detail: Chunk::new
# Possible reasons:
#   The system is out of physical RAM or swap space
#   This process is running with CompressedOops enabled, and the Java Heap may be blocking the growth of the native heap
# Possible solutions:
#   Reduce memory load on the system
#   Increase physical memory or swap space
#   Check if swap backing store is full
#   Decrease Java heap size (-Xmx/-Xms)
#   Decrease number of Java threads
#   Decrease Java thread stack sizes (-Xss)
#   Set larger code cache with -XX:ReservedCodeCacheSize=
#   JVM is running with Unscaled Compressed Oops mode in which the Java heap is
#     placed in the first 4GB address space. The Java Heap base address is the
#     maximum limit for the native heap growth. Please use -XX:HeapBaseMinAddress
#     to set the Java Heap base and to place the Java Heap above 4GB virtual address.
# This output file may be truncated or incomplete.
#
#  Out of Memory Error (arena.cpp:168), pid=30440, tid=30944
#
# JRE version: OpenJDK Runtime Environment Temurin-21.0.6+7 (21.0.6+7) (build 21.0.6+7-LTS)
# Java VM: OpenJDK 64-Bit Server VM Temurin-21.0.6+7 (21.0.6+7-LTS, mixed mode, sharing, tiered, compressed oops, compressed class ptrs, parallel gc, windows-amd64)
# No core dump will be written. Minidumps are not enabled by default on client versions of Windows
#

---------------  S U M M A R Y ------------

Command Line: --add-modules=ALL-SYSTEM --add-opens=java.base/java.util=ALL-UNNAMED --add-opens=java.base/java.lang=ALL-UNNAMED --add-opens=java.base/sun.nio.fs=ALL-UNNAMED -Declipse.application=org.eclipse.jdt.ls.core.id1 -Dosgi.bundles.defaultStartLevel=4 -Declipse.product=org.eclipse.jdt.ls.core.product -Djava.import.generatesMetadataFilesAtProjectRoot=false -DDetectVMInstallationsJob.disabled=true -Dfile.encoding=utf8 -XX:+UseParallelGC -XX:GCTimeRatio=4 -XX:AdaptiveSizePolicyWeight=90 -Dsun.zip.disableMemoryMapping=true -Xmx1G -Xms100m -Xlog:disable -javaagent:c:\Users\Papa Omar\.windsurf\extensions\redhat.java-1.41.1-win32-x64\lombok\lombok-1.18.36.jar -XX:+HeapDumpOnOutOfMemoryError -XX:HeapDumpPath=c:\Users\Papa Omar\AppData\Roaming\Windsurf\User\workspaceStorage\4b626ede8af95319149a36f51a9c1459\redhat.java -Daether.dependencyCollector.impl=bf c:\Users\Papa Omar\.windsurf\extensions\redhat.java-1.41.1-win32-x64\server\plugins\org.eclipse.equinox.launcher_1.7.0.v20250331-1702.jar -configuration c:\Users\Papa Omar\AppData\Roaming\Windsurf\User\globalStorage\redhat.java\1.41.1\config_win -data c:\Users\Papa Omar\AppData\Roaming\Windsurf\User\workspaceStorage\4b626ede8af95319149a36f51a9c1459\redhat.java\jdt_ws --pipe=\\.\pipe\lsp-1495ae8c2863749d51c11ed6017893e4-sock

Host: Intel(R) Core(TM) i5-9300H CPU @ 2.40GHz, 8 cores, 7G,  Windows 11 , 64 bit Build 26100 (10.0.26100.3624)
Time: Sat Apr  5 21:09:02 2025 Greenwich elapsed time: 23.140182 seconds (0d 0h 0m 23s)

---------------  T H R E A D  ---------------

Current thread (0x000001f2e2020c00):  JavaThread "C2 CompilerThread0" daemon [_thread_in_native, id=30944, stack(0x000000d740f00000,0x000000d741000000) (1024K)]


Current CompileTask:
C2:23140 12463   !   4       org.eclipse.jdt.internal.core.index.DiskIndex::mergeWith (623 bytes)

Stack: [0x000000d740f00000,0x000000d741000000]
Native frames: (J=compiled Java code, j=interpreted, Vv=VM code, C=native code)
V  [jvm.dll+0x6cdee9]
V  [jvm.dll+0x8a83d1]
V  [jvm.dll+0x8aa8fe]
V  [jvm.dll+0x8aafe3]
V  [jvm.dll+0x27f706]
V  [jvm.dll+0xc500d]
V  [jvm.dll+0xc5543]
V  [jvm.dll+0x3b678c]
V  [jvm.dll+0x1e0009]
V  [jvm.dll+0x247b42]
V  [jvm.dll+0x246fcf]
V  [jvm.dll+0x1c75ee]
V  [jvm.dll+0x25685a]
V  [jvm.dll+0x254dfa]
V  [jvm.dll+0x3f0256]
V  [jvm.dll+0x851f8b]
V  [jvm.dll+0x6cc5ed]
C  [ucrtbase.dll+0x37b0]
C  [KERNEL32.DLL+0x2e8d7]
C  [ntdll.dll+0xb14fc]


---------------  P R O C E S S  ---------------

Threads class SMR info:
_java_thread_list=0x000001f2e4db7bf0, length=59, elements={
0x000001f2c7fad6f0, 0x000001f2c806da10, 0x000001f2c806e560, 0x000001f2dc3671c0,
0x000001f2dc367e10, 0x000001f2dc373cf0, 0x000001f2dc380350, 0x000001f2e2020c00,
0x000001f2e2021690, 0x000001f2e20d7f60, 0x000001f2e231e610, 0x000001f2e2346d40,
0x000001f2e275f4a0, 0x000001f2e2d1f6f0, 0x000001f2e273fe70, 0x000001f2e2cee7f0,
0x000001f2e2627720, 0x000001f2e3465a90, 0x000001f2e2015630, 0x000001f2e35c13d0,
0x000001f2e35c1a60, 0x000001f2e35c20f0, 0x000001f2e35c06b0, 0x000001f2e35bf990,
0x000001f2e35c0020, 0x000001f2e35bec70, 0x000001f2e35c0d40, 0x000001f2e35bf300,
0x000001f2e3f13550, 0x000001f2e3f10760, 0x000001f2e3f10df0, 0x000001f2e3f11480,
0x000001f2e3f12ec0, 0x000001f2e3f11b10, 0x000001f2e3f12830, 0x000001f2e3f121a0,
0x000001f2e3f100d0, 0x000001f2e3f14900, 0x000001f2e3f15620, 0x000001f2e3f14f90,
0x000001f2e3f13be0, 0x000001f2e3f14270, 0x000001f2e3f15cb0, 0x000001f2e3f17060,
0x000001f2e3f16340, 0x000001f2e3f169d0, 0x000001f2e3f176f0, 0x000001f2e467efd0,
0x000001f2e467fcf0, 0x000001f2e467dc20, 0x000001f2e467e2b0, 0x000001f2e467c870,
0x000001f2e467f660, 0x000001f2e4680380, 0x000001f2e467e940, 0x000001f2e467cf00,
0x000001f2e4680a10, 0x000001f2e467d590, 0x000001f2e4683e90
}

Java Threads: ( => current thread )
  0x000001f2c7fad6f0 JavaThread "main"                              [_thread_blocked, id=30300, stack(0x000000d740500000,0x000000d740600000) (1024K)]
  0x000001f2c806da10 JavaThread "Reference Handler"          daemon [_thread_blocked, id=28048, stack(0x000000d740900000,0x000000d740a00000) (1024K)]
  0x000001f2c806e560 JavaThread "Finalizer"                  daemon [_thread_blocked, id=19644, stack(0x000000d740a00000,0x000000d740b00000) (1024K)]
  0x000001f2dc3671c0 JavaThread "Signal Dispatcher"          daemon [_thread_blocked, id=11700, stack(0x000000d740b00000,0x000000d740c00000) (1024K)]
  0x000001f2dc367e10 JavaThread "Attach Listener"            daemon [_thread_blocked, id=21480, stack(0x000000d740c00000,0x000000d740d00000) (1024K)]
  0x000001f2dc373cf0 JavaThread "Service Thread"             daemon [_thread_blocked, id=18936, stack(0x000000d740d00000,0x000000d740e00000) (1024K)]
  0x000001f2dc380350 JavaThread "Monitor Deflation Thread"   daemon [_thread_blocked, id=30296, stack(0x000000d740e00000,0x000000d740f00000) (1024K)]
=>0x000001f2e2020c00 JavaThread "C2 CompilerThread0"         daemon [_thread_in_native, id=30944, stack(0x000000d740f00000,0x000000d741000000) (1024K)]
  0x000001f2e2021690 JavaThread "C1 CompilerThread0"         daemon [_thread_blocked, id=13372, stack(0x000000d741000000,0x000000d741100000) (1024K)]
  0x000001f2e20d7f60 JavaThread "Common-Cleaner"             daemon [_thread_blocked, id=10252, stack(0x000000d741100000,0x000000d741200000) (1024K)]
  0x000001f2e231e610 JavaThread "Notification Thread"        daemon [_thread_blocked, id=25748, stack(0x000000d741300000,0x000000d741400000) (1024K)]
  0x000001f2e2346d40 JavaThread "Active Thread: Equinox Container: dc488321-4b60-4188-9b6d-98822c4a9f39"        [_thread_blocked, id=7732, stack(0x000000d741b00000,0x000000d741c00000) (1024K)]
  0x000001f2e275f4a0 JavaThread "Refresh Thread: Equinox Container: dc488321-4b60-4188-9b6d-98822c4a9f39" daemon [_thread_blocked, id=25184, stack(0x000000d741c00000,0x000000d741d00000) (1024K)]
  0x000001f2e2d1f6f0 JavaThread "Framework Event Dispatcher: Equinox Container: dc488321-4b60-4188-9b6d-98822c4a9f39" daemon [_thread_blocked, id=31396, stack(0x000000d741e00000,0x000000d741f00000) (1024K)]
  0x000001f2e273fe70 JavaThread "Start Level: Equinox Container: dc488321-4b60-4188-9b6d-98822c4a9f39" daemon [_thread_blocked, id=17756, stack(0x000000d741f00000,0x000000d742000000) (1024K)]
  0x000001f2e2cee7f0 JavaThread "Bundle File Closer"         daemon [_thread_blocked, id=29964, stack(0x000000d742000000,0x000000d742100000) (1024K)]
  0x000001f2e2627720 JavaThread "SCR Component Actor"        daemon [_thread_blocked, id=13284, stack(0x000000d742100000,0x000000d742200000) (1024K)]
  0x000001f2e3465a90 JavaThread "Worker-JM"                         [_thread_blocked, id=29420, stack(0x000000d742300000,0x000000d742400000) (1024K)]
  0x000001f2e2015630 JavaThread "JNA Cleaner"                daemon [_thread_blocked, id=16480, stack(0x000000d741400000,0x000000d741500000) (1024K)]
  0x000001f2e35c13d0 JavaThread "Worker-0"                          [_thread_blocked, id=30668, stack(0x000000d742400000,0x000000d742500000) (1024K)]
  0x000001f2e35c1a60 JavaThread "Worker-1"                          [_thread_blocked, id=14120, stack(0x000000d742500000,0x000000d742600000) (1024K)]
  0x000001f2e35c20f0 JavaThread "Java indexing"              daemon [_thread_in_native, id=31220, stack(0x000000d742700000,0x000000d742800000) (1024K)]
  0x000001f2e35c06b0 JavaThread "Worker-2: Check JDK Index"         [_thread_blocked, id=4064, stack(0x000000d742a00000,0x000000d742b00000) (1024K)]
  0x000001f2e35bf990 JavaThread "Worker-3: Java indexing... "        [_thread_blocked, id=11000, stack(0x000000d742b00000,0x000000d742c00000) (1024K)]
  0x000001f2e35c0020 JavaThread "Thread-2"                   daemon [_thread_in_native, id=12640, stack(0x000000d742c00000,0x000000d742d00000) (1024K)]
  0x000001f2e35bec70 JavaThread "Thread-3"                   daemon [_thread_in_native, id=23044, stack(0x000000d742d00000,0x000000d742e00000) (1024K)]
  0x000001f2e35c0d40 JavaThread "Thread-4"                   daemon [_thread_in_native, id=25476, stack(0x000000d742e00000,0x000000d742f00000) (1024K)]
  0x000001f2e35bf300 JavaThread "Thread-5"                   daemon [_thread_in_native, id=21028, stack(0x000000d742f00000,0x000000d743000000) (1024K)]
  0x000001f2e3f13550 JavaThread "Thread-6"                   daemon [_thread_in_native, id=31192, stack(0x000000d743000000,0x000000d743100000) (1024K)]
  0x000001f2e3f10760 JavaThread "Thread-7"                   daemon [_thread_in_native, id=19320, stack(0x000000d743100000,0x000000d743200000) (1024K)]
  0x000001f2e3f10df0 JavaThread "Thread-8"                   daemon [_thread_in_native, id=30348, stack(0x000000d743200000,0x000000d743300000) (1024K)]
  0x000001f2e3f11480 JavaThread "Thread-9"                   daemon [_thread_in_native, id=31116, stack(0x000000d743300000,0x000000d743400000) (1024K)]
  0x000001f2e3f12ec0 JavaThread "Thread-10"                  daemon [_thread_in_native, id=25768, stack(0x000000d743400000,0x000000d743500000) (1024K)]
  0x000001f2e3f11b10 JavaThread "pool-2-thread-1"                   [_thread_blocked, id=31320, stack(0x000000d743500000,0x000000d743600000) (1024K)]
  0x000001f2e3f12830 JavaThread "Worker-4"                          [_thread_blocked, id=12292, stack(0x000000d743600000,0x000000d743700000) (1024K)]
  0x000001f2e3f121a0 JavaThread "Worker-5"                          [_thread_blocked, id=25616, stack(0x000000d743700000,0x000000d743800000) (1024K)]
  0x000001f2e3f100d0 JavaThread "WorkspaceEventsHandler"            [_thread_blocked, id=3420, stack(0x000000d743800000,0x000000d743900000) (1024K)]
  0x000001f2e3f14900 JavaThread "pool-1-thread-1"                   [_thread_blocked, id=968, stack(0x000000d743900000,0x000000d743a00000) (1024K)]
  0x000001f2e3f15620 JavaThread "LocalFile Deleter"          daemon [_thread_blocked, id=17900, stack(0x000000d743a00000,0x000000d743b00000) (1024K)]
  0x000001f2e3f14f90 JavaThread "LocalFile Deleter"          daemon [_thread_blocked, id=15224, stack(0x000000d743b00000,0x000000d743c00000) (1024K)]
  0x000001f2e3f13be0 JavaThread "LocalFile Deleter"          daemon [_thread_blocked, id=19276, stack(0x000000d743c00000,0x000000d743d00000) (1024K)]
  0x000001f2e3f14270 JavaThread "LocalFile Deleter"          daemon [_thread_blocked, id=7396, stack(0x000000d743d00000,0x000000d743e00000) (1024K)]
  0x000001f2e3f15cb0 JavaThread "LocalFile Deleter"          daemon [_thread_blocked, id=22224, stack(0x000000d743e00000,0x000000d743f00000) (1024K)]
  0x000001f2e3f17060 JavaThread "LocalFile Deleter"          daemon [_thread_blocked, id=28856, stack(0x000000d743f00000,0x000000d744000000) (1024K)]
  0x000001f2e3f16340 JavaThread "LocalFile Deleter"          daemon [_thread_blocked, id=11904, stack(0x000000d744000000,0x000000d744100000) (1024K)]
  0x000001f2e3f169d0 JavaThread "LocalFile Deleter"          daemon [_thread_blocked, id=28204, stack(0x000000d744100000,0x000000d744200000) (1024K)]
  0x000001f2e3f176f0 JavaThread "Compiler Source File Reader" daemon [_thread_blocked, id=28464, stack(0x000000d744200000,0x000000d744300000) (1024K)]
  0x000001f2e467efd0 JavaThread "Compiler Source File Reader" daemon [_thread_blocked, id=26360, stack(0x000000d744300000,0x000000d744400000) (1024K)]
  0x000001f2e467fcf0 JavaThread "Compiler Source File Reader" daemon [_thread_blocked, id=20532, stack(0x000000d744400000,0x000000d744500000) (1024K)]
  0x000001f2e467dc20 JavaThread "Compiler Source File Reader" daemon [_thread_blocked, id=2384, stack(0x000000d744500000,0x000000d744600000) (1024K)]
  0x000001f2e467e2b0 JavaThread "Compiler Source File Reader" daemon [_thread_blocked, id=7864, stack(0x000000d744600000,0x000000d744700000) (1024K)]
  0x000001f2e467c870 JavaThread "Compiler Source File Reader" daemon [_thread_blocked, id=30608, stack(0x000000d744700000,0x000000d744800000) (1024K)]
  0x000001f2e467f660 JavaThread "Compiler Processing Task"   daemon [_thread_blocked, id=19708, stack(0x000000d742200000,0x000000d742300000) (1024K)]
  0x000001f2e4680380 JavaThread "Compiler Class File Writer" daemon [_thread_blocked, id=29348, stack(0x000000d744800000,0x000000d744900000) (1024K)]
  0x000001f2e467e940 JavaThread "Compiler Class File Writer" daemon [_thread_blocked, id=7384, stack(0x000000d744900000,0x000000d744a00000) (1024K)]
  0x000001f2e467cf00 JavaThread "Compiler Class File Writer" daemon [_thread_blocked, id=9572, stack(0x000000d744a00000,0x000000d744b00000) (1024K)]
  0x000001f2e4680a10 JavaThread "Compiler Class File Writer" daemon [_thread_blocked, id=6400, stack(0x000000d744b00000,0x000000d744c00000) (1024K)]
  0x000001f2e467d590 JavaThread "Compiler Class File Writer" daemon [_thread_blocked, id=30328, stack(0x000000d744c00000,0x000000d744d00000) (1024K)]
  0x000001f2e4683e90 JavaThread "Compiler Class File Writer" daemon [_thread_blocked, id=6768, stack(0x000000d744d00000,0x000000d744e00000) (1024K)]
Total: 59

Other Threads:
  0x000001f2c8050bc0 VMThread "VM Thread"                           [id=11048, stack(0x000000d740800000,0x000000d740900000) (1024K)]
  0x000001f2dc27ca00 WatcherThread "VM Periodic Task Thread"        [id=18352, stack(0x000000d740700000,0x000000d740800000) (1024K)]
  0x000001f2c7fcc7a0 WorkerThread "GC Thread#0"                     [id=21752, stack(0x000000d740600000,0x000000d740700000) (1024K)]
  0x000001f2e28d2fa0 WorkerThread "GC Thread#1"                     [id=14028, stack(0x000000d741500000,0x000000d741600000) (1024K)]
  0x000001f2e24fb710 WorkerThread "GC Thread#2"                     [id=16956, stack(0x000000d741600000,0x000000d741700000) (1024K)]
  0x000001f2e24fbab0 WorkerThread "GC Thread#3"                     [id=11980, stack(0x000000d741700000,0x000000d741800000) (1024K)]
  0x000001f2e28d3340 WorkerThread "GC Thread#4"                     [id=23056, stack(0x000000d741800000,0x000000d741900000) (1024K)]
  0x000001f2e28d36e0 WorkerThread "GC Thread#5"                     [id=30108, stack(0x000000d741900000,0x000000d741a00000) (1024K)]
  0x000001f2e28d3a80 WorkerThread "GC Thread#6"                     [id=3636, stack(0x000000d741a00000,0x000000d741b00000) (1024K)]
  0x000001f2e23a99d0 WorkerThread "GC Thread#7"                     [id=8124, stack(0x000000d741d00000,0x000000d741e00000) (1024K)]
Total: 10

Threads with active compile tasks:
C2 CompilerThread0  23180 12463   !   4       org.eclipse.jdt.internal.core.index.DiskIndex::mergeWith (623 bytes)
Total: 1

VM state: not at safepoint (normal execution)

VM Mutex/Monitor currently owned by a thread: None

Heap address: 0x00000000c0000000, size: 1024 MB, Compressed Oops mode: 32-bit

CDS archive(s) mapped at: [0x000001f280000000-0x000001f280ba0000-0x000001f280ba0000), size 12189696, SharedBaseAddress: 0x000001f280000000, ArchiveRelocationMode: 1.
Compressed class space mapped at: 0x000001f281000000-0x000001f2c1000000, reserved size: 1073741824
Narrow klass base: 0x000001f280000000, Narrow klass shift: 0, Narrow klass range: 0x100000000

GC Precious Log:
 CardTable entry size: 512
 CPUs: 8 total, 8 available
 Memory: 8029M
 Large Page Support: Disabled
 NUMA Support: Disabled
 Compressed Oops: Enabled (32-bit)
 Alignments: Space 512K, Generation 512K, Heap 2M
 Heap Min Capacity: 100M
 Heap Initial Capacity: 100M
 Heap Max Capacity: 1G
 Pre-touch: Disabled
 Parallel Workers: 8

Heap:
 PSYoungGen      total 6144K, used 4686K [0x00000000eab00000, 0x00000000eb200000, 0x0000000100000000)
  eden space 5120K, 76% used [0x00000000eab00000,0x00000000eaed5a58,0x00000000eb000000)
  from space 1024K, 74% used [0x00000000eb000000,0x00000000eb0be008,0x00000000eb100000)
  to   space 1024K, 0% used [0x00000000eb100000,0x00000000eb100000,0x00000000eb200000)
 ParOldGen       total 593920K, used 593897K [0x00000000c0000000, 0x00000000e4400000, 0x00000000eab00000)
  object space 593920K, 99% used [0x00000000c0000000,0x00000000e43fa748,0x00000000e4400000)
 Metaspace       used 64656K, committed 66176K, reserved 1114112K
  class space    used 6676K, committed 7360K, reserved 1048576K

Card table byte_map: [0x000001f2c7950000,0x000001f2c7b60000] _byte_map_base: 0x000001f2c7350000

Marking Bits: (ParMarkBitMap*) 0x00007ffa62e33260
 Begin Bits: [0x000001f2da1a0000, 0x000001f2db1a0000)
 End Bits:   [0x000001f2db1a0000, 0x000001f2dc1a0000)

Polling page: 0x000001f2c75b0000

Metaspace:

Usage:
  Non-class:     56.62 MB used.
      Class:      6.52 MB used.
       Both:     63.14 MB used.

Virtual space:
  Non-class space:       64.00 MB reserved,      57.44 MB ( 90%) committed,  1 nodes.
      Class space:        1.00 GB reserved,       7.19 MB ( <1%) committed,  1 nodes.
             Both:        1.06 GB reserved,      64.62 MB (  6%) committed. 

Chunk freelists:
   Non-Class:  6.53 MB
       Class:  8.83 MB
        Both:  15.36 MB

MaxMetaspaceSize: unlimited
CompressedClassSpaceSize: 1.00 GB
Initial GC threshold: 21.00 MB
Current GC threshold: 97.31 MB
CDS: on
 - commit_granule_bytes: 65536.
 - commit_granule_words: 8192.
 - virtual_space_node_default_size: 8388608.
 - enlarge_chunks_in_place: 1.
 - use_allocation_guard: 0.


Internal statistics:

num_allocs_failed_limit: 9.
num_arena_births: 1228.
num_arena_deaths: 14.
num_vsnodes_births: 2.
num_vsnodes_deaths: 0.
num_space_committed: 1034.
num_space_uncommitted: 0.
num_chunks_returned_to_freelist: 23.
num_chunks_taken_from_freelist: 4354.
num_chunk_merges: 14.
num_chunk_splits: 2664.
num_chunks_enlarged: 1457.
num_inconsistent_stats: 0.

CodeHeap 'non-profiled nmethods': size=120000Kb used=9054Kb max_used=9054Kb free=110945Kb
 bounds [0x000001f2d2c70000, 0x000001f2d3550000, 0x000001f2da1a0000]
CodeHeap 'profiled nmethods': size=120000Kb used=25781Kb max_used=25781Kb free=94219Kb
 bounds [0x000001f2cb1a0000, 0x000001f2ccad0000, 0x000001f2d26d0000]
CodeHeap 'non-nmethods': size=5760Kb used=1435Kb max_used=1542Kb free=4324Kb
 bounds [0x000001f2d26d0000, 0x000001f2d2940000, 0x000001f2d2c70000]
 total_blobs=12441 nmethods=11694 adapters=652
 compilation: enabled
              stopped_count=0, restarted_count=0
 full_count=0

Compilation events (20 events):
Event: 21.763 Thread 0x000001f2e2020c00 nmethod 12461 0x000001f2d353fd90 code [0x000001f2d35402e0, 0x000001f2d3543338]
Event: 21.763 Thread 0x000001f2e2020c00 12462       4       org.eclipse.jdt.internal.compiler.classfmt.AnnotationInfo::decodeDefaultValue (871 bytes)
Event: 21.799 Thread 0x000001f2e2020c00 nmethod 12462 0x000001f2d3543f90 code [0x000001f2d35443c0, 0x000001f2d3546570]
Event: 21.869 Thread 0x000001f2e2020c00 12463   !   4       org.eclipse.jdt.internal.core.index.DiskIndex::mergeWith (623 bytes)
Event: 21.944 Thread 0x000001f2e2021690 12465       3       java.lang.Math::min (45 bytes)
Event: 21.945 Thread 0x000001f2e2021690 nmethod 12465 0x000001f2ccac6b90 code [0x000001f2ccac6d40, 0x000001f2ccac7060]
Event: 21.945 Thread 0x000001f2e2021690 12466       3       org.eclipse.core.runtime.SubMonitor::newChild (194 bytes)
Event: 21.945 Thread 0x000001f2e2021690 nmethod 12466 0x000001f2ccac7110 code [0x000001f2ccac7340, 0x000001f2ccac7a20]
Event: 21.952 Thread 0x000001f2e2021690 12467       3       org.eclipse.jdt.ls.core.internal.handlers.ProgressReporterManager$ProgressReporter::sendProgress (78 bytes)
Event: 21.952 Thread 0x000001f2e2021690 nmethod 12467 0x000001f2ccac7c90 code [0x000001f2ccac7ea0, 0x000001f2ccac84f8]
Event: 21.955 Thread 0x000001f2e2021690 12468       3       java.io.FileOutputStream$1::close (11 bytes)
Event: 21.955 Thread 0x000001f2e2021690 nmethod 12468 0x000001f2ccac8710 code [0x000001f2ccac8900, 0x000001f2ccac8e18]
Event: 21.958 Thread 0x000001f2e2021690 12469  s    3       org.eclipse.core.internal.jobs.WorkerPool::jobQueued (69 bytes)
Event: 21.958 Thread 0x000001f2e2021690 nmethod 12469 0x000001f2ccac9010 code [0x000001f2ccac9260, 0x000001f2ccac99f8]
Event: 22.004 Thread 0x000001f2e2021690 12470   !   3       org.eclipse.jdt.internal.core.search.indexing.IndexNamesRegistry::save (255 bytes)
Event: 22.005 Thread 0x000001f2e2021690 nmethod 12470 0x000001f2ccac9c10 code [0x000001f2ccaca000, 0x000001f2ccacb890]
Event: 22.011 Thread 0x000001f2e2021690 12471  s    3       java.lang.Thread::setName (44 bytes)
Event: 22.011 Thread 0x000001f2e2021690 nmethod 12471 0x000001f2ccacc510 code [0x000001f2ccacc720, 0x000001f2ccaccd60]
Event: 23.031 Thread 0x000001f2e2021690 12472  s    3       org.eclipse.jdt.internal.core.search.processing.JobManager::isEnabled (11 bytes)
Event: 23.031 Thread 0x000001f2e2021690 nmethod 12472 0x000001f2ccaccf10 code [0x000001f2ccacd0c0, 0x000001f2ccacd330]

GC Heap History (20 events):
Event: 21.906 GC heap before
{Heap before GC invocations=845 (full 3):
 PSYoungGen      total 6144K, used 5964K [0x00000000eab00000, 0x00000000eb200000, 0x0000000100000000)
  eden space 5120K, 100% used [0x00000000eab00000,0x00000000eb000000,0x00000000eb000000)
  from space 1024K, 82% used [0x00000000eb000000,0x00000000eb0d3008,0x00000000eb100000)
  to   space 1024K, 0% used [0x00000000eb100000,0x00000000eb100000,0x00000000eb200000)
 ParOldGen       total 587264K, used 587143K [0x00000000c0000000, 0x00000000e3d80000, 0x00000000eab00000)
  object space 587264K, 99% used [0x00000000c0000000,0x00000000e3d61f78,0x00000000e3d80000)
 Metaspace       used 64648K, committed 66176K, reserved 1114112K
  class space    used 6676K, committed 7360K, reserved 1048576K
}
Event: 21.908 GC heap after
{Heap after GC invocations=845 (full 3):
 PSYoungGen      total 6144K, used 497K [0x00000000eab00000, 0x00000000eb200000, 0x0000000100000000)
  eden space 5120K, 0% used [0x00000000eab00000,0x00000000eab00000,0x00000000eb000000)
  from space 1024K, 48% used [0x00000000eb100000,0x00000000eb17c5c8,0x00000000eb200000)
  to   space 1024K, 0% used [0x00000000eb000000,0x00000000eb000000,0x00000000eb100000)
 ParOldGen       total 588288K, used 587921K [0x00000000c0000000, 0x00000000e3e80000, 0x00000000eab00000)
  object space 588288K, 99% used [0x00000000c0000000,0x00000000e3e24590,0x00000000e3e80000)
 Metaspace       used 64648K, committed 66176K, reserved 1114112K
  class space    used 6676K, committed 7360K, reserved 1048576K
}
Event: 21.918 GC heap before
{Heap before GC invocations=846 (full 3):
 PSYoungGen      total 6144K, used 5617K [0x00000000eab00000, 0x00000000eb200000, 0x0000000100000000)
  eden space 5120K, 100% used [0x00000000eab00000,0x00000000eb000000,0x00000000eb000000)
  from space 1024K, 48% used [0x00000000eb100000,0x00000000eb17c5c8,0x00000000eb200000)
  to   space 1024K, 0% used [0x00000000eb000000,0x00000000eb000000,0x00000000eb100000)
 ParOldGen       total 588288K, used 587921K [0x00000000c0000000, 0x00000000e3e80000, 0x00000000eab00000)
  object space 588288K, 99% used [0x00000000c0000000,0x00000000e3e24590,0x00000000e3e80000)
 Metaspace       used 64648K, committed 66176K, reserved 1114112K
  class space    used 6676K, committed 7360K, reserved 1048576K
}
Event: 21.920 GC heap after
{Heap after GC invocations=846 (full 3):
 PSYoungGen      total 6144K, used 699K [0x00000000eab00000, 0x00000000eb200000, 0x0000000100000000)
  eden space 5120K, 0% used [0x00000000eab00000,0x00000000eab00000,0x00000000eb000000)
  from space 1024K, 68% used [0x00000000eb000000,0x00000000eb0aec08,0x00000000eb100000)
  to   space 1024K, 0% used [0x00000000eb100000,0x00000000eb100000,0x00000000eb200000)
 ParOldGen       total 588800K, used 588362K [0x00000000c0000000, 0x00000000e3f00000, 0x00000000eab00000)
  object space 588800K, 99% used [0x00000000c0000000,0x00000000e3e92b58,0x00000000e3f00000)
 Metaspace       used 64648K, committed 66176K, reserved 1114112K
  class space    used 6676K, committed 7360K, reserved 1048576K
}
Event: 21.978 GC heap before
{Heap before GC invocations=847 (full 3):
 PSYoungGen      total 6144K, used 5819K [0x00000000eab00000, 0x00000000eb200000, 0x0000000100000000)
  eden space 5120K, 100% used [0x00000000eab00000,0x00000000eb000000,0x00000000eb000000)
  from space 1024K, 68% used [0x00000000eb000000,0x00000000eb0aec08,0x00000000eb100000)
  to   space 1024K, 0% used [0x00000000eb100000,0x00000000eb100000,0x00000000eb200000)
 ParOldGen       total 588800K, used 588362K [0x00000000c0000000, 0x00000000e3f00000, 0x00000000eab00000)
  object space 588800K, 99% used [0x00000000c0000000,0x00000000e3e92b58,0x00000000e3f00000)
 Metaspace       used 64650K, committed 66176K, reserved 1114112K
  class space    used 6676K, committed 7360K, reserved 1048576K
}
Event: 21.979 GC heap after
{Heap after GC invocations=847 (full 3):
 PSYoungGen      total 6144K, used 544K [0x00000000eab00000, 0x00000000eb200000, 0x0000000100000000)
  eden space 5120K, 0% used [0x00000000eab00000,0x00000000eab00000,0x00000000eb000000)
  from space 1024K, 53% used [0x00000000eb100000,0x00000000eb188000,0x00000000eb200000)
  to   space 1024K, 0% used [0x00000000eb000000,0x00000000eb000000,0x00000000eb100000)
 ParOldGen       total 589312K, used 588941K [0x00000000c0000000, 0x00000000e3f80000, 0x00000000eab00000)
  object space 589312K, 99% used [0x00000000c0000000,0x00000000e3f23760,0x00000000e3f80000)
 Metaspace       used 64650K, committed 66176K, reserved 1114112K
  class space    used 6676K, committed 7360K, reserved 1048576K
}
Event: 22.014 GC heap before
{Heap before GC invocations=848 (full 3):
 PSYoungGen      total 6144K, used 5664K [0x00000000eab00000, 0x00000000eb200000, 0x0000000100000000)
  eden space 5120K, 100% used [0x00000000eab00000,0x00000000eb000000,0x00000000eb000000)
  from space 1024K, 53% used [0x00000000eb100000,0x00000000eb188000,0x00000000eb200000)
  to   space 1024K, 0% used [0x00000000eb000000,0x00000000eb000000,0x00000000eb100000)
 ParOldGen       total 589312K, used 588941K [0x00000000c0000000, 0x00000000e3f80000, 0x00000000eab00000)
  object space 589312K, 99% used [0x00000000c0000000,0x00000000e3f23760,0x00000000e3f80000)
 Metaspace       used 64655K, committed 66176K, reserved 1114112K
  class space    used 6676K, committed 7360K, reserved 1048576K
}
Event: 22.016 GC heap after
{Heap after GC invocations=848 (full 3):
 PSYoungGen      total 6144K, used 502K [0x00000000eab00000, 0x00000000eb200000, 0x0000000100000000)
  eden space 5120K, 0% used [0x00000000eab00000,0x00000000eab00000,0x00000000eb000000)
  from space 1024K, 49% used [0x00000000eb000000,0x00000000eb07dac8,0x00000000eb100000)
  to   space 1024K, 0% used [0x00000000eb100000,0x00000000eb100000,0x00000000eb200000)
 ParOldGen       total 589824K, used 589325K [0x00000000c0000000, 0x00000000e4000000, 0x00000000eab00000)
  object space 589824K, 99% used [0x00000000c0000000,0x00000000e3f83760,0x00000000e4000000)
 Metaspace       used 64655K, committed 66176K, reserved 1114112K
  class space    used 6676K, committed 7360K, reserved 1048576K
}
Event: 22.025 GC heap before
{Heap before GC invocations=849 (full 3):
 PSYoungGen      total 6144K, used 5622K [0x00000000eab00000, 0x00000000eb200000, 0x0000000100000000)
  eden space 5120K, 100% used [0x00000000eab00000,0x00000000eb000000,0x00000000eb000000)
  from space 1024K, 49% used [0x00000000eb000000,0x00000000eb07dac8,0x00000000eb100000)
  to   space 1024K, 0% used [0x00000000eb100000,0x00000000eb100000,0x00000000eb200000)
 ParOldGen       total 589824K, used 589325K [0x00000000c0000000, 0x00000000e4000000, 0x00000000eab00000)
  object space 589824K, 99% used [0x00000000c0000000,0x00000000e3f83760,0x00000000e4000000)
 Metaspace       used 64655K, committed 66176K, reserved 1114112K
  class space    used 6676K, committed 7360K, reserved 1048576K
}
Event: 22.027 GC heap after
{Heap after GC invocations=849 (full 3):
 PSYoungGen      total 6144K, used 800K [0x00000000eab00000, 0x00000000eb200000, 0x0000000100000000)
  eden space 5120K, 0% used [0x00000000eab00000,0x00000000eab00000,0x00000000eb000000)
  from space 1024K, 78% used [0x00000000eb100000,0x00000000eb1c8000,0x00000000eb200000)
  to   space 1024K, 0% used [0x00000000eb000000,0x00000000eb000000,0x00000000eb100000)
 ParOldGen       total 589824K, used 589700K [0x00000000c0000000, 0x00000000e4000000, 0x00000000eab00000)
  object space 589824K, 99% used [0x00000000c0000000,0x00000000e3fe1228,0x00000000e4000000)
 Metaspace       used 64655K, committed 66176K, reserved 1114112K
  class space    used 6676K, committed 7360K, reserved 1048576K
}
Event: 22.038 GC heap before
{Heap before GC invocations=850 (full 3):
 PSYoungGen      total 6144K, used 5920K [0x00000000eab00000, 0x00000000eb200000, 0x0000000100000000)
  eden space 5120K, 100% used [0x00000000eab00000,0x00000000eb000000,0x00000000eb000000)
  from space 1024K, 78% used [0x00000000eb100000,0x00000000eb1c8000,0x00000000eb200000)
  to   space 1024K, 0% used [0x00000000eb000000,0x00000000eb000000,0x00000000eb100000)
 ParOldGen       total 589824K, used 589700K [0x00000000c0000000, 0x00000000e4000000, 0x00000000eab00000)
  object space 589824K, 99% used [0x00000000c0000000,0x00000000e3fe1228,0x00000000e4000000)
 Metaspace       used 64655K, committed 66176K, reserved 1114112K
  class space    used 6676K, committed 7360K, reserved 1048576K
}
Event: 22.040 GC heap after
{Heap after GC invocations=850 (full 3):
 PSYoungGen      total 6144K, used 758K [0x00000000eab00000, 0x00000000eb200000, 0x0000000100000000)
  eden space 5120K, 0% used [0x00000000eab00000,0x00000000eab00000,0x00000000eb000000)
  from space 1024K, 74% used [0x00000000eb000000,0x00000000eb0bd808,0x00000000eb100000)
  to   space 1024K, 0% used [0x00000000eb100000,0x00000000eb100000,0x00000000eb200000)
 ParOldGen       total 590848K, used 590340K [0x00000000c0000000, 0x00000000e4100000, 0x00000000eab00000)
  object space 590848K, 99% used [0x00000000c0000000,0x00000000e4081228,0x00000000e4100000)
 Metaspace       used 64655K, committed 66176K, reserved 1114112K
  class space    used 6676K, committed 7360K, reserved 1048576K
}
Event: 22.054 GC heap before
{Heap before GC invocations=851 (full 3):
 PSYoungGen      total 6144K, used 5878K [0x00000000eab00000, 0x00000000eb200000, 0x0000000100000000)
  eden space 5120K, 100% used [0x00000000eab00000,0x00000000eb000000,0x00000000eb000000)
  from space 1024K, 74% used [0x00000000eb000000,0x00000000eb0bd808,0x00000000eb100000)
  to   space 1024K, 0% used [0x00000000eb100000,0x00000000eb100000,0x00000000eb200000)
 ParOldGen       total 590848K, used 590340K [0x00000000c0000000, 0x00000000e4100000, 0x00000000eab00000)
  object space 590848K, 99% used [0x00000000c0000000,0x00000000e4081228,0x00000000e4100000)
 Metaspace       used 64655K, committed 66176K, reserved 1114112K
  class space    used 6676K, committed 7360K, reserved 1048576K
}
Event: 22.057 GC heap after
{Heap after GC invocations=851 (full 3):
 PSYoungGen      total 6144K, used 693K [0x00000000eab00000, 0x00000000eb200000, 0x0000000100000000)
  eden space 5120K, 0% used [0x00000000eab00000,0x00000000eab00000,0x00000000eb000000)
  from space 1024K, 67% used [0x00000000eb100000,0x00000000eb1ad650,0x00000000eb200000)
  to   space 1024K, 0% used [0x00000000eb000000,0x00000000eb000000,0x00000000eb100000)
 ParOldGen       total 591360K, used 591002K [0x00000000c0000000, 0x00000000e4180000, 0x00000000eab00000)
  object space 591360K, 99% used [0x00000000c0000000,0x00000000e4126a30,0x00000000e4180000)
 Metaspace       used 64655K, committed 66176K, reserved 1114112K
  class space    used 6676K, committed 7360K, reserved 1048576K
}
Event: 22.071 GC heap before
{Heap before GC invocations=852 (full 3):
 PSYoungGen      total 6144K, used 5813K [0x00000000eab00000, 0x00000000eb200000, 0x0000000100000000)
  eden space 5120K, 100% used [0x00000000eab00000,0x00000000eb000000,0x00000000eb000000)
  from space 1024K, 67% used [0x00000000eb100000,0x00000000eb1ad650,0x00000000eb200000)
  to   space 1024K, 0% used [0x00000000eb000000,0x00000000eb000000,0x00000000eb100000)
 ParOldGen       total 591360K, used 591002K [0x00000000c0000000, 0x00000000e4180000, 0x00000000eab00000)
  object space 591360K, 99% used [0x00000000c0000000,0x00000000e4126a30,0x00000000e4180000)
 Metaspace       used 64655K, committed 66176K, reserved 1114112K
  class space    used 6676K, committed 7360K, reserved 1048576K
}
Event: 22.073 GC heap after
{Heap after GC invocations=852 (full 3):
 PSYoungGen      total 6144K, used 844K [0x00000000eab00000, 0x00000000eb200000, 0x0000000100000000)
  eden space 5120K, 0% used [0x00000000eab00000,0x00000000eab00000,0x00000000eb000000)
  from space 1024K, 82% used [0x00000000eb000000,0x00000000eb0d3008,0x00000000eb100000)
  to   space 1024K, 0% used [0x00000000eb100000,0x00000000eb100000,0x00000000eb200000)
 ParOldGen       total 591872K, used 591554K [0x00000000c0000000, 0x00000000e4200000, 0x00000000eab00000)
  object space 591872K, 99% used [0x00000000c0000000,0x00000000e41b0a30,0x00000000e4200000)
 Metaspace       used 64655K, committed 66176K, reserved 1114112K
  class space    used 6676K, committed 7360K, reserved 1048576K
}
Event: 22.087 GC heap before
{Heap before GC invocations=853 (full 3):
 PSYoungGen      total 6144K, used 5964K [0x00000000eab00000, 0x00000000eb200000, 0x0000000100000000)
  eden space 5120K, 100% used [0x00000000eab00000,0x00000000eb000000,0x00000000eb000000)
  from space 1024K, 82% used [0x00000000eb000000,0x00000000eb0d3008,0x00000000eb100000)
  to   space 1024K, 0% used [0x00000000eb100000,0x00000000eb100000,0x00000000eb200000)
 ParOldGen       total 591872K, used 591554K [0x00000000c0000000, 0x00000000e4200000, 0x00000000eab00000)
  object space 591872K, 99% used [0x00000000c0000000,0x00000000e41b0a30,0x00000000e4200000)
 Metaspace       used 64655K, committed 66176K, reserved 1114112K
  class space    used 6676K, committed 7360K, reserved 1048576K
}
Event: 22.090 GC heap after
{Heap after GC invocations=853 (full 3):
 PSYoungGen      total 6144K, used 608K [0x00000000eab00000, 0x00000000eb200000, 0x0000000100000000)
  eden space 5120K, 0% used [0x00000000eab00000,0x00000000eab00000,0x00000000eb000000)
  from space 1024K, 59% used [0x00000000eb100000,0x00000000eb198000,0x00000000eb200000)
  to   space 1024K, 0% used [0x00000000eb000000,0x00000000eb000000,0x00000000eb100000)
 ParOldGen       total 592384K, used 592270K [0x00000000c0000000, 0x00000000e4280000, 0x00000000eab00000)
  object space 592384K, 99% used [0x00000000c0000000,0x00000000e4263a38,0x00000000e4280000)
 Metaspace       used 64655K, committed 66176K, reserved 1114112K
  class space    used 6676K, committed 7360K, reserved 1048576K
}
Event: 22.102 GC heap before
{Heap before GC invocations=854 (full 3):
 PSYoungGen      total 6144K, used 5728K [0x00000000eab00000, 0x00000000eb200000, 0x0000000100000000)
  eden space 5120K, 100% used [0x00000000eab00000,0x00000000eb000000,0x00000000eb000000)
  from space 1024K, 59% used [0x00000000eb100000,0x00000000eb198000,0x00000000eb200000)
  to   space 1024K, 0% used [0x00000000eb000000,0x00000000eb000000,0x00000000eb100000)
 ParOldGen       total 592384K, used 592270K [0x00000000c0000000, 0x00000000e4280000, 0x00000000eab00000)
  object space 592384K, 99% used [0x00000000c0000000,0x00000000e4263a38,0x00000000e4280000)
 Metaspace       used 64655K, committed 66176K, reserved 1114112K
  class space    used 6676K, committed 7360K, reserved 1048576K
}
Event: 22.105 GC heap after
{Heap after GC invocations=854 (full 3):
 PSYoungGen      total 6144K, used 704K [0x00000000eab00000, 0x00000000eb200000, 0x0000000100000000)
  eden space 5120K, 0% used [0x00000000eab00000,0x00000000eab00000,0x00000000eb000000)
  from space 1024K, 68% used [0x00000000eb000000,0x00000000eb0b0000,0x00000000eb100000)
  to   space 1024K, 0% used [0x00000000eb100000,0x00000000eb100000,0x00000000eb200000)
 ParOldGen       total 592896K, used 592790K [0x00000000c0000000, 0x00000000e4300000, 0x00000000eab00000)
  object space 592896K, 99% used [0x00000000c0000000,0x00000000e42e5a38,0x00000000e4300000)
 Metaspace       used 64655K, committed 66176K, reserved 1114112K
  class space    used 6676K, committed 7360K, reserved 1048576K
}

Dll operation events (10 events):
Event: 0.013 Loaded shared library c:\Users\Papa Omar\.windsurf\extensions\redhat.java-1.41.1-win32-x64\jre\21.0.6-win32-x86_64\bin\java.dll
Event: 0.084 Loaded shared library c:\Users\Papa Omar\.windsurf\extensions\redhat.java-1.41.1-win32-x64\jre\21.0.6-win32-x86_64\bin\zip.dll
Event: 0.108 Loaded shared library C:\Users\Papa Omar\.windsurf\extensions\redhat.java-1.41.1-win32-x64\jre\21.0.6-win32-x86_64\bin\instrument.dll
Event: 0.113 Loaded shared library C:\Users\Papa Omar\.windsurf\extensions\redhat.java-1.41.1-win32-x64\jre\21.0.6-win32-x86_64\bin\net.dll
Event: 0.115 Loaded shared library C:\Users\Papa Omar\.windsurf\extensions\redhat.java-1.41.1-win32-x64\jre\21.0.6-win32-x86_64\bin\nio.dll
Event: 0.118 Loaded shared library C:\Users\Papa Omar\.windsurf\extensions\redhat.java-1.41.1-win32-x64\jre\21.0.6-win32-x86_64\bin\zip.dll
Event: 0.139 Loaded shared library C:\Users\Papa Omar\.windsurf\extensions\redhat.java-1.41.1-win32-x64\jre\21.0.6-win32-x86_64\bin\jimage.dll
Event: 0.232 Loaded shared library c:\Users\Papa Omar\.windsurf\extensions\redhat.java-1.41.1-win32-x64\jre\21.0.6-win32-x86_64\bin\verify.dll
Event: 1.467 Loaded shared library C:\Users\Papa Omar\AppData\Roaming\Windsurf\User\globalStorage\redhat.java\1.41.1\config_win\org.eclipse.equinox.launcher\org.eclipse.equinox.launcher.win32.win32.x86_64_1.2.1300.v20250331-1702\eclipse_11911.dll
Event: 3.169 Loaded shared library C:\Users\Papa Omar\AppData\Local\Temp\jna-2111647821\jna11015128055043294045.dll

Deoptimization events (20 events):
Event: 20.405 Thread 0x000001f2e35c20f0 DEOPT PACKING pc=0x000001f2d34bd024 sp=0x000000d7427fea60
Event: 20.405 Thread 0x000001f2e35c20f0 DEOPT UNPACKING pc=0x000001f2d2723aa2 sp=0x000000d7427fe9a0 mode 2
Event: 20.670 Thread 0x000001f2e35c20f0 Uncommon trap: trap_request=0xffffff45 fr.pc=0x000001f2d34b2634 relative=0x0000000000001114
Event: 20.670 Thread 0x000001f2e35c20f0 Uncommon trap: reason=unstable_if action=reinterpret pc=0x000001f2d34b2634 method=org.eclipse.jdt.internal.compiler.classfmt.AnnotationInfo.decodeDefaultValue()Ljava/lang/Object; @ 24 c2
Event: 20.670 Thread 0x000001f2e35c20f0 DEOPT PACKING pc=0x000001f2d34b2634 sp=0x000000d7427fead0
Event: 20.670 Thread 0x000001f2e35c20f0 DEOPT UNPACKING pc=0x000001f2d2723aa2 sp=0x000000d7427fea70 mode 2
Event: 20.893 Thread 0x000001f2e35c20f0 Uncommon trap: trap_request=0xffffff45 fr.pc=0x000001f2d35278a4 relative=0x00000000000018a4
Event: 20.893 Thread 0x000001f2e35c20f0 Uncommon trap: reason=unstable_if action=reinterpret pc=0x000001f2d35278a4 method=org.eclipse.jdt.internal.core.index.DiskIndex.writeDocumentNumbers([ILjava/io/OutputStream;)V @ 127 c2
Event: 20.893 Thread 0x000001f2e35c20f0 DEOPT PACKING pc=0x000001f2d35278a4 sp=0x000000d7427fe9d0
Event: 20.893 Thread 0x000001f2e35c20f0 DEOPT UNPACKING pc=0x000001f2d2723aa2 sp=0x000000d7427fea10 mode 2
Event: 21.122 Thread 0x000001f2e35c20f0 DEOPT PACKING pc=0x000001f2cb56779d sp=0x000000d7427fe9c0
Event: 21.122 Thread 0x000001f2e35c20f0 DEOPT UNPACKING pc=0x000001f2d2724242 sp=0x000000d7427fdf80 mode 0
Event: 21.505 Thread 0x000001f2e35c20f0 Uncommon trap: trap_request=0xffffff45 fr.pc=0x000001f2d345e0a4 relative=0x0000000000000464
Event: 21.505 Thread 0x000001f2e35c20f0 Uncommon trap: reason=unstable_if action=reinterpret pc=0x000001f2d345e0a4 method=org.eclipse.jdt.internal.compiler.parser.Scanner.internalScanIdentifierOrKeyword(II[C)Lorg/eclipse/jdt/internal/compiler/parser/TerminalToken; @ 4091 c2
Event: 21.505 Thread 0x000001f2e35c20f0 DEOPT PACKING pc=0x000001f2d345e0a4 sp=0x000000d7427fee60
Event: 21.505 Thread 0x000001f2e35c20f0 DEOPT UNPACKING pc=0x000001f2d2723aa2 sp=0x000000d7427fede8 mode 2
Event: 21.640 Thread 0x000001f2e3f121a0 DEOPT PACKING pc=0x000001f2cb3dbc7e sp=0x000000d7437fec80
Event: 21.640 Thread 0x000001f2e3f121a0 DEOPT UNPACKING pc=0x000001f2d2724242 sp=0x000000d7437fe0f0 mode 0
Event: 21.869 Thread 0x000001f2e35c20f0 DEOPT PACKING pc=0x000001f2cc93af48 sp=0x000000d7427fec30
Event: 21.869 Thread 0x000001f2e35c20f0 DEOPT UNPACKING pc=0x000001f2d2724242 sp=0x000000d7427fe248 mode 0

Classes loaded (20 events):
Event: 17.356 Loading class java/util/stream/ReduceOps$CountingSink$OfRef
Event: 17.357 Loading class java/util/stream/ReduceOps$CountingSink
Event: 17.357 Loading class java/util/stream/ReduceOps$CountingSink done
Event: 17.357 Loading class java/util/stream/ReduceOps$CountingSink$OfRef done
Event: 17.482 Loading class java/util/stream/ReduceOps$1
Event: 17.483 Loading class java/util/stream/ReduceOps$1 done
Event: 17.483 Loading class java/util/stream/ReduceOps$1ReducingSink
Event: 17.483 Loading class java/util/stream/ReduceOps$1ReducingSink done
Event: 17.518 Loading class java/io/SequenceInputStream
Event: 17.518 Loading class java/io/SequenceInputStream done
Event: 17.537 Loading class org/xml/sax/SAXNotRecognizedException
Event: 17.537 Loading class org/xml/sax/SAXNotRecognizedException done
Event: 17.537 Loading class org/xml/sax/SAXNotSupportedException
Event: 17.537 Loading class org/xml/sax/SAXNotSupportedException done
Event: 17.539 Loading class com/sun/org/apache/xerces/internal/util/URI
Event: 17.540 Loading class com/sun/org/apache/xerces/internal/util/URI done
Event: 17.544 Loading class com/sun/org/apache/xerces/internal/xni/XNIException
Event: 17.545 Loading class com/sun/org/apache/xerces/internal/xni/XNIException done
Event: 17.547 Loading class com/sun/org/apache/xerces/internal/xni/parser/XMLParseException
Event: 17.549 Loading class com/sun/org/apache/xerces/internal/xni/parser/XMLParseException done

Classes unloaded (7 events):
Event: 3.652 Thread 0x000001f2c8050bc0 Unloading class 0x000001f28119ec00 'java/lang/invoke/LambdaForm$MH+0x000001f28119ec00'
Event: 3.652 Thread 0x000001f2c8050bc0 Unloading class 0x000001f28119e800 'java/lang/invoke/LambdaForm$MH+0x000001f28119e800'
Event: 3.652 Thread 0x000001f2c8050bc0 Unloading class 0x000001f28119e400 'java/lang/invoke/LambdaForm$MH+0x000001f28119e400'
Event: 3.652 Thread 0x000001f2c8050bc0 Unloading class 0x000001f28119e000 'java/lang/invoke/LambdaForm$MH+0x000001f28119e000'
Event: 3.652 Thread 0x000001f2c8050bc0 Unloading class 0x000001f28119dc00 'java/lang/invoke/LambdaForm$BMH+0x000001f28119dc00'
Event: 3.652 Thread 0x000001f2c8050bc0 Unloading class 0x000001f28119d800 'java/lang/invoke/LambdaForm$DMH+0x000001f28119d800'
Event: 3.652 Thread 0x000001f2c8050bc0 Unloading class 0x000001f28119c400 'java/lang/invoke/LambdaForm$DMH+0x000001f28119c400'

Classes redefined (0 events):
No events

Internal exceptions (20 events):
Event: 21.322 Thread 0x000001f2e35c20f0 Exception <a 'sun/nio/fs/WindowsException'{0x00000000eaf803c8}> (0x00000000eaf803c8) 
thrown [s\src\hotspot\share\prims\jni.cpp, line 520]
Event: 21.342 Thread 0x000001f2e35c20f0 Exception <a 'sun/nio/fs/WindowsException'{0x00000000eadb6840}> (0x00000000eadb6840) 
thrown [s\src\hotspot\share\prims\jni.cpp, line 520]
Event: 21.347 Thread 0x000001f2e35c20f0 Exception <a 'sun/nio/fs/WindowsException'{0x00000000eadcfa58}> (0x00000000eadcfa58) 
thrown [s\src\hotspot\share\prims\jni.cpp, line 520]
Event: 21.380 Thread 0x000001f2e35c20f0 Exception <a 'sun/nio/fs/WindowsException'{0x00000000eaea51b8}> (0x00000000eaea51b8) 
thrown [s\src\hotspot\share\prims\jni.cpp, line 520]
Event: 21.440 Thread 0x000001f2e35c20f0 Exception <a 'sun/nio/fs/WindowsException'{0x00000000eafc5448}> (0x00000000eafc5448) 
thrown [s\src\hotspot\share\prims\jni.cpp, line 520]
Event: 21.446 Thread 0x000001f2e35c20f0 Exception <a 'sun/nio/fs/WindowsException'{0x00000000eafde7f0}> (0x00000000eafde7f0) 
thrown [s\src\hotspot\share\prims\jni.cpp, line 520]
Event: 21.485 Thread 0x000001f2e35c20f0 Exception <a 'sun/nio/fs/WindowsException'{0x00000000eaba3798}> (0x00000000eaba3798) 
thrown [s\src\hotspot\share\prims\jni.cpp, line 520]
Event: 21.545 Thread 0x000001f2e35c20f0 Exception <a 'sun/nio/fs/WindowsException'{0x00000000eafe6388}> (0x00000000eafe6388) 
thrown [s\src\hotspot\share\prims\jni.cpp, line 520]
Event: 21.565 Thread 0x000001f2e35c20f0 Exception <a 'sun/nio/fs/WindowsException'{0x00000000eacee880}> (0x00000000eacee880) 
thrown [s\src\hotspot\share\prims\jni.cpp, line 520]
Event: 21.580 Thread 0x000001f2e35c20f0 Exception <a 'sun/nio/fs/WindowsException'{0x00000000ead93228}> (0x00000000ead93228) 
thrown [s\src\hotspot\share\prims\jni.cpp, line 520]
Event: 21.587 Thread 0x000001f2e35c20f0 Exception <a 'sun/nio/fs/WindowsException'{0x00000000eadaca00}> (0x00000000eadaca00) 
thrown [s\src\hotspot\share\prims\jni.cpp, line 520]
Event: 21.637 Thread 0x000001f2e35c20f0 Exception <a 'sun/nio/fs/WindowsException'{0x00000000eac5e540}> (0x00000000eac5e540) 
thrown [s\src\hotspot\share\prims\jni.cpp, line 520]
Event: 21.785 Thread 0x000001f2e35c20f0 Exception <a 'sun/nio/fs/WindowsException'{0x00000000eaee8c58}> (0x00000000eaee8c58) 
thrown [s\src\hotspot\share\prims\jni.cpp, line 520]
Event: 21.899 Thread 0x000001f2e35c20f0 Exception <a 'sun/nio/fs/WindowsException'{0x00000000eaef6fd8}> (0x00000000eaef6fd8) 
thrown [s\src\hotspot\share\prims\jni.cpp, line 520]
Event: 21.943 Thread 0x000001f2e35c20f0 Exception <a 'sun/nio/fs/WindowsException'{0x00000000eae44ed0}> (0x00000000eae44ed0) 
thrown [s\src\hotspot\share\prims\jni.cpp, line 520]
Event: 21.950 Thread 0x000001f2e35c20f0 Exception <a 'sun/nio/fs/WindowsException'{0x00000000eae56e20}> (0x00000000eae56e20) 
thrown [s\src\hotspot\share\prims\jni.cpp, line 520]
Event: 21.957 Thread 0x000001f2e35c20f0 Exception <a 'sun/nio/fs/WindowsException'{0x00000000eae7cec8}> (0x00000000eae7cec8) 
thrown [s\src\hotspot\share\prims\jni.cpp, line 520]
Event: 21.973 Thread 0x000001f2e35c20f0 Exception <a 'sun/nio/fs/WindowsException'{0x00000000eafbd838}> (0x00000000eafbd838) 
thrown [s\src\hotspot\share\prims\jni.cpp, line 520]
Event: 22.002 Thread 0x000001f2e35c20f0 Exception <a 'sun/nio/fs/WindowsException'{0x00000000eaf2c518}> (0x00000000eaf2c518) 
thrown [s\src\hotspot\share\prims\jni.cpp, line 520]
Event: 22.009 Thread 0x000001f2e35c20f0 Exception <a 'sun/nio/fs/WindowsException'{0x00000000eaf46398}> (0x00000000eaf46398) 
thrown [s\src\hotspot\share\prims\jni.cpp, line 520]

ZGC Phase Switch (0 events):
No events

VM Operations (20 events):
Event: 21.906 Executing VM operation: ParallelGCFailedAllocation (Allocation Failure)
Event: 21.908 Executing VM operation: ParallelGCFailedAllocation (Allocation Failure) done
Event: 21.918 Executing VM operation: ParallelGCFailedAllocation (Allocation Failure)
Event: 21.920 Executing VM operation: ParallelGCFailedAllocation (Allocation Failure) done
Event: 21.978 Executing VM operation: ParallelGCFailedAllocation (Allocation Failure)
Event: 21.979 Executing VM operation: ParallelGCFailedAllocation (Allocation Failure) done
Event: 22.014 Executing VM operation: ParallelGCFailedAllocation (Allocation Failure)
Event: 22.016 Executing VM operation: ParallelGCFailedAllocation (Allocation Failure) done
Event: 22.025 Executing VM operation: ParallelGCFailedAllocation (Allocation Failure)
Event: 22.027 Executing VM operation: ParallelGCFailedAllocation (Allocation Failure) done
Event: 22.038 Executing VM operation: ParallelGCFailedAllocation (Allocation Failure)
Event: 22.040 Executing VM operation: ParallelGCFailedAllocation (Allocation Failure) done
Event: 22.054 Executing VM operation: ParallelGCFailedAllocation (Allocation Failure)
Event: 22.057 Executing VM operation: ParallelGCFailedAllocation (Allocation Failure) done
Event: 22.071 Executing VM operation: ParallelGCFailedAllocation (Allocation Failure)
Event: 22.073 Executing VM operation: ParallelGCFailedAllocation (Allocation Failure) done
Event: 22.087 Executing VM operation: ParallelGCFailedAllocation (Allocation Failure)
Event: 22.090 Executing VM operation: ParallelGCFailedAllocation (Allocation Failure) done
Event: 22.102 Executing VM operation: ParallelGCFailedAllocation (Allocation Failure)
Event: 22.105 Executing VM operation: ParallelGCFailedAllocation (Allocation Failure) done

Memory protections (0 events):
No events

Nmethod flushes (20 events):
Event: 11.344 Thread 0x000001f2c8050bc0 flushing  nmethod 0x000001f2cb9ee110
Event: 11.344 Thread 0x000001f2c8050bc0 flushing osr nmethod 0x000001f2cb9fa090
Event: 11.344 Thread 0x000001f2c8050bc0 flushing  nmethod 0x000001f2cba1b110
Event: 11.344 Thread 0x000001f2c8050bc0 flushing  nmethod 0x000001f2cba23d90
Event: 11.344 Thread 0x000001f2c8050bc0 flushing  nmethod 0x000001f2cba32010
Event: 11.344 Thread 0x000001f2c8050bc0 flushing  nmethod 0x000001f2cba33a10
Event: 11.344 Thread 0x000001f2c8050bc0 flushing  nmethod 0x000001f2cba41290
Event: 11.344 Thread 0x000001f2c8050bc0 flushing  nmethod 0x000001f2cba42710
Event: 11.344 Thread 0x000001f2c8050bc0 flushing  nmethod 0x000001f2cba43b10
Event: 11.344 Thread 0x000001f2c8050bc0 flushing  nmethod 0x000001f2cba45010
Event: 11.344 Thread 0x000001f2c8050bc0 flushing  nmethod 0x000001f2cba45610
Event: 11.344 Thread 0x000001f2c8050bc0 flushing  nmethod 0x000001f2cba49710
Event: 11.344 Thread 0x000001f2c8050bc0 flushing  nmethod 0x000001f2cba49e10
Event: 11.344 Thread 0x000001f2c8050bc0 flushing  nmethod 0x000001f2cba4c710
Event: 11.344 Thread 0x000001f2c8050bc0 flushing  nmethod 0x000001f2cba65e90
Event: 11.344 Thread 0x000001f2c8050bc0 flushing  nmethod 0x000001f2cba7eb90
Event: 11.344 Thread 0x000001f2c8050bc0 flushing  nmethod 0x000001f2cbacac90
Event: 11.344 Thread 0x000001f2c8050bc0 flushing  nmethod 0x000001f2cbacc590
Event: 11.344 Thread 0x000001f2c8050bc0 flushing  nmethod 0x000001f2cbace090
Event: 11.344 Thread 0x000001f2c8050bc0 flushing  nmethod 0x000001f2cbaf2410

Events (20 events):
Event: 12.738 Thread 0x000001f2e3f121a0 Thread added: 0x000001f2e4683800
Event: 13.243 Thread 0x000001f2e4683170 Thread exited: 0x000001f2e4683170
Event: 13.243 Thread 0x000001f2e4681dc0 Thread exited: 0x000001f2e4681dc0
Event: 13.243 Thread 0x000001f2e4683800 Thread exited: 0x000001f2e4683800
Event: 13.244 Thread 0x000001f2e4682ae0 Thread exited: 0x000001f2e4682ae0
Event: 13.244 Thread 0x000001f2e4682450 Thread exited: 0x000001f2e4682450
Event: 13.689 Thread 0x000001f2e3f121a0 Thread added: 0x000001f2e4681dc0
Event: 13.689 Thread 0x000001f2e3f121a0 Thread added: 0x000001f2e4682ae0
Event: 13.689 Thread 0x000001f2e3f121a0 Thread added: 0x000001f2e4682450
Event: 13.690 Thread 0x000001f2e3f121a0 Thread added: 0x000001f2e4683170
Event: 13.690 Thread 0x000001f2e3f121a0 Thread added: 0x000001f2e4683800
Event: 13.735 Thread 0x000001f2e4682ae0 Thread exited: 0x000001f2e4682ae0
Event: 13.735 Thread 0x000001f2e4683170 Thread exited: 0x000001f2e4683170
Event: 13.735 Thread 0x000001f2e4681dc0 Thread exited: 0x000001f2e4681dc0
Event: 13.735 Thread 0x000001f2e4683800 Thread exited: 0x000001f2e4683800
Event: 13.735 Thread 0x000001f2e4682450 Thread exited: 0x000001f2e4682450
Event: 14.837 Thread 0x000001f2e3f121a0 Thread added: 0x000001f2effaa4a0
Event: 19.394 Thread 0x000001f2e35a5bb0 Thread exited: 0x000001f2e35a5bb0
Event: 19.394 Thread 0x000001f2e21ec0e0 Thread exited: 0x000001f2e21ec0e0
Event: 19.837 Thread 0x000001f2effaa4a0 Thread exited: 0x000001f2effaa4a0


Dynamic libraries:
0x00007ff77ff70000 - 0x00007ff77ff7e000 	c:\Users\Papa Omar\.windsurf\extensions\redhat.java-1.41.1-win32-x64\jre\21.0.6-win32-x86_64\bin\java.exe
0x00007ffb59a60000 - 0x00007ffb59cc0000 	C:\WINDOWS\SYSTEM32\ntdll.dll
0x00007ffb59250000 - 0x00007ffb59317000 	C:\WINDOWS\System32\KERNEL32.DLL
0x00007ffb57330000 - 0x00007ffb576fb000 	C:\WINDOWS\System32\KERNELBASE.dll
0x00007ffb571e0000 - 0x00007ffb5732b000 	C:\WINDOWS\System32\ucrtbase.dll
0x00007ffae75a0000 - 0x00007ffae75be000 	c:\Users\Papa Omar\.windsurf\extensions\redhat.java-1.41.1-win32-x64\jre\21.0.6-win32-x86_64\bin\VCRUNTIME140.dll
0x00007ffb191e0000 - 0x00007ffb191f8000 	c:\Users\Papa Omar\.windsurf\extensions\redhat.java-1.41.1-win32-x64\jre\21.0.6-win32-x86_64\bin\jli.dll
0x00007ffb59080000 - 0x00007ffb5924c000 	C:\WINDOWS\System32\USER32.dll
0x00007ffb3cdd0000 - 0x00007ffb3d067000 	C:\WINDOWS\WinSxS\amd64_microsoft.windows.common-controls_6595b64144ccf1df_6.0.26100.3624_none_3e086962e3345f24\COMCTL32.dll
0x00007ffb57030000 - 0x00007ffb57057000 	C:\WINDOWS\System32\win32u.dll
0x00007ffb581e0000 - 0x00007ffb58289000 	C:\WINDOWS\System32\msvcrt.dll
0x00007ffb59970000 - 0x00007ffb5999a000 	C:\WINDOWS\System32\GDI32.dll
0x00007ffb56c40000 - 0x00007ffb56d71000 	C:\WINDOWS\System32\gdi32full.dll
0x00007ffb56d80000 - 0x00007ffb56e23000 	C:\WINDOWS\System32\msvcp_win.dll
0x00007ffb597c0000 - 0x00007ffb597ef000 	C:\WINDOWS\System32\IMM32.DLL
0x00007ffb29370000 - 0x00007ffb2937c000 	c:\Users\Papa Omar\.windsurf\extensions\redhat.java-1.41.1-win32-x64\jre\21.0.6-win32-x86_64\bin\vcruntime140_1.dll
0x00007ffab8cf0000 - 0x00007ffab8d7d000 	c:\Users\Papa Omar\.windsurf\extensions\redhat.java-1.41.1-win32-x64\jre\21.0.6-win32-x86_64\bin\msvcp140.dll
0x00007ffa62180000 - 0x00007ffa62f10000 	c:\Users\Papa Omar\.windsurf\extensions\redhat.java-1.41.1-win32-x64\jre\21.0.6-win32-x86_64\bin\server\jvm.dll
0x00007ffb59650000 - 0x00007ffb59703000 	C:\WINDOWS\System32\ADVAPI32.dll
0x00007ffb595a0000 - 0x00007ffb59646000 	C:\WINDOWS\System32\sechost.dll
0x00007ffb59850000 - 0x00007ffb59966000 	C:\WINDOWS\System32\RPCRT4.dll
0x00007ffb58da0000 - 0x00007ffb58e14000 	C:\WINDOWS\System32\WS2_32.dll
0x00007ffb56130000 - 0x00007ffb5618e000 	C:\WINDOWS\SYSTEM32\POWRPROF.dll
0x00007ffb3d1d0000 - 0x00007ffb3d206000 	C:\WINDOWS\SYSTEM32\WINMM.dll
0x00007ffb4c540000 - 0x00007ffb4c54b000 	C:\WINDOWS\SYSTEM32\VERSION.dll
0x00007ffb56110000 - 0x00007ffb56124000 	C:\WINDOWS\SYSTEM32\UMPDC.dll
0x00007ffb55a30000 - 0x00007ffb55a4a000 	C:\WINDOWS\SYSTEM32\kernel.appcore.dll
0x00007ffb27760000 - 0x00007ffb2776a000 	c:\Users\Papa Omar\.windsurf\extensions\redhat.java-1.41.1-win32-x64\jre\21.0.6-win32-x86_64\bin\jimage.dll
0x00007ffb51240000 - 0x00007ffb51481000 	C:\WINDOWS\SYSTEM32\DBGHELP.DLL
0x00007ffb58290000 - 0x00007ffb58613000 	C:\WINDOWS\System32\combase.dll
0x00007ffb58e20000 - 0x00007ffb58ef6000 	C:\WINDOWS\System32\OLEAUT32.dll
0x00007ffb39450000 - 0x00007ffb39489000 	C:\WINDOWS\SYSTEM32\dbgcore.DLL
0x00007ffb57700000 - 0x00007ffb57799000 	C:\WINDOWS\System32\bcryptPrimitives.dll
0x00007ffb24a50000 - 0x00007ffb24a5f000 	c:\Users\Papa Omar\.windsurf\extensions\redhat.java-1.41.1-win32-x64\jre\21.0.6-win32-x86_64\bin\instrument.dll
0x00007ffb1a3a0000 - 0x00007ffb1a3bf000 	c:\Users\Papa Omar\.windsurf\extensions\redhat.java-1.41.1-win32-x64\jre\21.0.6-win32-x86_64\bin\java.dll
0x00007ffb58620000 - 0x00007ffb58d49000 	C:\WINDOWS\System32\SHELL32.dll
0x00007ffb56e30000 - 0x00007ffb56f98000 	C:\WINDOWS\System32\wintypes.dll
0x00007ffb548c0000 - 0x00007ffb55112000 	C:\WINDOWS\SYSTEM32\windows.storage.dll
0x00007ffb59320000 - 0x00007ffb5940d000 	C:\WINDOWS\System32\SHCORE.dll
0x00007ffb57860000 - 0x00007ffb578c4000 	C:\WINDOWS\System32\shlwapi.dll
0x00007ffb56b50000 - 0x00007ffb56b7f000 	C:\WINDOWS\SYSTEM32\profapi.dll
0x00007ffae6550000 - 0x00007ffae6568000 	c:\Users\Papa Omar\.windsurf\extensions\redhat.java-1.41.1-win32-x64\jre\21.0.6-win32-x86_64\bin\zip.dll
0x00007ffb22610000 - 0x00007ffb22620000 	C:\Users\Papa Omar\.windsurf\extensions\redhat.java-1.41.1-win32-x64\jre\21.0.6-win32-x86_64\bin\net.dll
0x00007ffb49900000 - 0x00007ffb49a1d000 	C:\WINDOWS\SYSTEM32\WINHTTP.dll
0x00007ffb55fe0000 - 0x00007ffb5604a000 	C:\WINDOWS\system32\mswsock.dll
0x00007ffaee890000 - 0x00007ffaee8a6000 	C:\Users\Papa Omar\.windsurf\extensions\redhat.java-1.41.1-win32-x64\jre\21.0.6-win32-x86_64\bin\nio.dll
0x00007ffb1fda0000 - 0x00007ffb1fdb0000 	c:\Users\Papa Omar\.windsurf\extensions\redhat.java-1.41.1-win32-x64\jre\21.0.6-win32-x86_64\bin\verify.dll
0x00007ffacd120000 - 0x00007ffacd165000 	C:\Users\Papa Omar\AppData\Roaming\Windsurf\User\globalStorage\redhat.java\1.41.1\config_win\org.eclipse.equinox.launcher\org.eclipse.equinox.launcher.win32.win32.x86_64_1.2.1300.v20250331-1702\eclipse_11911.dll
0x00007ffb58040000 - 0x00007ffb581d6000 	C:\WINDOWS\System32\ole32.dll
0x00007ffb56330000 - 0x00007ffb5634c000 	C:\WINDOWS\SYSTEM32\CRYPTSP.dll
0x00007ffb55980000 - 0x00007ffb559ba000 	C:\WINDOWS\system32\rsaenh.dll
0x00007ffb56080000 - 0x00007ffb560ab000 	C:\WINDOWS\SYSTEM32\USERENV.dll
0x00007ffb56570000 - 0x00007ffb56596000 	C:\WINDOWS\SYSTEM32\bcrypt.dll
0x00007ffb56350000 - 0x00007ffb5635c000 	C:\WINDOWS\SYSTEM32\CRYPTBASE.dll
0x00007ffb55430000 - 0x00007ffb55463000 	C:\WINDOWS\SYSTEM32\IPHLPAPI.DLL
0x00007ffb59800000 - 0x00007ffb5980a000 	C:\WINDOWS\System32\NSI.dll
0x00007ffb3b110000 - 0x00007ffb3b159000 	C:\Users\Papa Omar\AppData\Local\Temp\jna-2111647821\jna11015128055043294045.dll
0x00007ffb59840000 - 0x00007ffb59848000 	C:\WINDOWS\System32\PSAPI.DLL
0x00007ffb498b0000 - 0x00007ffb498cf000 	C:\WINDOWS\SYSTEM32\dhcpcsvc6.DLL
0x00007ffb49860000 - 0x00007ffb49885000 	C:\WINDOWS\SYSTEM32\dhcpcsvc.DLL

dbghelp: loaded successfully - version: 4.0.5 - missing functions: none
symbol engine: initialized successfully - sym options: 0x614 - pdb path: .;c:\Users\Papa Omar\.windsurf\extensions\redhat.java-1.41.1-win32-x64\jre\21.0.6-win32-x86_64\bin;C:\WINDOWS\SYSTEM32;C:\WINDOWS\WinSxS\amd64_microsoft.windows.common-controls_6595b64144ccf1df_6.0.26100.3624_none_3e086962e3345f24;c:\Users\Papa Omar\.windsurf\extensions\redhat.java-1.41.1-win32-x64\jre\21.0.6-win32-x86_64\bin\server;C:\Users\Papa Omar\AppData\Roaming\Windsurf\User\globalStorage\redhat.java\1.41.1\config_win\org.eclipse.equinox.launcher\org.eclipse.equinox.launcher.win32.win32.x86_64_1.2.1300.v20250331-1702;C:\Users\Papa Omar\AppData\Local\Temp\jna-2111647821

VM Arguments:
jvm_args: --add-modules=ALL-SYSTEM --add-opens=java.base/java.util=ALL-UNNAMED --add-opens=java.base/java.lang=ALL-UNNAMED --add-opens=java.base/sun.nio.fs=ALL-UNNAMED -Declipse.application=org.eclipse.jdt.ls.core.id1 -Dosgi.bundles.defaultStartLevel=4 -Declipse.product=org.eclipse.jdt.ls.core.product -Djava.import.generatesMetadataFilesAtProjectRoot=false -DDetectVMInstallationsJob.disabled=true -Dfile.encoding=utf8 -XX:+UseParallelGC -XX:GCTimeRatio=4 -XX:AdaptiveSizePolicyWeight=90 -Dsun.zip.disableMemoryMapping=true -Xmx1G -Xms100m -Xlog:disable -javaagent:c:\Users\Papa Omar\.windsurf\extensions\redhat.java-1.41.1-win32-x64\lombok\lombok-1.18.36.jar -XX:+HeapDumpOnOutOfMemoryError -XX:HeapDumpPath=c:\Users\Papa Omar\AppData\Roaming\Windsurf\User\workspaceStorage\4b626ede8af95319149a36f51a9c1459\redhat.java -Daether.dependencyCollector.impl=bf 
java_command: c:\Users\Papa Omar\.windsurf\extensions\redhat.java-1.41.1-win32-x64\server\plugins\org.eclipse.equinox.launcher_1.7.0.v20250331-1702.jar -configuration c:\Users\Papa Omar\AppData\Roaming\Windsurf\User\globalStorage\redhat.java\1.41.1\config_win -data c:\Users\Papa Omar\AppData\Roaming\Windsurf\User\workspaceStorage\4b626ede8af95319149a36f51a9c1459\redhat.java\jdt_ws --pipe=\\.\pipe\lsp-1495ae8c2863749d51c11ed6017893e4-sock
java_class_path (initial): c:\Users\Papa Omar\.windsurf\extensions\redhat.java-1.41.1-win32-x64\server\plugins\org.eclipse.equinox.launcher_1.7.0.v20250331-1702.jar
Launcher Type: SUN_STANDARD

[Global flags]
    uintx AdaptiveSizePolicyWeight                 = 90                                        {product} {command line}
     intx CICompilerCount                          = 4                                         {product} {ergonomic}
    uintx GCTimeRatio                              = 4                                         {product} {command line}
     bool HeapDumpOnOutOfMemoryError               = true                                   {manageable} {command line}
    ccstr HeapDumpPath                             = c:\Users\Papa Omar\AppData\Roaming\Windsurf\User\workspaceStorage\4b626ede8af95319149a36f51a9c1459\redhat.java         {manageable} {command line}
   size_t InitialHeapSize                          = 104857600                                 {product} {command line}
   size_t MaxHeapSize                              = 1073741824                                {product} {command line}
   size_t MaxNewSize                               = 357564416                                 {product} {ergonomic}
   size_t MinHeapDeltaBytes                        = 524288                                    {product} {ergonomic}
   size_t MinHeapSize                              = 104857600                                 {product} {command line}
   size_t NewSize                                  = 34603008                                  {product} {ergonomic}
    uintx NonNMethodCodeHeapSize                   = 5839372                                {pd product} {ergonomic}
    uintx NonProfiledCodeHeapSize                  = 122909434                              {pd product} {ergonomic}
   size_t OldSize                                  = 70254592                                  {product} {ergonomic}
    uintx ProfiledCodeHeapSize                     = 122909434                              {pd product} {ergonomic}
    uintx ReservedCodeCacheSize                    = 251658240                              {pd product} {ergonomic}
     bool SegmentedCodeCache                       = true                                      {product} {ergonomic}
   size_t SoftMaxHeapSize                          = 1073741824                             {manageable} {ergonomic}
     bool UseCompressedOops                        = true                           {product lp64_product} {ergonomic}
     bool UseLargePagesIndividualAllocation        = false                                  {pd product} {ergonomic}
     bool UseParallelGC                            = true                                      {product} {command line}

Logging:
Log output configuration:
 #0: stdout all=off uptime,level,tags foldmultilines=false
 #1: stderr all=off uptime,level,tags foldmultilines=false

Environment Variables:
JAVA_HOME=C:\Program Files\Java\jdk-17.0.12
PATH=C:\Program Files\Common Files\Oracle\Java\javapath;C:\app\product\11.2.0\dbhome_1\bin;C:\Program Files\Java\jdk-21\bin;C:\Users\Papa Omar\AppData\Local\Programs\Microsoft VS Code\bin;C:\Program Files\Git\cmd;C:\mastermind\WinCaml7\ocaml\bin;C:\Users\Papa Omar\AppData\Roaming\nvm;C:\Program Files\nodejs;C:\ProgramData\chocolatey\bin;C:\wamp64\bin\php\php7.4.33;C:\ProgramData\ComposerSetup\bin;%JAVA_HOME%\bin;C:\Program Files\Apache\maven\bin;C:\Program Files\gradle-8.9\bin;C:\Program Files\Java\jdk-17.0.12\bin;C:\Program Files\MongoDB\Server\7.0\bin;C:\Program Files\MongoDB\mongosh-2.2.15-win32-x64\mongosh-2.2.15-win32-x64\bin;C:\app\product\11.2.0\dbhome_1\bin;C:\Windows\System32;;C:\WINDOWS\system32;C:\WINDOWS;C:\WINDOWS\System32\Wbem;C:\WINDOWS\System32\WindowsPowerShell\v1.0\;C:\WINDOWS\System32\OpenSSH\;C:\Program Files\nodejs\;C:\Users\Papa Omar\AppData\Local\Programs\Python\Python312\Scripts\;C:\Users\Papa Omar\AppData\Local\Programs\Python\Python312\;C:\Users\Papa Omar\AppData\Local\Programs\Python\Python310\Scripts\;C:\Users\Papa Omar\AppData\Local\Programs\Python\Python310\;C:\Program Files\Java\jdk-21\bin;C:\Users\Papa Omar\AppData\Local\Programs\Microsoft VS Code\bin;C:\Users\Papa Omar\AppData\Roaming\nvm;C:\Program Files\nodejs;C:\Users\Papa Omar\AppData\Roaming\Composer\vendor\bin;C:\Users\Papa Omar\AppData\Local\Microsoft\WindowsApps;C:\Users\Papa Omar\Desktop\apache-activemq-6.1.5-bin\apache-activemq-6.1.5\bin;C:\Users\Papa Omar\AppData\Roaming\npm;C:\Users\Papa Omar\AppData\Local\Programs\Windsurf\bin
USERNAME=Papa Omar
OS=Windows_NT
PROCESSOR_IDENTIFIER=Intel64 Family 6 Model 158 Stepping 10, GenuineIntel
TMP=C:\Users\PAPAOM~1\AppData\Local\Temp
TEMP=C:\Users\PAPAOM~1\AppData\Local\Temp




Periodic native trim disabled

---------------  S Y S T E M  ---------------

OS:
 Windows 11 , 64 bit Build 26100 (10.0.26100.3624)
OS uptime: 5 days 0:13 hours
Hyper-V role detected

CPU: total 8 (initial active 8) (4 cores per cpu, 2 threads per core) family 6 model 158 stepping 10 microcode 0xde, cx8, cmov, fxsr, ht, mmx, 3dnowpref, sse, sse2, sse3, ssse3, sse4.1, sse4.2, popcnt, lzcnt, tsc, tscinvbit, avx, avx2, aes, erms, clmul, bmi1, bmi2, adx, fma, vzeroupper, clflush, clflushopt, hv, rdtscp, f16c
Processor Information for the first 8 processors :
  Max Mhz: 2400, Current Mhz: 2400, Mhz Limit: 2400

Memory: 4k page, system-wide physical 8029M (1048M free)
TotalPageFile size 32605M (AvailPageFile size 14M)
current process WorkingSet (physical memory assigned to process): 956M, peak: 957M
current process commit charge ("private bytes"): 862M, peak: 862M

vm_info: OpenJDK 64-Bit Server VM (21.0.6+7-LTS) for windows-amd64 JRE (21.0.6+7-LTS), built on 2025-01-21T00:00:00Z by "admin" with MS VC++ 17.7 (VS2022)

END.
