#
# There is insufficient memory for the Java Runtime Environment to continue.
# Native memory allocation (malloc) failed to allocate 616656 bytes. Error detail: Chunk::new
# Possible reasons:
#   The system is out of physical RAM or swap space
#   This process is running with CompressedOops enabled, and the Java Heap may be blocking the growth of the native heap
# Possible solutions:
#   Reduce memory load on the system
#   Increase physical memory or swap space
#   Check if swap backing store is full
#   Decrease Java heap size (-Xmx/-Xms)
#   Decrease number of Java threads
#   Decrease Java thread stack sizes (-Xss)
#   Set larger code cache with -XX:ReservedCodeCacheSize=
#   JVM is running with Unscaled Compressed Oops mode in which the Java heap is
#     placed in the first 4GB address space. The Java Heap base address is the
#     maximum limit for the native heap growth. Please use -XX:HeapBaseMinAddress
#     to set the Java Heap base and to place the Java Heap above 4GB virtual address.
# This output file may be truncated or incomplete.
#
#  Out of Memory Error (arena.cpp:168), pid=21216, tid=12224
#
# JRE version: OpenJDK Runtime Environment Temurin-21.0.6+7 (21.0.6+7) (build 21.0.6+7-LTS)
# Java VM: OpenJDK 64-Bit Server VM Temurin-21.0.6+7 (21.0.6+7-LTS, mixed mode, sharing, tiered, compressed oops, compressed class ptrs, parallel gc, windows-amd64)
# No core dump will be written. Minidumps are not enabled by default on client versions of Windows
#

---------------  S U M M A R Y ------------

Command Line: --add-modules=ALL-SYSTEM --add-opens=java.base/java.util=ALL-UNNAMED --add-opens=java.base/java.lang=ALL-UNNAMED --add-opens=java.base/sun.nio.fs=ALL-UNNAMED -Declipse.application=org.eclipse.jdt.ls.core.id1 -Dosgi.bundles.defaultStartLevel=4 -Declipse.product=org.eclipse.jdt.ls.core.product -Djava.import.generatesMetadataFilesAtProjectRoot=false -DDetectVMInstallationsJob.disabled=true -Dfile.encoding=utf8 -XX:+UseParallelGC -XX:GCTimeRatio=4 -XX:AdaptiveSizePolicyWeight=90 -Dsun.zip.disableMemoryMapping=true -Xmx1G -Xms100m -Xlog:disable -javaagent:c:\Users\Papa Omar\.windsurf\extensions\redhat.java-1.41.1-win32-x64\lombok\lombok-1.18.36.jar -XX:+HeapDumpOnOutOfMemoryError -XX:HeapDumpPath=c:\Users\Papa Omar\AppData\Roaming\Windsurf\User\workspaceStorage\4b626ede8af95319149a36f51a9c1459\redhat.java -Daether.dependencyCollector.impl=bf c:\Users\Papa Omar\.windsurf\extensions\redhat.java-1.41.1-win32-x64\server\plugins\org.eclipse.equinox.launcher_1.7.0.v20250331-1702.jar -configuration c:\Users\Papa Omar\AppData\Roaming\Windsurf\User\globalStorage\redhat.java\1.41.1\config_win -data c:\Users\Papa Omar\AppData\Roaming\Windsurf\User\workspaceStorage\4b626ede8af95319149a36f51a9c1459\redhat.java\jdt_ws --pipe=\\.\pipe\lsp-f552a8b1fb612e8ad6bfb1a11834e640-sock

Host: Intel(R) Core(TM) i5-9300H CPU @ 2.40GHz, 8 cores, 7G,  Windows 11 , 64 bit Build 26100 (10.0.26100.3624)
Time: Sun Apr  6 00:38:50 2025 Greenwich elapsed time: 30.553483 seconds (0d 0h 0m 30s)

---------------  T H R E A D  ---------------

Current thread (0x000002b8b26f9ea0):  JavaThread "C2 CompilerThread0" daemon [_thread_in_native, id=12224, stack(0x000000c1a4f00000,0x000000c1a5000000) (1024K)]


Current CompileTask:
C2:30554 7990       4       org.eclipse.jdt.internal.core.search.indexing.BinaryIndexer::extractReferenceFromConstantPool (358 bytes)

Stack: [0x000000c1a4f00000,0x000000c1a5000000]
Native frames: (J=compiled Java code, j=interpreted, Vv=VM code, C=native code)
V  [jvm.dll+0x6cdee9]
V  [jvm.dll+0x8a83d1]
V  [jvm.dll+0x8aa8fe]
V  [jvm.dll+0x8aafe3]
V  [jvm.dll+0x27f706]
V  [jvm.dll+0xc500d]
V  [jvm.dll+0xc5543]
V  [jvm.dll+0x2f2acd]
V  [jvm.dll+0x5f6a2a]
V  [jvm.dll+0x250bb2]
V  [jvm.dll+0x249526]
V  [jvm.dll+0x246ec4]
V  [jvm.dll+0x1c75ee]
V  [jvm.dll+0x25685a]
V  [jvm.dll+0x254dfa]
V  [jvm.dll+0x3f0256]
V  [jvm.dll+0x851f8b]
V  [jvm.dll+0x6cc5ed]
C  [ucrtbase.dll+0x37b0]
C  [KERNEL32.DLL+0x2e8d7]
C  [ntdll.dll+0xb14fc]


---------------  P R O C E S S  ---------------

Threads class SMR info:
_java_thread_list=0x000002b888704320, length=51, elements={
0x000002b89e33c380, 0x000002b8b26ee0e0, 0x000002b8b26efa50, 0x000002b8b26f1d10,
0x000002b8b26f3fa0, 0x000002b8b26f8620, 0x000002b8b26f9070, 0x000002b8b26f9ea0,
0x000002b8b272ac00, 0x000002b8f51af170, 0x000002b8f5413440, 0x000002b8f55d9a40,
0x000002b8fa1f1260, 0x000002b8fa219a00, 0x000002b8fa21a060, 0x000002b8fa767640,
0x000002b8fa8e1630, 0x000002b8fa615dd0, 0x000002b8fa616460, 0x000002b8fa616af0,
0x000002b8fa617180, 0x000002b8fa6150b0, 0x000002b8fa617810, 0x000002b8fa617ea0,
0x000002b8fa614a20, 0x000002b8fa615740, 0x000002b8fc32c4b0, 0x000002b8fc32d1d0,
0x000002b8fc329d50, 0x000002b8fc32b790, 0x000002b8fc32aa70, 0x000002b8fc32b100,
0x000002b8fc32be20, 0x000002b8fc32cb40, 0x000002b8fc32d860, 0x000002b8fc32a3e0,
0x000002b8fc330ce0, 0x000002b8fc330650, 0x000002b8fc32ffc0, 0x000002b8fecf3300,
0x000002b8fc32def0, 0x000002b8fc32e580, 0x000002b8fc32ec10, 0x000002b8fc32f930,
0x000002b8fc32f2a0, 0x000002b8ff99bb70, 0x000002b8ff99c890, 0x000002b8ff99ae50,
0x000002b8ff99b4e0, 0x000002b8ff99c200, 0x000002b8fba0bb50
}

Java Threads: ( => current thread )
  0x000002b89e33c380 JavaThread "main"                              [_thread_blocked, id=30044, stack(0x000000c1a4500000,0x000000c1a4600000) (1024K)]
  0x000002b8b26ee0e0 JavaThread "Reference Handler"          daemon [_thread_blocked, id=26292, stack(0x000000c1a4900000,0x000000c1a4a00000) (1024K)]
  0x000002b8b26efa50 JavaThread "Finalizer"                  daemon [_thread_blocked, id=5568, stack(0x000000c1a4a00000,0x000000c1a4b00000) (1024K)]
  0x000002b8b26f1d10 JavaThread "Signal Dispatcher"          daemon [_thread_blocked, id=9760, stack(0x000000c1a4b00000,0x000000c1a4c00000) (1024K)]
  0x000002b8b26f3fa0 JavaThread "Attach Listener"            daemon [_thread_blocked, id=8124, stack(0x000000c1a4c00000,0x000000c1a4d00000) (1024K)]
  0x000002b8b26f8620 JavaThread "Service Thread"             daemon [_thread_blocked, id=17484, stack(0x000000c1a4d00000,0x000000c1a4e00000) (1024K)]
  0x000002b8b26f9070 JavaThread "Monitor Deflation Thread"   daemon [_thread_blocked, id=28716, stack(0x000000c1a4e00000,0x000000c1a4f00000) (1024K)]
=>0x000002b8b26f9ea0 JavaThread "C2 CompilerThread0"         daemon [_thread_in_native, id=12224, stack(0x000000c1a4f00000,0x000000c1a5000000) (1024K)]
  0x000002b8b272ac00 JavaThread "C1 CompilerThread0"         daemon [_thread_blocked, id=12064, stack(0x000000c1a5000000,0x000000c1a5100000) (1024K)]
  0x000002b8f51af170 JavaThread "Common-Cleaner"             daemon [_thread_blocked, id=29792, stack(0x000000c1a5100000,0x000000c1a5200000) (1024K)]
  0x000002b8f5413440 JavaThread "Notification Thread"        daemon [_thread_blocked, id=24648, stack(0x000000c1a5200000,0x000000c1a5300000) (1024K)]
  0x000002b8f55d9a40 JavaThread "Active Thread: Equinox Container: 94741b58-ab10-4d99-9114-b5a3cc670431"        [_thread_blocked, id=22684, stack(0x000000c1a5a00000,0x000000c1a5b00000) (1024K)]
  0x000002b8fa1f1260 JavaThread "Refresh Thread: Equinox Container: 94741b58-ab10-4d99-9114-b5a3cc670431" daemon [_thread_blocked, id=10152, stack(0x000000c1a5b00000,0x000000c1a5c00000) (1024K)]
  0x000002b8fa219a00 JavaThread "Framework Event Dispatcher: Equinox Container: 94741b58-ab10-4d99-9114-b5a3cc670431" daemon [_thread_blocked, id=23796, stack(0x000000c1a5d00000,0x000000c1a5e00000) (1024K)]
  0x000002b8fa21a060 JavaThread "Start Level: Equinox Container: 94741b58-ab10-4d99-9114-b5a3cc670431" daemon [_thread_blocked, id=6088, stack(0x000000c1a5e00000,0x000000c1a5f00000) (1024K)]
  0x000002b8fa767640 JavaThread "Bundle File Closer"         daemon [_thread_blocked, id=16264, stack(0x000000c1a5f00000,0x000000c1a6000000) (1024K)]
  0x000002b8fa8e1630 JavaThread "SCR Component Actor"        daemon [_thread_blocked, id=5432, stack(0x000000c1a5300000,0x000000c1a5400000) (1024K)]
  0x000002b8fa615dd0 JavaThread "Worker-JM"                         [_thread_blocked, id=10424, stack(0x000000c1a6200000,0x000000c1a6300000) (1024K)]
  0x000002b8fa616460 JavaThread "JNA Cleaner"                daemon [_thread_blocked, id=29072, stack(0x000000c1a6100000,0x000000c1a6200000) (1024K)]
  0x000002b8fa616af0 JavaThread "Worker-0"                          [_thread_blocked, id=19540, stack(0x000000c1a6300000,0x000000c1a6400000) (1024K)]
  0x000002b8fa617180 JavaThread "Worker-1"                          [_thread_blocked, id=14812, stack(0x000000c1a6400000,0x000000c1a6500000) (1024K)]
  0x000002b8fa6150b0 JavaThread "Java indexing"              daemon [_thread_blocked, id=29548, stack(0x000000c1a6500000,0x000000c1a6600000) (1024K)]
  0x000002b8fa617810 JavaThread "Worker-2: Java indexing... "        [_thread_blocked, id=19164, stack(0x000000c1a6800000,0x000000c1a6900000) (1024K)]
  0x000002b8fa617ea0 JavaThread "Worker-3: Building"                [_thread_blocked, id=10940, stack(0x000000c1a6900000,0x000000c1a6a00000) (1024K)]
  0x000002b8fa614a20 JavaThread "Worker-4"                          [_thread_blocked, id=22240, stack(0x000000c1a6a00000,0x000000c1a6b00000) (1024K)]
  0x000002b8fa615740 JavaThread "Thread-2"                   daemon [_thread_in_native, id=14716, stack(0x000000c1a6b00000,0x000000c1a6c00000) (1024K)]
  0x000002b8fc32c4b0 JavaThread "Thread-3"                   daemon [_thread_in_native, id=7944, stack(0x000000c1a6c00000,0x000000c1a6d00000) (1024K)]
  0x000002b8fc32d1d0 JavaThread "Thread-4"                   daemon [_thread_in_native, id=12944, stack(0x000000c1a6d00000,0x000000c1a6e00000) (1024K)]
  0x000002b8fc329d50 JavaThread "Thread-5"                   daemon [_thread_in_native, id=30212, stack(0x000000c1a6e00000,0x000000c1a6f00000) (1024K)]
  0x000002b8fc32b790 JavaThread "Thread-6"                   daemon [_thread_in_native, id=18760, stack(0x000000c1a6f00000,0x000000c1a7000000) (1024K)]
  0x000002b8fc32aa70 JavaThread "Thread-7"                   daemon [_thread_in_native, id=23388, stack(0x000000c1a7000000,0x000000c1a7100000) (1024K)]
  0x000002b8fc32b100 JavaThread "Thread-8"                   daemon [_thread_in_native, id=29196, stack(0x000000c1a7100000,0x000000c1a7200000) (1024K)]
  0x000002b8fc32be20 JavaThread "Thread-9"                   daemon [_thread_in_native, id=6964, stack(0x000000c1a7200000,0x000000c1a7300000) (1024K)]
  0x000002b8fc32cb40 JavaThread "Thread-10"                  daemon [_thread_in_native, id=19436, stack(0x000000c1a7300000,0x000000c1a7400000) (1024K)]
  0x000002b8fc32d860 JavaThread "pool-2-thread-1"                   [_thread_blocked, id=18384, stack(0x000000c1a7400000,0x000000c1a7500000) (1024K)]
  0x000002b8fc32a3e0 JavaThread "WorkspaceEventsHandler"            [_thread_blocked, id=22080, stack(0x000000c1a7500000,0x000000c1a7600000) (1024K)]
  0x000002b8fc330ce0 JavaThread "pool-1-thread-1"                   [_thread_blocked, id=1228, stack(0x000000c1a7600000,0x000000c1a7700000) (1024K)]
  0x000002b8fc330650 JavaThread "Worker-5"                          [_thread_blocked, id=26280, stack(0x000000c1a7700000,0x000000c1a7800000) (1024K)]
  0x000002b8fc32ffc0 JavaThread "Worker-6"                          [_thread_blocked, id=30272, stack(0x000000c1a7800000,0x000000c1a7900000) (1024K)]
  0x000002b8fecf3300 JavaThread "C2 CompilerThread1"         daemon [_thread_blocked, id=1204, stack(0x000000c1a6000000,0x000000c1a6100000) (1024K)]
  0x000002b8fc32def0 JavaThread "LocalFile Deleter"          daemon [_thread_blocked, id=19056, stack(0x000000c1a7900000,0x000000c1a7a00000) (1024K)]
  0x000002b8fc32e580 JavaThread "LocalFile Deleter"          daemon [_thread_blocked, id=12384, stack(0x000000c1a7a00000,0x000000c1a7b00000) (1024K)]
  0x000002b8fc32ec10 JavaThread "LocalFile Deleter"          daemon [_thread_blocked, id=30168, stack(0x000000c1a7b00000,0x000000c1a7c00000) (1024K)]
  0x000002b8fc32f930 JavaThread "LocalFile Deleter"          daemon [_thread_blocked, id=2144, stack(0x000000c1a7c00000,0x000000c1a7d00000) (1024K)]
  0x000002b8fc32f2a0 JavaThread "Compiler Source File Reader" daemon [_thread_blocked, id=20312, stack(0x000000c1a7d00000,0x000000c1a7e00000) (1024K)]
  0x000002b8ff99bb70 JavaThread "Compiler Source File Reader" daemon [_thread_blocked, id=15272, stack(0x000000c1a7e00000,0x000000c1a7f00000) (1024K)]
  0x000002b8ff99c890 JavaThread "Compiler Source File Reader" daemon [_thread_blocked, id=17684, stack(0x000000c1a7f00000,0x000000c1a8000000) (1024K)]
  0x000002b8ff99ae50 JavaThread "Compiler Source File Reader" daemon [_thread_blocked, id=1332, stack(0x000000c1a8000000,0x000000c1a8100000) (1024K)]
  0x000002b8ff99b4e0 JavaThread "Compiler Source File Reader" daemon [_thread_blocked, id=30268, stack(0x000000c1a8100000,0x000000c1a8200000) (1024K)]
  0x000002b8ff99c200 JavaThread "Compiler Source File Reader" daemon [_thread_blocked, id=26256, stack(0x000000c1a8200000,0x000000c1a8300000) (1024K)]
  0x000002b8fba0bb50 JavaThread "C2 CompilerThread2"         daemon [_thread_in_native, id=1444, stack(0x000000c1a8300000,0x000000c1a8400000) (1024K)]
Total: 51

Other Threads:
  0x000002b8b26d0a60 VMThread "VM Thread"                           [id=29312, stack(0x000000c1a4800000,0x000000c1a4900000) (1024K)]
  0x000002b8b260ca00 WatcherThread "VM Periodic Task Thread"        [id=9180, stack(0x000000c1a4700000,0x000000c1a4800000) (1024K)]
  0x000002b89e35a660 WorkerThread "GC Thread#0"                     [id=19868, stack(0x000000c1a4600000,0x000000c1a4700000) (1024K)]
  0x000002b8f5b2b130 WorkerThread "GC Thread#1"                     [id=31696, stack(0x000000c1a5400000,0x000000c1a5500000) (1024K)]
  0x000002b8f5b25ca0 WorkerThread "GC Thread#2"                     [id=13204, stack(0x000000c1a5500000,0x000000c1a5600000) (1024K)]
  0x000002b8f5b26040 WorkerThread "GC Thread#3"                     [id=23496, stack(0x000000c1a5600000,0x000000c1a5700000) (1024K)]
  0x000002b8f5b263e0 WorkerThread "GC Thread#4"                     [id=27972, stack(0x000000c1a5700000,0x000000c1a5800000) (1024K)]
  0x000002b8f5b26780 WorkerThread "GC Thread#5"                     [id=14644, stack(0x000000c1a5800000,0x000000c1a5900000) (1024K)]
  0x000002b8f5b26b20 WorkerThread "GC Thread#6"                     [id=25532, stack(0x000000c1a5900000,0x000000c1a5a00000) (1024K)]
  0x000002b8f5a3ee70 WorkerThread "GC Thread#7"                     [id=24152, stack(0x000000c1a5c00000,0x000000c1a5d00000) (1024K)]
Total: 10

Threads with active compile tasks:
C2 CompilerThread0  32619 7990       4       org.eclipse.jdt.internal.core.search.indexing.BinaryIndexer::extractReferenceFromConstantPool (358 bytes)
C1 CompilerThread0  32619 8030       3       java.util.Collections$UnmodifiableMap$UnmodifiableEntrySet$UnmodifiableEntry::<init> (16 bytes)
C2 CompilerThread1  32619 8006       4       org.eclipse.jdt.internal.core.search.indexing.BinaryIndexer::extractArgCount (316 bytes)
C2 CompilerThread2  32619 7983       4       org.eclipse.jdt.internal.core.search.indexing.AbstractIndexer::addConstructorReference (58 bytes)
Total: 4

VM state: at safepoint (normal execution)

VM Mutex/Monitor currently owned by a thread:  ([mutex/lock_event])
[0x00007ffa62e2e380] Threads_lock - owner thread: 0x000002b8b26d0a60
[0x00007ffa62e2e480] Heap_lock - owner thread: 0x000002b8fa6150b0
[0x00007ffa62e2e900] PSOldGenExpand_lock - owner thread: 0x000002b8f5b263e0

Heap address: 0x00000000c0000000, size: 1024 MB, Compressed Oops mode: 32-bit

CDS archive(s) mapped at: [0x000002b8b3000000-0x000002b8b3ba0000-0x000002b8b3ba0000), size 12189696, SharedBaseAddress: 0x000002b8b3000000, ArchiveRelocationMode: 1.
Compressed class space mapped at: 0x000002b8b4000000-0x000002b8f4000000, reserved size: 1073741824
Narrow klass base: 0x000002b8b3000000, Narrow klass shift: 0, Narrow klass range: 0x100000000

GC Precious Log:
 CardTable entry size: 512
 CPUs: 8 total, 8 available
 Memory: 8029M
 Large Page Support: Disabled
 NUMA Support: Disabled
 Compressed Oops: Enabled (32-bit)
 Alignments: Space 512K, Generation 512K, Heap 2M
 Heap Min Capacity: 100M
 Heap Initial Capacity: 100M
 Heap Max Capacity: 1G
 Pre-touch: Disabled
 Parallel Workers: 8

Heap:
 PSYoungGen      total 18432K, used 18130K [0x00000000eab00000, 0x00000000ec080000, 0x0000000100000000)
  eden space 15360K, 100% used [0x00000000eab00000,0x00000000eba00000,0x00000000eba00000)
  from space 3072K, 90% used [0x00000000ebd00000,0x00000000ebfb49b0,0x00000000ec000000)
  to   space 512K, 99% used [0x00000000ec000000,0x00000000ec07efc8,0x00000000ec080000)
 ParOldGen       total 126464K, used 126463K [0x00000000c0000000, 0x00000000c7b80000, 0x00000000eab00000)
  object space 126464K, 99% used [0x00000000c0000000,0x00000000c7b7fd98,0x00000000c7b80000)
 Metaspace       used 51364K, committed 52672K, reserved 1114112K
  class space    used 5428K, committed 5952K, reserved 1048576K

Card table byte_map: [0x000002b89dce0000,0x000002b89def0000] _byte_map_base: 0x000002b89d6e0000

Marking Bits: (ParMarkBitMap*) 0x00007ffa62e33260
 Begin Bits: [0x000002b8b0530000, 0x000002b8b1530000)
 End Bits:   [0x000002b8b1530000, 0x000002b8b2530000)

Polling page: 0x000002b89c300000

Metaspace:

Usage:
  Non-class:     44.86 MB used.
      Class:      5.30 MB used.
       Both:     50.16 MB used.

Virtual space:
  Non-class space:       64.00 MB reserved,      45.62 MB ( 71%) committed,  1 nodes.
      Class space:        1.00 GB reserved,       5.81 MB ( <1%) committed,  1 nodes.
             Both:        1.06 GB reserved,      51.44 MB (  5%) committed. 

Chunk freelists:
   Non-Class:  2.17 MB
       Class:  10.14 MB
        Both:  12.31 MB

MaxMetaspaceSize: unlimited
CompressedClassSpaceSize: 1.00 GB
Initial GC threshold: 21.00 MB
Current GC threshold: 58.38 MB
CDS: on
 - commit_granule_bytes: 65536.
 - commit_granule_words: 8192.
 - virtual_space_node_default_size: 8388608.
 - enlarge_chunks_in_place: 1.
 - use_allocation_guard: 0.


Internal statistics:

num_allocs_failed_limit: 6.
num_arena_births: 1008.
num_arena_deaths: 14.
num_vsnodes_births: 2.
num_vsnodes_deaths: 0.
num_space_committed: 823.
num_space_uncommitted: 0.
num_chunks_returned_to_freelist: 20.
num_chunks_taken_from_freelist: 3383.
num_chunk_merges: 12.
num_chunk_splits: 2082.
num_chunks_enlarged: 1167.
num_inconsistent_stats: 0.

CodeHeap 'non-profiled nmethods': size=120000Kb used=4185Kb max_used=4185Kb free=115814Kb
 bounds [0x000002b8a9000000, 0x000002b8a9420000, 0x000002b8b0530000]
CodeHeap 'profiled nmethods': size=120000Kb used=14897Kb max_used=14897Kb free=105102Kb
 bounds [0x000002b8a1530000, 0x000002b8a23c0000, 0x000002b8a8a60000]
CodeHeap 'non-nmethods': size=5760Kb used=1395Kb max_used=1488Kb free=4364Kb
 bounds [0x000002b8a8a60000, 0x000002b8a8cd0000, 0x000002b8a9000000]
 total_blobs=8145 nmethods=7445 adapters=606
 compilation: enabled
              stopped_count=0, restarted_count=0
 full_count=0

Compilation events (20 events):
Event: 28.493 Thread 0x000002b8fecf3300 7988       4       org.eclipse.jdt.internal.core.search.indexing.AbstractIndexer::addMethodReference (13 bytes)
Event: 28.521 Thread 0x000002b8b272ac00 8000       1       sun.nio.fs.WindowsFileAttributes::fileKey (2 bytes)
Event: 28.521 Thread 0x000002b8b272ac00 nmethod 8000 0x000002b8a9412110 code [0x000002b8a94122a0, 0x000002b8a9412370]
Event: 28.521 Thread 0x000002b8b272ac00 8001       3       java.util.zip.ZipFile$1::getManifestName (6 bytes)
Event: 28.521 Thread 0x000002b8b272ac00 nmethod 8001 0x000002b8a23aaa10 code [0x000002b8a23aabc0, 0x000002b8a23aad08]
Event: 28.521 Thread 0x000002b8b272ac00 8002   !   3       java.util.zip.ZipFile::getManifestName (61 bytes)
Event: 28.522 Thread 0x000002b8b272ac00 nmethod 8002 0x000002b8a23aae10 code [0x000002b8a23aafe0, 0x000002b8a23ab378]
Event: 28.523 Thread 0x000002b8fecf3300 nmethod 7988 0x000002b8a9412410 code [0x000002b8a9412640, 0x000002b8a9413450]
Event: 28.523 Thread 0x000002b8fecf3300 7998       4       java.util.ArrayList::toArray (57 bytes)
Event: 28.524 Thread 0x000002b8b272ac00 8003       3       org.eclipse.jdt.internal.compiler.util.CharDeduplication::sharedCopyOfRange (190 bytes)
Event: 28.525 Thread 0x000002b8b272ac00 nmethod 8003 0x000002b8a23ab590 code [0x000002b8a23ab8c0, 0x000002b8a23acaf8]
Event: 28.528 Thread 0x000002b8fecf3300 nmethod 7998 0x000002b8a9413c10 code [0x000002b8a9413dc0, 0x000002b8a9414318]
Event: 28.528 Thread 0x000002b8fecf3300 7999       4       java.io.File::isInvalid (47 bytes)
Event: 28.532 Thread 0x000002b8fecf3300 nmethod 7999 0x000002b8a9414510 code [0x000002b8a94146c0, 0x000002b8a9414990]
Event: 28.532 Thread 0x000002b8fecf3300 7995       4       org.eclipse.jdt.internal.core.search.indexing.BinaryIndexer::extractArgCount (8 bytes)
Event: 28.533 Thread 0x000002b8b272ac00 8004       3       org.eclipse.jdt.internal.compiler.classfmt.ClassFileStruct::i4At (69 bytes)
Event: 28.533 Thread 0x000002b8b272ac00 nmethod 8004 0x000002b8a23ad210 code [0x000002b8a23ad3c0, 0x000002b8a23ad590]
Event: 28.534 Thread 0x000002b8b272ac00 8005       3       java.util.jar.JarEntry::<init> (6 bytes)
Event: 28.535 Thread 0x000002b8b272ac00 nmethod 8005 0x000002b8a23ad690 code [0x000002b8a23ad840, 0x000002b8a23ad978]
Event: 28.883 Thread 0x000002b8b272ac00 8007   !   3       org.eclipse.core.internal.jobs.JobListeners::waitAndSendEvents (445 bytes)

GC Heap History (20 events):
Event: 21.241 GC heap before
{Heap before GC invocations=42 (full 2):
 PSYoungGen      total 20480K, used 20281K [0x00000000eab00000, 0x00000000ec300000, 0x0000000100000000)
  eden space 16384K, 100% used [0x00000000eab00000,0x00000000ebb00000,0x00000000ebb00000)
  from space 4096K, 95% used [0x00000000ebc80000,0x00000000ec04e730,0x00000000ec080000)
  to   space 2560K, 0% used [0x00000000ec080000,0x00000000ec080000,0x00000000ec300000)
 ParOldGen       total 94720K, used 94715K [0x00000000c0000000, 0x00000000c5c80000, 0x00000000eab00000)
  object space 94720K, 99% used [0x00000000c0000000,0x00000000c5c7ee48,0x00000000c5c80000)
 Metaspace       used 48367K, committed 49664K, reserved 1114112K
  class space    used 5096K, committed 5696K, reserved 1048576K
}
Event: 21.247 GC heap after
{Heap after GC invocations=42 (full 2):
 PSYoungGen      total 16896K, used 2533K [0x00000000eab00000, 0x00000000eca00000, 0x0000000100000000)
  eden space 14336K, 0% used [0x00000000eab00000,0x00000000eab00000,0x00000000eb900000)
  from space 2560K, 98% used [0x00000000ec080000,0x00000000ec2f9668,0x00000000ec300000)
  to   space 7680K, 0% used [0x00000000eb900000,0x00000000eb900000,0x00000000ec080000)
 ParOldGen       total 99328K, used 99126K [0x00000000c0000000, 0x00000000c6100000, 0x00000000eab00000)
  object space 99328K, 99% used [0x00000000c0000000,0x00000000c60cdb98,0x00000000c6100000)
 Metaspace       used 48367K, committed 49664K, reserved 1114112K
  class space    used 5096K, committed 5696K, reserved 1048576K
}
Event: 21.735 GC heap before
{Heap before GC invocations=43 (full 2):
 PSYoungGen      total 16896K, used 16869K [0x00000000eab00000, 0x00000000eca00000, 0x0000000100000000)
  eden space 14336K, 100% used [0x00000000eab00000,0x00000000eb900000,0x00000000eb900000)
  from space 2560K, 98% used [0x00000000ec080000,0x00000000ec2f9668,0x00000000ec300000)
  to   space 7680K, 0% used [0x00000000eb900000,0x00000000eb900000,0x00000000ec080000)
 ParOldGen       total 99328K, used 99126K [0x00000000c0000000, 0x00000000c6100000, 0x00000000eab00000)
  object space 99328K, 99% used [0x00000000c0000000,0x00000000c60cdb98,0x00000000c6100000)
 Metaspace       used 48376K, committed 49664K, reserved 1114112K
  class space    used 5096K, committed 5696K, reserved 1048576K
}
Event: 21.739 GC heap after
{Heap after GC invocations=43 (full 2):
 PSYoungGen      total 17920K, used 3443K [0x00000000eab00000, 0x00000000ec300000, 0x0000000100000000)
  eden space 14336K, 0% used [0x00000000eab00000,0x00000000eab00000,0x00000000eb900000)
  from space 3584K, 96% used [0x00000000eb900000,0x00000000ebc5cf18,0x00000000ebc80000)
  to   space 5120K, 0% used [0x00000000ebe00000,0x00000000ebe00000,0x00000000ec300000)
 ParOldGen       total 101888K, used 101586K [0x00000000c0000000, 0x00000000c6380000, 0x00000000eab00000)
  object space 101888K, 99% used [0x00000000c0000000,0x00000000c63349d8,0x00000000c6380000)
 Metaspace       used 48376K, committed 49664K, reserved 1114112K
  class space    used 5096K, committed 5696K, reserved 1048576K
}
Event: 21.952 GC heap before
{Heap before GC invocations=44 (full 2):
 PSYoungGen      total 17920K, used 17779K [0x00000000eab00000, 0x00000000ec300000, 0x0000000100000000)
  eden space 14336K, 100% used [0x00000000eab00000,0x00000000eb900000,0x00000000eb900000)
  from space 3584K, 96% used [0x00000000eb900000,0x00000000ebc5cf18,0x00000000ebc80000)
  to   space 5120K, 0% used [0x00000000ebe00000,0x00000000ebe00000,0x00000000ec300000)
 ParOldGen       total 101888K, used 101586K [0x00000000c0000000, 0x00000000c6380000, 0x00000000eab00000)
  object space 101888K, 99% used [0x00000000c0000000,0x00000000c63349d8,0x00000000c6380000)
 Metaspace       used 48380K, committed 49664K, reserved 1114112K
  class space    used 5096K, committed 5696K, reserved 1048576K
}
Event: 21.956 GC heap after
{Heap after GC invocations=44 (full 2):
 PSYoungGen      total 18432K, used 3590K [0x00000000eab00000, 0x00000000ec200000, 0x0000000100000000)
  eden space 14336K, 0% used [0x00000000eab00000,0x00000000eab00000,0x00000000eb900000)
  from space 4096K, 87% used [0x00000000ebe00000,0x00000000ec181b80,0x00000000ec200000)
  to   space 4096K, 0% used [0x00000000eba00000,0x00000000eba00000,0x00000000ebe00000)
 ParOldGen       total 104960K, used 104796K [0x00000000c0000000, 0x00000000c6680000, 0x00000000eab00000)
  object space 104960K, 99% used [0x00000000c0000000,0x00000000c6657378,0x00000000c6680000)
 Metaspace       used 48380K, committed 49664K, reserved 1114112K
  class space    used 5096K, committed 5696K, reserved 1048576K
}
Event: 22.306 GC heap before
{Heap before GC invocations=45 (full 2):
 PSYoungGen      total 18432K, used 17926K [0x00000000eab00000, 0x00000000ec200000, 0x0000000100000000)
  eden space 14336K, 100% used [0x00000000eab00000,0x00000000eb900000,0x00000000eb900000)
  from space 4096K, 87% used [0x00000000ebe00000,0x00000000ec181b80,0x00000000ec200000)
  to   space 4096K, 0% used [0x00000000eba00000,0x00000000eba00000,0x00000000ebe00000)
 ParOldGen       total 104960K, used 104796K [0x00000000c0000000, 0x00000000c6680000, 0x00000000eab00000)
  object space 104960K, 99% used [0x00000000c0000000,0x00000000c6657378,0x00000000c6680000)
 Metaspace       used 48882K, committed 50176K, reserved 1114112K
  class space    used 5138K, committed 5696K, reserved 1048576K
}
Event: 22.313 GC heap after
{Heap after GC invocations=45 (full 2):
 PSYoungGen      total 17408K, used 2714K [0x00000000eab00000, 0x00000000ebf00000, 0x0000000100000000)
  eden space 14336K, 0% used [0x00000000eab00000,0x00000000eab00000,0x00000000eb900000)
  from space 3072K, 88% used [0x00000000eba00000,0x00000000ebca69d8,0x00000000ebd00000)
  to   space 2048K, 0% used [0x00000000ebd00000,0x00000000ebd00000,0x00000000ebf00000)
 ParOldGen       total 110592K, used 109927K [0x00000000c0000000, 0x00000000c6c00000, 0x00000000eab00000)
  object space 110592K, 99% used [0x00000000c0000000,0x00000000c6b59f20,0x00000000c6c00000)
 Metaspace       used 48882K, committed 50176K, reserved 1114112K
  class space    used 5138K, committed 5696K, reserved 1048576K
}
Event: 22.588 GC heap before
{Heap before GC invocations=46 (full 2):
 PSYoungGen      total 17408K, used 17050K [0x00000000eab00000, 0x00000000ebf00000, 0x0000000100000000)
  eden space 14336K, 100% used [0x00000000eab00000,0x00000000eb900000,0x00000000eb900000)
  from space 3072K, 88% used [0x00000000eba00000,0x00000000ebca69d8,0x00000000ebd00000)
  to   space 2048K, 0% used [0x00000000ebd00000,0x00000000ebd00000,0x00000000ebf00000)
 ParOldGen       total 110592K, used 109927K [0x00000000c0000000, 0x00000000c6c00000, 0x00000000eab00000)
  object space 110592K, 99% used [0x00000000c0000000,0x00000000c6b59f20,0x00000000c6c00000)
 Metaspace       used 50043K, committed 51328K, reserved 1114112K
  class space    used 5238K, committed 5824K, reserved 1048576K
}
Event: 24.611 GC heap after
{Heap after GC invocations=46 (full 2):
 PSYoungGen      total 16384K, used 2030K [0x00000000eab00000, 0x00000000ebf00000, 0x0000000100000000)
  eden space 14336K, 0% used [0x00000000eab00000,0x00000000eab00000,0x00000000eb900000)
  from space 2048K, 99% used [0x00000000ebd00000,0x00000000ebefba18,0x00000000ebf00000)
  to   space 3072K, 0% used [0x00000000eba00000,0x00000000eba00000,0x00000000ebd00000)
 ParOldGen       total 112640K, used 112224K [0x00000000c0000000, 0x00000000c6e00000, 0x00000000eab00000)
  object space 112640K, 99% used [0x00000000c0000000,0x00000000c6d98130,0x00000000c6e00000)
 Metaspace       used 50043K, committed 51328K, reserved 1114112K
  class space    used 5238K, committed 5824K, reserved 1048576K
}
Event: 24.664 GC heap before
{Heap before GC invocations=47 (full 2):
 PSYoungGen      total 16384K, used 16366K [0x00000000eab00000, 0x00000000ebf00000, 0x0000000100000000)
  eden space 14336K, 100% used [0x00000000eab00000,0x00000000eb900000,0x00000000eb900000)
  from space 2048K, 99% used [0x00000000ebd00000,0x00000000ebefba18,0x00000000ebf00000)
  to   space 3072K, 0% used [0x00000000eba00000,0x00000000eba00000,0x00000000ebd00000)
 ParOldGen       total 112640K, used 112224K [0x00000000c0000000, 0x00000000c6e00000, 0x00000000eab00000)
  object space 112640K, 99% used [0x00000000c0000000,0x00000000c6d98130,0x00000000c6e00000)
 Metaspace       used 50335K, committed 51584K, reserved 1114112K
  class space    used 5280K, committed 5824K, reserved 1048576K
}
Event: 24.668 GC heap after
{Heap after GC invocations=47 (full 2):
 PSYoungGen      total 17408K, used 3065K [0x00000000eab00000, 0x00000000ec400000, 0x0000000100000000)
  eden space 14336K, 0% used [0x00000000eab00000,0x00000000eab00000,0x00000000eb900000)
  from space 3072K, 99% used [0x00000000eba00000,0x00000000ebcfe5e0,0x00000000ebd00000)
  to   space 5632K, 0% used [0x00000000ebe80000,0x00000000ebe80000,0x00000000ec400000)
 ParOldGen       total 114688K, used 114188K [0x00000000c0000000, 0x00000000c7000000, 0x00000000eab00000)
  object space 114688K, 99% used [0x00000000c0000000,0x00000000c6f831e0,0x00000000c7000000)
 Metaspace       used 50335K, committed 51584K, reserved 1114112K
  class space    used 5280K, committed 5824K, reserved 1048576K
}
Event: 24.811 GC heap before
{Heap before GC invocations=48 (full 2):
 PSYoungGen      total 17408K, used 17401K [0x00000000eab00000, 0x00000000ec400000, 0x0000000100000000)
  eden space 14336K, 100% used [0x00000000eab00000,0x00000000eb900000,0x00000000eb900000)
  from space 3072K, 99% used [0x00000000eba00000,0x00000000ebcfe5e0,0x00000000ebd00000)
  to   space 5632K, 0% used [0x00000000ebe80000,0x00000000ebe80000,0x00000000ec400000)
 ParOldGen       total 114688K, used 114188K [0x00000000c0000000, 0x00000000c7000000, 0x00000000eab00000)
  object space 114688K, 99% used [0x00000000c0000000,0x00000000c6f831e0,0x00000000c7000000)
 Metaspace       used 50499K, committed 51712K, reserved 1114112K
  class space    used 5287K, committed 5824K, reserved 1048576K
}
Event: 24.817 GC heap after
{Heap after GC invocations=48 (full 2):
 PSYoungGen      total 17920K, used 3314K [0x00000000eab00000, 0x00000000ec200000, 0x0000000100000000)
  eden space 14336K, 0% used [0x00000000eab00000,0x00000000eab00000,0x00000000eb900000)
  from space 3584K, 92% used [0x00000000ebe80000,0x00000000ec1bc878,0x00000000ec200000)
  to   space 4096K, 0% used [0x00000000eba00000,0x00000000eba00000,0x00000000ebe00000)
 ParOldGen       total 117248K, used 117093K [0x00000000c0000000, 0x00000000c7280000, 0x00000000eab00000)
  object space 117248K, 99% used [0x00000000c0000000,0x00000000c72595a8,0x00000000c7280000)
 Metaspace       used 50499K, committed 51712K, reserved 1114112K
  class space    used 5287K, committed 5824K, reserved 1048576K
}
Event: 24.948 GC heap before
{Heap before GC invocations=49 (full 2):
 PSYoungGen      total 17920K, used 17650K [0x00000000eab00000, 0x00000000ec200000, 0x0000000100000000)
  eden space 14336K, 100% used [0x00000000eab00000,0x00000000eb900000,0x00000000eb900000)
  from space 3584K, 92% used [0x00000000ebe80000,0x00000000ec1bc878,0x00000000ec200000)
  to   space 4096K, 0% used [0x00000000eba00000,0x00000000eba00000,0x00000000ebe00000)
 ParOldGen       total 117248K, used 117093K [0x00000000c0000000, 0x00000000c7280000, 0x00000000eab00000)
  object space 117248K, 99% used [0x00000000c0000000,0x00000000c72595a8,0x00000000c7280000)
 Metaspace       used 50879K, committed 52160K, reserved 1114112K
  class space    used 5338K, committed 5888K, reserved 1048576K
}
Event: 25.955 GC heap after
{Heap after GC invocations=49 (full 2):
 PSYoungGen      total 19456K, used 2984K [0x00000000eab00000, 0x00000000ec380000, 0x0000000100000000)
  eden space 15360K, 0% used [0x00000000eab00000,0x00000000eab00000,0x00000000eba00000)
  from space 4096K, 72% used [0x00000000eba00000,0x00000000ebcea020,0x00000000ebe00000)
  to   space 3584K, 0% used [0x00000000ec000000,0x00000000ec000000,0x00000000ec380000)
 ParOldGen       total 120320K, used 120088K [0x00000000c0000000, 0x00000000c7580000, 0x00000000eab00000)
  object space 120320K, 99% used [0x00000000c0000000,0x00000000c75462a0,0x00000000c7580000)
 Metaspace       used 50879K, committed 52160K, reserved 1114112K
  class space    used 5338K, committed 5888K, reserved 1048576K
}
Event: 27.364 GC heap before
{Heap before GC invocations=50 (full 2):
 PSYoungGen      total 19456K, used 18344K [0x00000000eab00000, 0x00000000ec380000, 0x0000000100000000)
  eden space 15360K, 100% used [0x00000000eab00000,0x00000000eba00000,0x00000000eba00000)
  from space 4096K, 72% used [0x00000000eba00000,0x00000000ebcea020,0x00000000ebe00000)
  to   space 3584K, 0% used [0x00000000ec000000,0x00000000ec000000,0x00000000ec380000)
 ParOldGen       total 120320K, used 120088K [0x00000000c0000000, 0x00000000c7580000, 0x00000000eab00000)
  object space 120320K, 99% used [0x00000000c0000000,0x00000000c75462a0,0x00000000c7580000)
 Metaspace       used 51254K, committed 52608K, reserved 1114112K
  class space    used 5391K, committed 5952K, reserved 1048576K
}
Event: 27.369 GC heap after
{Heap after GC invocations=50 (full 2):
 PSYoungGen      total 18432K, used 2866K [0x00000000eab00000, 0x00000000ec300000, 0x0000000100000000)
  eden space 15360K, 0% used [0x00000000eab00000,0x00000000eab00000,0x00000000eba00000)
  from space 3072K, 93% used [0x00000000ec000000,0x00000000ec2ccbb8,0x00000000ec300000)
  to   space 3072K, 0% used [0x00000000ebd00000,0x00000000ebd00000,0x00000000ec000000)
 ParOldGen       total 123392K, used 122893K [0x00000000c0000000, 0x00000000c7880000, 0x00000000eab00000)
  object space 123392K, 99% used [0x00000000c0000000,0x00000000c7803430,0x00000000c7880000)
 Metaspace       used 51254K, committed 52608K, reserved 1114112K
  class space    used 5391K, committed 5952K, reserved 1048576K
}
Event: 28.474 GC heap before
{Heap before GC invocations=51 (full 2):
 PSYoungGen      total 18432K, used 18226K [0x00000000eab00000, 0x00000000ec300000, 0x0000000100000000)
  eden space 15360K, 100% used [0x00000000eab00000,0x00000000eba00000,0x00000000eba00000)
  from space 3072K, 93% used [0x00000000ec000000,0x00000000ec2ccbb8,0x00000000ec300000)
  to   space 3072K, 0% used [0x00000000ebd00000,0x00000000ebd00000,0x00000000ec000000)
 ParOldGen       total 123392K, used 122893K [0x00000000c0000000, 0x00000000c7880000, 0x00000000eab00000)
  object space 123392K, 99% used [0x00000000c0000000,0x00000000c7803430,0x00000000c7880000)
 Metaspace       used 51303K, committed 52608K, reserved 1114112K
  class space    used 5411K, committed 5952K, reserved 1048576K
}
Event: 28.480 GC heap after
{Heap after GC invocations=51 (full 2):
 PSYoungGen      total 18432K, used 2770K [0x00000000eab00000, 0x00000000ec080000, 0x0000000100000000)
  eden space 15360K, 0% used [0x00000000eab00000,0x00000000eab00000,0x00000000eba00000)
  from space 3072K, 90% used [0x00000000ebd00000,0x00000000ebfb49b0,0x00000000ec000000)
  to   space 512K, 0% used [0x00000000ec000000,0x00000000ec000000,0x00000000ec080000)
 ParOldGen       total 125952K, used 125509K [0x00000000c0000000, 0x00000000c7b00000, 0x00000000eab00000)
  object space 125952K, 99% used [0x00000000c0000000,0x00000000c7a91758,0x00000000c7b00000)
 Metaspace       used 51303K, committed 52608K, reserved 1114112K
  class space    used 5411K, committed 5952K, reserved 1048576K
}

Dll operation events (10 events):
Event: 0.016 Loaded shared library c:\Users\Papa Omar\.windsurf\extensions\redhat.java-1.41.1-win32-x64\jre\21.0.6-win32-x86_64\bin\java.dll
Event: 0.239 Loaded shared library c:\Users\Papa Omar\.windsurf\extensions\redhat.java-1.41.1-win32-x64\jre\21.0.6-win32-x86_64\bin\zip.dll
Event: 0.274 Loaded shared library C:\Users\Papa Omar\.windsurf\extensions\redhat.java-1.41.1-win32-x64\jre\21.0.6-win32-x86_64\bin\instrument.dll
Event: 0.281 Loaded shared library C:\Users\Papa Omar\.windsurf\extensions\redhat.java-1.41.1-win32-x64\jre\21.0.6-win32-x86_64\bin\net.dll
Event: 0.288 Loaded shared library C:\Users\Papa Omar\.windsurf\extensions\redhat.java-1.41.1-win32-x64\jre\21.0.6-win32-x86_64\bin\nio.dll
Event: 0.293 Loaded shared library C:\Users\Papa Omar\.windsurf\extensions\redhat.java-1.41.1-win32-x64\jre\21.0.6-win32-x86_64\bin\zip.dll
Event: 0.383 Loaded shared library C:\Users\Papa Omar\.windsurf\extensions\redhat.java-1.41.1-win32-x64\jre\21.0.6-win32-x86_64\bin\jimage.dll
Event: 0.681 Loaded shared library c:\Users\Papa Omar\.windsurf\extensions\redhat.java-1.41.1-win32-x64\jre\21.0.6-win32-x86_64\bin\verify.dll
Event: 2.780 Loaded shared library C:\Users\Papa Omar\AppData\Roaming\Windsurf\User\globalStorage\redhat.java\1.41.1\config_win\org.eclipse.equinox.launcher\org.eclipse.equinox.launcher.win32.win32.x86_64_1.2.1300.v20250331-1702\eclipse_11911.dll
Event: 6.113 Loaded shared library C:\Users\Papa Omar\AppData\Local\Temp\jna-2111647821\jna11223968670973724391.dll

Deoptimization events (20 events):
Event: 28.448 Thread 0x000002b8fa6150b0 DEOPT PACKING pc=0x000002b8a23a0ed3 sp=0x000000c1a65fec80
Event: 28.448 Thread 0x000002b8fa6150b0 DEOPT UNPACKING pc=0x000002b8a8ab4242 sp=0x000000c1a65fe1e8 mode 0
Event: 28.452 Thread 0x000002b8fa617ea0 DEOPT PACKING pc=0x000002b8a1dd550d sp=0x000000c1a69f8ff0
Event: 28.452 Thread 0x000002b8fa617ea0 DEOPT UNPACKING pc=0x000002b8a8ab4242 sp=0x000000c1a69f84a0 mode 0
Event: 28.461 Thread 0x000002b8fa6150b0 DEOPT PACKING pc=0x000002b8a23a0ed3 sp=0x000000c1a65fec80
Event: 28.461 Thread 0x000002b8fa6150b0 DEOPT UNPACKING pc=0x000002b8a8ab4242 sp=0x000000c1a65fe1e8 mode 0
Event: 28.472 Thread 0x000002b8fa6150b0 DEOPT PACKING pc=0x000002b8a23a0e53 sp=0x000000c1a65fec80
Event: 28.472 Thread 0x000002b8fa6150b0 DEOPT UNPACKING pc=0x000002b8a8ab4242 sp=0x000000c1a65fe1e8 mode 0
Event: 28.516 Thread 0x000002b8fa617ea0 DEOPT PACKING pc=0x000002b8a1b763b9 sp=0x000000c1a69f8bb0
Event: 28.516 Thread 0x000002b8fa617ea0 DEOPT UNPACKING pc=0x000002b8a8ab4242 sp=0x000000c1a69f80b0 mode 0
Event: 28.521 Thread 0x000002b8fa6150b0 DEOPT PACKING pc=0x000002b8a23a0e53 sp=0x000000c1a65fec80
Event: 28.521 Thread 0x000002b8fa6150b0 DEOPT UNPACKING pc=0x000002b8a8ab4242 sp=0x000000c1a65fe1e8 mode 0
Event: 28.530 Thread 0x000002b8fa6150b0 DEOPT PACKING pc=0x000002b8a23a0ed3 sp=0x000000c1a65fec80
Event: 28.531 Thread 0x000002b8fa6150b0 DEOPT UNPACKING pc=0x000002b8a8ab4242 sp=0x000000c1a65fe1e8 mode 0
Event: 28.536 Thread 0x000002b8fa6150b0 DEOPT PACKING pc=0x000002b8a23a1078 sp=0x000000c1a65fec80
Event: 28.536 Thread 0x000002b8fa6150b0 DEOPT UNPACKING pc=0x000002b8a8ab4242 sp=0x000000c1a65fe1e8 mode 0
Event: 28.539 Thread 0x000002b8fa6150b0 DEOPT PACKING pc=0x000002b8a23a0e53 sp=0x000000c1a65fec80
Event: 28.539 Thread 0x000002b8fa6150b0 DEOPT UNPACKING pc=0x000002b8a8ab4242 sp=0x000000c1a65fe1e8 mode 0
Event: 30.550 Thread 0x000002b8fa6150b0 DEOPT PACKING pc=0x000002b8a23a0ed3 sp=0x000000c1a65fec80
Event: 30.550 Thread 0x000002b8fa6150b0 DEOPT UNPACKING pc=0x000002b8a8ab4242 sp=0x000000c1a65fe1e8 mode 0

Classes loaded (20 events):
Event: 10.106 Loading class java/util/stream/MatchOps$MatchOp
Event: 10.106 Loading class java/util/stream/MatchOps$MatchOp done
Event: 10.107 Loading class java/util/stream/MatchOps$BooleanTerminalSink
Event: 10.107 Loading class java/util/stream/MatchOps$BooleanTerminalSink done
Event: 10.107 Loading class java/util/stream/MatchOps$1MatchSink
Event: 10.107 Loading class java/util/stream/MatchOps$1MatchSink done
Event: 10.594 Loading class java/util/WeakHashMap$KeyIterator
Event: 10.594 Loading class java/util/WeakHashMap$KeyIterator done
Event: 10.743 Loading class java/util/concurrent/CompletableFuture$AltResult
Event: 10.744 Loading class java/util/concurrent/CompletableFuture$AltResult done
Event: 10.744 Loading class java/util/concurrent/CompletableFuture$Completion
Event: 10.744 Loading class java/util/concurrent/CompletableFuture$AsynchronousCompletionTask
Event: 10.744 Loading class java/util/concurrent/CompletableFuture$AsynchronousCompletionTask done
Event: 10.744 Loading class java/util/concurrent/CompletableFuture$Completion done
Event: 10.755 Loading class jdk/internal/math/FormattedFPDecimal
Event: 10.755 Loading class jdk/internal/math/FormattedFPDecimal done
Event: 22.259 Loading class java/util/ImmutableCollections$SubList
Event: 22.260 Loading class java/util/ImmutableCollections$SubList done
Event: 26.011 Loading class java/util/concurrent/ForkJoinTask$AdaptedCallable
Event: 26.012 Loading class java/util/concurrent/ForkJoinTask$AdaptedCallable done

Classes unloaded (7 events):
Event: 6.883 Thread 0x000002b8b26d0a60 Unloading class 0x000002b8b41a4c00 'java/lang/invoke/LambdaForm$MH+0x000002b8b41a4c00'
Event: 6.883 Thread 0x000002b8b26d0a60 Unloading class 0x000002b8b41a4800 'java/lang/invoke/LambdaForm$MH+0x000002b8b41a4800'
Event: 6.883 Thread 0x000002b8b26d0a60 Unloading class 0x000002b8b41a4400 'java/lang/invoke/LambdaForm$MH+0x000002b8b41a4400'
Event: 6.883 Thread 0x000002b8b26d0a60 Unloading class 0x000002b8b41a4000 'java/lang/invoke/LambdaForm$MH+0x000002b8b41a4000'
Event: 6.883 Thread 0x000002b8b26d0a60 Unloading class 0x000002b8b41a3c00 'java/lang/invoke/LambdaForm$BMH+0x000002b8b41a3c00'
Event: 6.883 Thread 0x000002b8b26d0a60 Unloading class 0x000002b8b41a3800 'java/lang/invoke/LambdaForm$DMH+0x000002b8b41a3800'
Event: 6.883 Thread 0x000002b8b26d0a60 Unloading class 0x000002b8b41a2400 'java/lang/invoke/LambdaForm$DMH+0x000002b8b41a2400'

Classes redefined (0 events):
No events

Internal exceptions (20 events):
Event: 10.722 Thread 0x000002b8fc330ce0 Exception <a 'java/io/FileNotFoundException'{0x00000000eab5a750}> (0x00000000eab5a750) 
thrown [s\src\hotspot\share\prims\jni.cpp, line 520]
Event: 10.750 Thread 0x000002b8fa617ea0 Exception <a 'java/lang/NoSuchMethodError'{0x00000000eac80f48}: 'int java.lang.invoke.DirectMethodHandle$Holder.invokeSpecialIFC(java.lang.Object, java.lang.Object, java.lang.Object, java.lang.Object)'> (0x00000000eac80f48) 
thrown [s\src\hotspot\share\interpreter\linkResolver.cpp, line 773]
Event: 10.795 Thread 0x000002b8fa617ea0 Exception <a 'sun/nio/fs/WindowsException'{0x00000000ead29228}> (0x00000000ead29228) 
thrown [s\src\hotspot\share\prims\jni.cpp, line 520]
Event: 10.795 Thread 0x000002b8fa617ea0 Exception <a 'sun/nio/fs/WindowsException'{0x00000000ead29878}> (0x00000000ead29878) 
thrown [s\src\hotspot\share\prims\jni.cpp, line 520]
Event: 11.333 Thread 0x000002b8fc330ce0 Exception <a 'java/lang/IncompatibleClassChangeError'{0x00000000eb261970}: Found class java.lang.Object, but interface was expected> (0x00000000eb261970) 
thrown [s\src\hotspot\share\interpreter\linkResolver.cpp, line 840]
Event: 19.594 Thread 0x000002b8fa6150b0 Implicit null exception at 0x000002b8a934a0ec to 0x000002b8a934eed4
Event: 22.062 Thread 0x000002b8fa617ea0 Exception <a 'sun/nio/fs/WindowsException'{0x00000000eb1087e0}> (0x00000000eb1087e0) 
thrown [s\src\hotspot\share\prims\jni.cpp, line 520]
Event: 22.063 Thread 0x000002b8fa617ea0 Exception <a 'sun/nio/fs/WindowsException'{0x00000000eb361550}> (0x00000000eb361550) 
thrown [s\src\hotspot\share\prims\jni.cpp, line 520]
Event: 22.204 Thread 0x000002b8fa617ea0 Exception <a 'java/io/FileNotFoundException'{0x00000000eb520c28}> (0x00000000eb520c28) 
thrown [s\src\hotspot\share\prims\jni.cpp, line 520]
Event: 22.205 Thread 0x000002b8fa617ea0 Exception <a 'java/io/FileNotFoundException'{0x00000000eb522048}> (0x00000000eb522048) 
thrown [s\src\hotspot\share\prims\jni.cpp, line 520]
Event: 22.219 Thread 0x000002b8fa617ea0 Exception <a 'java/io/FileNotFoundException'{0x00000000eb545620}> (0x00000000eb545620) 
thrown [s\src\hotspot\share\prims\jni.cpp, line 520]
Event: 22.220 Thread 0x000002b8fa617ea0 Exception <a 'java/io/FileNotFoundException'{0x00000000eb546a00}> (0x00000000eb546a00) 
thrown [s\src\hotspot\share\prims\jni.cpp, line 520]
Event: 22.220 Thread 0x000002b8fa617ea0 Exception <a 'java/io/FileNotFoundException'{0x00000000eb5480a0}> (0x00000000eb5480a0) 
thrown [s\src\hotspot\share\prims\jni.cpp, line 520]
Event: 26.009 Thread 0x000002b8fa617ea0 Exception <a 'sun/nio/fs/WindowsException'{0x00000000eae7b0b0}> (0x00000000eae7b0b0) 
thrown [s\src\hotspot\share\prims\jni.cpp, line 520]
Event: 26.018 Thread 0x000002b8fc32def0 Exception <a 'sun/nio/fs/WindowsException'{0x00000000eaed83c8}> (0x00000000eaed83c8) 
thrown [s\src\hotspot\share\prims\jni.cpp, line 520]
Event: 26.020 Thread 0x000002b8fc32def0 Exception <a 'sun/nio/fs/WindowsException'{0x00000000eaedd920}> (0x00000000eaedd920) 
thrown [s\src\hotspot\share\prims\jni.cpp, line 520]
Event: 26.022 Thread 0x000002b8fc32def0 Exception <a 'sun/nio/fs/WindowsException'{0x00000000eaedfb98}> (0x00000000eaedfb98) 
thrown [s\src\hotspot\share\prims\jni.cpp, line 520]
Event: 26.031 Thread 0x000002b8fc32def0 Exception <a 'sun/nio/fs/WindowsException'{0x00000000eaee3500}> (0x00000000eaee3500) 
thrown [s\src\hotspot\share\prims\jni.cpp, line 520]
Event: 26.038 Thread 0x000002b8fc32e580 Exception <a 'sun/nio/fs/WindowsException'{0x00000000eaf9ed78}> (0x00000000eaf9ed78) 
thrown [s\src\hotspot\share\prims\jni.cpp, line 520]
Event: 26.039 Thread 0x000002b8fc32def0 Exception <a 'sun/nio/fs/WindowsException'{0x00000000eaee66f0}> (0x00000000eaee66f0) 
thrown [s\src\hotspot\share\prims\jni.cpp, line 520]

ZGC Phase Switch (0 events):
No events

VM Operations (20 events):
Event: 24.611 Executing VM operation: ParallelGCFailedAllocation (Allocation Failure) done
Event: 24.664 Executing VM operation: ParallelGCFailedAllocation (Allocation Failure)
Event: 24.668 Executing VM operation: ParallelGCFailedAllocation (Allocation Failure) done
Event: 24.794 Executing VM operation: ParallelGCFailedAllocation (Allocation Failure)
Event: 24.817 Executing VM operation: ParallelGCFailedAllocation (Allocation Failure) done
Event: 24.825 Executing VM operation: HandshakeAllThreads (Deoptimize)
Event: 24.825 Executing VM operation: HandshakeAllThreads (Deoptimize) done
Event: 24.948 Executing VM operation: ParallelGCFailedAllocation (Allocation Failure)
Event: 25.955 Executing VM operation: ParallelGCFailedAllocation (Allocation Failure) done
Event: 25.960 Executing VM operation: HandshakeAllThreads (Deoptimize)
Event: 25.960 Executing VM operation: HandshakeAllThreads (Deoptimize) done
Event: 26.966 Executing VM operation: Cleanup
Event: 27.351 Executing VM operation: Cleanup done
Event: 27.364 Executing VM operation: ParallelGCFailedAllocation (Allocation Failure)
Event: 27.369 Executing VM operation: ParallelGCFailedAllocation (Allocation Failure) done
Event: 28.376 Executing VM operation: Cleanup
Event: 28.407 Executing VM operation: Cleanup done
Event: 28.474 Executing VM operation: ParallelGCFailedAllocation (Allocation Failure)
Event: 28.480 Executing VM operation: ParallelGCFailedAllocation (Allocation Failure) done
Event: 29.481 Executing VM operation: Cleanup

Memory protections (0 events):
No events

Nmethod flushes (20 events):
Event: 8.359 Thread 0x000002b8b26d0a60 flushing  nmethod 0x000002b8a1bd2d90
Event: 8.359 Thread 0x000002b8b26d0a60 flushing  nmethod 0x000002b8a1bfd510
Event: 8.359 Thread 0x000002b8b26d0a60 flushing  nmethod 0x000002b8a1bfff90
Event: 8.359 Thread 0x000002b8b26d0a60 flushing  nmethod 0x000002b8a1c00890
Event: 8.359 Thread 0x000002b8b26d0a60 flushing  nmethod 0x000002b8a1c02290
Event: 8.359 Thread 0x000002b8b26d0a60 flushing  nmethod 0x000002b8a1c04d10
Event: 8.359 Thread 0x000002b8b26d0a60 flushing  nmethod 0x000002b8a1c06210
Event: 8.359 Thread 0x000002b8b26d0a60 flushing  nmethod 0x000002b8a1c06c90
Event: 8.359 Thread 0x000002b8b26d0a60 flushing  nmethod 0x000002b8a1c11d10
Event: 8.359 Thread 0x000002b8b26d0a60 flushing  nmethod 0x000002b8a1c23d10
Event: 8.359 Thread 0x000002b8b26d0a60 flushing  nmethod 0x000002b8a1c33a90
Event: 8.359 Thread 0x000002b8b26d0a60 flushing  nmethod 0x000002b8a1c3c090
Event: 8.359 Thread 0x000002b8b26d0a60 flushing  nmethod 0x000002b8a1c47590
Event: 8.359 Thread 0x000002b8b26d0a60 flushing  nmethod 0x000002b8a1c54810
Event: 8.359 Thread 0x000002b8b26d0a60 flushing  nmethod 0x000002b8a1c5c190
Event: 8.359 Thread 0x000002b8b26d0a60 flushing  nmethod 0x000002b8a1cd5d90
Event: 8.359 Thread 0x000002b8b26d0a60 flushing  nmethod 0x000002b8a1cd6210
Event: 8.359 Thread 0x000002b8b26d0a60 flushing  nmethod 0x000002b8a1cdb810
Event: 8.359 Thread 0x000002b8b26d0a60 flushing  nmethod 0x000002b8a1cf4c90
Event: 8.359 Thread 0x000002b8b26d0a60 flushing  nmethod 0x000002b8a1d15010

Events (20 events):
Event: 9.193 Thread 0x000002b8fc330650 Thread added: 0x000002b8fc32ffc0
Event: 11.985 Thread 0x000002b8f5ca1550 Thread exited: 0x000002b8f5ca1550
Event: 15.726 Thread 0x000002b8b272ac00 Thread added: 0x000002b8fd7b75a0
Event: 16.767 Thread 0x000002b8b272ac00 Thread added: 0x000002b8fda47010
Event: 20.214 Thread 0x000002b8fda47010 Thread exited: 0x000002b8fda47010
Event: 20.214 Thread 0x000002b8fd7b75a0 Thread exited: 0x000002b8fd7b75a0
Event: 20.914 Thread 0x000002b8b26f9ea0 Thread added: 0x000002b8fecf3300
Event: 21.062 Thread 0x000002b8fecf3300 Thread exited: 0x000002b8fecf3300
Event: 21.257 Thread 0x000002b8b26f9ea0 Thread added: 0x000002b8fecf3300
Event: 26.013 Thread 0x000002b8fa617ea0 Thread added: 0x000002b8fc32def0
Event: 26.018 Thread 0x000002b8fc32def0 Thread added: 0x000002b8fc32e580
Event: 26.021 Thread 0x000002b8fc32def0 Thread added: 0x000002b8fc32ec10
Event: 26.039 Thread 0x000002b8fc32def0 Thread added: 0x000002b8fc32f930
Event: 26.104 Thread 0x000002b8fa617ea0 Thread added: 0x000002b8fc32f2a0
Event: 26.104 Thread 0x000002b8fa617ea0 Thread added: 0x000002b8ff99bb70
Event: 26.104 Thread 0x000002b8fa617ea0 Thread added: 0x000002b8ff99c890
Event: 26.104 Thread 0x000002b8fa617ea0 Thread added: 0x000002b8ff99ae50
Event: 26.104 Thread 0x000002b8fa617ea0 Thread added: 0x000002b8ff99b4e0
Event: 26.104 Thread 0x000002b8fa617ea0 Thread added: 0x000002b8ff99c200
Event: 28.468 Thread 0x000002b8fecf3300 Thread added: 0x000002b8fba0bb50


Dynamic libraries:
0x00007ff77ff70000 - 0x00007ff77ff7e000 	c:\Users\Papa Omar\.windsurf\extensions\redhat.java-1.41.1-win32-x64\jre\21.0.6-win32-x86_64\bin\java.exe
0x00007ffb59a60000 - 0x00007ffb59cc0000 	C:\WINDOWS\SYSTEM32\ntdll.dll
0x00007ffb59250000 - 0x00007ffb59317000 	C:\WINDOWS\System32\KERNEL32.DLL
0x00007ffb57330000 - 0x00007ffb576fb000 	C:\WINDOWS\System32\KERNELBASE.dll
0x00007ffb571e0000 - 0x00007ffb5732b000 	C:\WINDOWS\System32\ucrtbase.dll
0x00007ffb191e0000 - 0x00007ffb191f8000 	c:\Users\Papa Omar\.windsurf\extensions\redhat.java-1.41.1-win32-x64\jre\21.0.6-win32-x86_64\bin\jli.dll
0x00007ffb59080000 - 0x00007ffb5924c000 	C:\WINDOWS\System32\USER32.dll
0x00007ffb57030000 - 0x00007ffb57057000 	C:\WINDOWS\System32\win32u.dll
0x00007ffb59970000 - 0x00007ffb5999a000 	C:\WINDOWS\System32\GDI32.dll
0x00007ffb56c40000 - 0x00007ffb56d71000 	C:\WINDOWS\System32\gdi32full.dll
0x00007ffb56d80000 - 0x00007ffb56e23000 	C:\WINDOWS\System32\msvcp_win.dll
0x00007ffb3cdd0000 - 0x00007ffb3d067000 	C:\WINDOWS\WinSxS\amd64_microsoft.windows.common-controls_6595b64144ccf1df_6.0.26100.3624_none_3e086962e3345f24\COMCTL32.dll
0x00007ffb581e0000 - 0x00007ffb58289000 	C:\WINDOWS\System32\msvcrt.dll
0x00007ffae75a0000 - 0x00007ffae75be000 	c:\Users\Papa Omar\.windsurf\extensions\redhat.java-1.41.1-win32-x64\jre\21.0.6-win32-x86_64\bin\VCRUNTIME140.dll
0x00007ffb597c0000 - 0x00007ffb597ef000 	C:\WINDOWS\System32\IMM32.DLL
0x00007ffb29370000 - 0x00007ffb2937c000 	c:\Users\Papa Omar\.windsurf\extensions\redhat.java-1.41.1-win32-x64\jre\21.0.6-win32-x86_64\bin\vcruntime140_1.dll
0x00007ffab8cf0000 - 0x00007ffab8d7d000 	c:\Users\Papa Omar\.windsurf\extensions\redhat.java-1.41.1-win32-x64\jre\21.0.6-win32-x86_64\bin\msvcp140.dll
0x00007ffa62180000 - 0x00007ffa62f10000 	c:\Users\Papa Omar\.windsurf\extensions\redhat.java-1.41.1-win32-x64\jre\21.0.6-win32-x86_64\bin\server\jvm.dll
0x00007ffb59650000 - 0x00007ffb59703000 	C:\WINDOWS\System32\ADVAPI32.dll
0x00007ffb595a0000 - 0x00007ffb59646000 	C:\WINDOWS\System32\sechost.dll
0x00007ffb59850000 - 0x00007ffb59966000 	C:\WINDOWS\System32\RPCRT4.dll
0x00007ffb58da0000 - 0x00007ffb58e14000 	C:\WINDOWS\System32\WS2_32.dll
0x00007ffb56130000 - 0x00007ffb5618e000 	C:\WINDOWS\SYSTEM32\POWRPROF.dll
0x00007ffb3d1d0000 - 0x00007ffb3d206000 	C:\WINDOWS\SYSTEM32\WINMM.dll
0x00007ffb4c540000 - 0x00007ffb4c54b000 	C:\WINDOWS\SYSTEM32\VERSION.dll
0x00007ffb56110000 - 0x00007ffb56124000 	C:\WINDOWS\SYSTEM32\UMPDC.dll
0x00007ffb55a30000 - 0x00007ffb55a4a000 	C:\WINDOWS\SYSTEM32\kernel.appcore.dll
0x00007ffb27760000 - 0x00007ffb2776a000 	c:\Users\Papa Omar\.windsurf\extensions\redhat.java-1.41.1-win32-x64\jre\21.0.6-win32-x86_64\bin\jimage.dll
0x00007ffb51240000 - 0x00007ffb51481000 	C:\WINDOWS\SYSTEM32\DBGHELP.DLL
0x00007ffb58290000 - 0x00007ffb58613000 	C:\WINDOWS\System32\combase.dll
0x00007ffb58e20000 - 0x00007ffb58ef6000 	C:\WINDOWS\System32\OLEAUT32.dll
0x00007ffb39450000 - 0x00007ffb39489000 	C:\WINDOWS\SYSTEM32\dbgcore.DLL
0x00007ffb57700000 - 0x00007ffb57799000 	C:\WINDOWS\System32\bcryptPrimitives.dll
0x00007ffb24a50000 - 0x00007ffb24a5f000 	c:\Users\Papa Omar\.windsurf\extensions\redhat.java-1.41.1-win32-x64\jre\21.0.6-win32-x86_64\bin\instrument.dll
0x00007ffb1a3a0000 - 0x00007ffb1a3bf000 	c:\Users\Papa Omar\.windsurf\extensions\redhat.java-1.41.1-win32-x64\jre\21.0.6-win32-x86_64\bin\java.dll
0x00007ffb58620000 - 0x00007ffb58d49000 	C:\WINDOWS\System32\SHELL32.dll
0x00007ffb56e30000 - 0x00007ffb56f98000 	C:\WINDOWS\System32\wintypes.dll
0x00007ffb548c0000 - 0x00007ffb55112000 	C:\WINDOWS\SYSTEM32\windows.storage.dll
0x00007ffb59320000 - 0x00007ffb5940d000 	C:\WINDOWS\System32\SHCORE.dll
0x00007ffb57860000 - 0x00007ffb578c4000 	C:\WINDOWS\System32\shlwapi.dll
0x00007ffb56b50000 - 0x00007ffb56b7f000 	C:\WINDOWS\SYSTEM32\profapi.dll
0x00007ffae6550000 - 0x00007ffae6568000 	c:\Users\Papa Omar\.windsurf\extensions\redhat.java-1.41.1-win32-x64\jre\21.0.6-win32-x86_64\bin\zip.dll
0x00007ffb22610000 - 0x00007ffb22620000 	C:\Users\Papa Omar\.windsurf\extensions\redhat.java-1.41.1-win32-x64\jre\21.0.6-win32-x86_64\bin\net.dll
0x00007ffb49900000 - 0x00007ffb49a1d000 	C:\WINDOWS\SYSTEM32\WINHTTP.dll
0x00007ffb55fe0000 - 0x00007ffb5604a000 	C:\WINDOWS\system32\mswsock.dll
0x00007ffaee890000 - 0x00007ffaee8a6000 	C:\Users\Papa Omar\.windsurf\extensions\redhat.java-1.41.1-win32-x64\jre\21.0.6-win32-x86_64\bin\nio.dll
0x00007ffb1fda0000 - 0x00007ffb1fdb0000 	c:\Users\Papa Omar\.windsurf\extensions\redhat.java-1.41.1-win32-x64\jre\21.0.6-win32-x86_64\bin\verify.dll
0x00007ffacd120000 - 0x00007ffacd165000 	C:\Users\Papa Omar\AppData\Roaming\Windsurf\User\globalStorage\redhat.java\1.41.1\config_win\org.eclipse.equinox.launcher\org.eclipse.equinox.launcher.win32.win32.x86_64_1.2.1300.v20250331-1702\eclipse_11911.dll
0x00007ffb58040000 - 0x00007ffb581d6000 	C:\WINDOWS\System32\ole32.dll
0x00007ffb56330000 - 0x00007ffb5634c000 	C:\WINDOWS\SYSTEM32\CRYPTSP.dll
0x00007ffb55980000 - 0x00007ffb559ba000 	C:\WINDOWS\system32\rsaenh.dll
0x00007ffb56080000 - 0x00007ffb560ab000 	C:\WINDOWS\SYSTEM32\USERENV.dll
0x00007ffb56570000 - 0x00007ffb56596000 	C:\WINDOWS\SYSTEM32\bcrypt.dll
0x00007ffb56350000 - 0x00007ffb5635c000 	C:\WINDOWS\SYSTEM32\CRYPTBASE.dll
0x00007ffb55430000 - 0x00007ffb55463000 	C:\WINDOWS\SYSTEM32\IPHLPAPI.DLL
0x00007ffb59800000 - 0x00007ffb5980a000 	C:\WINDOWS\System32\NSI.dll
0x00007ffb2fce0000 - 0x00007ffb2fd29000 	C:\Users\Papa Omar\AppData\Local\Temp\jna-2111647821\jna11223968670973724391.dll
0x00007ffb59840000 - 0x00007ffb59848000 	C:\WINDOWS\System32\PSAPI.DLL
0x00007ffb498b0000 - 0x00007ffb498cf000 	C:\WINDOWS\SYSTEM32\dhcpcsvc6.DLL
0x00007ffb49860000 - 0x00007ffb49885000 	C:\WINDOWS\SYSTEM32\dhcpcsvc.DLL

dbghelp: loaded successfully - version: 4.0.5 - missing functions: none
symbol engine: initialized successfully - sym options: 0x614 - pdb path: .;c:\Users\Papa Omar\.windsurf\extensions\redhat.java-1.41.1-win32-x64\jre\21.0.6-win32-x86_64\bin;C:\WINDOWS\SYSTEM32;C:\WINDOWS\WinSxS\amd64_microsoft.windows.common-controls_6595b64144ccf1df_6.0.26100.3624_none_3e086962e3345f24;c:\Users\Papa Omar\.windsurf\extensions\redhat.java-1.41.1-win32-x64\jre\21.0.6-win32-x86_64\bin\server;C:\Users\Papa Omar\AppData\Roaming\Windsurf\User\globalStorage\redhat.java\1.41.1\config_win\org.eclipse.equinox.launcher\org.eclipse.equinox.launcher.win32.win32.x86_64_1.2.1300.v20250331-1702;C:\Users\Papa Omar\AppData\Local\Temp\jna-2111647821

VM Arguments:
jvm_args: --add-modules=ALL-SYSTEM --add-opens=java.base/java.util=ALL-UNNAMED --add-opens=java.base/java.lang=ALL-UNNAMED --add-opens=java.base/sun.nio.fs=ALL-UNNAMED -Declipse.application=org.eclipse.jdt.ls.core.id1 -Dosgi.bundles.defaultStartLevel=4 -Declipse.product=org.eclipse.jdt.ls.core.product -Djava.import.generatesMetadataFilesAtProjectRoot=false -DDetectVMInstallationsJob.disabled=true -Dfile.encoding=utf8 -XX:+UseParallelGC -XX:GCTimeRatio=4 -XX:AdaptiveSizePolicyWeight=90 -Dsun.zip.disableMemoryMapping=true -Xmx1G -Xms100m -Xlog:disable -javaagent:c:\Users\Papa Omar\.windsurf\extensions\redhat.java-1.41.1-win32-x64\lombok\lombok-1.18.36.jar -XX:+HeapDumpOnOutOfMemoryError -XX:HeapDumpPath=c:\Users\Papa Omar\AppData\Roaming\Windsurf\User\workspaceStorage\4b626ede8af95319149a36f51a9c1459\redhat.java -Daether.dependencyCollector.impl=bf 
java_command: c:\Users\Papa Omar\.windsurf\extensions\redhat.java-1.41.1-win32-x64\server\plugins\org.eclipse.equinox.launcher_1.7.0.v20250331-1702.jar -configuration c:\Users\Papa Omar\AppData\Roaming\Windsurf\User\globalStorage\redhat.java\1.41.1\config_win -data c:\Users\Papa Omar\AppData\Roaming\Windsurf\User\workspaceStorage\4b626ede8af95319149a36f51a9c1459\redhat.java\jdt_ws --pipe=\\.\pipe\lsp-f552a8b1fb612e8ad6bfb1a11834e640-sock
java_class_path (initial): c:\Users\Papa Omar\.windsurf\extensions\redhat.java-1.41.1-win32-x64\server\plugins\org.eclipse.equinox.launcher_1.7.0.v20250331-1702.jar
Launcher Type: SUN_STANDARD

[Global flags]
    uintx AdaptiveSizePolicyWeight                 = 90                                        {product} {command line}
     intx CICompilerCount                          = 4                                         {product} {ergonomic}
    uintx GCTimeRatio                              = 4                                         {product} {command line}
     bool HeapDumpOnOutOfMemoryError               = true                                   {manageable} {command line}
    ccstr HeapDumpPath                             = c:\Users\Papa Omar\AppData\Roaming\Windsurf\User\workspaceStorage\4b626ede8af95319149a36f51a9c1459\redhat.java         {manageable} {command line}
   size_t InitialHeapSize                          = 104857600                                 {product} {command line}
   size_t MaxHeapSize                              = 1073741824                                {product} {command line}
   size_t MaxNewSize                               = 357564416                                 {product} {ergonomic}
   size_t MinHeapDeltaBytes                        = 524288                                    {product} {ergonomic}
   size_t MinHeapSize                              = 104857600                                 {product} {command line}
   size_t NewSize                                  = 34603008                                  {product} {ergonomic}
    uintx NonNMethodCodeHeapSize                   = 5839372                                {pd product} {ergonomic}
    uintx NonProfiledCodeHeapSize                  = 122909434                              {pd product} {ergonomic}
   size_t OldSize                                  = 70254592                                  {product} {ergonomic}
    uintx ProfiledCodeHeapSize                     = 122909434                              {pd product} {ergonomic}
    uintx ReservedCodeCacheSize                    = 251658240                              {pd product} {ergonomic}
     bool SegmentedCodeCache                       = true                                      {product} {ergonomic}
   size_t SoftMaxHeapSize                          = 1073741824                             {manageable} {ergonomic}
     bool UseCompressedOops                        = true                           {product lp64_product} {ergonomic}
     bool UseLargePagesIndividualAllocation        = false                                  {pd product} {ergonomic}
     bool UseParallelGC                            = true                                      {product} {command line}

Logging:
Log output configuration:
 #0: stdout all=off uptime,level,tags foldmultilines=false
 #1: stderr all=off uptime,level,tags foldmultilines=false

Environment Variables:
JAVA_HOME=C:\Program Files\Java\jdk-17.0.12
PATH=C:\Program Files\Common Files\Oracle\Java\javapath;C:\app\product\11.2.0\dbhome_1\bin;C:\Program Files\Java\jdk-21\bin;C:\Users\Papa Omar\AppData\Local\Programs\Microsoft VS Code\bin;C:\Program Files\Git\cmd;C:\mastermind\WinCaml7\ocaml\bin;C:\Users\Papa Omar\AppData\Roaming\nvm;C:\Program Files\nodejs;C:\ProgramData\chocolatey\bin;C:\wamp64\bin\php\php7.4.33;C:\ProgramData\ComposerSetup\bin;%JAVA_HOME%\bin;C:\Program Files\Apache\maven\bin;C:\Program Files\gradle-8.9\bin;C:\Program Files\Java\jdk-17.0.12\bin;C:\Program Files\MongoDB\Server\7.0\bin;C:\Program Files\MongoDB\mongosh-2.2.15-win32-x64\mongosh-2.2.15-win32-x64\bin;C:\app\product\11.2.0\dbhome_1\bin;C:\Windows\System32;;C:\WINDOWS\system32;C:\WINDOWS;C:\WINDOWS\System32\Wbem;C:\WINDOWS\System32\WindowsPowerShell\v1.0\;C:\WINDOWS\System32\OpenSSH\;C:\Program Files\nodejs\;C:\Users\Papa Omar\AppData\Local\Programs\Python\Python312\Scripts\;C:\Users\Papa Omar\AppData\Local\Programs\Python\Python312\;C:\Users\Papa Omar\AppData\Local\Programs\Python\Python310\Scripts\;C:\Users\Papa Omar\AppData\Local\Programs\Python\Python310\;C:\Program Files\Java\jdk-21\bin;C:\Users\Papa Omar\AppData\Local\Programs\Microsoft VS Code\bin;C:\Users\Papa Omar\AppData\Roaming\nvm;C:\Program Files\nodejs;C:\Users\Papa Omar\AppData\Roaming\Composer\vendor\bin;C:\Users\Papa Omar\AppData\Local\Microsoft\WindowsApps;C:\Users\Papa Omar\Desktop\apache-activemq-6.1.5-bin\apache-activemq-6.1.5\bin;C:\Users\Papa Omar\AppData\Roaming\npm;C:\Users\Papa Omar\AppData\Local\Programs\Windsurf\bin
USERNAME=Papa Omar
OS=Windows_NT
PROCESSOR_IDENTIFIER=Intel64 Family 6 Model 158 Stepping 10, GenuineIntel
TMP=C:\Users\PAPAOM~1\AppData\Local\Temp
TEMP=C:\Users\PAPAOM~1\AppData\Local\Temp




Periodic native trim disabled

---------------  S Y S T E M  ---------------

OS:
 Windows 11 , 64 bit Build 26100 (10.0.26100.3624)
OS uptime: 5 days 3:42 hours
Hyper-V role detected

CPU: total 8 (initial active 8) (4 cores per cpu, 2 threads per core) family 6 model 158 stepping 10 microcode 0xde, cx8, cmov, fxsr, ht, mmx, 3dnowpref, sse, sse2, sse3, ssse3, sse4.1, sse4.2, popcnt, lzcnt, tsc, tscinvbit, avx, avx2, aes, erms, clmul, bmi1, bmi2, adx, fma, vzeroupper, clflush, clflushopt, hv, rdtscp, f16c
Processor Information for the first 8 processors :
  Max Mhz: 2400, Current Mhz: 2400, Mhz Limit: 2400

Memory: 4k page, system-wide physical 8029M (480M free)
TotalPageFile size 32605M (AvailPageFile size 0M)
current process WorkingSet (physical memory assigned to process): 314M, peak: 337M
current process commit charge ("private bytes"): 353M, peak: 382M

vm_info: OpenJDK 64-Bit Server VM (21.0.6+7-LTS) for windows-amd64 JRE (21.0.6+7-LTS), built on 2025-01-21T00:00:00Z by "admin" with MS VC++ 17.7 (VS2022)

END.
