#
# There is insufficient memory for the Java Runtime Environment to continue.
# Native memory allocation (malloc) failed to allocate 1109696 bytes. Error detail: Chunk::new
# Possible reasons:
#   The system is out of physical RAM or swap space
#   This process is running with CompressedOops enabled, and the Java Heap may be blocking the growth of the native heap
# Possible solutions:
#   Reduce memory load on the system
#   Increase physical memory or swap space
#   Check if swap backing store is full
#   Decrease Java heap size (-Xmx/-Xms)
#   Decrease number of Java threads
#   Decrease Java thread stack sizes (-Xss)
#   Set larger code cache with -XX:ReservedCodeCacheSize=
#   JVM is running with Unscaled Compressed Oops mode in which the Java heap is
#     placed in the first 4GB address space. The Java Heap base address is the
#     maximum limit for the native heap growth. Please use -XX:HeapBaseMinAddress
#     to set the Java Heap base and to place the Java Heap above 4GB virtual address.
# This output file may be truncated or incomplete.
#
#  Out of Memory Error (arena.cpp:168), pid=26404, tid=1268
#
# JRE version: OpenJDK Runtime Environment Temurin-21.0.6+7 (21.0.6+7) (build 21.0.6+7-LTS)
# Java VM: OpenJDK 64-Bit Server VM Temurin-21.0.6+7 (21.0.6+7-LTS, mixed mode, sharing, tiered, compressed oops, compressed class ptrs, parallel gc, windows-amd64)
# No core dump will be written. Minidumps are not enabled by default on client versions of Windows
#

---------------  S U M M A R Y ------------

Command Line: --add-modules=ALL-SYSTEM --add-opens=java.base/java.util=ALL-UNNAMED --add-opens=java.base/java.lang=ALL-UNNAMED --add-opens=java.base/sun.nio.fs=ALL-UNNAMED -Declipse.application=org.eclipse.jdt.ls.core.id1 -Dosgi.bundles.defaultStartLevel=4 -Declipse.product=org.eclipse.jdt.ls.core.product -Djava.import.generatesMetadataFilesAtProjectRoot=false -DDetectVMInstallationsJob.disabled=true -Dfile.encoding=utf8 -XX:+UseParallelGC -XX:GCTimeRatio=4 -XX:AdaptiveSizePolicyWeight=90 -Dsun.zip.disableMemoryMapping=true -Xmx1G -Xms100m -Xlog:disable -javaagent:c:\Users\Papa Omar\.windsurf\extensions\redhat.java-1.41.1-win32-x64\lombok\lombok-1.18.36.jar -XX:+HeapDumpOnOutOfMemoryError -XX:HeapDumpPath=c:\Users\Papa Omar\AppData\Roaming\Windsurf\User\workspaceStorage\4b626ede8af95319149a36f51a9c1459\redhat.java -Daether.dependencyCollector.impl=bf c:\Users\Papa Omar\.windsurf\extensions\redhat.java-1.41.1-win32-x64\server\plugins\org.eclipse.equinox.launcher_1.7.0.v20250331-1702.jar -configuration c:\Users\Papa Omar\AppData\Roaming\Windsurf\User\globalStorage\redhat.java\1.41.1\config_win -data c:\Users\Papa Omar\AppData\Roaming\Windsurf\User\workspaceStorage\4b626ede8af95319149a36f51a9c1459\redhat.java\jdt_ws --pipe=\\.\pipe\lsp-f18275cd64578f7a79de198bf35c68bb-sock

Host: Intel(R) Core(TM) i5-9300H CPU @ 2.40GHz, 8 cores, 7G,  Windows 11 , 64 bit Build 26100 (10.0.26100.3624)
Time: Sat Apr  5 21:09:23 2025 Greenwich elapsed time: 21.253008 seconds (0d 0h 0m 21s)

---------------  T H R E A D  ---------------

Current thread (0x000001a3f458d350):  JavaThread "C2 CompilerThread0" daemon [_thread_in_native, id=1268, stack(0x0000004593d00000,0x0000004593e00000) (1024K)]


Current CompileTask:
C2:21253 12495   !   4       org.eclipse.jdt.internal.compiler.classfmt.ClassFileReader::<init> (2135 bytes)

Stack: [0x0000004593d00000,0x0000004593e00000]
Native frames: (J=compiled Java code, j=interpreted, Vv=VM code, C=native code)
V  [jvm.dll+0x6cdee9]
V  [jvm.dll+0x8a83d1]
V  [jvm.dll+0x8aa8fe]
V  [jvm.dll+0x8aafe3]
V  [jvm.dll+0x27f706]
V  [jvm.dll+0xc500d]
V  [jvm.dll+0xc5543]
V  [jvm.dll+0x3b678c]
V  [jvm.dll+0x1dfc8a]
V  [jvm.dll+0x247b42]
V  [jvm.dll+0x246fcf]
V  [jvm.dll+0x1c75ee]
V  [jvm.dll+0x25685a]
V  [jvm.dll+0x254dfa]
V  [jvm.dll+0x3f0256]
V  [jvm.dll+0x851f8b]
V  [jvm.dll+0x6cc5ed]
C  [ucrtbase.dll+0x37b0]
C  [KERNEL32.DLL+0x2e8d7]
C  [ntdll.dll+0xb14fc]


---------------  P R O C E S S  ---------------

Threads class SMR info:
_java_thread_list=0x000001a3fa4fbc60, length=60, elements={
0x000001a3dde1bc30, 0x000001a3e028b230, 0x000001a3e028e610, 0x000001a3f4585d60,
0x000001a3f4588c70, 0x000001a3f45896c0, 0x000001a3f458a110, 0x000001a3f458d350,
0x000001a3f45b5ee0, 0x000001a3fa0a00a0, 0x000001a3fa2fb6a0, 0x000001a3fae11de0,
0x000001a3fadfbae0, 0x000001a3fabe22a0, 0x000001a3fae92d50, 0x000001a3fb602860,
0x000001a3fb9b7f00, 0x000001a3fab65330, 0x000001a3fab64610, 0x000001a3fab62540,
0x000001a3fab62bd0, 0x000001a3fab63f80, 0x000001a3fab659c0, 0x000001a3fab64ca0,
0x000001a3fab63260, 0x000001a3fab638f0, 0x000001a3fc6519e0, 0x000001a3fc64f910,
0x000001a3fc652700, 0x000001a3fc653420, 0x000001a3fc64ffa0, 0x000001a3fc650630,
0x000001a3fc650cc0, 0x000001a3fc6547d0, 0x000001a3fc653ab0, 0x000001a3fc652070,
0x000001a3fc652d90, 0x000001a3fc654140, 0x000001a3fc6554f0, 0x000001a3fc656210,
0x000001a3fc6568a0, 0x000001a3ff16a740, 0x000001a3ff16b460, 0x000001a3ff168d00,
0x000001a3ff169390, 0x000001a3ff16a0b0, 0x000001a3ff16add0, 0x000001a3ff167fe0,
0x000001a3ff16baf0, 0x000001a3ff168670, 0x000001a3ff169a20, 0x000001a3ff16c810,
0x000001a3ff16d530, 0x000001a3ff16cea0, 0x000001a3ff16e250, 0x000001a3ff16dbc0,
0x000001a3ff16c180, 0x000001a3ff16e8e0, 0x000001a3ff16ef70, 0x000001a3c9bea870
}

Java Threads: ( => current thread )
  0x000001a3dde1bc30 JavaThread "main"                              [_thread_blocked, id=31648, stack(0x0000004593300000,0x0000004593400000) (1024K)]
  0x000001a3e028b230 JavaThread "Reference Handler"          daemon [_thread_blocked, id=22304, stack(0x0000004593700000,0x0000004593800000) (1024K)]
  0x000001a3e028e610 JavaThread "Finalizer"                  daemon [_thread_blocked, id=26712, stack(0x0000004593800000,0x0000004593900000) (1024K)]
  0x000001a3f4585d60 JavaThread "Signal Dispatcher"          daemon [_thread_blocked, id=16396, stack(0x0000004593900000,0x0000004593a00000) (1024K)]
  0x000001a3f4588c70 JavaThread "Attach Listener"            daemon [_thread_blocked, id=31020, stack(0x0000004593a00000,0x0000004593b00000) (1024K)]
  0x000001a3f45896c0 JavaThread "Service Thread"             daemon [_thread_blocked, id=28532, stack(0x0000004593b00000,0x0000004593c00000) (1024K)]
  0x000001a3f458a110 JavaThread "Monitor Deflation Thread"   daemon [_thread_blocked, id=22044, stack(0x0000004593c00000,0x0000004593d00000) (1024K)]
=>0x000001a3f458d350 JavaThread "C2 CompilerThread0"         daemon [_thread_in_native, id=1268, stack(0x0000004593d00000,0x0000004593e00000) (1024K)]
  0x000001a3f45b5ee0 JavaThread "C1 CompilerThread0"         daemon [_thread_blocked, id=15492, stack(0x0000004593e00000,0x0000004593f00000) (1024K)]
  0x000001a3fa0a00a0 JavaThread "Common-Cleaner"             daemon [_thread_blocked, id=27112, stack(0x0000004593f00000,0x0000004594000000) (1024K)]
  0x000001a3fa2fb6a0 JavaThread "Notification Thread"        daemon [_thread_blocked, id=9180, stack(0x0000004594100000,0x0000004594200000) (1024K)]
  0x000001a3fae11de0 JavaThread "Active Thread: Equinox Container: 0cac29ce-2336-4fb0-882c-4d3e56fc9b93"        [_thread_blocked, id=28872, stack(0x0000004594900000,0x0000004594a00000) (1024K)]
  0x000001a3fadfbae0 JavaThread "Refresh Thread: Equinox Container: 0cac29ce-2336-4fb0-882c-4d3e56fc9b93" daemon [_thread_blocked, id=30684, stack(0x0000004594a00000,0x0000004594b00000) (1024K)]
  0x000001a3fabe22a0 JavaThread "Framework Event Dispatcher: Equinox Container: 0cac29ce-2336-4fb0-882c-4d3e56fc9b93" daemon [_thread_blocked, id=25568, stack(0x0000004594c00000,0x0000004594d00000) (1024K)]
  0x000001a3fae92d50 JavaThread "Start Level: Equinox Container: 0cac29ce-2336-4fb0-882c-4d3e56fc9b93" daemon [_thread_blocked, id=9544, stack(0x0000004594d00000,0x0000004594e00000) (1024K)]
  0x000001a3fb602860 JavaThread "Bundle File Closer"         daemon [_thread_blocked, id=16428, stack(0x0000004594e00000,0x0000004594f00000) (1024K)]
  0x000001a3fb9b7f00 JavaThread "SCR Component Actor"        daemon [_thread_blocked, id=23556, stack(0x0000004594f00000,0x0000004595000000) (1024K)]
  0x000001a3fab65330 JavaThread "Worker-JM"                         [_thread_blocked, id=25472, stack(0x0000004594200000,0x0000004594300000) (1024K)]
  0x000001a3fab64610 JavaThread "JNA Cleaner"                daemon [_thread_blocked, id=26856, stack(0x0000004595100000,0x0000004595200000) (1024K)]
  0x000001a3fab62540 JavaThread "Worker-0"                          [_thread_blocked, id=29108, stack(0x0000004595200000,0x0000004595300000) (1024K)]
  0x000001a3fab62bd0 JavaThread "Worker-1: Java indexing... "        [_thread_blocked, id=20400, stack(0x0000004595300000,0x0000004595400000) (1024K)]
  0x000001a3fab63f80 JavaThread "Worker-2"                          [_thread_blocked, id=10960, stack(0x0000004595400000,0x0000004595500000) (1024K)]
  0x000001a3fab659c0 JavaThread "Java indexing"              daemon [_thread_in_Java, id=22108, stack(0x0000004595600000,0x0000004595700000) (1024K)]
  0x000001a3fab64ca0 JavaThread "Worker-3"                          [_thread_blocked, id=29808, stack(0x0000004595900000,0x0000004595a00000) (1024K)]
  0x000001a3fab63260 JavaThread "Thread-2"                   daemon [_thread_in_native, id=27924, stack(0x0000004595a00000,0x0000004595b00000) (1024K)]
  0x000001a3fab638f0 JavaThread "Thread-3"                   daemon [_thread_in_native, id=28924, stack(0x0000004595b00000,0x0000004595c00000) (1024K)]
  0x000001a3fc6519e0 JavaThread "Thread-4"                   daemon [_thread_in_native, id=15888, stack(0x0000004595c00000,0x0000004595d00000) (1024K)]
  0x000001a3fc64f910 JavaThread "Thread-5"                   daemon [_thread_in_native, id=19008, stack(0x0000004595d00000,0x0000004595e00000) (1024K)]
  0x000001a3fc652700 JavaThread "Thread-6"                   daemon [_thread_in_native, id=1896, stack(0x0000004595e00000,0x0000004595f00000) (1024K)]
  0x000001a3fc653420 JavaThread "Thread-7"                   daemon [_thread_in_native, id=24164, stack(0x0000004595f00000,0x0000004596000000) (1024K)]
  0x000001a3fc64ffa0 JavaThread "Thread-8"                   daemon [_thread_in_native, id=6420, stack(0x0000004596000000,0x0000004596100000) (1024K)]
  0x000001a3fc650630 JavaThread "Thread-9"                   daemon [_thread_in_native, id=14512, stack(0x0000004596100000,0x0000004596200000) (1024K)]
  0x000001a3fc650cc0 JavaThread "Thread-10"                  daemon [_thread_in_native, id=31392, stack(0x0000004596200000,0x0000004596300000) (1024K)]
  0x000001a3fc6547d0 JavaThread "pool-2-thread-1"                   [_thread_blocked, id=29340, stack(0x0000004596300000,0x0000004596400000) (1024K)]
  0x000001a3fc653ab0 JavaThread "Worker-4: Check JDK Index"         [_thread_blocked, id=10048, stack(0x0000004596400000,0x0000004596500000) (1024K)]
  0x000001a3fc652070 JavaThread "Worker-5"                          [_thread_blocked, id=10256, stack(0x0000004596500000,0x0000004596600000) (1024K)]
  0x000001a3fc652d90 JavaThread "WorkspaceEventsHandler"            [_thread_blocked, id=23308, stack(0x0000004596600000,0x0000004596700000) (1024K)]
  0x000001a3fc654140 JavaThread "pool-1-thread-1"                   [_thread_blocked, id=19404, stack(0x0000004596700000,0x0000004596800000) (1024K)]
  0x000001a3fc6554f0 JavaThread "LocalFile Deleter"          daemon [_thread_blocked, id=15412, stack(0x0000004596800000,0x0000004596900000) (1024K)]
  0x000001a3fc656210 JavaThread "LocalFile Deleter"          daemon [_thread_blocked, id=25540, stack(0x0000004596900000,0x0000004596a00000) (1024K)]
  0x000001a3fc6568a0 JavaThread "LocalFile Deleter"          daemon [_thread_blocked, id=19488, stack(0x0000004596a00000,0x0000004596b00000) (1024K)]
  0x000001a3ff16a740 JavaThread "LocalFile Deleter"          daemon [_thread_blocked, id=26796, stack(0x0000004596b00000,0x0000004596c00000) (1024K)]
  0x000001a3ff16b460 JavaThread "LocalFile Deleter"          daemon [_thread_blocked, id=14728, stack(0x0000004596c00000,0x0000004596d00000) (1024K)]
  0x000001a3ff168d00 JavaThread "LocalFile Deleter"          daemon [_thread_blocked, id=16776, stack(0x0000004596d00000,0x0000004596e00000) (1024K)]
  0x000001a3ff169390 JavaThread "LocalFile Deleter"          daemon [_thread_blocked, id=3688, stack(0x0000004596e00000,0x0000004596f00000) (1024K)]
  0x000001a3ff16a0b0 JavaThread "LocalFile Deleter"          daemon [_thread_blocked, id=26224, stack(0x0000004596f00000,0x0000004597000000) (1024K)]
  0x000001a3ff16add0 JavaThread "Compiler Source File Reader" daemon [_thread_blocked, id=3192, stack(0x0000004597000000,0x0000004597100000) (1024K)]
  0x000001a3ff167fe0 JavaThread "Compiler Source File Reader" daemon [_thread_blocked, id=31012, stack(0x0000004597100000,0x0000004597200000) (1024K)]
  0x000001a3ff16baf0 JavaThread "Compiler Source File Reader" daemon [_thread_blocked, id=31620, stack(0x0000004597200000,0x0000004597300000) (1024K)]
  0x000001a3ff168670 JavaThread "Compiler Source File Reader" daemon [_thread_blocked, id=21184, stack(0x0000004597300000,0x0000004597400000) (1024K)]
  0x000001a3ff169a20 JavaThread "Compiler Source File Reader" daemon [_thread_blocked, id=24200, stack(0x0000004597400000,0x0000004597500000) (1024K)]
  0x000001a3ff16c810 JavaThread "Compiler Source File Reader" daemon [_thread_blocked, id=3648, stack(0x0000004597500000,0x0000004597600000) (1024K)]
  0x000001a3ff16d530 JavaThread "Compiler Processing Task"   daemon [_thread_blocked, id=31092, stack(0x0000004595000000,0x0000004595100000) (1024K)]
  0x000001a3ff16cea0 JavaThread "Compiler Class File Writer" daemon [_thread_blocked, id=6728, stack(0x0000004597600000,0x0000004597700000) (1024K)]
  0x000001a3ff16e250 JavaThread "Compiler Class File Writer" daemon [_thread_blocked, id=28080, stack(0x0000004597700000,0x0000004597800000) (1024K)]
  0x000001a3ff16dbc0 JavaThread "Compiler Class File Writer" daemon [_thread_blocked, id=30280, stack(0x0000004597800000,0x0000004597900000) (1024K)]
  0x000001a3ff16c180 JavaThread "Compiler Class File Writer" daemon [_thread_blocked, id=9304, stack(0x0000004597900000,0x0000004597a00000) (1024K)]
  0x000001a3ff16e8e0 JavaThread "Compiler Class File Writer" daemon [_thread_blocked, id=19856, stack(0x0000004597a00000,0x0000004597b00000) (1024K)]
  0x000001a3ff16ef70 JavaThread "Compiler Class File Writer" daemon [_thread_blocked, id=7160, stack(0x0000004597b00000,0x0000004597c00000) (1024K)]
  0x000001a3c9bea870 JavaThread "C2 CompilerThread1"         daemon [_thread_in_native, id=16092, stack(0x0000004594000000,0x0000004594100000) (1024K)]
Total: 60

Other Threads:
  0x000001a3f4581770 VMThread "VM Thread"                           [id=31124, stack(0x0000004593600000,0x0000004593700000) (1024K)]
  0x000001a3f449ca00 WatcherThread "VM Periodic Task Thread"        [id=18932, stack(0x0000004593500000,0x0000004593600000) (1024K)]
  0x000001a3e01ea160 WorkerThread "GC Thread#0"                     [id=892, stack(0x0000004593400000,0x0000004593500000) (1024K)]
  0x000001a3fa6b8840 WorkerThread "GC Thread#1"                     [id=31224, stack(0x0000004594300000,0x0000004594400000) (1024K)]
  0x000001a3fa6b8be0 WorkerThread "GC Thread#2"                     [id=7628, stack(0x0000004594400000,0x0000004594500000) (1024K)]
  0x000001a3faa56f50 WorkerThread "GC Thread#3"                     [id=15912, stack(0x0000004594500000,0x0000004594600000) (1024K)]
  0x000001a3faa576f0 WorkerThread "GC Thread#4"                     [id=25172, stack(0x0000004594600000,0x0000004594700000) (1024K)]
  0x000001a3faa57a90 WorkerThread "GC Thread#5"                     [id=9016, stack(0x0000004594700000,0x0000004594800000) (1024K)]
  0x000001a3faa58640 WorkerThread "GC Thread#6"                     [id=26264, stack(0x0000004594800000,0x0000004594900000) (1024K)]
  0x000001a3faf399e0 WorkerThread "GC Thread#7"                     [id=30952, stack(0x0000004594b00000,0x0000004594c00000) (1024K)]
Total: 10

Threads with active compile tasks:
C2 CompilerThread0  21282 12495   !   4       org.eclipse.jdt.internal.compiler.classfmt.ClassFileReader::<init> (2135 bytes)
C2 CompilerThread1  21282 12499   !   4       org.eclipse.jdt.internal.core.search.indexing.BinaryIndexer::indexDocument (1204 bytes)
Total: 2

VM state: not at safepoint (normal execution)

VM Mutex/Monitor currently owned by a thread: None

Heap address: 0x00000000c0000000, size: 1024 MB, Compressed Oops mode: 32-bit

CDS archive(s) mapped at: [0x000001a380000000-0x000001a380ba0000-0x000001a380ba0000), size 12189696, SharedBaseAddress: 0x000001a380000000, ArchiveRelocationMode: 1.
Compressed class space mapped at: 0x000001a381000000-0x000001a3c1000000, reserved size: 1073741824
Narrow klass base: 0x000001a380000000, Narrow klass shift: 0, Narrow klass range: 0x100000000

GC Precious Log:
 CardTable entry size: 512
 CPUs: 8 total, 8 available
 Memory: 8029M
 Large Page Support: Disabled
 NUMA Support: Disabled
 Compressed Oops: Enabled (32-bit)
 Alignments: Space 512K, Generation 512K, Heap 2M
 Heap Min Capacity: 100M
 Heap Initial Capacity: 100M
 Heap Max Capacity: 1G
 Pre-touch: Disabled
 Parallel Workers: 8

Heap:
 PSYoungGen      total 4608K, used 3210K [0x00000000eab00000, 0x00000000eb080000, 0x0000000100000000)
  eden space 3584K, 76% used [0x00000000eab00000,0x00000000eadaab10,0x00000000eae80000)
  from space 1024K, 46% used [0x00000000eae80000,0x00000000eaef8000,0x00000000eaf80000)
  to   space 1024K, 0% used [0x00000000eaf80000,0x00000000eaf80000,0x00000000eb080000)
 ParOldGen       total 465920K, used 465556K [0x00000000c0000000, 0x00000000dc700000, 0x00000000eab00000)
  object space 465920K, 99% used [0x00000000c0000000,0x00000000dc6a5268,0x00000000dc700000)
 Metaspace       used 64640K, committed 66112K, reserved 1114112K
  class space    used 6675K, committed 7360K, reserved 1048576K

Card table byte_map: [0x000001a3dfb70000,0x000001a3dfd80000] _byte_map_base: 0x000001a3df570000

Marking Bits: (ParMarkBitMap*) 0x00007ffa62e33260
 Begin Bits: [0x000001a3f23c0000, 0x000001a3f33c0000)
 End Bits:   [0x000001a3f33c0000, 0x000001a3f43c0000)

Polling page: 0x000001a3ddf20000

Metaspace:

Usage:
  Non-class:     56.61 MB used.
      Class:      6.52 MB used.
       Both:     63.13 MB used.

Virtual space:
  Non-class space:       64.00 MB reserved,      57.38 MB ( 90%) committed,  1 nodes.
      Class space:        1.00 GB reserved,       7.19 MB ( <1%) committed,  1 nodes.
             Both:        1.06 GB reserved,      64.56 MB (  6%) committed. 

Chunk freelists:
   Non-Class:  6.00 MB
       Class:  8.85 MB
        Both:  14.85 MB

MaxMetaspaceSize: unlimited
CompressedClassSpaceSize: 1.00 GB
Initial GC threshold: 21.00 MB
Current GC threshold: 97.31 MB
CDS: on
 - commit_granule_bytes: 65536.
 - commit_granule_words: 8192.
 - virtual_space_node_default_size: 8388608.
 - enlarge_chunks_in_place: 1.
 - use_allocation_guard: 0.


Internal statistics:

num_allocs_failed_limit: 11.
num_arena_births: 1218.
num_arena_deaths: 14.
num_vsnodes_births: 2.
num_vsnodes_deaths: 0.
num_space_committed: 1033.
num_space_uncommitted: 0.
num_chunks_returned_to_freelist: 25.
num_chunks_taken_from_freelist: 4319.
num_chunk_merges: 17.
num_chunk_splits: 2642.
num_chunks_enlarged: 1473.
num_inconsistent_stats: 0.

CodeHeap 'non-profiled nmethods': size=120000Kb used=8901Kb max_used=8901Kb free=111098Kb
 bounds [0x000001a3eae90000, 0x000001a3eb750000, 0x000001a3f23c0000]
CodeHeap 'profiled nmethods': size=120000Kb used=26007Kb max_used=26007Kb free=93993Kb
 bounds [0x000001a3e33c0000, 0x000001a3e4d30000, 0x000001a3ea8f0000]
CodeHeap 'non-nmethods': size=5760Kb used=1433Kb max_used=1538Kb free=4326Kb
 bounds [0x000001a3ea8f0000, 0x000001a3eab60000, 0x000001a3eae90000]
 total_blobs=12454 nmethods=11708 adapters=652
 compilation: enabled
              stopped_count=0, restarted_count=0
 full_count=0

Compilation events (20 events):
Event: 19.793 Thread 0x000001a3f458d350 nmethod 12490 0x000001a3eb731290 code [0x000001a3eb731420, 0x000001a3eb731558]
Event: 19.846 Thread 0x000001a3f45b5ee0 12491   !   3       org.eclipse.jdt.internal.compiler.classfmt.ClassFileReader::<init> (2135 bytes)
Event: 19.852 Thread 0x000001a3f45b5ee0 nmethod 12491 0x000001a3e4d0dd90 code [0x000001a3e4d0e880, 0x000001a3e4d17960]
Event: 19.863 Thread 0x000001a3f458d350 12492       4       org.eclipse.jdt.internal.core.search.JavaSearchDocument::<init> (21 bytes)
Event: 19.872 Thread 0x000001a3f458d350 nmethod 12492 0x000001a3eb731690 code [0x000001a3eb7318a0, 0x000001a3eb732198]
Event: 19.883 Thread 0x000001a3f45b5ee0 12493       3       org.eclipse.jdt.internal.compiler.classfmt.MethodInfo::decodeTypeAnnotations (88 bytes)
Event: 19.883 Thread 0x000001a3f45b5ee0 nmethod 12493 0x000001a3e4d1df10 code [0x000001a3e4d1e100, 0x000001a3e4d1e770]
Event: 19.887 Thread 0x000001a3f458d350 12494       4       org.eclipse.jdt.internal.compiler.classfmt.AnnotationInfo::getElementValuePairs (16 bytes)
Event: 19.888 Thread 0x000001a3f458d350 nmethod 12494 0x000001a3eb732b10 code [0x000001a3eb732ca0, 0x000001a3eb732f98]
Event: 19.896 Thread 0x000001a3f458d350 12495   !   4       org.eclipse.jdt.internal.compiler.classfmt.ClassFileReader::<init> (2135 bytes)
Event: 19.909 Thread 0x000001a3f45b5ee0 12498       3       org.eclipse.jdt.internal.compiler.classfmt.FieldInfo::decodeTypeAnnotations (88 bytes)
Event: 19.910 Thread 0x000001a3f45b5ee0 nmethod 12498 0x000001a3e4d1ea10 code [0x000001a3e4d1ec00, 0x000001a3e4d1f290]
Event: 19.940 Thread 0x000001a3c9bea870 nmethod 12487% 0x000001a3eb733090 code [0x000001a3eb733800, 0x000001a3eb739cc8]
Event: 19.941 Thread 0x000001a3c9bea870 12496       4       java.net.URI$Parser::parse (243 bytes)
Event: 19.975 Thread 0x000001a3c9bea870 nmethod 12496 0x000001a3eb73ea10 code [0x000001a3eb73ed60, 0x000001a3eb740488]
Event: 19.975 Thread 0x000001a3c9bea870 12499   !   4       org.eclipse.jdt.internal.core.search.indexing.BinaryIndexer::indexDocument (1204 bytes)
Event: 20.067 Thread 0x000001a3f45b5ee0 12501       3       org.eclipse.jdt.internal.compiler.classfmt.ClassFileReader::decodeAnnotations (252 bytes)
Event: 20.067 Thread 0x000001a3f45b5ee0 nmethod 12501 0x000001a3e4d1f510 code [0x000001a3e4d1f760, 0x000001a3e4d20690]
Event: 20.069 Thread 0x000001a3f45b5ee0 12502       3       org.eclipse.jdt.internal.core.search.indexing.BinaryIndexer::addBinaryStandardAnnotations (238 bytes)
Event: 20.072 Thread 0x000001a3f45b5ee0 nmethod 12502 0x000001a3e4d20a90 code [0x000001a3e4d210e0, 0x000001a3e4d249e0]

GC Heap History (20 events):
Event: 20.145 GC heap before
{Heap before GC invocations=450 (full 3):
 PSYoungGen      total 4608K, used 4128K [0x00000000eab00000, 0x00000000eb080000, 0x0000000100000000)
  eden space 3584K, 100% used [0x00000000eab00000,0x00000000eae80000,0x00000000eae80000)
  from space 1024K, 53% used [0x00000000eaf80000,0x00000000eb008000,0x00000000eb080000)
  to   space 1024K, 0% used [0x00000000eae80000,0x00000000eae80000,0x00000000eaf80000)
 ParOldGen       total 459776K, used 459438K [0x00000000c0000000, 0x00000000dc100000, 0x00000000eab00000)
  object space 459776K, 99% used [0x00000000c0000000,0x00000000dc0ab848,0x00000000dc100000)
 Metaspace       used 64640K, committed 66112K, reserved 1114112K
  class space    used 6675K, committed 7360K, reserved 1048576K
}
Event: 20.147 GC heap after
{Heap after GC invocations=450 (full 3):
 PSYoungGen      total 4608K, used 480K [0x00000000eab00000, 0x00000000eb000000, 0x0000000100000000)
  eden space 3584K, 0% used [0x00000000eab00000,0x00000000eab00000,0x00000000eae80000)
  from space 1024K, 46% used [0x00000000eae80000,0x00000000eaef8000,0x00000000eaf80000)
  to   space 512K, 0% used [0x00000000eaf80000,0x00000000eaf80000,0x00000000eb000000)
 ParOldGen       total 460288K, used 459854K [0x00000000c0000000, 0x00000000dc180000, 0x00000000eab00000)
  object space 460288K, 99% used [0x00000000c0000000,0x00000000dc113848,0x00000000dc180000)
 Metaspace       used 64640K, committed 66112K, reserved 1114112K
  class space    used 6675K, committed 7360K, reserved 1048576K
}
Event: 20.156 GC heap before
{Heap before GC invocations=451 (full 3):
 PSYoungGen      total 4608K, used 4064K [0x00000000eab00000, 0x00000000eb000000, 0x0000000100000000)
  eden space 3584K, 100% used [0x00000000eab00000,0x00000000eae80000,0x00000000eae80000)
  from space 1024K, 46% used [0x00000000eae80000,0x00000000eaef8000,0x00000000eaf80000)
  to   space 512K, 0% used [0x00000000eaf80000,0x00000000eaf80000,0x00000000eb000000)
 ParOldGen       total 460288K, used 459854K [0x00000000c0000000, 0x00000000dc180000, 0x00000000eab00000)
  object space 460288K, 99% used [0x00000000c0000000,0x00000000dc113848,0x00000000dc180000)
 Metaspace       used 64640K, committed 66112K, reserved 1114112K
  class space    used 6675K, committed 7360K, reserved 1048576K
}
Event: 20.158 GC heap after
{Heap after GC invocations=451 (full 3):
 PSYoungGen      total 4096K, used 496K [0x00000000eab00000, 0x00000000eb080000, 0x0000000100000000)
  eden space 3584K, 0% used [0x00000000eab00000,0x00000000eab00000,0x00000000eae80000)
  from space 512K, 96% used [0x00000000eaf80000,0x00000000eaffc0f0,0x00000000eb000000)
  to   space 1024K, 0% used [0x00000000eae80000,0x00000000eae80000,0x00000000eaf80000)
 ParOldGen       total 460800K, used 460294K [0x00000000c0000000, 0x00000000dc200000, 0x00000000eab00000)
  object space 460800K, 99% used [0x00000000c0000000,0x00000000dc181848,0x00000000dc200000)
 Metaspace       used 64640K, committed 66112K, reserved 1114112K
  class space    used 6675K, committed 7360K, reserved 1048576K
}
Event: 20.166 GC heap before
{Heap before GC invocations=452 (full 3):
 PSYoungGen      total 4096K, used 4080K [0x00000000eab00000, 0x00000000eb080000, 0x0000000100000000)
  eden space 3584K, 100% used [0x00000000eab00000,0x00000000eae80000,0x00000000eae80000)
  from space 512K, 96% used [0x00000000eaf80000,0x00000000eaffc0f0,0x00000000eb000000)
  to   space 1024K, 0% used [0x00000000eae80000,0x00000000eae80000,0x00000000eaf80000)
 ParOldGen       total 460800K, used 460294K [0x00000000c0000000, 0x00000000dc200000, 0x00000000eab00000)
  object space 460800K, 99% used [0x00000000c0000000,0x00000000dc181848,0x00000000dc200000)
 Metaspace       used 64640K, committed 66112K, reserved 1114112K
  class space    used 6675K, committed 7360K, reserved 1048576K
}
Event: 20.168 GC heap after
{Heap after GC invocations=452 (full 3):
 PSYoungGen      total 4608K, used 544K [0x00000000eab00000, 0x00000000eb080000, 0x0000000100000000)
  eden space 3584K, 0% used [0x00000000eab00000,0x00000000eab00000,0x00000000eae80000)
  from space 1024K, 53% used [0x00000000eae80000,0x00000000eaf08000,0x00000000eaf80000)
  to   space 1024K, 0% used [0x00000000eaf80000,0x00000000eaf80000,0x00000000eb080000)
 ParOldGen       total 460800K, used 460742K [0x00000000c0000000, 0x00000000dc200000, 0x00000000eab00000)
  object space 460800K, 99% used [0x00000000c0000000,0x00000000dc1f1848,0x00000000dc200000)
 Metaspace       used 64640K, committed 66112K, reserved 1114112K
  class space    used 6675K, committed 7360K, reserved 1048576K
}
Event: 20.177 GC heap before
{Heap before GC invocations=453 (full 3):
 PSYoungGen      total 4608K, used 4121K [0x00000000eab00000, 0x00000000eb080000, 0x0000000100000000)
  eden space 3584K, 99% used [0x00000000eab00000,0x00000000eae7e590,0x00000000eae80000)
  from space 1024K, 53% used [0x00000000eae80000,0x00000000eaf08000,0x00000000eaf80000)
  to   space 1024K, 0% used [0x00000000eaf80000,0x00000000eaf80000,0x00000000eb080000)
 ParOldGen       total 460800K, used 460742K [0x00000000c0000000, 0x00000000dc200000, 0x00000000eab00000)
  object space 460800K, 99% used [0x00000000c0000000,0x00000000dc1f1848,0x00000000dc200000)
 Metaspace       used 64640K, committed 66112K, reserved 1114112K
  class space    used 6675K, committed 7360K, reserved 1048576K
}
Event: 20.179 GC heap after
{Heap after GC invocations=453 (full 3):
 PSYoungGen      total 4608K, used 563K [0x00000000eab00000, 0x00000000eb080000, 0x0000000100000000)
  eden space 3584K, 0% used [0x00000000eab00000,0x00000000eab00000,0x00000000eae80000)
  from space 1024K, 55% used [0x00000000eaf80000,0x00000000eb00cd20,0x00000000eb080000)
  to   space 1024K, 0% used [0x00000000eae80000,0x00000000eae80000,0x00000000eaf80000)
 ParOldGen       total 461312K, used 461222K [0x00000000c0000000, 0x00000000dc280000, 0x00000000eab00000)
  object space 461312K, 99% used [0x00000000c0000000,0x00000000dc269848,0x00000000dc280000)
 Metaspace       used 64640K, committed 66112K, reserved 1114112K
  class space    used 6675K, committed 7360K, reserved 1048576K
}
Event: 20.188 GC heap before
{Heap before GC invocations=454 (full 3):
 PSYoungGen      total 4608K, used 4147K [0x00000000eab00000, 0x00000000eb080000, 0x0000000100000000)
  eden space 3584K, 100% used [0x00000000eab00000,0x00000000eae80000,0x00000000eae80000)
  from space 1024K, 55% used [0x00000000eaf80000,0x00000000eb00cd20,0x00000000eb080000)
  to   space 1024K, 0% used [0x00000000eae80000,0x00000000eae80000,0x00000000eaf80000)
 ParOldGen       total 461312K, used 461222K [0x00000000c0000000, 0x00000000dc280000, 0x00000000eab00000)
  object space 461312K, 99% used [0x00000000c0000000,0x00000000dc269848,0x00000000dc280000)
 Metaspace       used 64640K, committed 66112K, reserved 1114112K
  class space    used 6675K, committed 7360K, reserved 1048576K
}
Event: 20.190 GC heap after
{Heap after GC invocations=454 (full 3):
 PSYoungGen      total 4608K, used 608K [0x00000000eab00000, 0x00000000eb080000, 0x0000000100000000)
  eden space 3584K, 0% used [0x00000000eab00000,0x00000000eab00000,0x00000000eae80000)
  from space 1024K, 59% used [0x00000000eae80000,0x00000000eaf18000,0x00000000eaf80000)
  to   space 1024K, 0% used [0x00000000eaf80000,0x00000000eaf80000,0x00000000eb080000)
 ParOldGen       total 461824K, used 461678K [0x00000000c0000000, 0x00000000dc300000, 0x00000000eab00000)
  object space 461824K, 99% used [0x00000000c0000000,0x00000000dc2db848,0x00000000dc300000)
 Metaspace       used 64640K, committed 66112K, reserved 1114112K
  class space    used 6675K, committed 7360K, reserved 1048576K
}
Event: 20.198 GC heap before
{Heap before GC invocations=455 (full 3):
 PSYoungGen      total 4608K, used 4192K [0x00000000eab00000, 0x00000000eb080000, 0x0000000100000000)
  eden space 3584K, 100% used [0x00000000eab00000,0x00000000eae80000,0x00000000eae80000)
  from space 1024K, 59% used [0x00000000eae80000,0x00000000eaf18000,0x00000000eaf80000)
  to   space 1024K, 0% used [0x00000000eaf80000,0x00000000eaf80000,0x00000000eb080000)
 ParOldGen       total 461824K, used 461678K [0x00000000c0000000, 0x00000000dc300000, 0x00000000eab00000)
  object space 461824K, 99% used [0x00000000c0000000,0x00000000dc2db848,0x00000000dc300000)
 Metaspace       used 64640K, committed 66112K, reserved 1114112K
  class space    used 6675K, committed 7360K, reserved 1048576K
}
Event: 20.199 GC heap after
{Heap after GC invocations=455 (full 3):
 PSYoungGen      total 4608K, used 576K [0x00000000eab00000, 0x00000000eb080000, 0x0000000100000000)
  eden space 3584K, 0% used [0x00000000eab00000,0x00000000eab00000,0x00000000eae80000)
  from space 1024K, 56% used [0x00000000eaf80000,0x00000000eb010000,0x00000000eb080000)
  to   space 1024K, 0% used [0x00000000eae80000,0x00000000eae80000,0x00000000eaf80000)
 ParOldGen       total 462336K, used 462158K [0x00000000c0000000, 0x00000000dc380000, 0x00000000eab00000)
  object space 462336K, 99% used [0x00000000c0000000,0x00000000dc353848,0x00000000dc380000)
 Metaspace       used 64640K, committed 66112K, reserved 1114112K
  class space    used 6675K, committed 7360K, reserved 1048576K
}
Event: 20.209 GC heap before
{Heap before GC invocations=456 (full 3):
 PSYoungGen      total 4608K, used 4160K [0x00000000eab00000, 0x00000000eb080000, 0x0000000100000000)
  eden space 3584K, 100% used [0x00000000eab00000,0x00000000eae80000,0x00000000eae80000)
  from space 1024K, 56% used [0x00000000eaf80000,0x00000000eb010000,0x00000000eb080000)
  to   space 1024K, 0% used [0x00000000eae80000,0x00000000eae80000,0x00000000eaf80000)
 ParOldGen       total 462336K, used 462158K [0x00000000c0000000, 0x00000000dc380000, 0x00000000eab00000)
  object space 462336K, 99% used [0x00000000c0000000,0x00000000dc353848,0x00000000dc380000)
 Metaspace       used 64640K, committed 66112K, reserved 1114112K
  class space    used 6675K, committed 7360K, reserved 1048576K
}
Event: 20.211 GC heap after
{Heap after GC invocations=456 (full 3):
 PSYoungGen      total 4608K, used 670K [0x00000000eab00000, 0x00000000eb080000, 0x0000000100000000)
  eden space 3584K, 0% used [0x00000000eab00000,0x00000000eab00000,0x00000000eae80000)
  from space 1024K, 65% used [0x00000000eae80000,0x00000000eaf27868,0x00000000eaf80000)
  to   space 1024K, 0% used [0x00000000eaf80000,0x00000000eaf80000,0x00000000eb080000)
 ParOldGen       total 462848K, used 462630K [0x00000000c0000000, 0x00000000dc400000, 0x00000000eab00000)
  object space 462848K, 99% used [0x00000000c0000000,0x00000000dc3c9848,0x00000000dc400000)
 Metaspace       used 64640K, committed 66112K, reserved 1114112K
  class space    used 6675K, committed 7360K, reserved 1048576K
}
Event: 20.219 GC heap before
{Heap before GC invocations=457 (full 3):
 PSYoungGen      total 4608K, used 4254K [0x00000000eab00000, 0x00000000eb080000, 0x0000000100000000)
  eden space 3584K, 100% used [0x00000000eab00000,0x00000000eae80000,0x00000000eae80000)
  from space 1024K, 65% used [0x00000000eae80000,0x00000000eaf27868,0x00000000eaf80000)
  to   space 1024K, 0% used [0x00000000eaf80000,0x00000000eaf80000,0x00000000eb080000)
 ParOldGen       total 462848K, used 462630K [0x00000000c0000000, 0x00000000dc400000, 0x00000000eab00000)
  object space 462848K, 99% used [0x00000000c0000000,0x00000000dc3c9848,0x00000000dc400000)
 Metaspace       used 64640K, committed 66112K, reserved 1114112K
  class space    used 6675K, committed 7360K, reserved 1048576K
}
Event: 20.222 GC heap after
{Heap after GC invocations=457 (full 3):
 PSYoungGen      total 4608K, used 544K [0x00000000eab00000, 0x00000000eb080000, 0x0000000100000000)
  eden space 3584K, 0% used [0x00000000eab00000,0x00000000eab00000,0x00000000eae80000)
  from space 1024K, 53% used [0x00000000eaf80000,0x00000000eb008000,0x00000000eb080000)
  to   space 1024K, 0% used [0x00000000eae80000,0x00000000eae80000,0x00000000eaf80000)
 ParOldGen       total 463360K, used 463110K [0x00000000c0000000, 0x00000000dc480000, 0x00000000eab00000)
  object space 463360K, 99% used [0x00000000c0000000,0x00000000dc441848,0x00000000dc480000)
 Metaspace       used 64640K, committed 66112K, reserved 1114112K
  class space    used 6675K, committed 7360K, reserved 1048576K
}
Event: 20.229 GC heap before
{Heap before GC invocations=458 (full 3):
 PSYoungGen      total 4608K, used 4128K [0x00000000eab00000, 0x00000000eb080000, 0x0000000100000000)
  eden space 3584K, 100% used [0x00000000eab00000,0x00000000eae80000,0x00000000eae80000)
  from space 1024K, 53% used [0x00000000eaf80000,0x00000000eb008000,0x00000000eb080000)
  to   space 1024K, 0% used [0x00000000eae80000,0x00000000eae80000,0x00000000eaf80000)
 ParOldGen       total 463360K, used 463110K [0x00000000c0000000, 0x00000000dc480000, 0x00000000eab00000)
  object space 463360K, 99% used [0x00000000c0000000,0x00000000dc441848,0x00000000dc480000)
 Metaspace       used 64640K, committed 66112K, reserved 1114112K
  class space    used 6675K, committed 7360K, reserved 1048576K
}
Event: 20.231 GC heap after
{Heap after GC invocations=458 (full 3):
 PSYoungGen      total 4608K, used 608K [0x00000000eab00000, 0x00000000eb080000, 0x0000000100000000)
  eden space 3584K, 0% used [0x00000000eab00000,0x00000000eab00000,0x00000000eae80000)
  from space 1024K, 59% used [0x00000000eae80000,0x00000000eaf18000,0x00000000eaf80000)
  to   space 1024K, 0% used [0x00000000eaf80000,0x00000000eaf80000,0x00000000eb080000)
 ParOldGen       total 463872K, used 463606K [0x00000000c0000000, 0x00000000dc500000, 0x00000000eab00000)
  object space 463872K, 99% used [0x00000000c0000000,0x00000000dc4bd848,0x00000000dc500000)
 Metaspace       used 64640K, committed 66112K, reserved 1114112K
  class space    used 6675K, committed 7360K, reserved 1048576K
}
Event: 20.240 GC heap before
{Heap before GC invocations=459 (full 3):
 PSYoungGen      total 4608K, used 4192K [0x00000000eab00000, 0x00000000eb080000, 0x0000000100000000)
  eden space 3584K, 100% used [0x00000000eab00000,0x00000000eae80000,0x00000000eae80000)
  from space 1024K, 59% used [0x00000000eae80000,0x00000000eaf18000,0x00000000eaf80000)
  to   space 1024K, 0% used [0x00000000eaf80000,0x00000000eaf80000,0x00000000eb080000)
 ParOldGen       total 463872K, used 463606K [0x00000000c0000000, 0x00000000dc500000, 0x00000000eab00000)
  object space 463872K, 99% used [0x00000000c0000000,0x00000000dc4bd848,0x00000000dc500000)
 Metaspace       used 64640K, committed 66112K, reserved 1114112K
  class space    used 6675K, committed 7360K, reserved 1048576K
}
Event: 20.242 GC heap after
{Heap after GC invocations=459 (full 3):
 PSYoungGen      total 4608K, used 608K [0x00000000eab00000, 0x00000000eb080000, 0x0000000100000000)
  eden space 3584K, 0% used [0x00000000eab00000,0x00000000eab00000,0x00000000eae80000)
  from space 1024K, 59% used [0x00000000eaf80000,0x00000000eb018000,0x00000000eb080000)
  to   space 1024K, 0% used [0x00000000eae80000,0x00000000eae80000,0x00000000eaf80000)
 ParOldGen       total 464384K, used 464062K [0x00000000c0000000, 0x00000000dc580000, 0x00000000eab00000)
  object space 464384K, 99% used [0x00000000c0000000,0x00000000dc52f848,0x00000000dc580000)
 Metaspace       used 64640K, committed 66112K, reserved 1114112K
  class space    used 6675K, committed 7360K, reserved 1048576K
}

Dll operation events (10 events):
Event: 0.012 Loaded shared library c:\Users\Papa Omar\.windsurf\extensions\redhat.java-1.41.1-win32-x64\jre\21.0.6-win32-x86_64\bin\java.dll
Event: 0.194 Loaded shared library c:\Users\Papa Omar\.windsurf\extensions\redhat.java-1.41.1-win32-x64\jre\21.0.6-win32-x86_64\bin\zip.dll
Event: 0.226 Loaded shared library C:\Users\Papa Omar\.windsurf\extensions\redhat.java-1.41.1-win32-x64\jre\21.0.6-win32-x86_64\bin\instrument.dll
Event: 0.230 Loaded shared library C:\Users\Papa Omar\.windsurf\extensions\redhat.java-1.41.1-win32-x64\jre\21.0.6-win32-x86_64\bin\net.dll
Event: 0.232 Loaded shared library C:\Users\Papa Omar\.windsurf\extensions\redhat.java-1.41.1-win32-x64\jre\21.0.6-win32-x86_64\bin\nio.dll
Event: 0.234 Loaded shared library C:\Users\Papa Omar\.windsurf\extensions\redhat.java-1.41.1-win32-x64\jre\21.0.6-win32-x86_64\bin\zip.dll
Event: 0.250 Loaded shared library C:\Users\Papa Omar\.windsurf\extensions\redhat.java-1.41.1-win32-x64\jre\21.0.6-win32-x86_64\bin\jimage.dll
Event: 0.321 Loaded shared library c:\Users\Papa Omar\.windsurf\extensions\redhat.java-1.41.1-win32-x64\jre\21.0.6-win32-x86_64\bin\verify.dll
Event: 1.414 Loaded shared library C:\Users\Papa Omar\AppData\Roaming\Windsurf\User\globalStorage\redhat.java\1.41.1\config_win\org.eclipse.equinox.launcher\org.eclipse.equinox.launcher.win32.win32.x86_64_1.2.1300.v20250331-1702\eclipse_11911.dll
Event: 3.318 Loaded shared library C:\Users\Papa Omar\AppData\Local\Temp\jna-2111647821\jna15813207155608412596.dll

Deoptimization events (20 events):
Event: 20.152 Thread 0x000001a3fab659c0 DEOPT PACKING pc=0x000001a3e4d1599a sp=0x00000045956fef10
Event: 20.152 Thread 0x000001a3fab659c0 DEOPT UNPACKING pc=0x000001a3ea944242 sp=0x00000045956fe498 mode 0
Event: 20.163 Thread 0x000001a3fab659c0 DEOPT PACKING pc=0x000001a3e4d1599a sp=0x00000045956fef10
Event: 20.163 Thread 0x000001a3fab659c0 DEOPT UNPACKING pc=0x000001a3ea944242 sp=0x00000045956fe498 mode 0
Event: 20.175 Thread 0x000001a3fab659c0 DEOPT PACKING pc=0x000001a3e4d1599a sp=0x00000045956fef10
Event: 20.175 Thread 0x000001a3fab659c0 DEOPT UNPACKING pc=0x000001a3ea944242 sp=0x00000045956fe498 mode 0
Event: 20.185 Thread 0x000001a3fab659c0 DEOPT PACKING pc=0x000001a3e4d1599a sp=0x00000045956fef10
Event: 20.185 Thread 0x000001a3fab659c0 DEOPT UNPACKING pc=0x000001a3ea944242 sp=0x00000045956fe498 mode 0
Event: 20.194 Thread 0x000001a3fab659c0 DEOPT PACKING pc=0x000001a3e4d1599a sp=0x00000045956fef10
Event: 20.194 Thread 0x000001a3fab659c0 DEOPT UNPACKING pc=0x000001a3ea944242 sp=0x00000045956fe498 mode 0
Event: 20.202 Thread 0x000001a3fab659c0 DEOPT PACKING pc=0x000001a3e4d1599a sp=0x00000045956fef10
Event: 20.202 Thread 0x000001a3fab659c0 DEOPT UNPACKING pc=0x000001a3ea944242 sp=0x00000045956fe498 mode 0
Event: 20.215 Thread 0x000001a3fab659c0 DEOPT PACKING pc=0x000001a3e4d1599a sp=0x00000045956fef10
Event: 20.215 Thread 0x000001a3fab659c0 DEOPT UNPACKING pc=0x000001a3ea944242 sp=0x00000045956fe498 mode 0
Event: 20.225 Thread 0x000001a3fab659c0 DEOPT PACKING pc=0x000001a3e4d1599a sp=0x00000045956fef10
Event: 20.225 Thread 0x000001a3fab659c0 DEOPT UNPACKING pc=0x000001a3ea944242 sp=0x00000045956fe498 mode 0
Event: 20.235 Thread 0x000001a3fab659c0 DEOPT PACKING pc=0x000001a3e4d1599a sp=0x00000045956fef10
Event: 20.235 Thread 0x000001a3fab659c0 DEOPT UNPACKING pc=0x000001a3ea944242 sp=0x00000045956fe498 mode 0
Event: 20.247 Thread 0x000001a3fab659c0 DEOPT PACKING pc=0x000001a3e4d1599a sp=0x00000045956fef10
Event: 20.247 Thread 0x000001a3fab659c0 DEOPT UNPACKING pc=0x000001a3ea944242 sp=0x00000045956fe498 mode 0

Classes loaded (20 events):
Event: 18.540 Loading class java/util/stream/ReduceOps$CountingSink$OfRef
Event: 18.540 Loading class java/util/stream/ReduceOps$CountingSink
Event: 18.540 Loading class java/util/stream/ReduceOps$CountingSink done
Event: 18.540 Loading class java/util/stream/ReduceOps$CountingSink$OfRef done
Event: 18.658 Loading class java/util/stream/ReduceOps$1
Event: 18.658 Loading class java/util/stream/ReduceOps$1 done
Event: 18.658 Loading class java/util/stream/ReduceOps$1ReducingSink
Event: 18.658 Loading class java/util/stream/ReduceOps$1ReducingSink done
Event: 18.713 Loading class java/io/SequenceInputStream
Event: 18.713 Loading class java/io/SequenceInputStream done
Event: 18.732 Loading class org/xml/sax/SAXNotRecognizedException
Event: 18.732 Loading class org/xml/sax/SAXNotRecognizedException done
Event: 18.733 Loading class org/xml/sax/SAXNotSupportedException
Event: 18.733 Loading class org/xml/sax/SAXNotSupportedException done
Event: 18.733 Loading class com/sun/org/apache/xerces/internal/util/URI
Event: 18.734 Loading class com/sun/org/apache/xerces/internal/util/URI done
Event: 18.738 Loading class com/sun/org/apache/xerces/internal/xni/XNIException
Event: 18.738 Loading class com/sun/org/apache/xerces/internal/xni/XNIException done
Event: 18.741 Loading class com/sun/org/apache/xerces/internal/xni/parser/XMLParseException
Event: 18.741 Loading class com/sun/org/apache/xerces/internal/xni/parser/XMLParseException done

Classes unloaded (7 events):
Event: 3.801 Thread 0x000001a3f4581770 Unloading class 0x000001a38119cc00 'java/lang/invoke/LambdaForm$MH+0x000001a38119cc00'
Event: 3.801 Thread 0x000001a3f4581770 Unloading class 0x000001a38119c800 'java/lang/invoke/LambdaForm$MH+0x000001a38119c800'
Event: 3.801 Thread 0x000001a3f4581770 Unloading class 0x000001a38119c400 'java/lang/invoke/LambdaForm$MH+0x000001a38119c400'
Event: 3.801 Thread 0x000001a3f4581770 Unloading class 0x000001a38119c000 'java/lang/invoke/LambdaForm$MH+0x000001a38119c000'
Event: 3.801 Thread 0x000001a3f4581770 Unloading class 0x000001a38119bc00 'java/lang/invoke/LambdaForm$BMH+0x000001a38119bc00'
Event: 3.801 Thread 0x000001a3f4581770 Unloading class 0x000001a38119b800 'java/lang/invoke/LambdaForm$DMH+0x000001a38119b800'
Event: 3.801 Thread 0x000001a3f4581770 Unloading class 0x000001a38119a400 'java/lang/invoke/LambdaForm$DMH+0x000001a38119a400'

Classes redefined (0 events):
No events

Internal exceptions (20 events):
Event: 18.542 Thread 0x000001a3fab63f80 Exception <a 'sun/nio/fs/WindowsException'{0x00000000eaed0da0}> (0x00000000eaed0da0) 
thrown [s\src\hotspot\share\prims\jni.cpp, line 520]
Event: 18.542 Thread 0x000001a3fab63f80 Exception <a 'sun/nio/fs/WindowsException'{0x00000000eaef02c0}> (0x00000000eaef02c0) 
thrown [s\src\hotspot\share\prims\jni.cpp, line 520]
Event: 18.714 Thread 0x000001a3fab659c0 Exception <a 'sun/nio/fs/WindowsException'{0x00000000eac8cf68}> (0x00000000eac8cf68) 
thrown [s\src\hotspot\share\prims\jni.cpp, line 520]
Event: 18.773 Thread 0x000001a3fab63f80 Exception <a 'java/io/FileNotFoundException'{0x00000000eadcc348}> (0x00000000eadcc348) 
thrown [s\src\hotspot\share\prims\jni.cpp, line 520]
Event: 18.774 Thread 0x000001a3fab63f80 Exception <a 'java/io/FileNotFoundException'{0x00000000eadcd4f0}> (0x00000000eadcd4f0) 
thrown [s\src\hotspot\share\prims\jni.cpp, line 520]
Event: 18.778 Thread 0x000001a3fab63f80 Exception <a 'java/lang/NoSuchMethodError'{0x00000000eadf5fe8}: 'java.lang.Object java.lang.invoke.DirectMethodHandle$Holder.invokeStatic(java.lang.Object, java.lang.Object, int, java.lang.Object)'> (0x00000000eadf5fe8) 
thrown [s\src\hotspot\share\interpreter\linkResolver.cpp, line 773]
Event: 18.779 Thread 0x000001a3fab659c0 Exception <a 'sun/nio/fs/WindowsException'{0x00000000eacc1048}> (0x00000000eacc1048) 
thrown [s\src\hotspot\share\prims\jni.cpp, line 520]
Event: 18.792 Thread 0x000001a3fab63f80 Implicit null exception at 0x000001a3eb141790 to 0x000001a3eb1430ba
Event: 18.913 Thread 0x000001a3fab659c0 Exception <a 'sun/nio/fs/WindowsException'{0x00000000eb0e4500}> (0x00000000eb0e4500) 
thrown [s\src\hotspot\share\prims\jni.cpp, line 520]
Event: 18.920 Thread 0x000001a3fab659c0 Exception <a 'sun/nio/fs/WindowsException'{0x00000000eb14c920}> (0x00000000eb14c920) 
thrown [s\src\hotspot\share\prims\jni.cpp, line 520]
Event: 18.929 Thread 0x000001a3fab659c0 Exception <a 'sun/nio/fs/WindowsException'{0x00000000eb15d300}> (0x00000000eb15d300) 
thrown [s\src\hotspot\share\prims\jni.cpp, line 520]
Event: 19.161 Thread 0x000001a3fab659c0 Exception <a 'sun/nio/fs/WindowsException'{0x00000000eac736a0}> (0x00000000eac736a0) 
thrown [s\src\hotspot\share\prims\jni.cpp, line 520]
Event: 19.168 Thread 0x000001a3fab659c0 Exception <a 'sun/nio/fs/WindowsException'{0x00000000eac8ea78}> (0x00000000eac8ea78) 
thrown [s\src\hotspot\share\prims\jni.cpp, line 520]
Event: 19.210 Thread 0x000001a3fab659c0 Exception <a 'sun/nio/fs/WindowsException'{0x00000000eadf21a0}> (0x00000000eadf21a0) 
thrown [s\src\hotspot\share\prims\jni.cpp, line 520]
Event: 19.279 Thread 0x000001a3fab659c0 Exception <a 'sun/nio/fs/WindowsException'{0x00000000eaed5390}> (0x00000000eaed5390) 
thrown [s\src\hotspot\share\prims\jni.cpp, line 520]
Event: 19.298 Thread 0x000001a3fab659c0 Exception <a 'sun/nio/fs/WindowsException'{0x00000000eab7c030}> (0x00000000eab7c030) 
thrown [s\src\hotspot\share\prims\jni.cpp, line 520]
Event: 19.365 Thread 0x000001a3fab659c0 Exception <a 'sun/nio/fs/WindowsException'{0x00000000eac89f00}> (0x00000000eac89f00) 
thrown [s\src\hotspot\share\prims\jni.cpp, line 520]
Event: 19.374 Thread 0x000001a3fab659c0 Exception <a 'sun/nio/fs/WindowsException'{0x00000000eacb5030}> (0x00000000eacb5030) 
thrown [s\src\hotspot\share\prims\jni.cpp, line 520]
Event: 19.396 Thread 0x000001a3fab659c0 Exception <a 'sun/nio/fs/WindowsException'{0x00000000ead52008}> (0x00000000ead52008) 
thrown [s\src\hotspot\share\prims\jni.cpp, line 520]
Event: 19.462 Thread 0x000001a3fab659c0 Exception <a 'sun/nio/fs/WindowsException'{0x00000000eac50c08}> (0x00000000eac50c08) 
thrown [s\src\hotspot\share\prims\jni.cpp, line 520]

ZGC Phase Switch (0 events):
No events

VM Operations (20 events):
Event: 20.145 Executing VM operation: ParallelGCFailedAllocation (Allocation Failure)
Event: 20.147 Executing VM operation: ParallelGCFailedAllocation (Allocation Failure) done
Event: 20.156 Executing VM operation: ParallelGCFailedAllocation (Allocation Failure)
Event: 20.158 Executing VM operation: ParallelGCFailedAllocation (Allocation Failure) done
Event: 20.166 Executing VM operation: ParallelGCFailedAllocation (Allocation Failure)
Event: 20.168 Executing VM operation: ParallelGCFailedAllocation (Allocation Failure) done
Event: 20.177 Executing VM operation: ParallelGCFailedAllocation (Allocation Failure)
Event: 20.179 Executing VM operation: ParallelGCFailedAllocation (Allocation Failure) done
Event: 20.188 Executing VM operation: ParallelGCFailedAllocation (Allocation Failure)
Event: 20.190 Executing VM operation: ParallelGCFailedAllocation (Allocation Failure) done
Event: 20.198 Executing VM operation: ParallelGCFailedAllocation (Allocation Failure)
Event: 20.199 Executing VM operation: ParallelGCFailedAllocation (Allocation Failure) done
Event: 20.209 Executing VM operation: ParallelGCFailedAllocation (Allocation Failure)
Event: 20.211 Executing VM operation: ParallelGCFailedAllocation (Allocation Failure) done
Event: 20.219 Executing VM operation: ParallelGCFailedAllocation (Allocation Failure)
Event: 20.222 Executing VM operation: ParallelGCFailedAllocation (Allocation Failure) done
Event: 20.229 Executing VM operation: ParallelGCFailedAllocation (Allocation Failure)
Event: 20.231 Executing VM operation: ParallelGCFailedAllocation (Allocation Failure) done
Event: 20.240 Executing VM operation: ParallelGCFailedAllocation (Allocation Failure)
Event: 20.242 Executing VM operation: ParallelGCFailedAllocation (Allocation Failure) done

Memory protections (0 events):
No events

Nmethod flushes (20 events):
Event: 11.328 Thread 0x000001a3f4581770 flushing osr nmethod 0x000001a3e3becf90
Event: 11.328 Thread 0x000001a3f4581770 flushing  nmethod 0x000001a3e3c19590
Event: 11.328 Thread 0x000001a3f4581770 flushing osr nmethod 0x000001a3e3c24010
Event: 11.328 Thread 0x000001a3f4581770 flushing  nmethod 0x000001a3e3c44310
Event: 11.328 Thread 0x000001a3f4581770 flushing  nmethod 0x000001a3e3c4bd90
Event: 11.328 Thread 0x000001a3f4581770 flushing  nmethod 0x000001a3e3c5a010
Event: 11.328 Thread 0x000001a3f4581770 flushing  nmethod 0x000001a3e3c5b090
Event: 11.328 Thread 0x000001a3f4581770 flushing  nmethod 0x000001a3e3c5bf90
Event: 11.328 Thread 0x000001a3f4581770 flushing  nmethod 0x000001a3e3c6d090
Event: 11.328 Thread 0x000001a3f4581770 flushing  nmethod 0x000001a3e3c6da90
Event: 11.328 Thread 0x000001a3f4581770 flushing  nmethod 0x000001a3e3c6f390
Event: 11.328 Thread 0x000001a3f4581770 flushing  nmethod 0x000001a3e3c6f990
Event: 11.328 Thread 0x000001a3f4581770 flushing  nmethod 0x000001a3e3c73290
Event: 11.328 Thread 0x000001a3f4581770 flushing  nmethod 0x000001a3e3c73990
Event: 11.328 Thread 0x000001a3f4581770 flushing  nmethod 0x000001a3e3c74110
Event: 11.328 Thread 0x000001a3f4581770 flushing  nmethod 0x000001a3e3c76410
Event: 11.328 Thread 0x000001a3f4581770 flushing  nmethod 0x000001a3e3c9d990
Event: 11.328 Thread 0x000001a3f4581770 flushing  nmethod 0x000001a3e3cf0910
Event: 11.328 Thread 0x000001a3f4581770 flushing  nmethod 0x000001a3e3cf7d90
Event: 11.328 Thread 0x000001a3f4581770 flushing  nmethod 0x000001a3e3cf9690

Events (20 events):
Event: 13.812 Thread 0x000001a3ca249f70 Thread exited: 0x000001a3ca249f70
Event: 13.812 Thread 0x000001a3ca247ea0 Thread exited: 0x000001a3ca247ea0
Event: 13.812 Thread 0x000001a3ca2498e0 Thread exited: 0x000001a3ca2498e0
Event: 13.812 Thread 0x000001a3ca24ac90 Thread exited: 0x000001a3ca24ac90
Event: 14.365 Thread 0x000001a3fab63f80 Thread added: 0x000001a3ca248bc0
Event: 14.366 Thread 0x000001a3fab63f80 Thread added: 0x000001a3ca2498e0
Event: 14.366 Thread 0x000001a3fab63f80 Thread added: 0x000001a3ca249f70
Event: 14.366 Thread 0x000001a3fab63f80 Thread added: 0x000001a3ca248530
Event: 14.366 Thread 0x000001a3fab63f80 Thread added: 0x000001a3ca24b320
Event: 14.427 Thread 0x000001a3ca248530 Thread exited: 0x000001a3ca248530
Event: 14.427 Thread 0x000001a3ca248bc0 Thread exited: 0x000001a3ca248bc0
Event: 14.427 Thread 0x000001a3ca2498e0 Thread exited: 0x000001a3ca2498e0
Event: 14.427 Thread 0x000001a3ca24b320 Thread exited: 0x000001a3ca24b320
Event: 14.428 Thread 0x000001a3ca249f70 Thread exited: 0x000001a3ca249f70
Event: 15.918 Thread 0x000001a3fab63f80 Thread added: 0x000001a3ca2498e0
Event: 16.908 Thread 0x000001a3fb71f400 Thread exited: 0x000001a3fb71f400
Event: 16.930 Thread 0x000001a3fa26b530 Thread exited: 0x000001a3fa26b530
Event: 17.377 Thread 0x000001a3f45b5ee0 Thread added: 0x000001a3c9bea870
Event: 17.396 Thread 0x000001a3c9bea870 Thread added: 0x000001a3c9bec3b0
Event: 19.225 Thread 0x000001a3c9bec3b0 Thread exited: 0x000001a3c9bec3b0


Dynamic libraries:
0x00007ff77ff70000 - 0x00007ff77ff7e000 	c:\Users\Papa Omar\.windsurf\extensions\redhat.java-1.41.1-win32-x64\jre\21.0.6-win32-x86_64\bin\java.exe
0x00007ffb59a60000 - 0x00007ffb59cc0000 	C:\WINDOWS\SYSTEM32\ntdll.dll
0x00007ffb59250000 - 0x00007ffb59317000 	C:\WINDOWS\System32\KERNEL32.DLL
0x00007ffb57330000 - 0x00007ffb576fb000 	C:\WINDOWS\System32\KERNELBASE.dll
0x00007ffb571e0000 - 0x00007ffb5732b000 	C:\WINDOWS\System32\ucrtbase.dll
0x00007ffb191e0000 - 0x00007ffb191f8000 	c:\Users\Papa Omar\.windsurf\extensions\redhat.java-1.41.1-win32-x64\jre\21.0.6-win32-x86_64\bin\jli.dll
0x00007ffae75a0000 - 0x00007ffae75be000 	c:\Users\Papa Omar\.windsurf\extensions\redhat.java-1.41.1-win32-x64\jre\21.0.6-win32-x86_64\bin\VCRUNTIME140.dll
0x00007ffb59080000 - 0x00007ffb5924c000 	C:\WINDOWS\System32\USER32.dll
0x00007ffb3cdd0000 - 0x00007ffb3d067000 	C:\WINDOWS\WinSxS\amd64_microsoft.windows.common-controls_6595b64144ccf1df_6.0.26100.3624_none_3e086962e3345f24\COMCTL32.dll
0x00007ffb57030000 - 0x00007ffb57057000 	C:\WINDOWS\System32\win32u.dll
0x00007ffb59970000 - 0x00007ffb5999a000 	C:\WINDOWS\System32\GDI32.dll
0x00007ffb581e0000 - 0x00007ffb58289000 	C:\WINDOWS\System32\msvcrt.dll
0x00007ffb56c40000 - 0x00007ffb56d71000 	C:\WINDOWS\System32\gdi32full.dll
0x00007ffb56d80000 - 0x00007ffb56e23000 	C:\WINDOWS\System32\msvcp_win.dll
0x00007ffb597c0000 - 0x00007ffb597ef000 	C:\WINDOWS\System32\IMM32.DLL
0x00007ffb29370000 - 0x00007ffb2937c000 	c:\Users\Papa Omar\.windsurf\extensions\redhat.java-1.41.1-win32-x64\jre\21.0.6-win32-x86_64\bin\vcruntime140_1.dll
0x00007ffab8cf0000 - 0x00007ffab8d7d000 	c:\Users\Papa Omar\.windsurf\extensions\redhat.java-1.41.1-win32-x64\jre\21.0.6-win32-x86_64\bin\msvcp140.dll
0x00007ffa62180000 - 0x00007ffa62f10000 	c:\Users\Papa Omar\.windsurf\extensions\redhat.java-1.41.1-win32-x64\jre\21.0.6-win32-x86_64\bin\server\jvm.dll
0x00007ffb59650000 - 0x00007ffb59703000 	C:\WINDOWS\System32\ADVAPI32.dll
0x00007ffb595a0000 - 0x00007ffb59646000 	C:\WINDOWS\System32\sechost.dll
0x00007ffb59850000 - 0x00007ffb59966000 	C:\WINDOWS\System32\RPCRT4.dll
0x00007ffb58da0000 - 0x00007ffb58e14000 	C:\WINDOWS\System32\WS2_32.dll
0x00007ffb56130000 - 0x00007ffb5618e000 	C:\WINDOWS\SYSTEM32\POWRPROF.dll
0x00007ffb3d1d0000 - 0x00007ffb3d206000 	C:\WINDOWS\SYSTEM32\WINMM.dll
0x00007ffb4c540000 - 0x00007ffb4c54b000 	C:\WINDOWS\SYSTEM32\VERSION.dll
0x00007ffb56110000 - 0x00007ffb56124000 	C:\WINDOWS\SYSTEM32\UMPDC.dll
0x00007ffb55a30000 - 0x00007ffb55a4a000 	C:\WINDOWS\SYSTEM32\kernel.appcore.dll
0x00007ffb27760000 - 0x00007ffb2776a000 	c:\Users\Papa Omar\.windsurf\extensions\redhat.java-1.41.1-win32-x64\jre\21.0.6-win32-x86_64\bin\jimage.dll
0x00007ffb51240000 - 0x00007ffb51481000 	C:\WINDOWS\SYSTEM32\DBGHELP.DLL
0x00007ffb58290000 - 0x00007ffb58613000 	C:\WINDOWS\System32\combase.dll
0x00007ffb58e20000 - 0x00007ffb58ef6000 	C:\WINDOWS\System32\OLEAUT32.dll
0x00007ffb39450000 - 0x00007ffb39489000 	C:\WINDOWS\SYSTEM32\dbgcore.DLL
0x00007ffb57700000 - 0x00007ffb57799000 	C:\WINDOWS\System32\bcryptPrimitives.dll
0x00007ffb24a50000 - 0x00007ffb24a5f000 	c:\Users\Papa Omar\.windsurf\extensions\redhat.java-1.41.1-win32-x64\jre\21.0.6-win32-x86_64\bin\instrument.dll
0x00007ffb1a3a0000 - 0x00007ffb1a3bf000 	c:\Users\Papa Omar\.windsurf\extensions\redhat.java-1.41.1-win32-x64\jre\21.0.6-win32-x86_64\bin\java.dll
0x00007ffb58620000 - 0x00007ffb58d49000 	C:\WINDOWS\System32\SHELL32.dll
0x00007ffb56e30000 - 0x00007ffb56f98000 	C:\WINDOWS\System32\wintypes.dll
0x00007ffb548c0000 - 0x00007ffb55112000 	C:\WINDOWS\SYSTEM32\windows.storage.dll
0x00007ffb59320000 - 0x00007ffb5940d000 	C:\WINDOWS\System32\SHCORE.dll
0x00007ffb57860000 - 0x00007ffb578c4000 	C:\WINDOWS\System32\shlwapi.dll
0x00007ffb56b50000 - 0x00007ffb56b7f000 	C:\WINDOWS\SYSTEM32\profapi.dll
0x00007ffae6550000 - 0x00007ffae6568000 	c:\Users\Papa Omar\.windsurf\extensions\redhat.java-1.41.1-win32-x64\jre\21.0.6-win32-x86_64\bin\zip.dll
0x00007ffb22610000 - 0x00007ffb22620000 	C:\Users\Papa Omar\.windsurf\extensions\redhat.java-1.41.1-win32-x64\jre\21.0.6-win32-x86_64\bin\net.dll
0x00007ffb49900000 - 0x00007ffb49a1d000 	C:\WINDOWS\SYSTEM32\WINHTTP.dll
0x00007ffb55fe0000 - 0x00007ffb5604a000 	C:\WINDOWS\system32\mswsock.dll
0x00007ffaee890000 - 0x00007ffaee8a6000 	C:\Users\Papa Omar\.windsurf\extensions\redhat.java-1.41.1-win32-x64\jre\21.0.6-win32-x86_64\bin\nio.dll
0x00007ffb1fda0000 - 0x00007ffb1fdb0000 	c:\Users\Papa Omar\.windsurf\extensions\redhat.java-1.41.1-win32-x64\jre\21.0.6-win32-x86_64\bin\verify.dll
0x00007ffacd120000 - 0x00007ffacd165000 	C:\Users\Papa Omar\AppData\Roaming\Windsurf\User\globalStorage\redhat.java\1.41.1\config_win\org.eclipse.equinox.launcher\org.eclipse.equinox.launcher.win32.win32.x86_64_1.2.1300.v20250331-1702\eclipse_11911.dll
0x00007ffb58040000 - 0x00007ffb581d6000 	C:\WINDOWS\System32\ole32.dll
0x00007ffb56330000 - 0x00007ffb5634c000 	C:\WINDOWS\SYSTEM32\CRYPTSP.dll
0x00007ffb55980000 - 0x00007ffb559ba000 	C:\WINDOWS\system32\rsaenh.dll
0x00007ffb56080000 - 0x00007ffb560ab000 	C:\WINDOWS\SYSTEM32\USERENV.dll
0x00007ffb56570000 - 0x00007ffb56596000 	C:\WINDOWS\SYSTEM32\bcrypt.dll
0x00007ffb56350000 - 0x00007ffb5635c000 	C:\WINDOWS\SYSTEM32\CRYPTBASE.dll
0x00007ffb55430000 - 0x00007ffb55463000 	C:\WINDOWS\SYSTEM32\IPHLPAPI.DLL
0x00007ffb59800000 - 0x00007ffb5980a000 	C:\WINDOWS\System32\NSI.dll
0x00007ffb3b110000 - 0x00007ffb3b159000 	C:\Users\Papa Omar\AppData\Local\Temp\jna-2111647821\jna15813207155608412596.dll
0x00007ffb59840000 - 0x00007ffb59848000 	C:\WINDOWS\System32\PSAPI.DLL
0x00007ffb498b0000 - 0x00007ffb498cf000 	C:\WINDOWS\SYSTEM32\dhcpcsvc6.DLL
0x00007ffb49860000 - 0x00007ffb49885000 	C:\WINDOWS\SYSTEM32\dhcpcsvc.DLL

dbghelp: loaded successfully - version: 4.0.5 - missing functions: none
symbol engine: initialized successfully - sym options: 0x614 - pdb path: .;c:\Users\Papa Omar\.windsurf\extensions\redhat.java-1.41.1-win32-x64\jre\21.0.6-win32-x86_64\bin;C:\WINDOWS\SYSTEM32;C:\WINDOWS\WinSxS\amd64_microsoft.windows.common-controls_6595b64144ccf1df_6.0.26100.3624_none_3e086962e3345f24;c:\Users\Papa Omar\.windsurf\extensions\redhat.java-1.41.1-win32-x64\jre\21.0.6-win32-x86_64\bin\server;C:\Users\Papa Omar\AppData\Roaming\Windsurf\User\globalStorage\redhat.java\1.41.1\config_win\org.eclipse.equinox.launcher\org.eclipse.equinox.launcher.win32.win32.x86_64_1.2.1300.v20250331-1702;C:\Users\Papa Omar\AppData\Local\Temp\jna-2111647821

VM Arguments:
jvm_args: --add-modules=ALL-SYSTEM --add-opens=java.base/java.util=ALL-UNNAMED --add-opens=java.base/java.lang=ALL-UNNAMED --add-opens=java.base/sun.nio.fs=ALL-UNNAMED -Declipse.application=org.eclipse.jdt.ls.core.id1 -Dosgi.bundles.defaultStartLevel=4 -Declipse.product=org.eclipse.jdt.ls.core.product -Djava.import.generatesMetadataFilesAtProjectRoot=false -DDetectVMInstallationsJob.disabled=true -Dfile.encoding=utf8 -XX:+UseParallelGC -XX:GCTimeRatio=4 -XX:AdaptiveSizePolicyWeight=90 -Dsun.zip.disableMemoryMapping=true -Xmx1G -Xms100m -Xlog:disable -javaagent:c:\Users\Papa Omar\.windsurf\extensions\redhat.java-1.41.1-win32-x64\lombok\lombok-1.18.36.jar -XX:+HeapDumpOnOutOfMemoryError -XX:HeapDumpPath=c:\Users\Papa Omar\AppData\Roaming\Windsurf\User\workspaceStorage\4b626ede8af95319149a36f51a9c1459\redhat.java -Daether.dependencyCollector.impl=bf 
java_command: c:\Users\Papa Omar\.windsurf\extensions\redhat.java-1.41.1-win32-x64\server\plugins\org.eclipse.equinox.launcher_1.7.0.v20250331-1702.jar -configuration c:\Users\Papa Omar\AppData\Roaming\Windsurf\User\globalStorage\redhat.java\1.41.1\config_win -data c:\Users\Papa Omar\AppData\Roaming\Windsurf\User\workspaceStorage\4b626ede8af95319149a36f51a9c1459\redhat.java\jdt_ws --pipe=\\.\pipe\lsp-f18275cd64578f7a79de198bf35c68bb-sock
java_class_path (initial): c:\Users\Papa Omar\.windsurf\extensions\redhat.java-1.41.1-win32-x64\server\plugins\org.eclipse.equinox.launcher_1.7.0.v20250331-1702.jar
Launcher Type: SUN_STANDARD

[Global flags]
    uintx AdaptiveSizePolicyWeight                 = 90                                        {product} {command line}
     intx CICompilerCount                          = 4                                         {product} {ergonomic}
    uintx GCTimeRatio                              = 4                                         {product} {command line}
     bool HeapDumpOnOutOfMemoryError               = true                                   {manageable} {command line}
    ccstr HeapDumpPath                             = c:\Users\Papa Omar\AppData\Roaming\Windsurf\User\workspaceStorage\4b626ede8af95319149a36f51a9c1459\redhat.java         {manageable} {command line}
   size_t InitialHeapSize                          = 104857600                                 {product} {command line}
   size_t MaxHeapSize                              = 1073741824                                {product} {command line}
   size_t MaxNewSize                               = 357564416                                 {product} {ergonomic}
   size_t MinHeapDeltaBytes                        = 524288                                    {product} {ergonomic}
   size_t MinHeapSize                              = 104857600                                 {product} {command line}
   size_t NewSize                                  = 34603008                                  {product} {ergonomic}
    uintx NonNMethodCodeHeapSize                   = 5839372                                {pd product} {ergonomic}
    uintx NonProfiledCodeHeapSize                  = 122909434                              {pd product} {ergonomic}
   size_t OldSize                                  = 70254592                                  {product} {ergonomic}
    uintx ProfiledCodeHeapSize                     = 122909434                              {pd product} {ergonomic}
    uintx ReservedCodeCacheSize                    = 251658240                              {pd product} {ergonomic}
     bool SegmentedCodeCache                       = true                                      {product} {ergonomic}
   size_t SoftMaxHeapSize                          = 1073741824                             {manageable} {ergonomic}
     bool UseCompressedOops                        = true                           {product lp64_product} {ergonomic}
     bool UseLargePagesIndividualAllocation        = false                                  {pd product} {ergonomic}
     bool UseParallelGC                            = true                                      {product} {command line}

Logging:
Log output configuration:
 #0: stdout all=off uptime,level,tags foldmultilines=false
 #1: stderr all=off uptime,level,tags foldmultilines=false

Environment Variables:
JAVA_HOME=C:\Program Files\Java\jdk-17.0.12
PATH=C:\Program Files\Common Files\Oracle\Java\javapath;C:\app\product\11.2.0\dbhome_1\bin;C:\Program Files\Java\jdk-21\bin;C:\Users\Papa Omar\AppData\Local\Programs\Microsoft VS Code\bin;C:\Program Files\Git\cmd;C:\mastermind\WinCaml7\ocaml\bin;C:\Users\Papa Omar\AppData\Roaming\nvm;C:\Program Files\nodejs;C:\ProgramData\chocolatey\bin;C:\wamp64\bin\php\php7.4.33;C:\ProgramData\ComposerSetup\bin;%JAVA_HOME%\bin;C:\Program Files\Apache\maven\bin;C:\Program Files\gradle-8.9\bin;C:\Program Files\Java\jdk-17.0.12\bin;C:\Program Files\MongoDB\Server\7.0\bin;C:\Program Files\MongoDB\mongosh-2.2.15-win32-x64\mongosh-2.2.15-win32-x64\bin;C:\app\product\11.2.0\dbhome_1\bin;C:\Windows\System32;;C:\WINDOWS\system32;C:\WINDOWS;C:\WINDOWS\System32\Wbem;C:\WINDOWS\System32\WindowsPowerShell\v1.0\;C:\WINDOWS\System32\OpenSSH\;C:\Program Files\nodejs\;C:\Users\Papa Omar\AppData\Local\Programs\Python\Python312\Scripts\;C:\Users\Papa Omar\AppData\Local\Programs\Python\Python312\;C:\Users\Papa Omar\AppData\Local\Programs\Python\Python310\Scripts\;C:\Users\Papa Omar\AppData\Local\Programs\Python\Python310\;C:\Program Files\Java\jdk-21\bin;C:\Users\Papa Omar\AppData\Local\Programs\Microsoft VS Code\bin;C:\Users\Papa Omar\AppData\Roaming\nvm;C:\Program Files\nodejs;C:\Users\Papa Omar\AppData\Roaming\Composer\vendor\bin;C:\Users\Papa Omar\AppData\Local\Microsoft\WindowsApps;C:\Users\Papa Omar\Desktop\apache-activemq-6.1.5-bin\apache-activemq-6.1.5\bin;C:\Users\Papa Omar\AppData\Roaming\npm;C:\Users\Papa Omar\AppData\Local\Programs\Windsurf\bin
USERNAME=Papa Omar
OS=Windows_NT
PROCESSOR_IDENTIFIER=Intel64 Family 6 Model 158 Stepping 10, GenuineIntel
TMP=C:\Users\PAPAOM~1\AppData\Local\Temp
TEMP=C:\Users\PAPAOM~1\AppData\Local\Temp




Periodic native trim disabled

---------------  S Y S T E M  ---------------

OS:
 Windows 11 , 64 bit Build 26100 (10.0.26100.3624)
OS uptime: 5 days 0:13 hours
Hyper-V role detected

CPU: total 8 (initial active 8) (4 cores per cpu, 2 threads per core) family 6 model 158 stepping 10 microcode 0xde, cx8, cmov, fxsr, ht, mmx, 3dnowpref, sse, sse2, sse3, ssse3, sse4.1, sse4.2, popcnt, lzcnt, tsc, tscinvbit, avx, avx2, aes, erms, clmul, bmi1, bmi2, adx, fma, vzeroupper, clflush, clflushopt, hv, rdtscp, f16c
Processor Information for the first 8 processors :
  Max Mhz: 2400, Current Mhz: 2400, Mhz Limit: 2400

Memory: 4k page, system-wide physical 8029M (545M free)
TotalPageFile size 32605M (AvailPageFile size 23M)
current process WorkingSet (physical memory assigned to process): 841M, peak: 859M
current process commit charge ("private bytes"): 745M, peak: 762M

vm_info: OpenJDK 64-Bit Server VM (21.0.6+7-LTS) for windows-amd64 JRE (21.0.6+7-LTS), built on 2025-01-21T00:00:00Z by "admin" with MS VC++ 17.7 (VS2022)

END.
